Device: cuda:0
Model: hfl/chinese-roberta-wwm-ext-large
Batch size: 4 (grad accum: 2, effective: 8)
Validation: external file exp/integrated_stage_predictions/0614/submit/submit_5/stage1/data/a3_b1_add_val.val.json (ignoring --val-ratio)
Train records: 2000
External val: exp/integrated_stage_predictions/0614/submit/submit_5/stage1/data/a3_b1_add_val.val.json (500 records)

============================================================
Training subtask: ST1
============================================================
Train samples: 2000 | Labels: 2 | Dist: {1: 1702, 0: 298}
Val samples: 500 | Dist: {1: 425, 0: 75}
Loading weights:   0%|          | 0/391 [00:00<?, ?it/s]Loading weights: 100%|██████████| 391/391 [00:00<00:00, 49134.82it/s]
[transformers] [1mBertModel LOAD REPORT[0m from: hfl/chinese-roberta-wwm-ext-large
Key                                        | Status     |  | 
-------------------------------------------+------------+--+-
cls.predictions.decoder.weight             | UNEXPECTED |  | 
cls.predictions.bias                       | UNEXPECTED |  | 
cls.predictions.transform.LayerNorm.bias   | UNEXPECTED |  | 
cls.predictions.transform.dense.weight     | UNEXPECTED |  | 
cls.predictions.transform.dense.bias       | UNEXPECTED |  | 
cls.seq_relationship.weight                | UNEXPECTED |  | 
cls.predictions.transform.LayerNorm.weight | UNEXPECTED |  | 
cls.seq_relationship.bias                  | UNEXPECTED |  | 

Notes:
- UNEXPECTED:	can be ignored when loading from different task/architecture; not ok if you expect identical arch.
Loss: asl  gamma_neg=4.0  gamma_pos=1.0  alpha=[3.3557, 0.5875]
Epoch 1/5 | Loss: 0.3457 | Val loss: n/a | Val micro-F1: 0.8980 | Val macro-F1: 0.7789
Saved best model → /models/submit_5_a3_b1_add_val_asl_n4_p1/best_st1.pt (epoch=1, val_macro_f1=0.7789)
Epoch 2/5 | Loss: 0.2878 | Val loss: n/a | Val micro-F1: 0.9040 | Val macro-F1: 0.7660
Epoch 3/5 | Loss: 0.1130 | Val loss: n/a | Val micro-F1: 0.8980 | Val macro-F1: 0.7602
Epoch 4/5 | Loss: 0.0421 | Val loss: n/a | Val micro-F1: 0.8940 | Val macro-F1: 0.7672
Epoch 5/5 | Loss: 0.0146 | Val loss: n/a | Val micro-F1: 0.9000 | Val macro-F1: 0.7666
Loaded best model from epoch 1 for final train metrics

Train Micro-F1: 0.9320
Train Macro-F1: 0.8648
              precision    recall  f1-score   support

          No       0.78      0.76      0.77       298
         Yes       0.96      0.96      0.96      1702

    accuracy                           0.93      2000
   macro avg       0.87      0.86      0.86      2000
weighted avg       0.93      0.93      0.93      2000

Best Val Macro-F1: 0.7789 (epoch=1)

============================================================
Final Results (Train Micro-F1)
============================================================
ST1: 0.7789 (weight=0.2)

Partial Weighted Contribution: 0.1558
Results saved to exp/integrated_stage_predictions/0614/submit/submit_5/stage1/train_results/a3_b1_add_val_asl_n4_p1.json
