Device: cuda:0
Model: hfl/chinese-roberta-wwm-ext-large
Batch size: 4 (grad accum: 2, effective: 8)
Validation: external file exp/integrated_stage_predictions/0614/submit/submit_5/stage1/data/a3_b1_add_val.val.json (ignoring --val-ratio)
Train records: 2000
External val: exp/integrated_stage_predictions/0614/submit/submit_5/stage1/data/a3_b1_add_val.val.json (500 records)

============================================================
Training subtask: ST1
============================================================
Train samples: 2000 | Labels: 2 | Dist: {1: 1702, 0: 298}
Val samples: 500 | Dist: {1: 425, 0: 75}
Loading weights:   0%|          | 0/391 [00:00<?, ?it/s]Loading weights: 100%|██████████| 391/391 [00:00<00:00, 79149.27it/s]
[transformers] [1mBertModel LOAD REPORT[0m from: hfl/chinese-roberta-wwm-ext-large
Key                                        | Status     |  | 
-------------------------------------------+------------+--+-
cls.predictions.transform.dense.weight     | UNEXPECTED |  | 
cls.predictions.transform.dense.bias       | UNEXPECTED |  | 
cls.predictions.bias                       | UNEXPECTED |  | 
cls.predictions.transform.LayerNorm.weight | UNEXPECTED |  | 
cls.seq_relationship.weight                | UNEXPECTED |  | 
cls.predictions.decoder.weight             | UNEXPECTED |  | 
cls.seq_relationship.bias                  | UNEXPECTED |  | 
cls.predictions.transform.LayerNorm.bias   | UNEXPECTED |  | 

Notes:
- UNEXPECTED:	can be ignored when loading from different task/architecture; not ok if you expect identical arch.
Loss: manual_class_split_ce  weights=[6.0, 1.0]
Epoch 1/5 | Loss: 2.5759 | Val loss: n/a | Val micro-F1: 0.8960 | Val macro-F1: 0.8065
Saved best model → /models/submit_5_a3_b1_add_val_mce_6_1/best_st1.pt (epoch=1, val_macro_f1=0.8065)
Epoch 2/5 | Loss: 2.9913 | Val loss: n/a | Val micro-F1: 0.9020 | Val macro-F1: 0.7517
Epoch 3/5 | Loss: 1.3854 | Val loss: n/a | Val micro-F1: 0.9000 | Val macro-F1: 0.7562
Epoch 4/5 | Loss: 0.4788 | Val loss: n/a | Val micro-F1: 0.9020 | Val macro-F1: 0.7696
Epoch 5/5 | Loss: 0.3609 | Val loss: n/a | Val micro-F1: 0.8940 | Val macro-F1: 0.7396
Loaded best model from epoch 1 for final train metrics

Train Micro-F1: 0.9365
Train Macro-F1: 0.8799
              precision    recall  f1-score   support

          No       0.76      0.84      0.80       298
         Yes       0.97      0.95      0.96      1702

    accuracy                           0.94      2000
   macro avg       0.87      0.90      0.88      2000
weighted avg       0.94      0.94      0.94      2000

Best Val Macro-F1: 0.8065 (epoch=1)

============================================================
Final Results (Train Micro-F1)
============================================================
ST1: 0.8065 (weight=0.2)

Partial Weighted Contribution: 0.1613
Results saved to exp/integrated_stage_predictions/0614/submit/submit_5/stage1/train_results/a3_b1_add_val_mce_6_1.json
