Device: cuda:0
Model: hfl/chinese-roberta-wwm-ext-large
Batch size: 4 (grad accum: 2, effective: 8)
Validation: external file exp/integrated_stage_predictions/0614/submit/submit_5/stage1/data/a3_b1_add_val.val.json (ignoring --val-ratio)
Train records: 2000
External val: exp/integrated_stage_predictions/0614/submit/submit_5/stage1/data/a3_b1_add_val.val.json (500 records)

============================================================
Training subtask: ST1
============================================================
Train samples: 2000 | Labels: 2 | Dist: {1: 1702, 0: 298}
Val samples: 500 | Dist: {1: 425, 0: 75}
Loading weights:   0%|          | 0/391 [00:00<?, ?it/s]Loading weights: 100%|██████████| 391/391 [00:00<00:00, 56004.26it/s]
[transformers] [1mBertModel LOAD REPORT[0m from: hfl/chinese-roberta-wwm-ext-large
Key                                        | Status     |  | 
-------------------------------------------+------------+--+-
cls.predictions.decoder.weight             | UNEXPECTED |  | 
cls.predictions.transform.LayerNorm.weight | UNEXPECTED |  | 
cls.seq_relationship.weight                | UNEXPECTED |  | 
cls.predictions.transform.LayerNorm.bias   | UNEXPECTED |  | 
cls.predictions.transform.dense.bias       | UNEXPECTED |  | 
cls.seq_relationship.bias                  | UNEXPECTED |  | 
cls.predictions.transform.dense.weight     | UNEXPECTED |  | 
cls.predictions.bias                       | UNEXPECTED |  | 

Notes:
- UNEXPECTED:	can be ignored when loading from different task/architecture; not ok if you expect identical arch.
Loss: weighted CrossEntropyLoss  weights=[3.3557, 0.5875]
Epoch 1/5 | Loss: 0.5690 | Val loss: 0.5798 | Val micro-F1: 0.8980 | Val macro-F1: 0.7789
Saved best model → /models/submit_5_a3_b1_add_val_wce/best_st1.pt (epoch=1, val_macro_f1=0.7789)
Epoch 2/5 | Loss: 0.4255 | Val loss: 1.0230 | Val micro-F1: 0.9060 | Val macro-F1: 0.7619
Epoch 3/5 | Loss: 0.1712 | Val loss: 1.2507 | Val micro-F1: 0.9020 | Val macro-F1: 0.7477
Epoch 4/5 | Loss: 0.0610 | Val loss: 1.0959 | Val micro-F1: 0.9060 | Val macro-F1: 0.7821
Saved best model → /models/submit_5_a3_b1_add_val_wce/best_st1.pt (epoch=4, val_macro_f1=0.7821)
Epoch 5/5 | Loss: 0.0353 | Val loss: 1.2086 | Val micro-F1: 0.9060 | Val macro-F1: 0.7851
Saved best model → /models/submit_5_a3_b1_add_val_wce/best_st1.pt (epoch=5, val_macro_f1=0.7851)
Loaded best model from epoch 5 for final train metrics

Train Micro-F1: 0.9975
Train Macro-F1: 0.9950
              precision    recall  f1-score   support

          No       1.00      0.98      0.99       298
         Yes       1.00      1.00      1.00      1702

    accuracy                           1.00      2000
   macro avg       1.00      0.99      1.00      2000
weighted avg       1.00      1.00      1.00      2000

Best Val Macro-F1: 0.7851 (epoch=5)

============================================================
Final Results (Train Micro-F1)
============================================================
ST1: 0.7851 (weight=0.2)

Partial Weighted Contribution: 0.1570
Results saved to exp/integrated_stage_predictions/0614/submit/submit_5/stage1/train_results/a3_b1_add_val_wce.json
