Device: cuda:0  Model: hfl/chinese-roberta-wwm-ext-large
Tasks: ('st1', 'st2', 'st3')  task_weights={'st1': 0.2, 'st2': 0.3, 'st3': 0.5}
Loss modes: {'st1': 'weighted_ce', 'st2': 'weighted_ce', 'st3': 'weighted_ce'}
Train rows: 1598  multitask samples: 1598
External val: exp/integrated_stage_predictions/0615/ensemble/stage3/data/ensemble/seed2024/vpesg_4k_train_1000_add_val.val.json  val samples: 402
  st1 applicable train dist: {'No': 292, 'Yes': 1306}
  st2 applicable train dist: {'No': 232, 'Yes': 1074}
  st3 applicable train dist: {'Clear': 894, 'Not Clear': 180}
  st1 loss=weighted_ce weights=[2.7363, 0.6118]
  st2 loss=weighted_ce weights=[2.8147, 0.608]
  st3 loss=weighted_ce weights=[1.0, 8.0, 30.0]
Loading weights:   0%|          | 0/391 [00:00<?, ?it/s]Loading weights: 100%|██████████| 391/391 [00:00<00:00, 52044.46it/s]
[transformers] [1mBertModel LOAD REPORT[0m from: hfl/chinese-roberta-wwm-ext-large
Key                                        | Status     |  | 
-------------------------------------------+------------+--+-
cls.seq_relationship.bias                  | UNEXPECTED |  | 
cls.predictions.transform.LayerNorm.bias   | UNEXPECTED |  | 
cls.predictions.transform.dense.bias       | UNEXPECTED |  | 
cls.predictions.transform.LayerNorm.weight | UNEXPECTED |  | 
cls.predictions.decoder.weight             | UNEXPECTED |  | 
cls.seq_relationship.weight                | UNEXPECTED |  | 
cls.predictions.transform.dense.weight     | UNEXPECTED |  | 
cls.predictions.bias                       | UNEXPECTED |  | 

Notes:
- UNEXPECTED:	can be ignored when loading from different task/architecture; not ok if you expect identical arch.
Epoch 1/10 | loss=0.7276 {'st1': 0.6471, 'st2': 0.6317, 'st3': 0.8173} | st1 F1=0.6929 | st2 F1=0.5614 | st3 F1=0.4060
  → new best ST3 F1=0.4060  saved best_st3.pt
Epoch 2/10 | loss=0.4915 {'st1': 0.5424, 'st2': 0.4734, 'st3': 0.4819} | st1 F1=0.8269 | st2 F1=0.6894 | st3 F1=0.4666
  → new best ST3 F1=0.4666  saved best_st3.pt
Epoch 3/10 | loss=0.3769 {'st1': 0.4246, 'st2': 0.3816, 'st3': 0.355} | st1 F1=0.7733 | st2 F1=0.7356 | st3 F1=0.4744
  → new best ST3 F1=0.4744  saved best_st3.pt
Epoch 4/10 | loss=0.2615 {'st1': 0.3304, 'st2': 0.3033, 'st3': 0.2088} | st1 F1=0.8521 | st2 F1=0.7456 | st3 F1=0.4915
  → new best ST3 F1=0.4915  saved best_st3.pt
Epoch 5/10 | loss=0.1529 {'st1': 0.2377, 'st2': 0.2116, 'st3': 0.0838} | st1 F1=0.8268 | st2 F1=0.7097 | st3 F1=0.4646
Epoch 6/10 | loss=0.0954 {'st1': 0.1531, 'st2': 0.1409, 'st3': 0.0451} | st1 F1=0.8394 | st2 F1=0.7017 | st3 F1=0.4811
Epoch 7/10 | loss=0.0591 {'st1': 0.099, 'st2': 0.099, 'st3': 0.0193} | st1 F1=0.8240 | st2 F1=0.7008 | st3 F1=0.4893
Epoch 8/10 | loss=0.0355 {'st1': 0.0676, 'st2': 0.0581, 'st3': 0.0091} | st1 F1=0.8219 | st2 F1=0.7230 | st3 F1=0.4836
Epoch 9/10 | loss=0.0242 {'st1': 0.0472, 'st2': 0.0378, 'st3': 0.0068} | st1 F1=0.8282 | st2 F1=0.7230 | st3 F1=0.4692
Epoch 10/10 | loss=0.0185 {'st1': 0.0359, 'st2': 0.0278, 'st3': 0.0059} | st1 F1=0.8184 | st2 F1=0.7230 | st3 F1=0.4751

=== Final train Macro-F1 ===
  st1: 0.9958
  st2: 0.9948
  st3: 0.6667
              precision    recall  f1-score   support

       Clear      1.000     1.000     1.000       894
   Not Clear      1.000     1.000     1.000       180
  Misleading      0.000     0.000     0.000         0

    accuracy                          1.000      1074
   macro avg      0.667     0.667     0.667      1074
weighted avg      1.000     1.000     1.000      1074


Best epoch: 4  best_st3.pt → /models/ensemble_mt_st123_w1_8_30_mlval_seed2024/best_st3.pt
Results saved to exp/integrated_stage_predictions/0615/ensemble/stage3/ensemble/train_results/vpesg_4k_train_1000_add_val_seed2024.json
