Device: cuda:0  Model: hfl/chinese-roberta-wwm-ext-large
Tasks: ('st1', 'st2', 'st3')  task_weights={'st1': 0.2, 'st2': 0.3, 'st3': 0.5}
Loss modes: {'st1': 'weighted_ce', 'st2': 'weighted_ce', 'st3': 'weighted_ce'}
Train rows: 1598  multitask samples: 1598
External val: exp/integrated_stage_predictions/0615/ensemble/stage3/data/ensemble/seed123/vpesg_4k_train_1000_add_val.val.json  val samples: 402
  st1 applicable train dist: {'No': 301, 'Yes': 1297}
  st2 applicable train dist: {'No': 223, 'Yes': 1074}
  st3 applicable train dist: {'Clear': 894, 'Not Clear': 180}
  st1 loss=weighted_ce weights=[2.6545, 0.616]
  st2 loss=weighted_ce weights=[2.9081, 0.6038]
  st3 loss=weighted_ce weights=[1.0, 8.0, 30.0]
Loading weights:   0%|          | 0/391 [00:00<?, ?it/s]Loading weights: 100%|██████████| 391/391 [00:00<00:00, 25129.45it/s]
[transformers] [1mBertModel LOAD REPORT[0m from: hfl/chinese-roberta-wwm-ext-large
Key                                        | Status     |  | 
-------------------------------------------+------------+--+-
cls.predictions.transform.dense.bias       | UNEXPECTED |  | 
cls.predictions.bias                       | UNEXPECTED |  | 
cls.predictions.transform.LayerNorm.bias   | UNEXPECTED |  | 
cls.seq_relationship.bias                  | UNEXPECTED |  | 
cls.predictions.transform.dense.weight     | UNEXPECTED |  | 
cls.predictions.decoder.weight             | UNEXPECTED |  | 
cls.seq_relationship.weight                | UNEXPECTED |  | 
cls.predictions.transform.LayerNorm.weight | UNEXPECTED |  | 

Notes:
- UNEXPECTED:	can be ignored when loading from different task/architecture; not ok if you expect identical arch.
Epoch 1/10 | loss=0.6836 {'st1': 0.7142, 'st2': 0.638, 'st3': 0.6987} | st1 F1=0.5654 | st2 F1=0.6822 | st3 F1=0.4863
  → new best ST3 F1=0.4863  saved best_st3.pt
Epoch 2/10 | loss=0.4779 {'st1': 0.557, 'st2': 0.4597, 'st3': 0.4573} | st1 F1=0.7647 | st2 F1=0.6699 | st3 F1=0.4969
  → new best ST3 F1=0.4969  saved best_st3.pt
Epoch 3/10 | loss=0.3747 {'st1': 0.4162, 'st2': 0.3759, 'st3': 0.3574} | st1 F1=0.7988 | st2 F1=0.7198 | st3 F1=0.4859
Epoch 4/10 | loss=0.2445 {'st1': 0.3483, 'st2': 0.2704, 'st3': 0.1874} | st1 F1=0.7646 | st2 F1=0.7057 | st3 F1=0.4476
Epoch 5/10 | loss=0.1530 {'st1': 0.2432, 'st2': 0.2143, 'st3': 0.0802} | st1 F1=0.7922 | st2 F1=0.6810 | st3 F1=0.4619
Epoch 6/10 | loss=0.0872 {'st1': 0.1527, 'st2': 0.1296, 'st3': 0.0355} | st1 F1=0.7876 | st2 F1=0.7078 | st3 F1=0.4539
Epoch 7/10 | loss=0.0596 {'st1': 0.1006, 'st2': 0.0922, 'st3': 0.0236} | st1 F1=0.7844 | st2 F1=0.7283 | st3 F1=0.4505
Epoch 8/10 | loss=0.0334 {'st1': 0.0662, 'st2': 0.0528, 'st3': 0.0087} | st1 F1=0.7908 | st2 F1=0.7116 | st3 F1=0.4545
Epoch 9/10 | loss=0.0228 {'st1': 0.0503, 'st2': 0.0312, 'st3': 0.0068} | st1 F1=0.7672 | st2 F1=0.7214 | st3 F1=0.4570
Epoch 10/10 | loss=0.0189 {'st1': 0.0381, 'st2': 0.0294, 'st3': 0.005} | st1 F1=0.7703 | st2 F1=0.7052 | st3 F1=0.4530

=== Final train Macro-F1 ===
  st1: 0.9980
  st2: 0.9933
  st3: 0.6667
              precision    recall  f1-score   support

       Clear      1.000     1.000     1.000       894
   Not Clear      1.000     1.000     1.000       180
  Misleading      0.000     0.000     0.000         0

    accuracy                          1.000      1074
   macro avg      0.667     0.667     0.667      1074
weighted avg      1.000     1.000     1.000      1074


Best epoch: 2  best_st3.pt → /models/ensemble_mt_st123_w1_8_30_mlval_seed123/best_st3.pt
Results saved to exp/integrated_stage_predictions/0615/ensemble/stage3/ensemble/train_results/vpesg_4k_train_1000_add_val_seed123.json
