Device: cuda:0  Model: hfl/chinese-roberta-wwm-ext-large
Tasks: ('st1', 'st2', 'st3')  task_weights={'st1': 0.2, 'st2': 0.3, 'st3': 0.5}
Loss modes: {'st1': 'weighted_ce', 'st2': 'weighted_ce', 'st3': 'weighted_ce'}
Train rows: 1598  multitask samples: 1598
External val: exp/integrated_stage_predictions/0615/ensemble/stage3/data/ensemble/seed7/vpesg_4k_train_1000_add_val.val.json  val samples: 402
  st1 applicable train dist: {'No': 299, 'Yes': 1299}
  st2 applicable train dist: {'No': 225, 'Yes': 1074}
  st3 applicable train dist: {'Clear': 894, 'Not Clear': 180}
  st1 loss=weighted_ce weights=[2.6722, 0.6151]
  st2 loss=weighted_ce weights=[2.8867, 0.6047]
  st3 loss=weighted_ce weights=[1.0, 8.0, 30.0]
Loading weights:   0%|          | 0/391 [00:00<?, ?it/s]Loading weights: 100%|██████████| 391/391 [00:00<00:00, 77393.72it/s]
[transformers] [1mBertModel LOAD REPORT[0m from: hfl/chinese-roberta-wwm-ext-large
Key                                        | Status     |  | 
-------------------------------------------+------------+--+-
cls.seq_relationship.weight                | UNEXPECTED |  | 
cls.predictions.transform.LayerNorm.bias   | UNEXPECTED |  | 
cls.predictions.transform.dense.bias       | UNEXPECTED |  | 
cls.predictions.transform.LayerNorm.weight | UNEXPECTED |  | 
cls.predictions.bias                       | UNEXPECTED |  | 
cls.predictions.transform.dense.weight     | UNEXPECTED |  | 
cls.predictions.decoder.weight             | UNEXPECTED |  | 
cls.seq_relationship.bias                  | UNEXPECTED |  | 

Notes:
- UNEXPECTED:	can be ignored when loading from different task/architecture; not ok if you expect identical arch.
Epoch 1/10 | loss=0.6519 {'st1': 0.6599, 'st2': 0.643, 'st3': 0.6541} | st1 F1=0.5157 | st2 F1=0.6652 | st3 F1=0.4665
  → new best ST3 F1=0.4665  saved best_st3.pt
Epoch 2/10 | loss=0.4983 {'st1': 0.5395, 'st2': 0.485, 'st3': 0.4897} | st1 F1=0.6802 | st2 F1=0.6962 | st3 F1=0.4838
  → new best ST3 F1=0.4838  saved best_st3.pt
Epoch 3/10 | loss=0.3640 {'st1': 0.4261, 'st2': 0.3809, 'st3': 0.329} | st1 F1=0.7381 | st2 F1=0.6864 | st3 F1=0.4595
Epoch 4/10 | loss=0.2357 {'st1': 0.3089, 'st2': 0.2977, 'st3': 0.1691} | st1 F1=0.7635 | st2 F1=0.6953 | st3 F1=0.4444
Epoch 5/10 | loss=0.1480 {'st1': 0.2333, 'st2': 0.2132, 'st3': 0.0747} | st1 F1=0.7381 | st2 F1=0.6818 | st3 F1=0.4483
Epoch 6/10 | loss=0.0854 {'st1': 0.1778, 'st2': 0.1213, 'st3': 0.0269} | st1 F1=0.7770 | st2 F1=0.6969 | st3 F1=0.4636
Epoch 7/10 | loss=0.0446 {'st1': 0.0951, 'st2': 0.0635, 'st3': 0.0131} | st1 F1=0.7638 | st2 F1=0.6671 | st3 F1=0.4660
Epoch 8/10 | loss=0.0266 {'st1': 0.0623, 'st2': 0.0354, 'st3': 0.0072} | st1 F1=0.7616 | st2 F1=0.6649 | st3 F1=0.4589
Epoch 9/10 | loss=0.0180 {'st1': 0.0451, 'st2': 0.0191, 'st3': 0.0066} | st1 F1=0.7672 | st2 F1=0.6693 | st3 F1=0.4602
Epoch 10/10 | loss=0.0140 {'st1': 0.0342, 'st2': 0.0151, 'st3': 0.0053} | st1 F1=0.7706 | st2 F1=0.6677 | st3 F1=0.4657

=== Final train Macro-F1 ===
  st1: 0.9990
  st2: 0.9973
  st3: 0.6667
              precision    recall  f1-score   support

       Clear      1.000     1.000     1.000       894
   Not Clear      1.000     1.000     1.000       180
  Misleading      0.000     0.000     0.000         0

    accuracy                          1.000      1074
   macro avg      0.667     0.667     0.667      1074
weighted avg      1.000     1.000     1.000      1074


Best epoch: 2  best_st3.pt → /models/ensemble_mt_st123_w1_8_30_mlval_seed7/best_st3.pt
Results saved to exp/integrated_stage_predictions/0615/ensemble/stage3/ensemble/train_results/vpesg_4k_train_1000_add_val_seed7.json
