Device: cuda:0  Model: hfl/chinese-roberta-wwm-ext-large
Tasks: ('st1', 'st2', 'st3')  task_weights={'st1': 0.2, 'st2': 0.3, 'st3': 0.5}
Loss modes: {'st1': 'weighted_ce', 'st2': 'weighted_ce', 'st3': 'weighted_ce'}
Train rows: 1598  multitask samples: 1598
External val: exp/integrated_stage_predictions/0615/ensemble/stage3/data/ensemble/seed31337/vpesg_4k_train_1000_add_val.val.json  val samples: 402
  st1 applicable train dist: {'No': 293, 'Yes': 1305}
  st2 applicable train dist: {'No': 231, 'Yes': 1074}
  st3 applicable train dist: {'Clear': 894, 'Not Clear': 180}
  st1 loss=weighted_ce weights=[2.727, 0.6123]
  st2 loss=weighted_ce weights=[2.8247, 0.6075]
  st3 loss=weighted_ce weights=[1.0, 8.0, 30.0]
Loading weights:   0%|          | 0/391 [00:00<?, ?it/s]Loading weights: 100%|██████████| 391/391 [00:00<00:00, 65638.30it/s]
[transformers] [1mBertModel LOAD REPORT[0m from: hfl/chinese-roberta-wwm-ext-large
Key                                        | Status     |  | 
-------------------------------------------+------------+--+-
cls.predictions.transform.dense.weight     | UNEXPECTED |  | 
cls.seq_relationship.bias                  | UNEXPECTED |  | 
cls.predictions.transform.dense.bias       | UNEXPECTED |  | 
cls.predictions.transform.LayerNorm.bias   | UNEXPECTED |  | 
cls.predictions.decoder.weight             | UNEXPECTED |  | 
cls.predictions.transform.LayerNorm.weight | UNEXPECTED |  | 
cls.seq_relationship.weight                | UNEXPECTED |  | 
cls.predictions.bias                       | UNEXPECTED |  | 

Notes:
- UNEXPECTED:	can be ignored when loading from different task/architecture; not ok if you expect identical arch.
Epoch 1/10 | loss=0.7217 {'st1': 0.6735, 'st2': 0.6201, 'st3': 0.8019} | st1 F1=0.4448 | st2 F1=0.7062 | st3 F1=0.3877
  → new best ST3 F1=0.3877  saved best_st3.pt
Epoch 2/10 | loss=0.5041 {'st1': 0.5541, 'st2': 0.5075, 'st3': 0.482} | st1 F1=0.7368 | st2 F1=0.6671 | st3 F1=0.4788
  → new best ST3 F1=0.4788  saved best_st3.pt
Epoch 3/10 | loss=0.3625 {'st1': 0.4208, 'st2': 0.3722, 'st3': 0.3333} | st1 F1=0.7930 | st2 F1=0.6888 | st3 F1=0.4918
  → new best ST3 F1=0.4918  saved best_st3.pt
Epoch 4/10 | loss=0.2512 {'st1': 0.3285, 'st2': 0.2984, 'st3': 0.1919} | st1 F1=0.7317 | st2 F1=0.6989 | st3 F1=0.4974
  → new best ST3 F1=0.4974  saved best_st3.pt
Epoch 5/10 | loss=0.1507 {'st1': 0.2351, 'st2': 0.2071, 'st3': 0.0831} | st1 F1=0.8060 | st2 F1=0.7062 | st3 F1=0.4800
Epoch 6/10 | loss=0.0867 {'st1': 0.1663, 'st2': 0.1342, 'st3': 0.0262} | st1 F1=0.8145 | st2 F1=0.7236 | st3 F1=0.4713
Epoch 7/10 | loss=0.0572 {'st1': 0.1122, 'st2': 0.0861, 'st3': 0.0178} | st1 F1=0.7952 | st2 F1=0.7229 | st3 F1=0.4591
Epoch 8/10 | loss=0.0350 {'st1': 0.072, 'st2': 0.0549, 'st3': 0.0083} | st1 F1=0.7921 | st2 F1=0.7111 | st3 F1=0.4782
Epoch 9/10 | loss=0.0251 {'st1': 0.0522, 'st2': 0.0394, 'st3': 0.0056} | st1 F1=0.7891 | st2 F1=0.7204 | st3 F1=0.4755
Epoch 10/10 | loss=0.0206 {'st1': 0.0441, 'st2': 0.0301, 'st3': 0.0056} | st1 F1=0.7873 | st2 F1=0.7240 | st3 F1=0.4640

=== Final train Macro-F1 ===
  st1: 0.9958
  st2: 0.9935
  st3: 0.6667
              precision    recall  f1-score   support

       Clear      1.000     1.000     1.000       894
   Not Clear      1.000     1.000     1.000       180
  Misleading      0.000     0.000     0.000         0

    accuracy                          1.000      1074
   macro avg      0.667     0.667     0.667      1074
weighted avg      1.000     1.000     1.000      1074


Best epoch: 4  best_st3.pt → /models/ensemble_mt_st123_w1_8_30_mlval_seed31337/best_st3.pt
Results saved to exp/integrated_stage_predictions/0615/ensemble/stage3/ensemble/train_results/vpesg_4k_train_1000_add_val_seed31337.json
