Device: cuda:0  Model: hfl/chinese-roberta-wwm-ext-large
Tasks: ('st1', 'st2', 'st3')  task_weights={'st1': 0.2, 'st2': 0.3, 'st3': 0.5}
Loss modes: {'st1': 'weighted_ce', 'st2': 'weighted_ce', 'st3': 'weighted_ce'}
Train rows: 1598  multitask samples: 1598
External val: exp/integrated_stage_predictions/0615/ensemble/stage3/data/ensemble/seed42/vpesg_4k_train_1000_add_val.val.json  val samples: 402
  st1 applicable train dist: {'No': 298, 'Yes': 1300}
  st2 applicable train dist: {'No': 226, 'Yes': 1074}
  st3 applicable train dist: {'Clear': 894, 'Not Clear': 180}
  st1 loss=weighted_ce weights=[2.6812, 0.6146]
  st2 loss=weighted_ce weights=[2.8761, 0.6052]
  st3 loss=weighted_ce weights=[1.0, 8.0, 30.0]
Loading weights:   0%|          | 0/391 [00:00<?, ?it/s]Loading weights: 100%|██████████| 391/391 [00:00<00:00, 74395.43it/s]
[transformers] [1mBertModel LOAD REPORT[0m from: hfl/chinese-roberta-wwm-ext-large
Key                                        | Status     |  | 
-------------------------------------------+------------+--+-
cls.predictions.transform.LayerNorm.bias   | UNEXPECTED |  | 
cls.predictions.decoder.weight             | UNEXPECTED |  | 
cls.predictions.transform.dense.weight     | UNEXPECTED |  | 
cls.predictions.transform.LayerNorm.weight | UNEXPECTED |  | 
cls.predictions.bias                       | UNEXPECTED |  | 
cls.predictions.transform.dense.bias       | UNEXPECTED |  | 
cls.seq_relationship.weight                | UNEXPECTED |  | 
cls.seq_relationship.bias                  | UNEXPECTED |  | 

Notes:
- UNEXPECTED:	can be ignored when loading from different task/architecture; not ok if you expect identical arch.
Epoch 1/10 | loss=0.6538 {'st1': 0.664, 'st2': 0.609, 'st3': 0.6765} | st1 F1=0.6141 | st2 F1=0.6241 | st3 F1=0.4506
  → new best ST3 F1=0.4506  saved best_st3.pt
Epoch 2/10 | loss=0.4888 {'st1': 0.5294, 'st2': 0.479, 'st3': 0.4784} | st1 F1=0.7240 | st2 F1=0.6553 | st3 F1=0.4834
  → new best ST3 F1=0.4834  saved best_st3.pt
Epoch 3/10 | loss=0.3891 {'st1': 0.4177, 'st2': 0.3742, 'st3': 0.3866} | st1 F1=0.7552 | st2 F1=0.7070 | st3 F1=0.4667
Epoch 4/10 | loss=0.2592 {'st1': 0.3267, 'st2': 0.2905, 'st3': 0.2134} | st1 F1=0.7979 | st2 F1=0.6939 | st3 F1=0.5107
  → new best ST3 F1=0.5107  saved best_st3.pt
Epoch 5/10 | loss=0.1620 {'st1': 0.2347, 'st2': 0.2095, 'st3': 0.1044} | st1 F1=0.7880 | st2 F1=0.7073 | st3 F1=0.5069
Epoch 6/10 | loss=0.0994 {'st1': 0.1739, 'st2': 0.1355, 'st3': 0.0479} | st1 F1=0.7947 | st2 F1=0.7346 | st3 F1=0.4811
Epoch 7/10 | loss=0.0575 {'st1': 0.1093, 'st2': 0.0864, 'st3': 0.0194} | st1 F1=0.7916 | st2 F1=0.7132 | st3 F1=0.4707
Epoch 8/10 | loss=0.0323 {'st1': 0.072, 'st2': 0.0437, 'st3': 0.0096} | st1 F1=0.7948 | st2 F1=0.7193 | st3 F1=0.4811
Epoch 9/10 | loss=0.0237 {'st1': 0.0585, 'st2': 0.0282, 'st3': 0.0071} | st1 F1=0.8033 | st2 F1=0.7125 | st3 F1=0.4865
Epoch 10/10 | loss=0.0199 {'st1': 0.0441, 'st2': 0.0261, 'st3': 0.0065} | st1 F1=0.8011 | st2 F1=0.7116 | st3 F1=0.4838

=== Final train Macro-F1 ===
  st1: 0.9898
  st2: 0.9973
  st3: 0.6667
              precision    recall  f1-score   support

       Clear      1.000     1.000     1.000       894
   Not Clear      1.000     1.000     1.000       180
  Misleading      0.000     0.000     0.000         0

    accuracy                          1.000      1074
   macro avg      0.667     0.667     0.667      1074
weighted avg      1.000     1.000     1.000      1074


Best epoch: 4  best_st3.pt → /models/ensemble_mt_st123_w1_8_30_mlval_seed42/best_st3.pt
Results saved to exp/integrated_stage_predictions/0615/ensemble/stage3/ensemble/train_results/vpesg_4k_train_1000_add_val_seed42.json
