Device: cuda:0
Model: hfl/chinese-roberta-wwm-ext-large
Batch size: 4 (grad accum: 2, effective: 8)
Validation: external file exp/integrated_stage_predictions/0615/ensemble/stage2/data/ensemble/seed2024/mix_a2_b3_add_val.val.json (ignoring --val-ratio)
Train records: 2039
External val: exp/integrated_stage_predictions/0615/ensemble/stage2/data/ensemble/seed2024/mix_a2_b3_add_val.val.json (509 records)

============================================================
Training subtask: ST2
============================================================
Train samples: 1740 | Labels: 2 | Dist: {1: 1295, 0: 445}
Val samples: 435 | Dist: {0: 111, 1: 324}
Loading weights:   0%|          | 0/391 [00:00<?, ?it/s]Loading weights: 100%|██████████| 391/391 [00:00<00:00, 73849.37it/s]
[transformers] [1mBertModel LOAD REPORT[0m from: hfl/chinese-roberta-wwm-ext-large
Key                                        | Status     |  | 
-------------------------------------------+------------+--+-
cls.seq_relationship.weight                | UNEXPECTED |  | 
cls.predictions.transform.LayerNorm.bias   | UNEXPECTED |  | 
cls.predictions.transform.dense.weight     | UNEXPECTED |  | 
cls.predictions.transform.LayerNorm.weight | UNEXPECTED |  | 
cls.seq_relationship.bias                  | UNEXPECTED |  | 
cls.predictions.decoder.weight             | UNEXPECTED |  | 
cls.predictions.transform.dense.bias       | UNEXPECTED |  | 
cls.predictions.bias                       | UNEXPECTED |  | 

Notes:
- UNEXPECTED:	can be ignored when loading from different task/architecture; not ok if you expect identical arch.
Loss: plain CrossEntropyLoss
Epoch 1/5 | Loss: 0.4225 | Val loss: 0.3098 | Val micro-F1: 0.8736 | Val macro-F1: 0.8322
Saved best model → /models/ensemble_st2_mix_a2_b3_seed2024/best_st2.pt (epoch=1, val_macro_f1=0.8322)
Epoch 2/5 | Loss: 0.2556 | Val loss: 0.3543 | Val micro-F1: 0.8759 | Val macro-F1: 0.8367
Saved best model → /models/ensemble_st2_mix_a2_b3_seed2024/best_st2.pt (epoch=2, val_macro_f1=0.8367)
Epoch 3/5 | Loss: 0.1251 | Val loss: 0.5341 | Val micro-F1: 0.8874 | Val macro-F1: 0.8514
Saved best model → /models/ensemble_st2_mix_a2_b3_seed2024/best_st2.pt (epoch=3, val_macro_f1=0.8514)
Epoch 4/5 | Loss: 0.0402 | Val loss: 0.6869 | Val micro-F1: 0.8920 | Val macro-F1: 0.8557
Saved best model → /models/ensemble_st2_mix_a2_b3_seed2024/best_st2.pt (epoch=4, val_macro_f1=0.8557)
Epoch 5/5 | Loss: 0.0056 | Val loss: 0.7267 | Val micro-F1: 0.8966 | Val macro-F1: 0.8601
Saved best model → /models/ensemble_st2_mix_a2_b3_seed2024/best_st2.pt (epoch=5, val_macro_f1=0.8601)
Loaded best model from epoch 5 for final train metrics

Train Micro-F1: 0.9994
Train Macro-F1: 0.9992
              precision    recall  f1-score   support

          No       1.00      1.00      1.00       445
         Yes       1.00      1.00      1.00      1295

    accuracy                           1.00      1740
   macro avg       1.00      1.00      1.00      1740
weighted avg       1.00      1.00      1.00      1740

Best Val Macro-F1: 0.8601 (epoch=5)

============================================================
Final Results (Train Micro-F1)
============================================================
ST2: 0.8601 (weight=0.3)

Partial Weighted Contribution: 0.2580
Results saved to exp/integrated_stage_predictions/0615/ensemble/stage2/ensemble/train_results/mix_a2_b3_add_val_seed2024.json
