Device: cuda:0
Model: hfl/chinese-roberta-wwm-ext-large
Batch size: 4 (grad accum: 2, effective: 8)
Validation: external file exp/integrated_stage_predictions/0615/ensemble/stage2/data/ensemble/seed123/mix_a2_b3_add_val.val.json (ignoring --val-ratio)
Train records: 2039
External val: exp/integrated_stage_predictions/0615/ensemble/stage2/data/ensemble/seed123/mix_a2_b3_add_val.val.json (509 records)

============================================================
Training subtask: ST2
============================================================
Train samples: 1740 | Labels: 2 | Dist: {1: 1295, 0: 445}
Val samples: 435 | Dist: {1: 324, 0: 111}
Loading weights:   0%|          | 0/391 [00:00<?, ?it/s]Loading weights: 100%|██████████| 391/391 [00:00<00:00, 76713.11it/s]
[transformers] [1mBertModel LOAD REPORT[0m from: hfl/chinese-roberta-wwm-ext-large
Key                                        | Status     |  | 
-------------------------------------------+------------+--+-
cls.predictions.transform.LayerNorm.weight | UNEXPECTED |  | 
cls.predictions.bias                       | UNEXPECTED |  | 
cls.seq_relationship.weight                | UNEXPECTED |  | 
cls.predictions.transform.dense.weight     | UNEXPECTED |  | 
cls.predictions.decoder.weight             | UNEXPECTED |  | 
cls.predictions.transform.LayerNorm.bias   | UNEXPECTED |  | 
cls.seq_relationship.bias                  | UNEXPECTED |  | 
cls.predictions.transform.dense.bias       | UNEXPECTED |  | 

Notes:
- UNEXPECTED:	can be ignored when loading from different task/architecture; not ok if you expect identical arch.
Loss: plain CrossEntropyLoss
Epoch 1/5 | Loss: 0.4415 | Val loss: 0.3486 | Val micro-F1: 0.8437 | Val macro-F1: 0.8002
Saved best model → /models/ensemble_st2_mix_a2_b3_seed123/best_st2.pt (epoch=1, val_macro_f1=0.8002)
Epoch 2/5 | Loss: 0.2455 | Val loss: 0.4303 | Val micro-F1: 0.8759 | Val macro-F1: 0.8283
Saved best model → /models/ensemble_st2_mix_a2_b3_seed123/best_st2.pt (epoch=2, val_macro_f1=0.8283)
Epoch 3/5 | Loss: 0.1072 | Val loss: 0.5354 | Val micro-F1: 0.8920 | Val macro-F1: 0.8510
Saved best model → /models/ensemble_st2_mix_a2_b3_seed123/best_st2.pt (epoch=3, val_macro_f1=0.8510)
Epoch 4/5 | Loss: 0.0223 | Val loss: 0.7146 | Val micro-F1: 0.8943 | Val macro-F1: 0.8547
Saved best model → /models/ensemble_st2_mix_a2_b3_seed123/best_st2.pt (epoch=4, val_macro_f1=0.8547)
Epoch 5/5 | Loss: 0.0045 | Val loss: 0.7524 | Val micro-F1: 0.8851 | Val macro-F1: 0.8441
Loaded best model from epoch 4 for final train metrics

Train Micro-F1: 0.9994
Train Macro-F1: 0.9992
              precision    recall  f1-score   support

          No       1.00      1.00      1.00       445
         Yes       1.00      1.00      1.00      1295

    accuracy                           1.00      1740
   macro avg       1.00      1.00      1.00      1740
weighted avg       1.00      1.00      1.00      1740

Best Val Macro-F1: 0.8547 (epoch=4)

============================================================
Final Results (Train Micro-F1)
============================================================
ST2: 0.8547 (weight=0.3)

Partial Weighted Contribution: 0.2564
Results saved to exp/integrated_stage_predictions/0615/ensemble/stage2/ensemble/train_results/mix_a2_b3_add_val_seed123.json
