Device: cuda:0  Model: hfl/chinese-roberta-wwm-ext-large
Tasks: ('st1', 'st2', 'st3')  task_weights={'st1': 0.1, 'st2': 0.2, 'st3': 0.7}
Loss modes: {'st1': 'weighted_ce', 'st2': 'weighted_ce', 'st3': 'weighted_ce'}
Train rows: 1598  multitask samples: 1598
External val: exp/integrated_stage_predictions/0614/submit/submit_5/stage3/data/vpesg_4k_train_1000_add_val.val.json  val samples: 402
  st1 applicable train dist: {'No': 298, 'Yes': 1300}
  st2 applicable train dist: {'No': 226, 'Yes': 1074}
  st3 applicable train dist: {'Clear': 894, 'Not Clear': 180}
  st1 loss=weighted_ce weights=[2.6812, 0.6146]
  st2 loss=weighted_ce weights=[2.8761, 0.6052]
  st3 loss=weighted_ce weights=[1.0, 8.0, 30.0]
Loading weights:   0%|          | 0/391 [00:00<?, ?it/s]Loading weights: 100%|██████████| 391/391 [00:00<00:00, 78814.54it/s]
[transformers] [1mBertModel LOAD REPORT[0m from: hfl/chinese-roberta-wwm-ext-large
Key                                        | Status     |  | 
-------------------------------------------+------------+--+-
cls.predictions.transform.LayerNorm.bias   | UNEXPECTED |  | 
cls.predictions.decoder.weight             | UNEXPECTED |  | 
cls.seq_relationship.weight                | UNEXPECTED |  | 
cls.predictions.transform.dense.weight     | UNEXPECTED |  | 
cls.seq_relationship.bias                  | UNEXPECTED |  | 
cls.predictions.bias                       | UNEXPECTED |  | 
cls.predictions.transform.LayerNorm.weight | UNEXPECTED |  | 
cls.predictions.transform.dense.bias       | UNEXPECTED |  | 

Notes:
- UNEXPECTED:	can be ignored when loading from different task/architecture; not ok if you expect identical arch.
Epoch 1/10 | loss=0.6615 {'st1': 0.6771, 'st2': 0.6226, 'st3': 0.6704} | st1 F1=0.5319 | st2 F1=0.6323 | st3 F1=0.4688
  → new best ST3 F1=0.4688  saved best_st3.pt
Epoch 2/10 | loss=0.4897 {'st1': 0.6064, 'st2': 0.4962, 'st3': 0.4712} | st1 F1=0.5973 | st2 F1=0.6064 | st3 F1=0.4658
Epoch 3/10 | loss=0.4001 {'st1': 0.5473, 'st2': 0.4164, 'st3': 0.3744} | st1 F1=0.6822 | st2 F1=0.6965 | st3 F1=0.4968
  → new best ST3 F1=0.4968  saved best_st3.pt
Epoch 4/10 | loss=0.2484 {'st1': 0.4762, 'st2': 0.3656, 'st3': 0.1824} | st1 F1=0.7168 | st2 F1=0.6969 | st3 F1=0.5051
  → new best ST3 F1=0.5051  saved best_st3.pt
Epoch 5/10 | loss=0.1579 {'st1': 0.415, 'st2': 0.3219, 'st3': 0.0743} | st1 F1=0.7454 | st2 F1=0.7167 | st3 F1=0.5069
  → new best ST3 F1=0.5069  saved best_st3.pt
Epoch 6/10 | loss=0.1058 {'st1': 0.3625, 'st2': 0.2541, 'st3': 0.0268} | st1 F1=0.7908 | st2 F1=0.6819 | st3 F1=0.5062
Epoch 7/10 | loss=0.0785 {'st1': 0.3153, 'st2': 0.2096, 'st3': 0.0072} | st1 F1=0.7730 | st2 F1=0.6867 | st3 F1=0.4920
Epoch 8/10 | loss=0.0628 {'st1': 0.2901, 'st2': 0.1528, 'st3': 0.0046} | st1 F1=0.7802 | st2 F1=0.6736 | st3 F1=0.5004
Epoch 9/10 | loss=0.0520 {'st1': 0.2623, 'st2': 0.1162, 'st3': 0.0036} | st1 F1=0.7787 | st2 F1=0.6868 | st3 F1=0.4949
Epoch 10/10 | loss=0.0462 {'st1': 0.234, 'st2': 0.1007, 'st3': 0.0039} | st1 F1=0.7815 | st2 F1=0.6836 | st3 F1=0.4894

=== Final train Macro-F1 ===
  st1: 0.9045
  st2: 0.9522
  st3: 0.6667
              precision    recall  f1-score   support

       Clear      1.000     1.000     1.000       894
   Not Clear      1.000     1.000     1.000       180
  Misleading      0.000     0.000     0.000         0

    accuracy                          1.000      1074
   macro avg      0.667     0.667     0.667      1074
weighted avg      1.000     1.000     1.000      1074


Best epoch: 5  best_st3.pt → /models/submit_5_mt_st123_twsweep/w0_1_0_2_0_7/best_st3.pt
Results saved to exp/integrated_stage_predictions/0614/submit/submit_5/stage3/retrain/results/w0_1_0_2_0_7.json
