Device: cuda:0  Model: hfl/chinese-roberta-wwm-ext-large
Tasks: ('st1', 'st2', 'st3')  task_weights={'st1': 0.1, 'st2': 0.1, 'st3': 0.8}
Loss modes: {'st1': 'weighted_ce', 'st2': 'weighted_ce', 'st3': 'weighted_ce'}
Train rows: 1598  multitask samples: 1598
External val: exp/integrated_stage_predictions/0614/submit/submit_5/stage3/data/vpesg_4k_train_1000_add_val.val.json  val samples: 402
  st1 applicable train dist: {'No': 298, 'Yes': 1300}
  st2 applicable train dist: {'No': 226, 'Yes': 1074}
  st3 applicable train dist: {'Clear': 894, 'Not Clear': 180}
  st1 loss=weighted_ce weights=[2.6812, 0.6146]
  st2 loss=weighted_ce weights=[2.8761, 0.6052]
  st3 loss=weighted_ce weights=[1.0, 8.0, 30.0]
Loading weights:   0%|          | 0/391 [00:00<?, ?it/s]Loading weights: 100%|██████████| 391/391 [00:00<00:00, 59271.13it/s]
[transformers] [1mBertModel LOAD REPORT[0m from: hfl/chinese-roberta-wwm-ext-large
Key                                        | Status     |  | 
-------------------------------------------+------------+--+-
cls.seq_relationship.bias                  | UNEXPECTED |  | 
cls.predictions.decoder.weight             | UNEXPECTED |  | 
cls.predictions.transform.LayerNorm.weight | UNEXPECTED |  | 
cls.seq_relationship.weight                | UNEXPECTED |  | 
cls.predictions.bias                       | UNEXPECTED |  | 
cls.predictions.transform.LayerNorm.bias   | UNEXPECTED |  | 
cls.predictions.transform.dense.weight     | UNEXPECTED |  | 
cls.predictions.transform.dense.bias       | UNEXPECTED |  | 

Notes:
- UNEXPECTED:	can be ignored when loading from different task/architecture; not ok if you expect identical arch.
Epoch 1/10 | loss=0.6696 {'st1': 0.679, 'st2': 0.6407, 'st3': 0.672} | st1 F1=0.5181 | st2 F1=0.4690 | st3 F1=0.4572
  → new best ST3 F1=0.4572  saved best_st3.pt
Epoch 2/10 | loss=0.4924 {'st1': 0.6137, 'st2': 0.5301, 'st3': 0.4725} | st1 F1=0.5682 | st2 F1=0.5886 | st3 F1=0.4636
  → new best ST3 F1=0.4636  saved best_st3.pt
Epoch 3/10 | loss=0.4021 {'st1': 0.5649, 'st2': 0.4638, 'st3': 0.374} | st1 F1=0.6242 | st2 F1=0.6831 | st3 F1=0.5036
  → new best ST3 F1=0.5036  saved best_st3.pt
Epoch 4/10 | loss=0.2358 {'st1': 0.5057, 'st2': 0.4293, 'st3': 0.1778} | st1 F1=0.6433 | st2 F1=0.6946 | st3 F1=0.5141
  → new best ST3 F1=0.5141  saved best_st3.pt
Epoch 5/10 | loss=0.1477 {'st1': 0.4467, 'st2': 0.4108, 'st3': 0.0774} | st1 F1=0.7178 | st2 F1=0.7049 | st3 F1=0.4972
Epoch 6/10 | loss=0.1046 {'st1': 0.398, 'st2': 0.3741, 'st3': 0.0343} | st1 F1=0.7325 | st2 F1=0.6908 | st3 F1=0.5213
  → new best ST3 F1=0.5213  saved best_st3.pt
Epoch 7/10 | loss=0.0762 {'st1': 0.3481, 'st2': 0.3443, 'st3': 0.0087} | st1 F1=0.7570 | st2 F1=0.6721 | st3 F1=0.5187
Epoch 8/10 | loss=0.0684 {'st1': 0.3258, 'st2': 0.3268, 'st3': 0.0039} | st1 F1=0.7721 | st2 F1=0.6687 | st3 F1=0.5207
Epoch 9/10 | loss=0.0621 {'st1': 0.2969, 'st2': 0.2995, 'st3': 0.0031} | st1 F1=0.7652 | st2 F1=0.6574 | st3 F1=0.5117
Epoch 10/10 | loss=0.0582 {'st1': 0.2736, 'st2': 0.2843, 'st3': 0.003} | st1 F1=0.7676 | st2 F1=0.6746 | st3 F1=0.5121

=== Final train Macro-F1 ===
  st1: 0.8845
  st2: 0.8451
  st3: 0.6667
              precision    recall  f1-score   support

       Clear      1.000     1.000     1.000       894
   Not Clear      1.000     1.000     1.000       180
  Misleading      0.000     0.000     0.000         0

    accuracy                          1.000      1074
   macro avg      0.667     0.667     0.667      1074
weighted avg      1.000     1.000     1.000      1074


Best epoch: 6  best_st3.pt → /models/submit_5_mt_st123_twsweep/w0_1_0_1_0_8/best_st3.pt
Results saved to exp/integrated_stage_predictions/0614/submit/submit_5/stage3/retrain/results/w0_1_0_1_0_8.json
