Device: cuda:0  Model: hfl/chinese-roberta-wwm-ext-large
Tasks: ('st1', 'st2', 'st3')  task_weights={'st1': 0.15, 'st2': 0.25, 'st3': 0.6}
Loss modes: {'st1': 'weighted_ce', 'st2': 'weighted_ce', 'st3': 'weighted_ce'}
Train rows: 1598  multitask samples: 1598
External val: exp/integrated_stage_predictions/0614/submit/submit_5/stage3/data/vpesg_4k_train_1000_add_val.val.json  val samples: 402
  st1 applicable train dist: {'No': 298, 'Yes': 1300}
  st2 applicable train dist: {'No': 226, 'Yes': 1074}
  st3 applicable train dist: {'Clear': 894, 'Not Clear': 180}
  st1 loss=weighted_ce weights=[2.6812, 0.6146]
  st2 loss=weighted_ce weights=[2.8761, 0.6052]
  st3 loss=weighted_ce weights=[1.0, 8.0, 30.0]
Loading weights:   0%|          | 0/391 [00:00<?, ?it/s]Loading weights: 100%|██████████| 391/391 [00:00<00:00, 62534.71it/s]
[transformers] [1mBertModel LOAD REPORT[0m from: hfl/chinese-roberta-wwm-ext-large
Key                                        | Status     |  | 
-------------------------------------------+------------+--+-
cls.seq_relationship.weight                | UNEXPECTED |  | 
cls.seq_relationship.bias                  | UNEXPECTED |  | 
cls.predictions.transform.LayerNorm.weight | UNEXPECTED |  | 
cls.predictions.bias                       | UNEXPECTED |  | 
cls.predictions.transform.dense.weight     | UNEXPECTED |  | 
cls.predictions.transform.dense.bias       | UNEXPECTED |  | 
cls.predictions.decoder.weight             | UNEXPECTED |  | 
cls.predictions.transform.LayerNorm.bias   | UNEXPECTED |  | 

Notes:
- UNEXPECTED:	can be ignored when loading from different task/architecture; not ok if you expect identical arch.
Epoch 1/10 | loss=0.6578 {'st1': 0.6703, 'st2': 0.6159, 'st3': 0.6721} | st1 F1=0.5424 | st2 F1=0.6219 | st3 F1=0.4764
  → new best ST3 F1=0.4764  saved best_st3.pt
Epoch 2/10 | loss=0.4893 {'st1': 0.5752, 'st2': 0.4874, 'st3': 0.4687} | st1 F1=0.6479 | st2 F1=0.6498 | st3 F1=0.4685
Epoch 3/10 | loss=0.3960 {'st1': 0.4865, 'st2': 0.3978, 'st3': 0.3727} | st1 F1=0.7159 | st2 F1=0.7070 | st3 F1=0.4892
  → new best ST3 F1=0.4892  saved best_st3.pt
Epoch 4/10 | loss=0.2515 {'st1': 0.3959, 'st2': 0.3324, 'st3': 0.1817} | st1 F1=0.7616 | st2 F1=0.6963 | st3 F1=0.4974
  → new best ST3 F1=0.4974  saved best_st3.pt
Epoch 5/10 | loss=0.1635 {'st1': 0.3269, 'st2': 0.2689, 'st3': 0.0787} | st1 F1=0.7431 | st2 F1=0.7334 | st3 F1=0.5128
  → new best ST3 F1=0.5128  saved best_st3.pt
Epoch 6/10 | loss=0.1009 {'st1': 0.2585, 'st2': 0.1919, 'st3': 0.0235} | st1 F1=0.7869 | st2 F1=0.6744 | st3 F1=0.4921
Epoch 7/10 | loss=0.0679 {'st1': 0.1946, 'st2': 0.1346, 'st3': 0.0084} | st1 F1=0.7924 | st2 F1=0.7137 | st3 F1=0.4920
Epoch 8/10 | loss=0.0461 {'st1': 0.15, 'st2': 0.0811, 'st3': 0.0056} | st1 F1=0.7997 | st2 F1=0.7193 | st3 F1=0.5035
Epoch 9/10 | loss=0.0345 {'st1': 0.1213, 'st2': 0.0519, 'st3': 0.0056} | st1 F1=0.7979 | st2 F1=0.7165 | st3 F1=0.4977
Epoch 10/10 | loss=0.0285 {'st1': 0.0977, 'st2': 0.0427, 'st3': 0.0053} | st1 F1=0.7979 | st2 F1=0.7262 | st3 F1=0.4977

=== Final train Macro-F1 ===
  st1: 0.9768
  st2: 0.9868
  st3: 0.6667
              precision    recall  f1-score   support

       Clear      1.000     1.000     1.000       894
   Not Clear      1.000     1.000     1.000       180
  Misleading      0.000     0.000     0.000         0

    accuracy                          1.000      1074
   macro avg      0.667     0.667     0.667      1074
weighted avg      1.000     1.000     1.000      1074


Best epoch: 5  best_st3.pt → /models/submit_5_mt_st123_twsweep/w0_15_0_25_0_6/best_st3.pt
Results saved to exp/integrated_stage_predictions/0614/submit/submit_5/stage3/retrain/results/w0_15_0_25_0_6.json
