Device: cuda:0  Model: hfl/chinese-roberta-wwm-ext-large
Tasks: ('st1', 'st2', 'st3')  task_weights={'st1': 0.2, 'st2': 0.3, 'st3': 0.5}
Loss modes: {'st1': 'weighted_ce', 'st2': 'weighted_ce', 'st3': 'weighted_ce'}
Train rows: 1598  multitask samples: 1598
External val: exp/integrated_stage_predictions/0614/submit/submit_5/stage3/data/vpesg_4k_train_1000_add_val.val.json  val samples: 402
  st1 applicable train dist: {'No': 298, 'Yes': 1300}
  st2 applicable train dist: {'No': 226, 'Yes': 1074}
  st3 applicable train dist: {'Clear': 894, 'Not Clear': 180}
  st1 loss=weighted_ce weights=[2.6812, 0.6146]
  st2 loss=weighted_ce weights=[2.8761, 0.6052]
  st3 loss=weighted_ce weights=[1.0, 8.0, 30.0]
Loading weights:   0%|          | 0/391 [00:00<?, ?it/s]Loading weights: 100%|██████████| 391/391 [00:00<00:00, 78825.90it/s]
[transformers] [1mBertModel LOAD REPORT[0m from: hfl/chinese-roberta-wwm-ext-large
Key                                        | Status     |  | 
-------------------------------------------+------------+--+-
cls.predictions.decoder.weight             | UNEXPECTED |  | 
cls.predictions.transform.LayerNorm.bias   | UNEXPECTED |  | 
cls.seq_relationship.bias                  | UNEXPECTED |  | 
cls.predictions.bias                       | UNEXPECTED |  | 
cls.predictions.transform.dense.bias       | UNEXPECTED |  | 
cls.predictions.transform.LayerNorm.weight | UNEXPECTED |  | 
cls.seq_relationship.weight                | UNEXPECTED |  | 
cls.predictions.transform.dense.weight     | UNEXPECTED |  | 

Notes:
- UNEXPECTED:	can be ignored when loading from different task/architecture; not ok if you expect identical arch.
Epoch 1/10 | loss=0.6550 {'st1': 0.6651, 'st2': 0.6102, 'st3': 0.6778} | st1 F1=0.6121 | st2 F1=0.6193 | st3 F1=0.4458
  → new best ST3 F1=0.4458  saved best_st3.pt
Epoch 2/10 | loss=0.4896 {'st1': 0.5349, 'st2': 0.4796, 'st3': 0.4775} | st1 F1=0.7199 | st2 F1=0.6498 | st3 F1=0.4713
  → new best ST3 F1=0.4713  saved best_st3.pt
Epoch 3/10 | loss=0.3885 {'st1': 0.4186, 'st2': 0.3749, 'st3': 0.3845} | st1 F1=0.7807 | st2 F1=0.7131 | st3 F1=0.4850
  → new best ST3 F1=0.4850  saved best_st3.pt
Epoch 4/10 | loss=0.2504 {'st1': 0.3208, 'st2': 0.2879, 'st3': 0.1997} | st1 F1=0.7793 | st2 F1=0.6966 | st3 F1=0.5209
  → new best ST3 F1=0.5209  saved best_st3.pt
Epoch 5/10 | loss=0.1515 {'st1': 0.2221, 'st2': 0.2027, 'st3': 0.0925} | st1 F1=0.7883 | st2 F1=0.7039 | st3 F1=0.5007
Epoch 6/10 | loss=0.0907 {'st1': 0.1556, 'st2': 0.1251, 'st3': 0.0442} | st1 F1=0.7844 | st2 F1=0.7105 | st3 F1=0.4949
Epoch 7/10 | loss=0.0503 {'st1': 0.0934, 'st2': 0.0811, 'st3': 0.0146} | st1 F1=0.8053 | st2 F1=0.7165 | st3 F1=0.4789
Epoch 8/10 | loss=0.0278 {'st1': 0.0579, 'st2': 0.0405, 'st3': 0.0082} | st1 F1=0.7896 | st2 F1=0.7227 | st3 F1=0.4865
Epoch 9/10 | loss=0.0199 {'st1': 0.0483, 'st2': 0.0237, 'st3': 0.0063} | st1 F1=0.8020 | st2 F1=0.7307 | st3 F1=0.4809
Epoch 10/10 | loss=0.0166 {'st1': 0.0362, 'st2': 0.0214, 'st3': 0.0058} | st1 F1=0.8119 | st2 F1=0.7262 | st3 F1=0.4809

=== Final train Macro-F1 ===
  st1: 0.9959
  st2: 0.9960
  st3: 0.6667
              precision    recall  f1-score   support

       Clear      1.000     1.000     1.000       894
   Not Clear      1.000     1.000     1.000       180
  Misleading      0.000     0.000     0.000         0

    accuracy                          1.000      1074
   macro avg      0.667     0.667     0.667      1074
weighted avg      1.000     1.000     1.000      1074


Best epoch: 4  best_st3.pt → /models/submit_5_mt_st123_twsweep/w0_2_0_3_0_5/best_st3.pt
Results saved to exp/integrated_stage_predictions/0614/submit/submit_5/stage3/retrain/results/w0_2_0_3_0_5.json
