Device: cuda:0  Model: hfl/chinese-roberta-wwm-ext-large
Tasks: ('st1', 'st2', 'st3')  task_weights={'st1': 0.2, 'st2': 0.35, 'st3': 0.45}
Loss modes: {'st1': 'weighted_ce', 'st2': 'weighted_ce', 'st3': 'weighted_ce'}
Train rows: 1598  multitask samples: 1598
External val: exp/integrated_stage_predictions/0614/submit/submit_5/stage3/data/vpesg_4k_train_1000_add_val.val.json  val samples: 402
  st1 applicable train dist: {'No': 298, 'Yes': 1300}
  st2 applicable train dist: {'No': 226, 'Yes': 1074}
  st3 applicable train dist: {'Clear': 894, 'Not Clear': 180}
  st1 loss=weighted_ce weights=[2.6812, 0.6146]
  st2 loss=weighted_ce weights=[2.8761, 0.6052]
  st3 loss=weighted_ce weights=[1.0, 8.0, 30.0]
Loading weights:   0%|          | 0/391 [00:00<?, ?it/s]Loading weights: 100%|██████████| 391/391 [00:00<00:00, 84867.15it/s]
[transformers] [1mBertModel LOAD REPORT[0m from: hfl/chinese-roberta-wwm-ext-large
Key                                        | Status     |  | 
-------------------------------------------+------------+--+-
cls.predictions.transform.LayerNorm.bias   | UNEXPECTED |  | 
cls.seq_relationship.weight                | UNEXPECTED |  | 
cls.predictions.bias                       | UNEXPECTED |  | 
cls.predictions.transform.LayerNorm.weight | UNEXPECTED |  | 
cls.seq_relationship.bias                  | UNEXPECTED |  | 
cls.predictions.transform.dense.weight     | UNEXPECTED |  | 
cls.predictions.transform.dense.bias       | UNEXPECTED |  | 
cls.predictions.decoder.weight             | UNEXPECTED |  | 

Notes:
- UNEXPECTED:	can be ignored when loading from different task/architecture; not ok if you expect identical arch.
Epoch 1/10 | loss=0.6499 {'st1': 0.6639, 'st2': 0.6038, 'st3': 0.6795} | st1 F1=0.6320 | st2 F1=0.6344 | st3 F1=0.4396
  → new best ST3 F1=0.4396  saved best_st3.pt
Epoch 2/10 | loss=0.4841 {'st1': 0.5251, 'st2': 0.4702, 'st3': 0.4767} | st1 F1=0.7349 | st2 F1=0.6606 | st3 F1=0.4859
  → new best ST3 F1=0.4859  saved best_st3.pt
Epoch 3/10 | loss=0.3809 {'st1': 0.4099, 'st2': 0.3567, 'st3': 0.3868} | st1 F1=0.7691 | st2 F1=0.7248 | st3 F1=0.4850
Epoch 4/10 | loss=0.2421 {'st1': 0.3048, 'st2': 0.2494, 'st3': 0.2085} | st1 F1=0.7877 | st2 F1=0.7142 | st3 F1=0.5165
  → new best ST3 F1=0.5165  saved best_st3.pt
Epoch 5/10 | loss=0.1378 {'st1': 0.2069, 'st2': 0.1463, 'st3': 0.1005} | st1 F1=0.7883 | st2 F1=0.7185 | st3 F1=0.5038
Epoch 6/10 | loss=0.0848 {'st1': 0.1446, 'st2': 0.0925, 'st3': 0.0522} | st1 F1=0.7824 | st2 F1=0.7313 | st3 F1=0.4921
Epoch 7/10 | loss=0.0457 {'st1': 0.0894, 'st2': 0.0512, 'st3': 0.0219} | st1 F1=0.7956 | st2 F1=0.7414 | st3 F1=0.4789
Epoch 8/10 | loss=0.0246 {'st1': 0.0556, 'st2': 0.0252, 'st3': 0.0103} | st1 F1=0.7883 | st2 F1=0.7303 | st3 F1=0.4785
Epoch 9/10 | loss=0.0174 {'st1': 0.0458, 'st2': 0.0146, 'st3': 0.0071} | st1 F1=0.8020 | st2 F1=0.7307 | st3 F1=0.4838
Epoch 10/10 | loss=0.0151 {'st1': 0.0348, 'st2': 0.0146, 'st3': 0.0067} | st1 F1=0.7997 | st2 F1=0.7039 | st3 F1=0.4838

=== Final train Macro-F1 ===
  st1: 0.9928
  st2: 0.9973
  st3: 0.6667
              precision    recall  f1-score   support

       Clear      1.000     1.000     1.000       894
   Not Clear      1.000     1.000     1.000       180
  Misleading      0.000     0.000     0.000         0

    accuracy                          1.000      1074
   macro avg      0.667     0.667     0.667      1074
weighted avg      1.000     1.000     1.000      1074


Best epoch: 4  best_st3.pt → /models/submit_5_mt_st123_twsweep/w0_2_0_35_0_45/best_st3.pt
Results saved to exp/integrated_stage_predictions/0614/submit/submit_5/stage3/retrain/results/w0_2_0_35_0_45.json
