Device: cuda:0  Model: hfl/chinese-roberta-wwm-ext-large
Tasks: ('st1', 'st2', 'st3')  task_weights={'st1': 0.33, 'st2': 0.33, 'st3': 0.34}
Loss modes: {'st1': 'weighted_ce', 'st2': 'weighted_ce', 'st3': 'weighted_ce'}
Train rows: 1598  multitask samples: 1598
External val: exp/integrated_stage_predictions/0614/submit/submit_5/stage3/data/vpesg_4k_train_1000_add_val.val.json  val samples: 402
  st1 applicable train dist: {'No': 298, 'Yes': 1300}
  st2 applicable train dist: {'No': 226, 'Yes': 1074}
  st3 applicable train dist: {'Clear': 894, 'Not Clear': 180}
  st1 loss=weighted_ce weights=[2.6812, 0.6146]
  st2 loss=weighted_ce weights=[2.8761, 0.6052]
  st3 loss=weighted_ce weights=[1.0, 8.0, 30.0]
Loading weights:   0%|          | 0/391 [00:00<?, ?it/s]Loading weights: 100%|██████████| 391/391 [00:00<00:00, 73650.37it/s]
[transformers] [1mBertModel LOAD REPORT[0m from: hfl/chinese-roberta-wwm-ext-large
Key                                        | Status     |  | 
-------------------------------------------+------------+--+-
cls.predictions.decoder.weight             | UNEXPECTED |  | 
cls.predictions.bias                       | UNEXPECTED |  | 
cls.predictions.transform.dense.bias       | UNEXPECTED |  | 
cls.seq_relationship.weight                | UNEXPECTED |  | 
cls.predictions.transform.dense.weight     | UNEXPECTED |  | 
cls.seq_relationship.bias                  | UNEXPECTED |  | 
cls.predictions.transform.LayerNorm.weight | UNEXPECTED |  | 
cls.predictions.transform.LayerNorm.bias   | UNEXPECTED |  | 

Notes:
- UNEXPECTED:	can be ignored when loading from different task/architecture; not ok if you expect identical arch.
Epoch 1/10 | loss=0.6476 {'st1': 0.6502, 'st2': 0.6023, 'st3': 0.689} | st1 F1=0.7078 | st2 F1=0.6476 | st3 F1=0.4551
  → new best ST3 F1=0.4551  saved best_st3.pt
Epoch 2/10 | loss=0.4691 {'st1': 0.4671, 'st2': 0.4652, 'st3': 0.4748} | st1 F1=0.7847 | st2 F1=0.6556 | st3 F1=0.4739
  → new best ST3 F1=0.4739  saved best_st3.pt
Epoch 3/10 | loss=0.3668 {'st1': 0.34, 'st2': 0.3565, 'st3': 0.4029} | st1 F1=0.7956 | st2 F1=0.7084 | st3 F1=0.4972
  → new best ST3 F1=0.4972  saved best_st3.pt
Epoch 4/10 | loss=0.2317 {'st1': 0.1924, 'st2': 0.2506, 'st3': 0.2516} | st1 F1=0.7922 | st2 F1=0.7024 | st3 F1=0.4977
  → new best ST3 F1=0.4977  saved best_st3.pt
Epoch 5/10 | loss=0.1381 {'st1': 0.1006, 'st2': 0.1535, 'st3': 0.1594} | st1 F1=0.7794 | st2 F1=0.7039 | st3 F1=0.4845
Epoch 6/10 | loss=0.0715 {'st1': 0.0508, 'st2': 0.0892, 'st3': 0.0743} | st1 F1=0.7883 | st2 F1=0.7083 | st3 F1=0.4885
Epoch 7/10 | loss=0.0411 {'st1': 0.0284, 'st2': 0.0535, 'st3': 0.0414} | st1 F1=0.8024 | st2 F1=0.7177 | st3 F1=0.4809
Epoch 8/10 | loss=0.0218 {'st1': 0.0152, 'st2': 0.032, 'st3': 0.0183} | st1 F1=0.8015 | st2 F1=0.7268 | st3 F1=0.4921
Epoch 9/10 | loss=0.0129 {'st1': 0.0118, 'st2': 0.0155, 'st3': 0.0114} | st1 F1=0.7896 | st2 F1=0.7272 | st3 F1=0.4657
Epoch 10/10 | loss=0.0113 {'st1': 0.0101, 'st2': 0.0137, 'st3': 0.0102} | st1 F1=0.7863 | st2 F1=0.7049 | st3 F1=0.4733

=== Final train Macro-F1 ===
  st1: 1.0000
  st2: 0.9960
  st3: 0.6667
              precision    recall  f1-score   support

       Clear      1.000     1.000     1.000       894
   Not Clear      1.000     1.000     1.000       180
  Misleading      0.000     0.000     0.000         0

    accuracy                          1.000      1074
   macro avg      0.667     0.667     0.667      1074
weighted avg      1.000     1.000     1.000      1074


Best epoch: 4  best_st3.pt → /models/submit_5_mt_st123_twsweep/w0_33_0_33_0_34/best_st3.pt
Results saved to exp/integrated_stage_predictions/0614/submit/submit_5/stage3/retrain/results/w0_33_0_33_0_34.json
