### member 1/5: /models/ensemble_st1_a3_b1_focal_g3_w4_seed123/best_st1.pt
Loading weights:   0%|          | 0/391 [00:00<?, ?it/s]Loading weights: 100%|██████████| 391/391 [00:00<00:00, 84981.49it/s]
[transformers] [1mBertModel LOAD REPORT[0m from: hfl/chinese-roberta-wwm-ext-large
Key                                        | Status     |  | 
-------------------------------------------+------------+--+-
cls.predictions.transform.LayerNorm.bias   | UNEXPECTED |  | 
cls.predictions.bias                       | UNEXPECTED |  | 
cls.seq_relationship.bias                  | UNEXPECTED |  | 
cls.predictions.decoder.weight             | UNEXPECTED |  | 
cls.predictions.transform.dense.weight     | UNEXPECTED |  | 
cls.predictions.transform.dense.bias       | UNEXPECTED |  | 
cls.seq_relationship.weight                | UNEXPECTED |  | 
cls.predictions.transform.LayerNorm.weight | UNEXPECTED |  | 

Notes:
- UNEXPECTED:	can be ignored when loading from different task/architecture; not ok if you expect identical arch.
### member 2/5: /models/ensemble_st1_a3_b1_focal_g3_w4_seed2024/best_st1.pt
Loading weights:   0%|          | 0/391 [00:00<?, ?it/s]Loading weights: 100%|██████████| 391/391 [00:00<00:00, 42399.57it/s]
[transformers] [1mBertModel LOAD REPORT[0m from: hfl/chinese-roberta-wwm-ext-large
Key                                        | Status     |  | 
-------------------------------------------+------------+--+-
cls.predictions.transform.LayerNorm.bias   | UNEXPECTED |  | 
cls.predictions.bias                       | UNEXPECTED |  | 
cls.seq_relationship.bias                  | UNEXPECTED |  | 
cls.predictions.decoder.weight             | UNEXPECTED |  | 
cls.predictions.transform.dense.weight     | UNEXPECTED |  | 
cls.predictions.transform.dense.bias       | UNEXPECTED |  | 
cls.seq_relationship.weight                | UNEXPECTED |  | 
cls.predictions.transform.LayerNorm.weight | UNEXPECTED |  | 

Notes:
- UNEXPECTED:	can be ignored when loading from different task/architecture; not ok if you expect identical arch.
### member 3/5: /models/ensemble_st1_a3_b1_focal_g3_w4_seed31337/best_st1.pt
Loading weights:   0%|          | 0/391 [00:00<?, ?it/s]Loading weights: 100%|██████████| 391/391 [00:00<00:00, 44489.52it/s]
[transformers] [1mBertModel LOAD REPORT[0m from: hfl/chinese-roberta-wwm-ext-large
Key                                        | Status     |  | 
-------------------------------------------+------------+--+-
cls.predictions.transform.LayerNorm.bias   | UNEXPECTED |  | 
cls.predictions.bias                       | UNEXPECTED |  | 
cls.seq_relationship.bias                  | UNEXPECTED |  | 
cls.predictions.decoder.weight             | UNEXPECTED |  | 
cls.predictions.transform.dense.weight     | UNEXPECTED |  | 
cls.predictions.transform.dense.bias       | UNEXPECTED |  | 
cls.seq_relationship.weight                | UNEXPECTED |  | 
cls.predictions.transform.LayerNorm.weight | UNEXPECTED |  | 

Notes:
- UNEXPECTED:	can be ignored when loading from different task/architecture; not ok if you expect identical arch.
### member 4/5: /models/ensemble_st1_a3_b1_focal_g3_w4_seed42/best_st1.pt
Loading weights:   0%|          | 0/391 [00:00<?, ?it/s]Loading weights: 100%|██████████| 391/391 [00:00<00:00, 40329.85it/s]
[transformers] [1mBertModel LOAD REPORT[0m from: hfl/chinese-roberta-wwm-ext-large
Key                                        | Status     |  | 
-------------------------------------------+------------+--+-
cls.predictions.transform.LayerNorm.bias   | UNEXPECTED |  | 
cls.predictions.bias                       | UNEXPECTED |  | 
cls.seq_relationship.bias                  | UNEXPECTED |  | 
cls.predictions.decoder.weight             | UNEXPECTED |  | 
cls.predictions.transform.dense.weight     | UNEXPECTED |  | 
cls.predictions.transform.dense.bias       | UNEXPECTED |  | 
cls.seq_relationship.weight                | UNEXPECTED |  | 
cls.predictions.transform.LayerNorm.weight | UNEXPECTED |  | 

Notes:
- UNEXPECTED:	can be ignored when loading from different task/architecture; not ok if you expect identical arch.
### member 5/5: /models/ensemble_st1_a3_b1_focal_g3_w4_seed7/best_st1.pt
Loading weights:   0%|          | 0/391 [00:00<?, ?it/s]Loading weights: 100%|██████████| 391/391 [00:00<00:00, 55658.34it/s]
[transformers] [1mBertModel LOAD REPORT[0m from: hfl/chinese-roberta-wwm-ext-large
Key                                        | Status     |  | 
-------------------------------------------+------------+--+-
cls.predictions.transform.LayerNorm.bias   | UNEXPECTED |  | 
cls.predictions.bias                       | UNEXPECTED |  | 
cls.seq_relationship.bias                  | UNEXPECTED |  | 
cls.predictions.decoder.weight             | UNEXPECTED |  | 
cls.predictions.transform.dense.weight     | UNEXPECTED |  | 
cls.predictions.transform.dense.bias       | UNEXPECTED |  | 
cls.seq_relationship.weight                | UNEXPECTED |  | 
cls.predictions.transform.LayerNorm.weight | UNEXPECTED |  | 

Notes:
- UNEXPECTED:	can be ignored when loading from different task/architecture; not ok if you expect identical arch.
{
  "stage": 1,
  "output": "/workspace/esg_contest/exp/integrated_stage_predictions/0617/submit_9/stage1/tmp/softvote_raw.csv",
  "members_out": "/workspace/esg_contest/exp/integrated_stage_predictions/0617/submit_9/stage1/tmp/softvote_raw.members.csv",
  "rows": 2000,
  "members": 5,
  "label_dist": {
    "No": 341,
    "Yes": 1659
  }
}
