[st3] multitask head: 3 classes ['Clear', 'Not Clear', 'Misleading']
Loading weights:   0%|          | 0/391 [00:00<?, ?it/s]Loading weights: 100%|██████████| 391/391 [00:00<00:00, 84152.96it/s]
[transformers] [1mBertModel LOAD REPORT[0m from: hfl/chinese-roberta-wwm-ext-large
Key                                        | Status     |  | 
-------------------------------------------+------------+--+-
cls.predictions.transform.LayerNorm.weight | UNEXPECTED |  | 
cls.predictions.decoder.weight             | UNEXPECTED |  | 
cls.predictions.transform.dense.bias       | UNEXPECTED |  | 
cls.predictions.bias                       | UNEXPECTED |  | 
cls.predictions.transform.dense.weight     | UNEXPECTED |  | 
cls.seq_relationship.weight                | UNEXPECTED |  | 
cls.predictions.transform.LayerNorm.bias   | UNEXPECTED |  | 
cls.seq_relationship.bias                  | UNEXPECTED |  | 

Notes:
- UNEXPECTED:	can be ignored when loading from different task/architecture; not ok if you expect identical arch.
{
  "stage": "stage3",
  "mode": "finetune_multitask_st3",
  "output": "/workspace/esg_contest/exp/integrated_stage_predictions/0617/submit_9/stage3/tmp/softvote_raw.csv",
  "rows": 2000,
  "predicted": 2000,
  "finetune_path": "/models/submit_5_mt_st123_twsweep/w0_2_0_3_0_5/best_multitask_st3.pt"
}
