Device: cuda:0
Model: hfl/chinese-roberta-wwm-ext-large
Batch size: 4 (grad accum: 2, effective: 8)
Validation: external file exp/integrated_stage_predictions/0614/submit/submit_5/stage2/data/mix_a2_b3_add_val.val.json (ignoring --val-ratio)
Train records: 2039
External val: exp/integrated_stage_predictions/0614/submit/submit_5/stage2/data/mix_a2_b3_add_val.val.json (509 records)

============================================================
Training subtask: ST2
============================================================
Train samples: 1740 | Labels: 2 | Dist: {0: 445, 1: 1295}
Val samples: 435 | Dist: {1: 324, 0: 111}
Loading weights:   0%|          | 0/391 [00:00<?, ?it/s]Loading weights: 100%|██████████| 391/391 [00:00<00:00, 66768.70it/s]
[transformers] [1mBertModel LOAD REPORT[0m from: hfl/chinese-roberta-wwm-ext-large
Key                                        | Status     |  | 
-------------------------------------------+------------+--+-
cls.seq_relationship.weight                | UNEXPECTED |  | 
cls.predictions.decoder.weight             | UNEXPECTED |  | 
cls.predictions.transform.dense.bias       | UNEXPECTED |  | 
cls.seq_relationship.bias                  | UNEXPECTED |  | 
cls.predictions.bias                       | UNEXPECTED |  | 
cls.predictions.transform.dense.weight     | UNEXPECTED |  | 
cls.predictions.transform.LayerNorm.weight | UNEXPECTED |  | 
cls.predictions.transform.LayerNorm.bias   | UNEXPECTED |  | 

Notes:
- UNEXPECTED:	can be ignored when loading from different task/architecture; not ok if you expect identical arch.
Loss: plain CrossEntropyLoss
Epoch 1/10 | Loss: 0.4452 | Val loss: 0.3497 | Val micro-F1: 0.8805 | Val macro-F1: 0.8262
Saved best model → /models/esg_contest/loop001_st2_synth_A2_b3_c1_25_add_val_ce/best_st2.pt (epoch=1, val_macro_f1=0.8262)
Epoch 2/10 | Loss: 0.3061 | Val loss: 0.3911 | Val micro-F1: 0.8897 | Val macro-F1: 0.8384
Saved best model → /models/esg_contest/loop001_st2_synth_A2_b3_c1_25_add_val_ce/best_st2.pt (epoch=2, val_macro_f1=0.8384)
Epoch 3/10 | Loss: 0.1446 | Val loss: 0.4768 | Val micro-F1: 0.9080 | Val macro-F1: 0.8710
Saved best model → /models/esg_contest/loop001_st2_synth_A2_b3_c1_25_add_val_ce/best_st2.pt (epoch=3, val_macro_f1=0.8710)
Epoch 4/10 | Loss: 0.0516 | Val loss: 0.5164 | Val micro-F1: 0.9057 | Val macro-F1: 0.8741
Saved best model → /models/esg_contest/loop001_st2_synth_A2_b3_c1_25_add_val_ce/best_st2.pt (epoch=4, val_macro_f1=0.8741)
Epoch 5/10 | Loss: 0.0143 | Val loss: 0.6485 | Val micro-F1: 0.9149 | Val macro-F1: 0.8864
Saved best model → /models/esg_contest/loop001_st2_synth_A2_b3_c1_25_add_val_ce/best_st2.pt (epoch=5, val_macro_f1=0.8864)
Epoch 6/10 | Loss: 0.0004 | Val loss: 0.7263 | Val micro-F1: 0.9149 | Val macro-F1: 0.8835
Epoch 7/10 | Loss: 0.0000 | Val loss: 0.7484 | Val micro-F1: 0.9011 | Val macro-F1: 0.8680
Epoch 8/10 | Loss: 0.0000 | Val loss: 0.7662 | Val micro-F1: 0.9126 | Val macro-F1: 0.8807
Epoch 9/10 | Loss: 0.0006 | Val loss: 0.8100 | Val micro-F1: 0.9080 | Val macro-F1: 0.8719
Epoch 10/10 | Loss: 0.0000 | Val loss: 0.8064 | Val micro-F1: 0.9080 | Val macro-F1: 0.8719
Loaded best model from epoch 5 for final train metrics

Train Micro-F1: 1.0000
Train Macro-F1: 1.0000
              precision    recall  f1-score   support

          No       1.00      1.00      1.00       445
         Yes       1.00      1.00      1.00      1295

    accuracy                           1.00      1740
   macro avg       1.00      1.00      1.00      1740
weighted avg       1.00      1.00      1.00      1740

Best Val Macro-F1: 0.8864 (epoch=5)

============================================================
Final Results (Train Micro-F1)
============================================================
ST2: 0.8864 (weight=0.3)

Partial Weighted Contribution: 0.2659
Results saved to exp/integrated_stage_predictions/0614/submit/submit_5/stage2/train_results/mix_a2_b3_add_val_ce.json
