Device: cuda:0
Model: hfl/chinese-roberta-wwm-ext-large
Batch size: 8 (grad accum: 2, effective: 16)
Validation: external file exp/integrated_stage_predictions/0614/submit/submit_5/stage2/data/mix_a2_b3_add_val.val.json (ignoring --val-ratio)
Train records: 2039
External val: exp/integrated_stage_predictions/0614/submit/submit_5/stage2/data/mix_a2_b3_add_val.val.json (509 records)

============================================================
Training subtask: ST2
============================================================
Train samples: 1740 | Labels: 2 | Dist: {0: 445, 1: 1295}
Val samples: 435 | Dist: {1: 324, 0: 111}
Loading weights:   0%|          | 0/391 [00:00<?, ?it/s]Loading weights: 100%|██████████| 391/391 [00:00<00:00, 81002.31it/s]
[transformers] [1mBertModel LOAD REPORT[0m from: hfl/chinese-roberta-wwm-ext-large
Key                                        | Status     |  | 
-------------------------------------------+------------+--+-
cls.predictions.decoder.weight             | UNEXPECTED |  | 
cls.predictions.bias                       | UNEXPECTED |  | 
cls.seq_relationship.bias                  | UNEXPECTED |  | 
cls.seq_relationship.weight                | UNEXPECTED |  | 
cls.predictions.transform.LayerNorm.weight | UNEXPECTED |  | 
cls.predictions.transform.dense.bias       | UNEXPECTED |  | 
cls.predictions.transform.LayerNorm.bias   | UNEXPECTED |  | 
cls.predictions.transform.dense.weight     | UNEXPECTED |  | 

Notes:
- UNEXPECTED:	can be ignored when loading from different task/architecture; not ok if you expect identical arch.
Loss: weighted CrossEntropyLoss  weights=[1.9551, 0.6718]
Epoch 1/10 | Loss: 0.5438 | Val loss: 0.4176 | Val micro-F1: 0.8690 | Val macro-F1: 0.8205
Saved best model → /models/esg_contest/loop001_st2_synth_A2_b3_c1_25_add_val/best_st2.pt (epoch=1, val_macro_f1=0.8205)
Epoch 2/10 | Loss: 0.3528 | Val loss: 0.4687 | Val micro-F1: 0.8989 | Val macro-F1: 0.8551
Saved best model → /models/esg_contest/loop001_st2_synth_A2_b3_c1_25_add_val/best_st2.pt (epoch=2, val_macro_f1=0.8551)
Epoch 3/10 | Loss: 0.1743 | Val loss: 0.5068 | Val micro-F1: 0.8989 | Val macro-F1: 0.8619
Saved best model → /models/esg_contest/loop001_st2_synth_A2_b3_c1_25_add_val/best_st2.pt (epoch=3, val_macro_f1=0.8619)
Epoch 4/10 | Loss: 0.0662 | Val loss: 0.6678 | Val micro-F1: 0.8874 | Val macro-F1: 0.8548
Epoch 5/10 | Loss: 0.0185 | Val loss: 0.7856 | Val micro-F1: 0.9011 | Val macro-F1: 0.8718
Saved best model → /models/esg_contest/loop001_st2_synth_A2_b3_c1_25_add_val/best_st2.pt (epoch=5, val_macro_f1=0.8718)
Epoch 6/10 | Loss: 0.0010 | Val loss: 0.9781 | Val micro-F1: 0.8920 | Val macro-F1: 0.8575
Epoch 7/10 | Loss: 0.0001 | Val loss: 1.2170 | Val micro-F1: 0.9103 | Val macro-F1: 0.8738
Saved best model → /models/esg_contest/loop001_st2_synth_A2_b3_c1_25_add_val/best_st2.pt (epoch=7, val_macro_f1=0.8738)
Epoch 8/10 | Loss: 0.0002 | Val loss: 1.1068 | Val micro-F1: 0.9057 | Val macro-F1: 0.8700
Epoch 9/10 | Loss: 0.0001 | Val loss: 1.0880 | Val micro-F1: 0.9057 | Val macro-F1: 0.8726
Epoch 10/10 | Loss: 0.0000 | Val loss: 1.0894 | Val micro-F1: 0.9057 | Val macro-F1: 0.8726
Loaded best model from epoch 7 for final train metrics

Train Micro-F1: 1.0000
Train Macro-F1: 1.0000
              precision    recall  f1-score   support

          No       1.00      1.00      1.00       445
         Yes       1.00      1.00      1.00      1295

    accuracy                           1.00      1740
   macro avg       1.00      1.00      1.00      1740
weighted avg       1.00      1.00      1.00      1740

Best Val Macro-F1: 0.8738 (epoch=7)

============================================================
Final Results (Train Micro-F1)
============================================================
ST2: 0.8738 (weight=0.3)

Partial Weighted Contribution: 0.2622
Results saved to exp/integrated_stage_predictions/0614/submit/submit_5/stage2/train_results/mix_a2_b3_add_val.json
