Device: cuda:0
Model: hfl/chinese-roberta-wwm-ext-large
Batch size: 4 (grad accum: 2, effective: 8)
Validation: external file exp/integrated_stage_predictions/0614/submit/submit_5/stage2/data/mix_a2_b3_add_val.val.json (ignoring --val-ratio)
Train records: 2039
External val: exp/integrated_stage_predictions/0614/submit/submit_5/stage2/data/mix_a2_b3_add_val.val.json (509 records)

============================================================
Training subtask: ST2
============================================================
Train samples: 1740 | Labels: 2 | Dist: {0: 445, 1: 1295}
Val samples: 435 | Dist: {1: 324, 0: 111}
Loading weights:   0%|          | 0/391 [00:00<?, ?it/s]Loading weights: 100%|██████████| 391/391 [00:00<00:00, 42058.14it/s]
[transformers] [1mBertModel LOAD REPORT[0m from: hfl/chinese-roberta-wwm-ext-large
Key                                        | Status     |  | 
-------------------------------------------+------------+--+-
cls.predictions.transform.LayerNorm.bias   | UNEXPECTED |  | 
cls.predictions.transform.dense.weight     | UNEXPECTED |  | 
cls.predictions.decoder.weight             | UNEXPECTED |  | 
cls.predictions.transform.LayerNorm.weight | UNEXPECTED |  | 
cls.seq_relationship.bias                  | UNEXPECTED |  | 
cls.predictions.transform.dense.bias       | UNEXPECTED |  | 
cls.seq_relationship.weight                | UNEXPECTED |  | 
cls.predictions.bias                       | UNEXPECTED |  | 

Notes:
- UNEXPECTED:	can be ignored when loading from different task/architecture; not ok if you expect identical arch.
Loss: weighted CrossEntropyLoss  weights=[1.9551, 0.6718]
Epoch 1/10 | Loss: 0.5292 | Val loss: 0.4637 | Val micro-F1: 0.8874 | Val macro-F1: 0.8447
Saved best model → /models/esg_contest/loop001_st2_synth_A2_b3_c1_25_add_val_wce/best_st2.pt (epoch=1, val_macro_f1=0.8447)
Epoch 2/10 | Loss: 0.4220 | Val loss: 0.6471 | Val micro-F1: 0.8920 | Val macro-F1: 0.8412
Epoch 3/10 | Loss: 0.2166 | Val loss: 0.6454 | Val micro-F1: 0.9103 | Val macro-F1: 0.8747
Saved best model → /models/esg_contest/loop001_st2_synth_A2_b3_c1_25_add_val_wce/best_st2.pt (epoch=3, val_macro_f1=0.8747)
Epoch 4/10 | Loss: 0.0865 | Val loss: 0.6004 | Val micro-F1: 0.9057 | Val macro-F1: 0.8741
Epoch 5/10 | Loss: 0.0199 | Val loss: 0.8327 | Val micro-F1: 0.8989 | Val macro-F1: 0.8653
Epoch 6/10 | Loss: 0.0041 | Val loss: 0.8846 | Val micro-F1: 0.9057 | Val macro-F1: 0.8741
Epoch 7/10 | Loss: 0.0000 | Val loss: 1.0066 | Val micro-F1: 0.9149 | Val macro-F1: 0.8827
Saved best model → /models/esg_contest/loop001_st2_synth_A2_b3_c1_25_add_val_wce/best_st2.pt (epoch=7, val_macro_f1=0.8827)
Epoch 8/10 | Loss: 0.0000 | Val loss: 1.0442 | Val micro-F1: 0.9149 | Val macro-F1: 0.8827
Epoch 9/10 | Loss: 0.0003 | Val loss: 1.0967 | Val micro-F1: 0.9103 | Val macro-F1: 0.8756
Epoch 10/10 | Loss: 0.0000 | Val loss: 1.0907 | Val micro-F1: 0.9103 | Val macro-F1: 0.8756
Loaded best model from epoch 7 for final train metrics

Train Micro-F1: 1.0000
Train Macro-F1: 1.0000
              precision    recall  f1-score   support

          No       1.00      1.00      1.00       445
         Yes       1.00      1.00      1.00      1295

    accuracy                           1.00      1740
   macro avg       1.00      1.00      1.00      1740
weighted avg       1.00      1.00      1.00      1740

Best Val Macro-F1: 0.8827 (epoch=7)

============================================================
Final Results (Train Micro-F1)
============================================================
ST2: 0.8827 (weight=0.3)

Partial Weighted Contribution: 0.2648
Results saved to exp/integrated_stage_predictions/0614/submit/submit_5/stage2/train_results/mix_a2_b3_add_val_wce.json
