### part 8/9 attempt 1/4 expected=4089446400
### uploading aicup_esg2026_submit_artifacts.zip.part-008
Transferred:   	      100 KiB / 100 KiB, 100%, 0 B/s, ETA -
Transferred:            0 / 1, 0%
Elapsed time:         0.5s
Transferring:
 *   aicup_esg2026_submit_artifacts.zip.part-008:  0% / off, 0 B/s, -Transferred:   	      100 KiB / 100 KiB, 100%, 0 B/s, ETA -
Transferred:            0 / 1, 0%
Elapsed time:         1.0s
Transferring:
 *   aicup_esg2026_submit_artifacts.zip.part-008:  0% / off, 99.990 KiB/s, -Transferred:   	       16 MiB / 16 MiB, 100%, 99.991 KiB/s, ETA 0s
Transferred:            0 / 1, 0%
Elapsed time:         1.5s
Transferring:
 *   aicup_esg2026_submit_artifacts.zip.part-008:  0% / off, 99.990 KiB/s, -Transferred:   	       24 MiB / 24 MiB, 100%, 99.991 KiB/s, ETA 0s
Transferred:            0 / 1, 0%
Elapsed time:         2.0s
Transferring:
 *   aicup_esg2026_submit_artifacts.zip.part-008:  0% / off, 12.000 MiB/s, -Transferred:   	       32 MiB / 32 MiB, 100%, 12.000 MiB/s, ETA 0s
Transferred:            0 / 1, 0%
Elapsed time:         2.5s
Transferring:
 *   aicup_esg2026_submit_artifacts.zip.part-008:  0% / off, 12.000 MiB/s, -Transferred:   	       40 MiB / 40 MiB, 100%, 12.000 MiB/s, ETA 0s
Transferred:            0 / 1, 0%
Elapsed time:         3.0s
Transferring:
 *   aicup_esg2026_submit_artifacts.zip.part-008:  0% / off, 13.333 MiB/s, -Transferred:   	       56 MiB / 56 MiB, 100%, 13.333 MiB/s, ETA 0s
Transferred:            0 / 1, 0%
Elapsed time:         3.5s
Transferring:
 *   aicup_esg2026_submit_artifacts.zip.part-008:  0% / off, 13.333 MiB/s, -Transferred:   	       64 MiB / 64 MiB, 100%, 16.000 MiB/s, ETA 0s
Transferred:            0 / 1, 0%
Elapsed time:         4.0s
Transferring:
 *   aicup_esg2026_submit_artifacts.zip.part-008:  0% / off, 16.000 MiB/s, -Transferred:   	       72 MiB / 72 MiB, 100%, 16.000 MiB/s, ETA 0s
Transferred:            0 / 1, 0%
Elapsed time:         4.5s
Transferring:
 *   aicup_esg2026_submit_artifacts.zip.part-008:  0% / off, 16.000 MiB/s, -Transferred:   	       88 MiB / 88 MiB, 100%, 16.000 MiB/s, ETA 0s
Transferred:            0 / 1, 0%
Elapsed time:         5.0s
Transferring:
 *   aicup_esg2026_submit_artifacts.zip.part-008:  0% / off, 16.000 MiB/s, -Transferred:   	       96 MiB / 96 MiB, 100%, 17.600 MiB/s, ETA 0s
Transferred:            0 / 1, 0%
Elapsed time:         5.5s
Transferring:
 *   aicup_esg2026_submit_artifacts.zip.part-008:  0% / off, 17.600 MiB/s, -Transferred:   	      104 MiB / 104 MiB, 100%, 17.600 MiB/s, ETA 0s
Transferred:            0 / 1, 0%
Elapsed time:         6.0s
Transferring:
 *   aicup_esg2026_submit_artifacts.zip.part-008:  0% / off, 17.333 MiB/s, -Transferred:   	  114.996 MiB / 114.996 MiB, 100%, 17.333 MiB/s, ETA 0s
Transferred:            0 / 1, 0%
Elapsed time:         6.5s
Transferring:
 *   aicup_esg2026_submit_artifacts.zip.part-008:  0% / off, 17.333 MiB/s, -Transferred:   	      128 MiB / 128 MiB, 100%, 17.333 MiB/s, ETA 0s
Transferred:            0 / 1, 0%
Elapsed time:         7.0s
Transferring:
 *   aicup_esg2026_submit_artifacts.zip.part-008:  0% / off, 18.286 MiB/s, -Transferred:   	      144 MiB / 144 MiB, 100%, 18.286 MiB/s, ETA 0s
Transferred:            0 / 1, 0%
Elapsed time:         7.5s
Transferring:
 *   aicup_esg2026_submit_artifacts.zip.part-008:  0% / off, 18.286 MiB/s, -Transferred:   	      152 MiB / 152 MiB, 100%, 18.286 MiB/s, ETA 0s
Transferred:            0 / 1, 0%
Elapsed time:         8.0s
Transferring:
 *   aicup_esg2026_submit_artifacts.zip.part-008:  0% / off, 18.286 MiB/s, -Transferred:   	      160 MiB / 160 MiB, 100%, 19.000 MiB/s, ETA 0s
Transferred:            0 / 1, 0%
Elapsed time:         8.5s
Transferring:
 *   aicup_esg2026_submit_artifacts.zip.part-008:  0% / off, 19.000 MiB/s, -Transferred:   	      176 MiB / 176 MiB, 100%, 19.000 MiB/s, ETA 0s
Transferred:            0 / 1, 0%
Elapsed time:         9.0s
Transferring:
 *   aicup_esg2026_submit_artifacts.zip.part-008:  0% / off, 19.000 MiB/s, -Transferred:   	      184 MiB / 184 MiB, 100%, 19.556 MiB/s, ETA 0s
Transferred:            0 / 1, 0%
Elapsed time:         9.5s
Transferring:
 *   aicup_esg2026_submit_artifacts.zip.part-008:  0% / off, 19.556 MiB/s, -Transferred:   	      192 MiB / 192 MiB, 100%, 19.556 MiB/s, ETA 0s
Transferred:            0 / 1, 0%
Elapsed time:        10.0s
Transferring:
 *   aicup_esg2026_submit_artifacts.zip.part-008:  0% / off, 19.556 MiB/s, -Transferred:   	      200 MiB / 200 MiB, 100%, 19.200 MiB/s, ETA 0s
Transferred:            0 / 1, 0%
Elapsed time:        10.5s
Transferring:
 *   aicup_esg2026_submit_artifacts.zip.part-008:  0% / off, 19.200 MiB/s, -Transferred:   	      216 MiB / 216 MiB, 100%, 19.636 MiB/s, ETA 0s
Transferred:            0 / 1, 0%
Elapsed time:        11.0s
Transferring:
 *   aicup_esg2026_submit_artifacts.zip.part-008:  0% / off, 19.636 MiB/s, -Transferred:   	      224 MiB / 224 MiB, 100%, 19.636 MiB/s, ETA 0s
Transferred:            0 / 1, 0%
Elapsed time:        11.5s
Transferring:
 *   aicup_esg2026_submit_artifacts.zip.part-008:  0% / off, 19.636 MiB/s, -Transferred:   	      232 MiB / 232 MiB, 100%, 19.636 MiB/s, ETA 0s
Transferred:            0 / 1, 0%
Elapsed time:        12.0s
Transferring:
 *   aicup_esg2026_submit_artifacts.zip.part-008:  0% / off, 19.333 MiB/s, -Transferred:   	      240 MiB / 240 MiB, 100%, 19.333 MiB/s, ETA 0s
Transferred:            0 / 1, 0%
Elapsed time:        12.5s
Transferring:
 *   aicup_esg2026_submit_artifacts.zip.part-008:  0% / off, 19.333 MiB/s, -Transferred:   	      256 MiB / 256 MiB, 100%, 19.333 MiB/s, ETA 0s
Transferred:            0 / 1, 0%
Elapsed time:        13.0s
Transferring:
 *   aicup_esg2026_submit_artifacts.zip.part-008:  0% / off, 19.692 MiB/s, -Transferred:   	      264 MiB / 264 MiB, 100%, 19.692 MiB/s, ETA 0s
Transferred:            0 / 1, 0%
Elapsed time:        13.5s
Transferring:
 *   aicup_esg2026_submit_artifacts.zip.part-008:  0% / off, 19.692 MiB/s, -Transferred:   	      272 MiB / 272 MiB, 100%, 19.692 MiB/s, ETA 0s
Transferred:            0 / 1, 0%
Elapsed time:        14.0s
Transferring:
 *   aicup_esg2026_submit_artifacts.zip.part-008:  0% / off, 19.692 MiB/s, -Transferred:   	      288 MiB / 288 MiB, 100%, 19.429 MiB/s, ETA 0s
Transferred:            0 / 1, 0%
Elapsed time:        14.5s
Transferring:
 *   aicup_esg2026_submit_artifacts.zip.part-008:  0% / off, 19.429 MiB/s, -Transferred:   	      296 MiB / 296 MiB, 100%, 19.733 MiB/s, ETA 0s
Transferred:            0 / 1, 0%
Elapsed time:        15.0s
Transferring:
 *   aicup_esg2026_submit_artifacts.zip.part-008:  0% / off, 19.733 MiB/s, -Transferred:   	      304 MiB / 304 MiB, 100%, 19.733 MiB/s, ETA 0s
Transferred:            0 / 1, 0%
Elapsed time:        15.5s
Transferring:
 *   aicup_esg2026_submit_artifacts.zip.part-008:  0% / off, 19.733 MiB/s, -Transferred:   	  313.996 MiB / 313.996 MiB, 100%, 19.733 MiB/s, ETA 0s
Transferred:            0 / 1, 0%
Elapsed time:        16.0s
Transferring:
 *   aicup_esg2026_submit_artifacts.zip.part-008:  0% / off, 19.733 MiB/s, -Transferred:   	      328 MiB / 328 MiB, 100%, 19.625 MiB/s, ETA 0s
Transferred:            0 / 1, 0%
Elapsed time:        16.5s
Transferring:
 *   aicup_esg2026_submit_artifacts.zip.part-008:  0% / off, 19.625 MiB/s, -Transferred:   	      344 MiB / 344 MiB, 100%, 19.625 MiB/s, ETA 0s
Transferred:            0 / 1, 0%
Elapsed time:        17.0s
Transferring:
 *   aicup_esg2026_submit_artifacts.zip.part-008:  0% / off, 20.273 MiB/s, -Transferred:   	      352 MiB / 352 MiB, 100%, 20.273 MiB/s, ETA 0s
Transferred:            0 / 1, 0%
Elapsed time:        17.5s
Transferring:
 *   aicup_esg2026_submit_artifacts.zip.part-008:  0% / off, 20.273 MiB/s, -Transferred:   	      360 MiB / 360 MiB, 100%, 20.273 MiB/s, ETA 0s
Transferred:            0 / 1, 0%
Elapsed time:        18.0s
Transferring:
 *   aicup_esg2026_submit_artifacts.zip.part-008:  0% / off, 20.006 MiB/s, -Transferred:   	      376 MiB / 376 MiB, 100%, 20.006 MiB/s, ETA 0s
Transferred:            0 / 1, 0%
Elapsed time:        18.5s
Transferring:
 *   aicup_esg2026_submit_artifacts.zip.part-008:  0% / off, 20.006 MiB/s, -Transferred:   	      384 MiB / 384 MiB, 100%, 20.006 MiB/s, ETA 0s
Transferred:            0 / 1, 0%
Elapsed time:        19.0s
Transferring:
 *   aicup_esg2026_submit_artifacts.zip.part-008:  0% / off, 20.256 MiB/s, -Transferred:   	      392 MiB / 392 MiB, 100%, 20.256 MiB/s, ETA 0s
Transferred:            0 / 1, 0%
Elapsed time:        19.5s
Transferring:
 *   aicup_esg2026_submit_artifacts.zip.part-008:  0% / off, 20.256 MiB/s, -Transferred:   	  400.996 MiB / 400.996 MiB, 100%, 20.052 MiB/s, ETA 0s
Transferred:            0 / 1, 0%
Elapsed time:        20.0s
Transferring:
 *   aicup_esg2026_submit_artifacts.zip.part-008:  0% / off, 20.052 MiB/s, -Transferred:   	      416 MiB / 416 MiB, 100%, 20.052 MiB/s, ETA 0s
Transferred:            0 / 1, 0%
Elapsed time:        20.5s
Transferring:
 *   aicup_esg2026_submit_artifacts.zip.part-008:  0% / off, 20.052 MiB/s, -Transferred:   	      424 MiB / 424 MiB, 100%, 20.237 MiB/s, ETA 0s
Transferred:            0 / 1, 0%
Elapsed time:        21.0s
Transferring:
 *   aicup_esg2026_submit_artifacts.zip.part-008:  0% / off, 20.237 MiB/s, -Transferred:   	      432 MiB / 432 MiB, 100%, 20.237 MiB/s, ETA 0s
Transferred:            0 / 1, 0%
Elapsed time:        21.5s
Transferring:
 *   aicup_esg2026_submit_artifacts.zip.part-008:  0% / off, 20.237 MiB/s, -Transferred:   	      448 MiB / 448 MiB, 100%, 20.472 MiB/s, ETA 0s
Transferred:            0 / 1, 0%
Elapsed time:        22.0s
Transferring:
 *   aicup_esg2026_submit_artifacts.zip.part-008:  0% / off, 20.472 MiB/s, -Transferred:   	      456 MiB / 456 MiB, 100%, 20.472 MiB/s, ETA 0s
Transferred:            0 / 1, 0%
Elapsed time:        22.5s
Transferring:
 *   aicup_esg2026_submit_artifacts.zip.part-008:  0% / off, 20.472 MiB/s, -Transferred:   	      464 MiB / 464 MiB, 100%, 20.472 MiB/s, ETA 0s
Transferred:            0 / 1, 0%
Elapsed time:        23.0s
Transferring:
 *   aicup_esg2026_submit_artifacts.zip.part-008:  0% / off, 20.472 MiB/s, -Transferred:   	      472 MiB / 472 MiB, 100%, 20.192 MiB/s, ETA 0s
Transferred:            0 / 1, 0%
Elapsed time:        23.5s
Transferring:
 *   aicup_esg2026_submit_artifacts.zip.part-008:  0% / off, 20.192 MiB/s, -Transferred:   	      488 MiB / 488 MiB, 100%, 20.192 MiB/s, ETA 0s
Transferred:            0 / 1, 0%
Elapsed time:        24.0s
Transferring:
 *   aicup_esg2026_submit_artifacts.zip.part-008:  0% / off, 20.430 MiB/s, -Transferred:   	      496 MiB / 496 MiB, 100%, 20.430 MiB/s, ETA 0s
Transferred:            0 / 1, 0%
Elapsed time:        24.5s
Transferring:
 *   aicup_esg2026_submit_artifacts.zip.part-008:  0% / off, 20.430 MiB/s, -Transferred:   	      512 MiB / 512 MiB, 100%, 20.654 MiB/s, ETA 0s
Transferred:            0 / 1, 0%
Elapsed time:        25.0s
Transferring:
 *   aicup_esg2026_submit_artifacts.zip.part-008:  0% / off, 20.654 MiB/s, -Transferred:   	      520 MiB / 520 MiB, 100%, 20.654 MiB/s, ETA 0s
Transferred:            0 / 1, 0%
Elapsed time:        25.5s
Transferring:
 *   aicup_esg2026_submit_artifacts.zip.part-008:  0% / off, 20.654 MiB/s, -Transferred:   	      528 MiB / 528 MiB, 100%, 20.363 MiB/s, ETA 0s
Transferred:            0 / 1, 0%
Elapsed time:        26.0s
Transferring:
 *   aicup_esg2026_submit_artifacts.zip.part-008:  0% / off, 20.363 MiB/s, -Transferred:   	      544 MiB / 544 MiB, 100%, 20.363 MiB/s, ETA 0s
Transferred:            0 / 1, 0%
Elapsed time:        26.5s
Transferring:
 *   aicup_esg2026_submit_artifacts.zip.part-008:  0% / off, 20.363 MiB/s, -Transferred:   	      552 MiB / 552 MiB, 100%, 20.363 MiB/s, ETA 0s
Transferred:            0 / 1, 0%
Elapsed time:        27.0s
Transferring:
 *   aicup_esg2026_submit_artifacts.zip.part-008:  0% / off, 20.590 MiB/s, -Transferred:   	      560 MiB / 560 MiB, 100%, 20.590 MiB/s, ETA 0s
Transferred:            0 / 1, 0%
Elapsed time:        27.5s
Transferring:
 *   aicup_esg2026_submit_artifacts.zip.part-008:  0% / off, 20.590 MiB/s, -Transferred:   	      576 MiB / 576 MiB, 100%, 20.803 MiB/s, ETA 0s
Transferred:            0 / 1, 0%
Elapsed time:        28.0s
Transferring:
 *   aicup_esg2026_submit_artifacts.zip.part-008:  0% / off, 20.803 MiB/s, -Transferred:   	      584 MiB / 584 MiB, 100%, 20.803 MiB/s, ETA 0s
Transferred:            0 / 1, 0%
Elapsed time:        28.5s
Transferring:
 *   aicup_esg2026_submit_artifacts.zip.part-008:  0% / off, 20.803 MiB/s, -Transferred:   	      592 MiB / 592 MiB, 100%, 20.803 MiB/s, ETA 0s
Transferred:            0 / 1, 0%
Elapsed time:        29.0s
Transferring:
 *   aicup_esg2026_submit_artifacts.zip.part-008:  0% / off, 20.503 MiB/s, -Transferred:   	      592 MiB / 592 MiB, 100%, 20.503 MiB/s, ETA 0s
Transferred:            0 / 1, 0%
Elapsed time:        29.5s
Transferring:
 *   aicup_esg2026_submit_artifacts.zip.part-008:  0% / off, 20.503 MiB/s, -Transferred:   	      608 MiB / 608 MiB, 100%, 20.221 MiB/s, ETA 0s
Transferred:            0 / 1, 0%
Elapsed time:        30.0s
Transferring:
 *   aicup_esg2026_submit_artifacts.zip.part-008:  0% / off, 20.221 MiB/s, -Transferred:   	      616 MiB / 616 MiB, 100%, 20.221 MiB/s, ETA 0s
Transferred:            0 / 1, 0%
Elapsed time:        30.5s
Transferring:
 *   aicup_esg2026_submit_artifacts.zip.part-008:  0% / off, 20.221 MiB/s, -Transferred:   	      632 MiB / 632 MiB, 100%, 20.221 MiB/s, ETA 0s
Transferred:            0 / 1, 0%
Elapsed time:        31.0s
Transferring:
 *   aicup_esg2026_submit_artifacts.zip.part-008:  0% / off, 20.221 MiB/s, -Transferred:   	      640 MiB / 640 MiB, 100%, 20.458 MiB/s, ETA 0s
Transferred:            0 / 1, 0%
Elapsed time:        31.5s
Transferring:
 *   aicup_esg2026_submit_artifacts.zip.part-008:  0% / off, 20.458 MiB/s, -Transferred:   	      656 MiB / 656 MiB, 100%, 20.679 MiB/s, ETA 0s
Transferred:            0 / 1, 0%
Elapsed time:        32.0s
Transferring:
 *   aicup_esg2026_submit_artifacts.zip.part-008:  0% / off, 20.679 MiB/s, -Transferred:   	      664 MiB / 664 MiB, 100%, 20.679 MiB/s, ETA 0s
Transferred:            0 / 1, 0%
Elapsed time:        32.5s
Transferring:
 *   aicup_esg2026_submit_artifacts.zip.part-008:  0% / off, 20.679 MiB/s, -Transferred:   	      672 MiB / 672 MiB, 100%, 20.387 MiB/s, ETA 0s
Transferred:            0 / 1, 0%
Elapsed time:        33.0s
Transferring:
 *   aicup_esg2026_submit_artifacts.zip.part-008:  0% / off, 20.387 MiB/s, -Transferred:   	      688 MiB / 688 MiB, 100%, 20.387 MiB/s, ETA 0s
Transferred:            0 / 1, 0%
Elapsed time:        33.5s
Transferring:
 *   aicup_esg2026_submit_artifacts.zip.part-008:  0% / off, 20.387 MiB/s, -Transferred:   	      696 MiB / 696 MiB, 100%, 20.612 MiB/s, ETA 0s
Transferred:            0 / 1, 0%
Elapsed time:        34.0s
Transferring:
 *   aicup_esg2026_submit_artifacts.zip.part-008:  0% / off, 20.612 MiB/s, -Transferred:   	      704 MiB / 704 MiB, 100%, 20.612 MiB/s, ETA 0s
Transferred:            0 / 1, 0%
Elapsed time:        34.5s
Transferring:
 *   aicup_esg2026_submit_artifacts.zip.part-008:  0% / off, 20.612 MiB/s, -Transferred:   	      720 MiB / 720 MiB, 100%, 20.824 MiB/s, ETA 0s
Transferred:            0 / 1, 0%
Elapsed time:        35.0s
Transferring:
 *   aicup_esg2026_submit_artifacts.zip.part-008:  0% / off, 20.824 MiB/s, -Transferred:   	      728 MiB / 728 MiB, 100%, 20.824 MiB/s, ETA 0s
Transferred:            0 / 1, 0%
Elapsed time:        35.5s
Transferring:
 *   aicup_esg2026_submit_artifacts.zip.part-008:  0% / off, 20.824 MiB/s, -Transferred:   	      744 MiB / 744 MiB, 100%, 21.023 MiB/s, ETA 0s
Transferred:            0 / 1, 0%
Elapsed time:        36.0s
Transferring:
 *   aicup_esg2026_submit_artifacts.zip.part-008:  0% / off, 21.023 MiB/s, -Transferred:   	      752 MiB / 752 MiB, 100%, 21.023 MiB/s, ETA 0s
Transferred:            0 / 1, 0%
Elapsed time:        36.5s
Transferring:
 *   aicup_esg2026_submit_artifacts.zip.part-008:  0% / off, 21.023 MiB/s, -Transferred:   	      768 MiB / 768 MiB, 100%, 21.209 MiB/s, ETA 0s
Transferred:            0 / 1, 0%
Elapsed time:        37.0s
Transferring:
 *   aicup_esg2026_submit_artifacts.zip.part-008:  0% / off, 21.209 MiB/s, -Transferred:   	      776 MiB / 776 MiB, 100%, 21.209 MiB/s, ETA 0s
Transferred:            0 / 1, 0%
Elapsed time:        37.5s
Transferring:
 *   aicup_esg2026_submit_artifacts.zip.part-008:  0% / off, 21.209 MiB/s, -Transferred:   	      784 MiB / 784 MiB, 100%, 20.883 MiB/s, ETA 0s
Transferred:            0 / 1, 0%
Elapsed time:        38.0s
Transferring:
 *   aicup_esg2026_submit_artifacts.zip.part-008:  0% / off, 20.883 MiB/s, -Transferred:   	      792 MiB / 792 MiB, 100%, 20.883 MiB/s, ETA 0s
Transferred:            0 / 1, 0%
Elapsed time:        38.5s
Transferring:
 *   aicup_esg2026_submit_artifacts.zip.part-008:  0% / off, 20.883 MiB/s, -Transferred:   	      808 MiB / 808 MiB, 100%, 21.078 MiB/s, ETA 0s
Transferred:            0 / 1, 0%
Elapsed time:        39.0s
Transferring:
 *   aicup_esg2026_submit_artifacts.zip.part-008:  0% / off, 21.078 MiB/s, -Transferred:   	      816 MiB / 816 MiB, 100%, 21.078 MiB/s, ETA 0s
Transferred:            0 / 1, 0%
Elapsed time:        39.5s
Transferring:
 *   aicup_esg2026_submit_artifacts.zip.part-008:  0% / off, 21.078 MiB/s, -Transferred:   	      824 MiB / 824 MiB, 100%, 20.761 MiB/s, ETA 0s
Transferred:            0 / 1, 0%
Elapsed time:        40.0s
Transferring:
 *   aicup_esg2026_submit_artifacts.zip.part-008:  0% / off, 20.761 MiB/s, -Transferred:   	      840 MiB / 840 MiB, 100%, 20.761 MiB/s, ETA 0s
Transferred:            0 / 1, 0%
Elapsed time:        40.5s
Transferring:
 *   aicup_esg2026_submit_artifacts.zip.part-008:  0% / off, 20.761 MiB/s, -Transferred:   	  851.996 MiB / 851.996 MiB, 100%, 20.761 MiB/s, ETA 0s
Transferred:            0 / 1, 0%
Elapsed time:        41.0s
Transferring:
 *   aicup_esg2026_submit_artifacts.zip.part-008:  0% / off, 20.761 MiB/s, -Transferred:   	  860.996 MiB / 860.996 MiB, 100%, 21.213 MiB/s, ETA 0s
Transferred:            0 / 1, 0%
Elapsed time:        41.5s
Transferring:
 *   aicup_esg2026_submit_artifacts.zip.part-008:  0% / off, 21.213 MiB/s, -Transferred:   	      872 MiB / 872 MiB, 100%, 21.213 MiB/s, ETA 0s
Transferred:            0 / 1, 0%
Elapsed time:        42.0s
Transferring:
 *   aicup_esg2026_submit_artifacts.zip.part-008:  0% / off, 21.213 MiB/s, -Transferred:   	  883.996 MiB / 883.996 MiB, 100%, 21.137 MiB/s, ETA 0s
Transferred:            0 / 1, 0%
Elapsed time:        42.5s
Transferring:
 *   aicup_esg2026_submit_artifacts.zip.part-008:  0% / off, 21.137 MiB/s, -Transferred:   	      896 MiB / 896 MiB, 100%, 21.137 MiB/s, ETA 0s
Transferred:            0 / 1, 0%
Elapsed time:        43.0s
Transferring:
 *   aicup_esg2026_submit_artifacts.zip.part-008:  0% / off, 21.316 MiB/s, -Transferred:   	      904 MiB / 904 MiB, 100%, 21.316 MiB/s, ETA 0s
Transferred:            0 / 1, 0%
Elapsed time:        43.5s
Transferring:
 *   aicup_esg2026_submit_artifacts.zip.part-008:  0% / off, 21.316 MiB/s, -Transferred:   	      912 MiB / 912 MiB, 100%, 20.984 MiB/s, ETA 0s
Transferred:            0 / 1, 0%
Elapsed time:        44.0s
Transferring:
 *   aicup_esg2026_submit_artifacts.zip.part-008:  0% / off, 21.316 MiB/s, -Transferred:   	      928 MiB / 928 MiB, 100%, 20.984 MiB/s, ETA 0s
Transferred:            0 / 1, 0%
Elapsed time:        44.5s
Transferring:
 *   aicup_esg2026_submit_artifacts.zip.part-008:  0% / off, 20.984 MiB/s, -Transferred:   	      936 MiB / 936 MiB, 100%, 21.172 MiB/s, ETA 0s
Transferred:            0 / 1, 0%
Elapsed time:        45.0s
Transferring:
 *   aicup_esg2026_submit_artifacts.zip.part-008:  0% / off, 21.172 MiB/s, -Transferred:   	      944 MiB / 944 MiB, 100%, 21.172 MiB/s, ETA 0s
Transferred:            0 / 1, 0%
Elapsed time:        45.5s
Transferring:
 *   aicup_esg2026_submit_artifacts.zip.part-008:  0% / off, 21.172 MiB/s, -Transferred:   	      960 MiB / 960 MiB, 100%, 21.349 MiB/s, ETA 0s
Transferred:            0 / 1, 0%
Elapsed time:        46.0s
Transferring:
 *   aicup_esg2026_submit_artifacts.zip.part-008:  0% / off, 21.349 MiB/s, -Transferred:   	      968 MiB / 968 MiB, 100%, 21.349 MiB/s, ETA 0s
Transferred:            0 / 1, 0%
Elapsed time:        46.5s
Transferring:
 *   aicup_esg2026_submit_artifacts.zip.part-008:  0% / off, 21.349 MiB/s, -Transferred:   	      976 MiB / 976 MiB, 100%, 21.015 MiB/s, ETA 0s
Transferred:            0 / 1, 0%
Elapsed time:        47.0s
Transferring:
 *   aicup_esg2026_submit_artifacts.zip.part-008:  0% / off, 21.015 MiB/s, -Transferred:   	      984 MiB / 984 MiB, 100%, 21.015 MiB/s, ETA 0s
Transferred:            0 / 1, 0%
Elapsed time:        47.5s
Transferring:
 *   aicup_esg2026_submit_artifacts.zip.part-008:  0% / off, 21.015 MiB/s, -Transferred:   	     1000 MiB / 1000 MiB, 100%, 21.201 MiB/s, ETA 0s
Transferred:            0 / 1, 0%
Elapsed time:        48.0s
Transferring:
 *   aicup_esg2026_submit_artifacts.zip.part-008:  0% / off, 21.201 MiB/s, -Transferred:   	     1008 MiB / 1008 MiB, 100%, 21.201 MiB/s, ETA 0s
Transferred:            0 / 1, 0%
Elapsed time:        48.5s
Transferring:
 *   aicup_esg2026_submit_artifacts.zip.part-008:  0% / off, 21.201 MiB/s, -Transferred:   	        1 GiB / 1 GiB, 100%, 21.376 MiB/s, ETA 0s
Transferred:            0 / 1, 0%
Elapsed time:        49.0s
Transferring:
 *   aicup_esg2026_submit_artifacts.zip.part-008:  0% / off, 21.376 MiB/s, -Transferred:   	    1.008 GiB / 1.008 GiB, 100%, 21.376 MiB/s, ETA 0s
Transferred:            0 / 1, 0%
Elapsed time:        49.5s
Transferring:
 *   aicup_esg2026_submit_artifacts.zip.part-008:  0% / off, 21.376 MiB/s, -Transferred:   	    1.023 GiB / 1.023 GiB, 100%, 21.540 MiB/s, ETA 0s
Transferred:            0 / 1, 0%
Elapsed time:        50.0s
Transferring:
 *   aicup_esg2026_submit_artifacts.zip.part-008:  0% / off, 21.540 MiB/s, -Transferred:   	    1.031 GiB / 1.031 GiB, 100%, 21.540 MiB/s, ETA 0s
Transferred:            0 / 1, 0%
Elapsed time:        50.5s
Transferring:
 *   aicup_esg2026_submit_artifacts.zip.part-008:  0% / off, 21.540 MiB/s, -Transferred:   	    1.039 GiB / 1.039 GiB, 100%, 21.194 MiB/s, ETA 0s
Transferred:            0 / 1, 0%
Elapsed time:        51.0s
Transferring:
 *   aicup_esg2026_submit_artifacts.zip.part-008:  0% / off, 21.194 MiB/s, -Transferred:   	    1.047 GiB / 1.047 GiB, 100%, 21.194 MiB/s, ETA 0s
Transferred:            0 / 1, 0%
Elapsed time:        51.5s
Transferring:
 *   aicup_esg2026_submit_artifacts.zip.part-008:  0% / off, 21.194 MiB/s, -Transferred:   	    1.062 GiB / 1.062 GiB, 100%, 21.369 MiB/s, ETA 0s
Transferred:            0 / 1, 0%
Elapsed time:        52.0s
Transferring:
 *   aicup_esg2026_submit_artifacts.zip.part-008:  0% / off, 21.369 MiB/s, -Transferred:   	    1.070 GiB / 1.070 GiB, 100%, 21.369 MiB/s, ETA 0s
Transferred:            0 / 1, 0%
Elapsed time:        52.5s
Transferring:
 *   aicup_esg2026_submit_artifacts.zip.part-008:  0% / off, 21.369 MiB/s, -Transferred:   	    1.086 GiB / 1.086 GiB, 100%, 21.534 MiB/s, ETA 0s
Transferred:            0 / 1, 0%
Elapsed time:        53.0s
Transferring:
 *   aicup_esg2026_submit_artifacts.zip.part-008:  0% / off, 21.534 MiB/s, -Transferred:   	    1.094 GiB / 1.094 GiB, 100%, 21.534 MiB/s, ETA 0s
Transferred:            0 / 1, 0%
Elapsed time:        53.5s
Transferring:
 *   aicup_esg2026_submit_artifacts.zip.part-008:  0% / off, 21.534 MiB/s, -Transferred:   	    1.102 GiB / 1.102 GiB, 100%, 21.188 MiB/s, ETA 0s
Transferred:            0 / 1, 0%
Elapsed time:        54.0s
Transferring:
 *   aicup_esg2026_submit_artifacts.zip.part-008:  0% / off, 21.188 MiB/s, -Transferred:   	    1.109 GiB / 1.109 GiB, 100%, 21.188 MiB/s, ETA 0s
Transferred:            0 / 1, 0%
Elapsed time:        54.5s
Transferring:
 *   aicup_esg2026_submit_artifacts.zip.part-008:  0% / off, 21.188 MiB/s, -Transferred:   	    1.125 GiB / 1.125 GiB, 100%, 21.364 MiB/s, ETA 0s
Transferred:            0 / 1, 0%
Elapsed time:        55.0s
Transferring:
 *   aicup_esg2026_submit_artifacts.zip.part-008:  0% / off, 21.364 MiB/s, -Transferred:   	    1.133 GiB / 1.133 GiB, 100%, 21.364 MiB/s, ETA 0s
Transferred:            0 / 1, 0%
Elapsed time:        55.5s
Transferring:
 *   aicup_esg2026_submit_artifacts.zip.part-008:  0% / off, 21.364 MiB/s, -Transferred:   	    1.148 GiB / 1.148 GiB, 100%, 21.364 MiB/s, ETA 0s
Transferred:            0 / 1, 0%
Elapsed time:        56.0s
Transferring:
 *   aicup_esg2026_submit_artifacts.zip.part-008:  0% / off, 21.528 MiB/s, -Transferred:   	    1.156 GiB / 1.156 GiB, 100%, 21.528 MiB/s, ETA 0s
Transferred:            0 / 1, 0%
Elapsed time:        56.5s
Transferring:
 *   aicup_esg2026_submit_artifacts.zip.part-008:  0% / off, 21.528 MiB/s, -Transferred:   	    1.172 GiB / 1.172 GiB, 100%, 21.528 MiB/s, ETA 0s
Transferred:            0 / 1, 0%
Elapsed time:        57.0s
Transferring:
 *   aicup_esg2026_submit_artifacts.zip.part-008:  0% / off, 21.683 MiB/s, -Transferred:   	    1.180 GiB / 1.180 GiB, 100%, 21.683 MiB/s, ETA 0s
Transferred:            0 / 1, 0%
Elapsed time:        57.5s
Transferring:
 *   aicup_esg2026_submit_artifacts.zip.part-008:  0% / off, 21.683 MiB/s, -Transferred:   	    1.188 GiB / 1.188 GiB, 100%, 21.683 MiB/s, ETA 0s
Transferred:            0 / 1, 0%
Elapsed time:        58.0s
Transferring:
 *   aicup_esg2026_submit_artifacts.zip.part-008:  0% / off, 21.328 MiB/s, -Transferred:   	    1.203 GiB / 1.203 GiB, 100%, 21.328 MiB/s, ETA 0s
Transferred:            0 / 1, 0%
Elapsed time:        58.5s
Transferring:
 *   aicup_esg2026_submit_artifacts.zip.part-008:  0% / off, 21.328 MiB/s, -Transferred:   	    1.211 GiB / 1.211 GiB, 100%, 21.328 MiB/s, ETA 0s
Transferred:            0 / 1, 0%
Elapsed time:        59.0s
Transferring:
 *   aicup_esg2026_submit_artifacts.zip.part-008:  0% / off, 21.328 MiB/s, -Transferred:   	    1.219 GiB / 1.219 GiB, 100%, 21.495 MiB/s, ETA 0s
Transferred:            0 / 1, 0%
Elapsed time:        59.5s
Transferring:
 *   aicup_esg2026_submit_artifacts.zip.part-008:  0% / off, 21.495 MiB/s, -Transferred:   	    1.227 GiB / 1.227 GiB, 100%, 21.495 MiB/s, ETA 0s
Transferred:            0 / 1, 0%
Elapsed time:       1m0.0s
Transferring:
 *   aicup_esg2026_submit_artifacts.zip.part-008:  0% / off, 21.151 MiB/s, -Transferred:   	    1.242 GiB / 1.242 GiB, 100%, 21.151 MiB/s, ETA 0s
Transferred:            0 / 1, 0%
Elapsed time:       1m0.5s
Transferring:
 *   aicup_esg2026_submit_artifacts.zip.part-008:  0% / off, 21.151 MiB/s, -Transferred:   	    1.258 GiB / 1.258 GiB, 100%, 21.151 MiB/s, ETA 0s
Transferred:            0 / 1, 0%
Elapsed time:       1m1.0s
Transferring:
 *   aicup_esg2026_submit_artifacts.zip.part-008:  0% / off, 21.151 MiB/s, -Transferred:   	    1.266 GiB / 1.266 GiB, 100%, 21.829 MiB/s, ETA 0s
Transferred:            0 / 1, 0%
Elapsed time:       1m1.5s
Transferring:
 *   aicup_esg2026_submit_artifacts.zip.part-008:  0% / off, 21.829 MiB/s, -Transferred:   	    1.273 GiB / 1.273 GiB, 100%, 21.465 MiB/s, ETA 0s
Transferred:            0 / 1, 0%
Elapsed time:       1m2.0s
Transferring:
 *   aicup_esg2026_submit_artifacts.zip.part-008:  0% / off, 21.465 MiB/s, -Transferred:   	    1.289 GiB / 1.289 GiB, 100%, 21.465 MiB/s, ETA 0s
Transferred:            0 / 1, 0%
Elapsed time:       1m2.5s
Transferring:
 *   aicup_esg2026_submit_artifacts.zip.part-008:  0% / off, 21.465 MiB/s, -Transferred:   	    1.297 GiB / 1.297 GiB, 100%, 21.465 MiB/s, ETA 0s
Transferred:            0 / 1, 0%
Elapsed time:       1m3.0s
Transferring:
 *   aicup_esg2026_submit_artifacts.zip.part-008:  0% / off, 21.623 MiB/s, -Transferred:   	    1.305 GiB / 1.305 GiB, 100%, 21.623 MiB/s, ETA 0s
Transferred:            0 / 1, 0%
Elapsed time:       1m3.5s
Transferring:
 *   aicup_esg2026_submit_artifacts.zip.part-008:  0% / off, 21.623 MiB/s, -Transferred:   	    1.312 GiB / 1.312 GiB, 100%, 21.623 MiB/s, ETA 0s
Transferred:            0 / 1, 0%
Elapsed time:       1m4.0s
Transferring:
 *   aicup_esg2026_submit_artifacts.zip.part-008:  0% / off, 21.272 MiB/s, -Transferred:   	    1.328 GiB / 1.328 GiB, 100%, 21.272 MiB/s, ETA 0s
Transferred:            0 / 1, 0%
Elapsed time:       1m4.5s
Transferring:
 *   aicup_esg2026_submit_artifacts.zip.part-008:  0% / off, 21.272 MiB/s, -Transferred:   	    1.336 GiB / 1.336 GiB, 100%, 21.272 MiB/s, ETA 0s
Transferred:            0 / 1, 0%
Elapsed time:       1m5.0s
Transferring:
 *   aicup_esg2026_submit_artifacts.zip.part-008:  0% / off, 21.272 MiB/s, -Transferred:   	    1.344 GiB / 1.344 GiB, 100%, 21.443 MiB/s, ETA 0s
Transferred:            0 / 1, 0%
Elapsed time:       1m5.5s
Transferring:
 *   aicup_esg2026_submit_artifacts.zip.part-008:  0% / off, 21.443 MiB/s, -Transferred:   	    1.359 GiB / 1.359 GiB, 100%, 21.443 MiB/s, ETA 0s
Transferred:            0 / 1, 0%
Elapsed time:       1m6.0s
Transferring:
 *   aicup_esg2026_submit_artifacts.zip.part-008:  0% / off, 21.602 MiB/s, -Transferred:   	    1.367 GiB / 1.367 GiB, 100%, 21.602 MiB/s, ETA 0s
Transferred:            0 / 1, 0%
Elapsed time:       1m6.5s
Transferring:
 *   aicup_esg2026_submit_artifacts.zip.part-008:  0% / off, 21.602 MiB/s, -Transferred:   	    1.383 GiB / 1.383 GiB, 100%, 21.602 MiB/s, ETA 0s
Transferred:            0 / 1, 0%
Elapsed time:       1m7.0s
Transferring:
 *   aicup_esg2026_submit_artifacts.zip.part-008:  0% / off, 21.752 MiB/s, -Transferred:   	    1.391 GiB / 1.391 GiB, 100%, 21.752 MiB/s, ETA 0s
Transferred:            0 / 1, 0%
Elapsed time:       1m7.5s
Transferring:
 *   aicup_esg2026_submit_artifacts.zip.part-008:  0% / off, 21.752 MiB/s, -Transferred:   	    1.398 GiB / 1.398 GiB, 100%, 21.752 MiB/s, ETA 0s
Transferred:            0 / 1, 0%
Elapsed time:       1m8.0s
Transferring:
 *   aicup_esg2026_submit_artifacts.zip.part-008:  0% / off, 21.752 MiB/s, -Transferred:   	    1.414 GiB / 1.414 GiB, 100%, 21.393 MiB/s, ETA 0s
Transferred:            0 / 1, 0%
Elapsed time:       1m8.5s
Transferring:
 *   aicup_esg2026_submit_artifacts.zip.part-008:  0% / off, 21.393 MiB/s, -Transferred:   	    1.422 GiB / 1.422 GiB, 100%, 21.393 MiB/s, ETA 0s
Transferred:            0 / 1, 0%
Elapsed time:       1m9.0s
Transferring:
 *   aicup_esg2026_submit_artifacts.zip.part-008:  0% / off, 21.393 MiB/s, -Transferred:   	    1.430 GiB / 1.430 GiB, 100%, 21.556 MiB/s, ETA 0s
Transferred:            0 / 1, 0%
Elapsed time:       1m9.5s
Transferring:
 *   aicup_esg2026_submit_artifacts.zip.part-008:  0% / off, 21.556 MiB/s, -Transferred:   	    1.445 GiB / 1.445 GiB, 100%, 21.708 MiB/s, ETA 0s
Transferred:            0 / 1, 0%
Elapsed time:      1m10.0s
Transferring:
 *   aicup_esg2026_submit_artifacts.zip.part-008:  0% / off, 21.708 MiB/s, -Transferred:   	    1.453 GiB / 1.453 GiB, 100%, 21.708 MiB/s, ETA 0s
Transferred:            0 / 1, 0%
Elapsed time:      1m10.5s
Transferring:
 *   aicup_esg2026_submit_artifacts.zip.part-008:  0% / off, 21.708 MiB/s, -Transferred:   	    1.461 GiB / 1.461 GiB, 100%, 21.352 MiB/s, ETA 0s
Transferred:            0 / 1, 0%
Elapsed time:      1m11.0s
Transferring:
 *   aicup_esg2026_submit_artifacts.zip.part-008:  0% / off, 21.352 MiB/s, -Transferred:   	    1.471 GiB / 1.471 GiB, 100%, 21.352 MiB/s, ETA 0s
Transferred:            0 / 1, 0%
Elapsed time:      1m11.5s
Transferring:
 *   aicup_esg2026_submit_artifacts.zip.part-008:  0% / off, 21.352 MiB/s, -Transferred:   	    1.484 GiB / 1.484 GiB, 100%, 21.517 MiB/s, ETA 0s
Transferred:            0 / 1, 0%
Elapsed time:      1m12.0s
Transferring:
 *   aicup_esg2026_submit_artifacts.zip.part-008:  0% / off, 21.517 MiB/s, -Transferred:   	    1.492 GiB / 1.492 GiB, 100%, 21.517 MiB/s, ETA 0s
Transferred:            0 / 1, 0%
Elapsed time:      1m12.5s
Transferring:
 *   aicup_esg2026_submit_artifacts.zip.part-008:  0% / off, 21.517 MiB/s, -Transferred:   	    1.500 GiB / 1.500 GiB, 100%, 21.517 MiB/s, ETA 0s
Transferred:            0 / 1, 0%
Elapsed time:      1m13.0s
Transferring:
 *   aicup_esg2026_submit_artifacts.zip.part-008:  0% / off, 21.172 MiB/s, -Transferred:   	    1.516 GiB / 1.516 GiB, 100%, 21.172 MiB/s, ETA 0s
Transferred:            0 / 1, 0%
Elapsed time:      1m13.5s
Transferring:
 *   aicup_esg2026_submit_artifacts.zip.part-008:  0% / off, 21.172 MiB/s, -Transferred:   	    1.525 GiB / 1.525 GiB, 100%, 21.172 MiB/s, ETA 0s
Transferred:            0 / 1, 0%
Elapsed time:      1m14.0s
Transferring:
 *   aicup_esg2026_submit_artifacts.zip.part-008:  0% / off, 21.474 MiB/s, -Transferred:   	    1.539 GiB / 1.539 GiB, 100%, 21.474 MiB/s, ETA 0s
Transferred:            0 / 1, 0%
Elapsed time:      1m14.5s
Transferring:
 *   aicup_esg2026_submit_artifacts.zip.part-008:  0% / off, 21.474 MiB/s, -Transferred:   	    1.547 GiB / 1.547 GiB, 100%, 21.507 MiB/s, ETA 0s
Transferred:            0 / 1, 0%
Elapsed time:      1m15.0s
Transferring:
 *   aicup_esg2026_submit_artifacts.zip.part-008:  0% / off, 21.507 MiB/s, -Transferred:   	    1.555 GiB / 1.555 GiB, 100%, 21.507 MiB/s, ETA 0s
Transferred:            0 / 1, 0%
Elapsed time:      1m15.5s
Transferring:
 *   aicup_esg2026_submit_artifacts.zip.part-008:  0% / off, 21.507 MiB/s, -Transferred:   	    1.570 GiB / 1.570 GiB, 100%, 21.663 MiB/s, ETA 0s
Transferred:            0 / 1, 0%
Elapsed time:      1m16.0s
Transferring:
 *   aicup_esg2026_submit_artifacts.zip.part-008:  0% / off, 21.663 MiB/s, -Transferred:   	    1.578 GiB / 1.578 GiB, 100%, 21.663 MiB/s, ETA 0s
Transferred:            0 / 1, 0%
Elapsed time:      1m16.5s
Transferring:
 *   aicup_esg2026_submit_artifacts.zip.part-008:  0% / off, 21.663 MiB/s, -Transferred:   	    1.586 GiB / 1.586 GiB, 100%, 21.663 MiB/s, ETA 0s
Transferred:            0 / 1, 0%
Elapsed time:      1m17.0s
Transferring:
 *   aicup_esg2026_submit_artifacts.zip.part-008:  0% / off, 21.309 MiB/s, -Transferred:   	    1.602 GiB / 1.602 GiB, 100%, 21.309 MiB/s, ETA 0s
Transferred:            0 / 1, 0%
Elapsed time:      1m17.5s
Transferring:
 *   aicup_esg2026_submit_artifacts.zip.part-008:  0% / off, 21.309 MiB/s, -Transferred:   	    1.609 GiB / 1.609 GiB, 100%, 21.477 MiB/s, ETA 0s
Transferred:            0 / 1, 0%
Elapsed time:      1m18.0s
Transferring:
 *   aicup_esg2026_submit_artifacts.zip.part-008:  0% / off, 21.477 MiB/s, -Transferred:   	    1.617 GiB / 1.617 GiB, 100%, 21.477 MiB/s, ETA 0s
Transferred:            0 / 1, 0%
Elapsed time:      1m18.5s
Transferring:
 *   aicup_esg2026_submit_artifacts.zip.part-008:  0% / off, 21.477 MiB/s, -Transferred:   	    1.633 GiB / 1.633 GiB, 100%, 21.635 MiB/s, ETA 0s
Transferred:            0 / 1, 0%
Elapsed time:      1m19.0s
Transferring:
 *   aicup_esg2026_submit_artifacts.zip.part-008:  0% / off, 21.635 MiB/s, -Transferred:   	    1.641 GiB / 1.641 GiB, 100%, 21.635 MiB/s, ETA 0s
Transferred:            0 / 1, 0%
Elapsed time:      1m19.5s
Transferring:
 *   aicup_esg2026_submit_artifacts.zip.part-008:  0% / off, 21.635 MiB/s, -Transferred:   	    1.648 GiB / 1.648 GiB, 100%, 21.635 MiB/s, ETA 0s
Transferred:            0 / 1, 0%
Elapsed time:      1m20.0s
Transferring:
 *   aicup_esg2026_submit_artifacts.zip.part-008:  0% / off, 21.283 MiB/s, -Transferred:   	    1.664 GiB / 1.664 GiB, 100%, 21.283 MiB/s, ETA 0s
Transferred:            0 / 1, 0%
Elapsed time:      1m20.5s
Transferring:
 *   aicup_esg2026_submit_artifacts.zip.part-008:  0% / off, 21.283 MiB/s, -Transferred:   	    1.672 GiB / 1.672 GiB, 100%, 21.283 MiB/s, ETA 0s
Transferred:            0 / 1, 0%
Elapsed time:      1m21.0s
Transferring:
 *   aicup_esg2026_submit_artifacts.zip.part-008:  0% / off, 21.452 MiB/s, -Transferred:   	    1.680 GiB / 1.680 GiB, 100%, 21.452 MiB/s, ETA 0s
Transferred:            0 / 1, 0%
Elapsed time:      1m21.5s
Transferring:
 *   aicup_esg2026_submit_artifacts.zip.part-008:  0% / off, 21.452 MiB/s, -Transferred:   	    1.692 GiB / 1.692 GiB, 100%, 21.452 MiB/s, ETA 0s
Transferred:            0 / 1, 0%
Elapsed time:      1m22.0s
Transferring:
 *   aicup_esg2026_submit_artifacts.zip.part-008:  0% / off, 21.424 MiB/s, -Transferred:   	    1.703 GiB / 1.703 GiB, 100%, 21.424 MiB/s, ETA 0s
Transferred:            0 / 1, 0%
Elapsed time:      1m22.5s
Transferring:
 *   aicup_esg2026_submit_artifacts.zip.part-008:  0% / off, 21.424 MiB/s, -Transferred:   	    1.719 GiB / 1.719 GiB, 100%, 21.773 MiB/s, ETA 0s
Transferred:            0 / 1, 0%
Elapsed time:      1m23.0s
Transferring:
 *   aicup_esg2026_submit_artifacts.zip.part-008:  0% / off, 21.773 MiB/s, -Transferred:   	    1.727 GiB / 1.727 GiB, 100%, 21.773 MiB/s, ETA 0s
Transferred:            0 / 1, 0%
Elapsed time:      1m23.5s
Transferring:
 *   aicup_esg2026_submit_artifacts.zip.part-008:  0% / off, 21.773 MiB/s, -Transferred:   	    1.740 GiB / 1.740 GiB, 100%, 21.773 MiB/s, ETA 0s
Transferred:            0 / 1, 0%
Elapsed time:      1m24.0s
Transferring:
 *   aicup_esg2026_submit_artifacts.zip.part-008:  0% / off, 21.773 MiB/s, -Transferred:   	    1.750 GiB / 1.750 GiB, 100%, 21.787 MiB/s, ETA 0s
Transferred:            0 / 1, 0%
Elapsed time:      1m24.5s
Transferring:
 *   aicup_esg2026_submit_artifacts.zip.part-008:  0% / off, 21.787 MiB/s, -Transferred:   	    1.758 GiB / 1.758 GiB, 100%, 21.787 MiB/s, ETA 0s
Transferred:            0 / 1, 0%
Elapsed time:      1m25.0s
Transferring:
 *   aicup_esg2026_submit_artifacts.zip.part-008:  0% / off, 21.550 MiB/s, -Transferred:   	    1.766 GiB / 1.766 GiB, 100%, 21.550 MiB/s, ETA 0s
Transferred:            0 / 1, 0%
Elapsed time:      1m25.5s
Transferring:
 *   aicup_esg2026_submit_artifacts.zip.part-008:  0% / off, 21.550 MiB/s, -Transferred:   	    1.781 GiB / 1.781 GiB, 100%, 21.703 MiB/s, ETA 0s
Transferred:            0 / 1, 0%
Elapsed time:      1m26.0s
Transferring:
 *   aicup_esg2026_submit_artifacts.zip.part-008:  0% / off, 21.703 MiB/s, -Transferred:   	    1.789 GiB / 1.789 GiB, 100%, 21.703 MiB/s, ETA 0s
Transferred:            0 / 1, 0%
Elapsed time:      1m26.5s
Transferring:
 *   aicup_esg2026_submit_artifacts.zip.part-008:  0% / off, 21.703 MiB/s, -Transferred:   	    1.797 GiB / 1.797 GiB, 100%, 21.703 MiB/s, ETA 0s
Transferred:            0 / 1, 0%
Elapsed time:      1m27.0s
Transferring:
 *   aicup_esg2026_submit_artifacts.zip.part-008:  0% / off, 21.347 MiB/s, -Transferred:   	    1.812 GiB / 1.812 GiB, 100%, 21.347 MiB/s, ETA 0s
Transferred:            0 / 1, 0%
Elapsed time:      1m27.5s
Transferring:
 *   aicup_esg2026_submit_artifacts.zip.part-008:  0% / off, 21.347 MiB/s, -Transferred:   	    1.820 GiB / 1.820 GiB, 100%, 21.347 MiB/s, ETA 0s
Transferred:            0 / 1, 0%
Elapsed time:      1m28.0s
Transferring:
 *   aicup_esg2026_submit_artifacts.zip.part-008:  0% / off, 21.347 MiB/s, -Transferred:   	    1.828 GiB / 1.828 GiB, 100%, 21.513 MiB/s, ETA 0s
Transferred:            0 / 1, 0%
Elapsed time:      1m28.5s
Transferring:
 *   aicup_esg2026_submit_artifacts.zip.part-008:  0% / off, 21.513 MiB/s, -Transferred:   	    1.844 GiB / 1.844 GiB, 100%, 21.668 MiB/s, ETA 0s
Transferred:            0 / 1, 0%
Elapsed time:      1m29.0s
Transferring:
 *   aicup_esg2026_submit_artifacts.zip.part-008:  0% / off, 21.668 MiB/s, -Transferred:   	    1.857 GiB / 1.857 GiB, 100%, 21.668 MiB/s, ETA 0s
Transferred:            0 / 1, 0%
Elapsed time:      1m29.5s
Transferring:
 *   aicup_esg2026_submit_artifacts.zip.part-008:  0% / off, 21.668 MiB/s, -Transferred:   	    1.867 GiB / 1.867 GiB, 100%, 21.668 MiB/s, ETA 0s
Transferred:            0 / 1, 0%
Elapsed time:      1m30.0s
Transferring:
 *   aicup_esg2026_submit_artifacts.zip.part-008:  0% / off, 21.814 MiB/s, -Transferred:   	    1.875 GiB / 1.875 GiB, 100%, 21.814 MiB/s, ETA 0s
Transferred:            0 / 1, 0%
Elapsed time:      1m30.5s
Transferring:
 *   aicup_esg2026_submit_artifacts.zip.part-008:  0% / off, 21.814 MiB/s, -Transferred:   	    1.883 GiB / 1.883 GiB, 100%, 21.814 MiB/s, ETA 0s
Transferred:            0 / 1, 0%
Elapsed time:      1m31.0s
Transferring:
 *   aicup_esg2026_submit_artifacts.zip.part-008:  0% / off, 21.814 MiB/s, -Transferred:   	    1.898 GiB / 1.898 GiB, 100%, 21.450 MiB/s, ETA 0s
Transferred:            0 / 1, 0%
Elapsed time:      1m31.5s
Transferring:
 *   aicup_esg2026_submit_artifacts.zip.part-008:  0% / off, 21.451 MiB/s, -Transferred:   	    1.906 GiB / 1.906 GiB, 100%, 21.450 MiB/s, ETA 0s
Transferred:            0 / 1, 0%
Elapsed time:      1m32.0s
Transferring:
 *   aicup_esg2026_submit_artifacts.zip.part-008:  0% / off, 21.610 MiB/s, -Transferred:   	    1.914 GiB / 1.914 GiB, 100%, 21.610 MiB/s, ETA 0s
Transferred:            0 / 1, 0%
Elapsed time:      1m32.5s
Transferring:
 *   aicup_esg2026_submit_artifacts.zip.part-008:  0% / off, 21.610 MiB/s, -Transferred:   	    1.930 GiB / 1.930 GiB, 100%, 21.610 MiB/s, ETA 0s
Transferred:            0 / 1, 0%
Elapsed time:      1m33.0s
Transferring:
 *   aicup_esg2026_submit_artifacts.zip.part-008:  0% / off, 21.759 MiB/s, -Transferred:   	    1.938 GiB / 1.938 GiB, 100%, 21.759 MiB/s, ETA 0s
Transferred:            0 / 1, 0%
Elapsed time:      1m33.5s
Transferring:
 *   aicup_esg2026_submit_artifacts.zip.part-008:  0% / off, 21.759 MiB/s, -Transferred:   	    1.945 GiB / 1.945 GiB, 100%, 21.399 MiB/s, ETA 0s
Transferred:            0 / 1, 0%
Elapsed time:      1m34.0s
Transferring:
 *   aicup_esg2026_submit_artifacts.zip.part-008:  0% / off, 21.399 MiB/s, -Transferred:   	    1.953 GiB / 1.953 GiB, 100%, 21.399 MiB/s, ETA 0s
Transferred:            0 / 1, 0%
Elapsed time:      1m34.5s
Transferring:
 *   aicup_esg2026_submit_artifacts.zip.part-008:  0% / off, 21.399 MiB/s, -Transferred:   	    1.969 GiB / 1.969 GiB, 100%, 21.399 MiB/s, ETA 0s
Transferred:            0 / 1, 0%
Elapsed time:      1m35.0s
Transferring:
 *   aicup_esg2026_submit_artifacts.zip.part-008:  0% / off, 21.399 MiB/s, -Transferred:   	    1.977 GiB / 1.977 GiB, 100%, 21.562 MiB/s, ETA 0s
Transferred:            0 / 1, 0%
Elapsed time:      1m35.5s
Transferring:
 *   aicup_esg2026_submit_artifacts.zip.part-008:  0% / off, 21.562 MiB/s, -Transferred:   	    1.984 GiB / 1.984 GiB, 100%, 21.562 MiB/s, ETA 0s
Transferred:            0 / 1, 0%
Elapsed time:      1m36.0s
Transferring:
 *   aicup_esg2026_submit_artifacts.zip.part-008:  0% / off, 21.562 MiB/s, -Transferred:   	    1.992 GiB / 1.992 GiB, 100%, 21.214 MiB/s, ETA 0s
Transferred:            0 / 1, 0%
Elapsed time:      1m36.5s
Transferring:
 *   aicup_esg2026_submit_artifacts.zip.part-008:  0% / off, 21.214 MiB/s, -Transferred:   	    2.008 GiB / 2.008 GiB, 100%, 21.214 MiB/s, ETA 0s
Transferred:            0 / 1, 0%
Elapsed time:      1m37.0s
Transferring:
 *   aicup_esg2026_submit_artifacts.zip.part-008:  0% / off, 21.388 MiB/s, -Transferred:   	    2.016 GiB / 2.016 GiB, 100%, 21.388 MiB/s, ETA 0s
Transferred:            0 / 1, 0%
Elapsed time:      1m37.5s
Transferring:
 *   aicup_esg2026_submit_artifacts.zip.part-008:  0% / off, 21.388 MiB/s, -Transferred:   	    2.031 GiB / 2.031 GiB, 100%, 21.388 MiB/s, ETA 0s
Transferred:            0 / 1, 0%
Elapsed time:      1m38.0s
Transferring:
 *   aicup_esg2026_submit_artifacts.zip.part-008:  0% / off, 21.552 MiB/s, -Transferred:   	    2.039 GiB / 2.039 GiB, 100%, 21.552 MiB/s, ETA 0s
Transferred:            0 / 1, 0%
Elapsed time:      1m38.5s
Transferring:
 *   aicup_esg2026_submit_artifacts.zip.part-008:  0% / off, 21.552 MiB/s, -Transferred:   	    2.047 GiB / 2.047 GiB, 100%, 21.552 MiB/s, ETA 0s
Transferred:            0 / 1, 0%
Elapsed time:      1m39.0s
Transferring:
 *   aicup_esg2026_submit_artifacts.zip.part-008:  0% / off, 21.205 MiB/s, -Transferred:   	    2.062 GiB / 2.062 GiB, 100%, 21.205 MiB/s, ETA 0s
Transferred:            0 / 1, 0%
Elapsed time:      1m39.5s
Transferring:
 *   aicup_esg2026_submit_artifacts.zip.part-008:  0% / off, 21.205 MiB/s, -Transferred:   	    2.070 GiB / 2.070 GiB, 100%, 21.205 MiB/s, ETA 0s
Transferred:            0 / 1, 0%
Elapsed time:      1m40.0s
Transferring:
 *   aicup_esg2026_submit_artifacts.zip.part-008:  0% / off, 21.379 MiB/s, -Transferred:   	    2.078 GiB / 2.078 GiB, 100%, 21.379 MiB/s, ETA 0s
Transferred:            0 / 1, 0%
Elapsed time:      1m40.5s
Transferring:
 *   aicup_esg2026_submit_artifacts.zip.part-008:  0% / off, 21.379 MiB/s, -Transferred:   	    2.094 GiB / 2.094 GiB, 100%, 21.379 MiB/s, ETA 0s
Transferred:            0 / 1, 0%
Elapsed time:      1m41.0s
Transferring:
 *   aicup_esg2026_submit_artifacts.zip.part-008:  0% / off, 21.543 MiB/s, -Transferred:   	    2.102 GiB / 2.102 GiB, 100%, 21.543 MiB/s, ETA 0s
Transferred:            0 / 1, 0%
Elapsed time:      1m41.5s
Transferring:
 *   aicup_esg2026_submit_artifacts.zip.part-008:  0% / off, 21.543 MiB/s, -Transferred:   	    2.109 GiB / 2.109 GiB, 100%, 21.197 MiB/s, ETA 0s
Transferred:            0 / 1, 0%
Elapsed time:      1m42.0s
Transferring:
 *   aicup_esg2026_submit_artifacts.zip.part-008:  0% / off, 21.197 MiB/s, -Transferred:   	    2.117 GiB / 2.117 GiB, 100%, 21.197 MiB/s, ETA 0s
Transferred:            0 / 1, 0%
Elapsed time:      1m42.5s
Transferring:
 *   aicup_esg2026_submit_artifacts.zip.part-008:  0% / off, 21.197 MiB/s, -Transferred:   	    2.133 GiB / 2.133 GiB, 100%, 21.197 MiB/s, ETA 0s
Transferred:            0 / 1, 0%
Elapsed time:      1m43.0s
Transferring:
 *   aicup_esg2026_submit_artifacts.zip.part-008:  0% / off, 21.372 MiB/s, -Transferred:   	    2.141 GiB / 2.141 GiB, 100%, 21.372 MiB/s, ETA 0s
Transferred:            0 / 1, 0%
Elapsed time:      1m43.5s
Transferring:
 *   aicup_esg2026_submit_artifacts.zip.part-008:  0% / off, 21.372 MiB/s, -Transferred:   	    2.148 GiB / 2.148 GiB, 100%, 21.372 MiB/s, ETA 0s
Transferred:            0 / 1, 0%
Elapsed time:      1m44.0s
Transferring:
 *   aicup_esg2026_submit_artifacts.zip.part-008:  0% / off, 21.036 MiB/s, -Transferred:   	    2.164 GiB / 2.164 GiB, 100%, 21.036 MiB/s, ETA 0s
Transferred:            0 / 1, 0%
Elapsed time:      1m44.5s
Transferring:
 *   aicup_esg2026_submit_artifacts.zip.part-008:  0% / off, 21.036 MiB/s, -Transferred:   	    2.172 GiB / 2.172 GiB, 100%, 21.221 MiB/s, ETA 0s
Transferred:            0 / 1, 0%
Elapsed time:      1m45.0s
Transferring:
 *   aicup_esg2026_submit_artifacts.zip.part-008:  0% / off, 21.221 MiB/s, -Transferred:   	    2.180 GiB / 2.180 GiB, 100%, 21.221 MiB/s, ETA 0s
Transferred:            0 / 1, 0%
Elapsed time:      1m45.5s
Transferring:
 *   aicup_esg2026_submit_artifacts.zip.part-008:  0% / off, 21.221 MiB/s, -Transferred:   	    2.188 GiB / 2.188 GiB, 100%, 20.895 MiB/s, ETA 0s
Transferred:            0 / 1, 0%
Elapsed time:      1m46.0s
Transferring:
 *   aicup_esg2026_submit_artifacts.zip.part-008:  0% / off, 20.895 MiB/s, -Transferred:   	    2.203 GiB / 2.203 GiB, 100%, 20.895 MiB/s, ETA 0s
Transferred:            0 / 1, 0%
Elapsed time:      1m46.5s
Transferring:
 *   aicup_esg2026_submit_artifacts.zip.part-008:  0% / off, 20.895 MiB/s, -Transferred:   	    2.211 GiB / 2.211 GiB, 100%, 21.089 MiB/s, ETA 0s
Transferred:            0 / 1, 0%
Elapsed time:      1m47.0s
Transferring:
 *   aicup_esg2026_submit_artifacts.zip.part-008:  0% / off, 21.089 MiB/s, -Transferred:   	    2.227 GiB / 2.227 GiB, 100%, 21.089 MiB/s, ETA 0s
Transferred:            0 / 1, 0%
Elapsed time:      1m47.5s
Transferring:
 *   aicup_esg2026_submit_artifacts.zip.part-008:  0% / off, 21.089 MiB/s, -Transferred:   	    2.234 GiB / 2.234 GiB, 100%, 21.089 MiB/s, ETA 0s
Transferred:            0 / 1, 0%
Elapsed time:      1m48.0s
Transferring:
 *   aicup_esg2026_submit_artifacts.zip.part-008:  0% / off, 21.271 MiB/s, -Transferred:   	    2.250 GiB / 2.250 GiB, 100%, 21.271 MiB/s, ETA 0s
Transferred:            0 / 1, 0%
Elapsed time:      1m48.5s
Transferring:
 *   aicup_esg2026_submit_artifacts.zip.part-008:  0% / off, 21.271 MiB/s, -Transferred:   	    2.258 GiB / 2.258 GiB, 100%, 21.271 MiB/s, ETA 0s
Transferred:            0 / 1, 0%
Elapsed time:      1m49.0s
Transferring:
 *   aicup_esg2026_submit_artifacts.zip.part-008:  0% / off, 21.271 MiB/s, -Transferred:   	    2.266 GiB / 2.266 GiB, 100%, 21.442 MiB/s, ETA 0s
Transferred:            0 / 1, 0%
Elapsed time:      1m49.5s
Transferring:
 *   aicup_esg2026_submit_artifacts.zip.part-008:  0% / off, 21.442 MiB/s, -Transferred:   	    2.273 GiB / 2.273 GiB, 100%, 21.442 MiB/s, ETA 0s
Transferred:            0 / 1, 0%
Elapsed time:      1m50.0s
Transferring:
 *   aicup_esg2026_submit_artifacts.zip.part-008:  0% / off, 21.442 MiB/s, -Transferred:   	    2.289 GiB / 2.289 GiB, 100%, 21.101 MiB/s, ETA 0s
Transferred:            0 / 1, 0%
Elapsed time:      1m50.5s
Transferring:
 *   aicup_esg2026_submit_artifacts.zip.part-008:  0% / off, 21.101 MiB/s, -Transferred:   	    2.289 GiB / 2.289 GiB, 100%, 20.783 MiB/s, ETA 0s
Transferred:            0 / 1, 0%
Elapsed time:      1m51.0s
Transferring:
 *   aicup_esg2026_submit_artifacts.zip.part-008:  0% / off, 20.783 MiB/s, -Transferred:   	    2.289 GiB / 2.289 GiB, 100%, 20.783 MiB/s, ETA 0s
Transferred:            0 / 1, 0%
Elapsed time:      1m51.5s
Transferring:
 *   aicup_esg2026_submit_artifacts.zip.part-008:  0% / off, 20.783 MiB/s, -Transferred:   	    2.289 GiB / 2.289 GiB, 100%, 20.783 MiB/s, ETA 0s
Transferred:            0 / 1, 0%
Elapsed time:      1m52.0s
Transferring:
 *   aicup_esg2026_submit_artifacts.zip.part-008:  0% / off, 19.484 MiB/s, -Transferred:   	    2.297 GiB / 2.297 GiB, 100%, 19.484 MiB/s, ETA 0s
Transferred:            0 / 1, 0%
Elapsed time:      1m52.5s
Transferring:
 *   aicup_esg2026_submit_artifacts.zip.part-008:  0% / off, 19.484 MiB/s, -Transferred:   	    2.305 GiB / 2.305 GiB, 100%, 19.484 MiB/s, ETA 0s
Transferred:            0 / 1, 0%
Elapsed time:      1m53.0s
Transferring:
 *   aicup_esg2026_submit_artifacts.zip.part-008:  0% / off, 19.266 MiB/s, -Transferred:   	    2.312 GiB / 2.312 GiB, 100%, 19.266 MiB/s, ETA 0s
Transferred:            0 / 1, 0%
Elapsed time:      1m53.5s
Transferring:
 *   aicup_esg2026_submit_artifacts.zip.part-008:  0% / off, 19.266 MiB/s, -Transferred:   	    2.328 GiB / 2.328 GiB, 100%, 19.266 MiB/s, ETA 0s
Transferred:            0 / 1, 0%
Elapsed time:      1m54.0s
Transferring:
 *   aicup_esg2026_submit_artifacts.zip.part-008:  0% / off, 19.266 MiB/s, -Transferred:   	    2.336 GiB / 2.336 GiB, 100%, 19.562 MiB/s, ETA 0s
Transferred:            0 / 1, 0%
Elapsed time:      1m54.5s
Transferring:
 *   aicup_esg2026_submit_artifacts.zip.part-008:  0% / off, 19.562 MiB/s, -Transferred:   	    2.344 GiB / 2.344 GiB, 100%, 19.562 MiB/s, ETA 0s
Transferred:            0 / 1, 0%
Elapsed time:      1m55.0s
Transferring:
 *   aicup_esg2026_submit_artifacts.zip.part-008:  0% / off, 19.339 MiB/s, -Transferred:   	    2.352 GiB / 2.352 GiB, 100%, 19.339 MiB/s, ETA 0s
Transferred:            0 / 1, 0%
Elapsed time:      1m55.5s
Transferring:
 *   aicup_esg2026_submit_artifacts.zip.part-008:  0% / off, 19.339 MiB/s, -Transferred:   	    2.367 GiB / 2.367 GiB, 100%, 19.339 MiB/s, ETA 0s
Transferred:            0 / 1, 0%
Elapsed time:      1m56.0s
Transferring:
 *   aicup_esg2026_submit_artifacts.zip.part-008:  0% / off, 19.631 MiB/s, -Transferred:   	    2.375 GiB / 2.375 GiB, 100%, 19.631 MiB/s, ETA 0s
Transferred:            0 / 1, 0%
Elapsed time:      1m56.5s
Transferring:
 *   aicup_esg2026_submit_artifacts.zip.part-008:  0% / off, 19.631 MiB/s, -Transferred:   	    2.391 GiB / 2.391 GiB, 100%, 19.631 MiB/s, ETA 0s
Transferred:            0 / 1, 0%
Elapsed time:      1m57.0s
Transferring:
 *   aicup_esg2026_submit_artifacts.zip.part-008:  0% / off, 19.631 MiB/s, -Transferred:   	    2.398 GiB / 2.398 GiB, 100%, 19.904 MiB/s, ETA 0s
Transferred:            0 / 1, 0%
Elapsed time:      1m57.5s
Transferring:
 *   aicup_esg2026_submit_artifacts.zip.part-008:  0% / off, 19.904 MiB/s, -Transferred:   	    2.406 GiB / 2.406 GiB, 100%, 19.660 MiB/s, ETA 0s
Transferred:            0 / 1, 0%
Elapsed time:      1m58.0s
Transferring:
 *   aicup_esg2026_submit_artifacts.zip.part-008:  0% / off, 19.660 MiB/s, -Transferred:   	    2.414 GiB / 2.414 GiB, 100%, 19.660 MiB/s, ETA 0s
Transferred:            0 / 1, 0%
Elapsed time:      1m58.5s
Transferring:
 *   aicup_esg2026_submit_artifacts.zip.part-008:  0% / off, 19.660 MiB/s, -Transferred:   	    2.430 GiB / 2.430 GiB, 100%, 19.660 MiB/s, ETA 0s
Transferred:            0 / 1, 0%
Elapsed time:      1m59.0s
Transferring:
 *   aicup_esg2026_submit_artifacts.zip.part-008:  0% / off, 19.660 MiB/s, -Transferred:   	    2.438 GiB / 2.438 GiB, 100%, 19.931 MiB/s, ETA 0s
Transferred:            0 / 1, 0%
Elapsed time:      1m59.5s
Transferring:
 *   aicup_esg2026_submit_artifacts.zip.part-008:  0% / off, 19.931 MiB/s, -Transferred:   	    2.453 GiB / 2.453 GiB, 100%, 19.931 MiB/s, ETA 0s
Transferred:            0 / 1, 0%
Elapsed time:       2m0.0s
Transferring:
 *   aicup_esg2026_submit_artifacts.zip.part-008:  0% / off, 20.185 MiB/s, -Transferred:   	    2.461 GiB / 2.461 GiB, 100%, 20.185 MiB/s, ETA 0s
Transferred:            0 / 1, 0%
Elapsed time:       2m0.5s
Transferring:
 *   aicup_esg2026_submit_artifacts.zip.part-008:  0% / off, 20.185 MiB/s, -Transferred:   	    2.469 GiB / 2.469 GiB, 100%, 20.185 MiB/s, ETA 0s
Transferred:            0 / 1, 0%
Elapsed time:       2m1.0s
Transferring:
 *   aicup_esg2026_submit_artifacts.zip.part-008:  0% / off, 19.924 MiB/s, -Transferred:   	    2.484 GiB / 2.484 GiB, 100%, 19.924 MiB/s, ETA 0s
Transferred:            0 / 1, 0%
Elapsed time:       2m1.5s
Transferring:
 *   aicup_esg2026_submit_artifacts.zip.part-008:  0% / off, 19.924 MiB/s, -Transferred:   	    2.492 GiB / 2.492 GiB, 100%, 19.924 MiB/s, ETA 0s
Transferred:            0 / 1, 0%
Elapsed time:       2m2.0s
Transferring:
 *   aicup_esg2026_submit_artifacts.zip.part-008:  0% / off, 20.178 MiB/s, -Transferred:   	    2.500 GiB / 2.500 GiB, 100%, 20.178 MiB/s, ETA 0s
Transferred:            0 / 1, 0%
Elapsed time:       2m2.5s
Transferring:
 *   aicup_esg2026_submit_artifacts.zip.part-008:  0% / off, 20.178 MiB/s, -Transferred:   	    2.516 GiB / 2.516 GiB, 100%, 20.178 MiB/s, ETA 0s
Transferred:            0 / 1, 0%
Elapsed time:       2m3.0s
Transferring:
 *   aicup_esg2026_submit_artifacts.zip.part-008:  0% / off, 20.417 MiB/s, -Transferred:   	    2.523 GiB / 2.523 GiB, 100%, 20.417 MiB/s, ETA 0s
Transferred:            0 / 1, 0%
Elapsed time:       2m3.5s
Transferring:
 *   aicup_esg2026_submit_artifacts.zip.part-008:  0% / off, 20.417 MiB/s, -Transferred:   	    2.531 GiB / 2.531 GiB, 100%, 20.417 MiB/s, ETA 0s
Transferred:            0 / 1, 0%
Elapsed time:       2m4.0s
Transferring:
 *   aicup_esg2026_submit_artifacts.zip.part-008:  0% / off, 20.417 MiB/s, -Transferred:   	    2.547 GiB / 2.547 GiB, 100%, 20.141 MiB/s, ETA 0s
Transferred:            0 / 1, 0%
Elapsed time:       2m4.5s
Transferring:
 *   aicup_esg2026_submit_artifacts.zip.part-008:  0% / off, 20.141 MiB/s, -Transferred:   	    2.555 GiB / 2.555 GiB, 100%, 20.141 MiB/s, ETA 0s
Transferred:            0 / 1, 0%
Elapsed time:       2m5.0s
Transferring:
 *   aicup_esg2026_submit_artifacts.zip.part-008:  0% / off, 20.141 MiB/s, -Transferred:   	    2.562 GiB / 2.562 GiB, 100%, 20.382 MiB/s, ETA 0s
Transferred:            0 / 1, 0%
Elapsed time:       2m5.5s
Transferring:
 *   aicup_esg2026_submit_artifacts.zip.part-008:  0% / off, 20.382 MiB/s, -Transferred:   	    2.578 GiB / 2.578 GiB, 100%, 20.382 MiB/s, ETA 0s
Transferred:            0 / 1, 0%
Elapsed time:       2m6.0s
Transferring:
 *   aicup_esg2026_submit_artifacts.zip.part-008:  0% / off, 20.608 MiB/s, -Transferred:   	    2.586 GiB / 2.586 GiB, 100%, 20.608 MiB/s, ETA 0s
Transferred:            0 / 1, 0%
Elapsed time:       2m6.5s
Transferring:
 *   aicup_esg2026_submit_artifacts.zip.part-008:  0% / off, 20.608 MiB/s, -Transferred:   	    2.594 GiB / 2.594 GiB, 100%, 20.608 MiB/s, ETA 0s
Transferred:            0 / 1, 0%
Elapsed time:       2m7.0s
Transferring:
 *   aicup_esg2026_submit_artifacts.zip.part-008:  0% / off, 20.320 MiB/s, -Transferred:   	    2.609 GiB / 2.609 GiB, 100%, 20.320 MiB/s, ETA 0s
Transferred:            0 / 1, 0%
Elapsed time:       2m7.5s
Transferring:
 *   aicup_esg2026_submit_artifacts.zip.part-008:  0% / off, 20.320 MiB/s, -Transferred:   	    2.617 GiB / 2.617 GiB, 100%, 20.320 MiB/s, ETA 0s
Transferred:            0 / 1, 0%
Elapsed time:       2m8.0s
Transferring:
 *   aicup_esg2026_submit_artifacts.zip.part-008:  0% / off, 20.550 MiB/s, -Transferred:   	    2.629 GiB / 2.629 GiB, 100%, 20.550 MiB/s, ETA 0s
Transferred:            0 / 1, 0%
Elapsed time:       2m8.5s
Transferring:
 *   aicup_esg2026_submit_artifacts.zip.part-008:  0% / off, 20.550 MiB/s, -Transferred:   	    2.641 GiB / 2.641 GiB, 100%, 20.550 MiB/s, ETA 0s
Transferred:            0 / 1, 0%
Elapsed time:       2m9.0s
Transferring:
 *   aicup_esg2026_submit_artifacts.zip.part-008:  0% / off, 20.766 MiB/s, -Transferred:   	    2.648 GiB / 2.648 GiB, 100%, 20.766 MiB/s, ETA 0s
Transferred:            0 / 1, 0%
Elapsed time:       2m9.5s
Transferring:
 *   aicup_esg2026_submit_artifacts.zip.part-008:  0% / off, 20.766 MiB/s, -Transferred:   	    2.657 GiB / 2.657 GiB, 100%, 20.766 MiB/s, ETA 0s
Transferred:            0 / 1, 0%
Elapsed time:      2m10.0s
Transferring:
 *   aicup_esg2026_submit_artifacts.zip.part-008:  0% / off, 20.530 MiB/s, -Transferred:   	    2.672 GiB / 2.672 GiB, 100%, 20.530 MiB/s, ETA 0s
Transferred:            0 / 1, 0%
Elapsed time:      2m10.5s
Transferring:
 *   aicup_esg2026_submit_artifacts.zip.part-008:  0% / off, 20.530 MiB/s, -Transferred:   	    2.680 GiB / 2.680 GiB, 100%, 20.530 MiB/s, ETA 0s
Transferred:            0 / 1, 0%
Elapsed time:      2m11.0s
Transferring:
 *   aicup_esg2026_submit_artifacts.zip.part-008:  0% / off, 20.530 MiB/s, -Transferred:   	    2.695 GiB / 2.695 GiB, 100%, 20.685 MiB/s, ETA 0s
Transferred:            0 / 1, 0%
Elapsed time:      2m11.5s
Transferring:
 *   aicup_esg2026_submit_artifacts.zip.part-008:  0% / off, 20.685 MiB/s, -Transferred:   	    2.703 GiB / 2.703 GiB, 100%, 20.685 MiB/s, ETA 0s
Transferred:            0 / 1, 0%
Elapsed time:      2m12.0s
Transferring:
 *   aicup_esg2026_submit_artifacts.zip.part-008:  0% / off, 20.892 MiB/s, -Transferred:   	    2.711 GiB / 2.711 GiB, 100%, 20.892 MiB/s, ETA 0s
Transferred:            0 / 1, 0%
Elapsed time:      2m12.5s
Transferring:
 *   aicup_esg2026_submit_artifacts.zip.part-008:  0% / off, 20.892 MiB/s, -Transferred:   	    2.727 GiB / 2.727 GiB, 100%, 21.086 MiB/s, ETA 0s
Transferred:            0 / 1, 0%
Elapsed time:      2m13.0s
Transferring:
 *   aicup_esg2026_submit_artifacts.zip.part-008:  0% / off, 21.086 MiB/s, -Transferred:   	    2.734 GiB / 2.734 GiB, 100%, 21.086 MiB/s, ETA 0s
Transferred:            0 / 1, 0%
Elapsed time:      2m13.5s
Transferring:
 *   aicup_esg2026_submit_artifacts.zip.part-008:  0% / off, 21.086 MiB/s, -Transferred:   	    2.742 GiB / 2.742 GiB, 100%, 20.769 MiB/s, ETA 0s
Transferred:            0 / 1, 0%
Elapsed time:      2m14.0s
Transferring:
 *   aicup_esg2026_submit_artifacts.zip.part-008:  0% / off, 20.769 MiB/s, -Transferred:   	    2.758 GiB / 2.758 GiB, 100%, 20.769 MiB/s, ETA 0s
Transferred:            0 / 1, 0%
Elapsed time:      2m14.5s
Transferring:
 *   aicup_esg2026_submit_artifacts.zip.part-008:  0% / off, 20.769 MiB/s, -Transferred:   	    2.766 GiB / 2.766 GiB, 100%, 20.769 MiB/s, ETA 0s
Transferred:            0 / 1, 0%
Elapsed time:      2m15.0s
Transferring:
 *   aicup_esg2026_submit_artifacts.zip.part-008:  0% / off, 20.769 MiB/s, -Transferred:   	    2.773 GiB / 2.773 GiB, 100%, 20.970 MiB/s, ETA 0s
Transferred:            0 / 1, 0%
Elapsed time:      2m15.5s
Transferring:
 *   aicup_esg2026_submit_artifacts.zip.part-008:  0% / off, 20.970 MiB/s, -Transferred:   	    2.781 GiB / 2.781 GiB, 100%, 20.970 MiB/s, ETA 0s
Transferred:            0 / 1, 0%
Elapsed time:      2m16.0s
Transferring:
 *   aicup_esg2026_submit_artifacts.zip.part-008:  0% / off, 20.660 MiB/s, -Transferred:   	    2.797 GiB / 2.797 GiB, 100%, 20.660 MiB/s, ETA 0s
Transferred:            0 / 1, 0%
Elapsed time:      2m16.5s
Transferring:
 *   aicup_esg2026_submit_artifacts.zip.part-008:  0% / off, 20.660 MiB/s, -Transferred:   	    2.805 GiB / 2.805 GiB, 100%, 20.660 MiB/s, ETA 0s
Transferred:            0 / 1, 0%
Elapsed time:      2m17.0s
Transferring:
 *   aicup_esg2026_submit_artifacts.zip.part-008:  0% / off, 20.869 MiB/s, -Transferred:   	    2.812 GiB / 2.812 GiB, 100%, 20.869 MiB/s, ETA 0s
Transferred:            0 / 1, 0%
Elapsed time:      2m17.5s
Transferring:
 *   aicup_esg2026_submit_artifacts.zip.part-008:  0% / off, 20.869 MiB/s, -Transferred:   	    2.820 GiB / 2.820 GiB, 100%, 20.869 MiB/s, ETA 0s
Transferred:            0 / 1, 0%
Elapsed time:      2m18.0s
Transferring:
 *   aicup_esg2026_submit_artifacts.zip.part-008:  0% / off, 20.564 MiB/s, -Transferred:   	    2.836 GiB / 2.836 GiB, 100%, 20.564 MiB/s, ETA 0s
Transferred:            0 / 1, 0%
Elapsed time:      2m18.5s
Transferring:
 *   aicup_esg2026_submit_artifacts.zip.part-008:  0% / off, 20.564 MiB/s, -Transferred:   	    2.844 GiB / 2.844 GiB, 100%, 20.564 MiB/s, ETA 0s
Transferred:            0 / 1, 0%
Elapsed time:      2m19.0s
Transferring:
 *   aicup_esg2026_submit_artifacts.zip.part-008:  0% / off, 20.779 MiB/s, -Transferred:   	    2.852 GiB / 2.852 GiB, 100%, 20.779 MiB/s, ETA 0s
Transferred:            0 / 1, 0%
Elapsed time:      2m19.5s
Transferring:
 *   aicup_esg2026_submit_artifacts.zip.part-008:  0% / off, 20.779 MiB/s, -Transferred:   	    2.859 GiB / 2.859 GiB, 100%, 20.779 MiB/s, ETA 0s
Transferred:            0 / 1, 0%
Elapsed time:      2m20.0s
Transferring:
 *   aicup_esg2026_submit_artifacts.zip.part-008:  0% / off, 20.779 MiB/s, -Transferred:   	    2.875 GiB / 2.875 GiB, 100%, 20.480 MiB/s, ETA 0s
Transferred:            0 / 1, 0%
Elapsed time:      2m20.5s
Transferring:
 *   aicup_esg2026_submit_artifacts.zip.part-008:  0% / off, 20.480 MiB/s, -Transferred:   	    2.883 GiB / 2.883 GiB, 100%, 20.480 MiB/s, ETA 0s
Transferred:            0 / 1, 0%
Elapsed time:      2m21.0s
Transferring:
 *   aicup_esg2026_submit_artifacts.zip.part-008:  0% / off, 20.700 MiB/s, -Transferred:   	    2.891 GiB / 2.891 GiB, 100%, 20.700 MiB/s, ETA 0s
Transferred:            0 / 1, 0%
Elapsed time:      2m21.5s
Transferring:
 *   aicup_esg2026_submit_artifacts.zip.part-008:  0% / off, 20.700 MiB/s, -Transferred:   	    2.906 GiB / 2.906 GiB, 100%, 20.907 MiB/s, ETA 0s
Transferred:            0 / 1, 0%
Elapsed time:      2m22.0s
Transferring:
 *   aicup_esg2026_submit_artifacts.zip.part-008:  0% / off, 20.906 MiB/s, -Transferred:   	    2.914 GiB / 2.914 GiB, 100%, 20.907 MiB/s, ETA 0s
Transferred:            0 / 1, 0%
Elapsed time:      2m22.5s
Transferring:
 *   aicup_esg2026_submit_artifacts.zip.part-008:  0% / off, 20.906 MiB/s, -Transferred:   	    2.922 GiB / 2.922 GiB, 100%, 20.907 MiB/s, ETA 0s
Transferred:            0 / 1, 0%
Elapsed time:      2m23.0s
Transferring:
 *   aicup_esg2026_submit_artifacts.zip.part-008:  0% / off, 20.906 MiB/s, -Transferred:   	    2.930 GiB / 2.930 GiB, 100%, 20.600 MiB/s, ETA 0s
Transferred:            0 / 1, 0%
Elapsed time:      2m23.5s
Transferring:
 *   aicup_esg2026_submit_artifacts.zip.part-008:  0% / off, 20.600 MiB/s, -Transferred:   	    2.945 GiB / 2.945 GiB, 100%, 20.600 MiB/s, ETA 0s
Transferred:            0 / 1, 0%
Elapsed time:      2m24.0s
Transferring:
 *   aicup_esg2026_submit_artifacts.zip.part-008:  0% / off, 20.812 MiB/s, -Transferred:   	    2.953 GiB / 2.953 GiB, 100%, 20.812 MiB/s, ETA 0s
Transferred:            0 / 1, 0%
Elapsed time:      2m24.5s
Transferring:
 *   aicup_esg2026_submit_artifacts.zip.part-008:  0% / off, 20.812 MiB/s, -Transferred:   	    2.969 GiB / 2.969 GiB, 100%, 20.812 MiB/s, ETA 0s
Transferred:            0 / 1, 0%
Elapsed time:      2m25.0s
Transferring:
 *   aicup_esg2026_submit_artifacts.zip.part-008:  0% / off, 21.012 MiB/s, -Transferred:   	    2.977 GiB / 2.977 GiB, 100%, 21.012 MiB/s, ETA 0s
Transferred:            0 / 1, 0%
Elapsed time:      2m25.5s
Transferring:
 *   aicup_esg2026_submit_artifacts.zip.part-008:  0% / off, 21.012 MiB/s, -Transferred:   	    2.984 GiB / 2.984 GiB, 100%, 20.698 MiB/s, ETA 0s
Transferred:            0 / 1, 0%
Elapsed time:      2m26.0s
Transferring:
 *   aicup_esg2026_submit_artifacts.zip.part-008:  0% / off, 20.698 MiB/s, -Transferred:   	        3 GiB / 3 GiB, 100%, 20.698 MiB/s, ETA 0s
Transferred:            0 / 1, 0%
Elapsed time:      2m26.5s
Transferring:
 *   aicup_esg2026_submit_artifacts.zip.part-008:  0% / off, 20.698 MiB/s, -Transferred:   	    3.008 GiB / 3.008 GiB, 100%, 20.698 MiB/s, ETA 0s
Transferred:            0 / 1, 0%
Elapsed time:      2m27.0s
Transferring:
 *   aicup_esg2026_submit_artifacts.zip.part-008:  0% / off, 20.905 MiB/s, -Transferred:   	    3.016 GiB / 3.016 GiB, 100%, 20.905 MiB/s, ETA 0s
Transferred:            0 / 1, 0%
Elapsed time:      2m27.5s
Transferring:
 *   aicup_esg2026_submit_artifacts.zip.part-008:  0% / off, 20.905 MiB/s, -Transferred:   	    3.031 GiB / 3.031 GiB, 100%, 21.098 MiB/s, ETA 0s
Transferred:            0 / 1, 0%
Elapsed time:      2m28.0s
Transferring:
 *   aicup_esg2026_submit_artifacts.zip.part-008:  0% / off, 21.098 MiB/s, -Transferred:   	    3.039 GiB / 3.039 GiB, 100%, 21.098 MiB/s, ETA 0s
Transferred:            0 / 1, 0%
Elapsed time:      2m28.5s
Transferring:
 *   aicup_esg2026_submit_artifacts.zip.part-008:  0% / off, 21.098 MiB/s, -Transferred:   	    3.047 GiB / 3.047 GiB, 100%, 21.098 MiB/s, ETA 0s
Transferred:            0 / 1, 0%
Elapsed time:      2m29.0s
Transferring:
 *   aicup_esg2026_submit_artifacts.zip.part-008:  0% / off, 20.780 MiB/s, -Transferred:   	    3.056 GiB / 3.056 GiB, 100%, 20.780 MiB/s, ETA 0s
Transferred:            0 / 1, 0%
Elapsed time:      2m29.5s
Transferring:
 *   aicup_esg2026_submit_artifacts.zip.part-008:  0% / off, 20.780 MiB/s, -Transferred:   	    3.070 GiB / 3.070 GiB, 100%, 20.981 MiB/s, ETA 0s
Transferred:            0 / 1, 0%
Elapsed time:      2m30.0s
Transferring:
 *   aicup_esg2026_submit_artifacts.zip.part-008:  0% / off, 20.981 MiB/s, -Transferred:   	    3.078 GiB / 3.078 GiB, 100%, 20.981 MiB/s, ETA 0s
Transferred:            0 / 1, 0%
Elapsed time:      2m30.5s
Transferring:
 *   aicup_esg2026_submit_artifacts.zip.part-008:  0% / off, 20.981 MiB/s, -Transferred:   	    3.086 GiB / 3.086 GiB, 100%, 20.981 MiB/s, ETA 0s
Transferred:            0 / 1, 0%
Elapsed time:      2m31.0s
Transferring:
 *   aicup_esg2026_submit_artifacts.zip.part-008:  0% / off, 20.670 MiB/s, -Transferred:   	    3.102 GiB / 3.102 GiB, 100%, 20.670 MiB/s, ETA 0s
Transferred:            0 / 1, 0%
Elapsed time:      2m31.5s
Transferring:
 *   aicup_esg2026_submit_artifacts.zip.part-008:  0% / off, 20.670 MiB/s, -Transferred:   	    3.109 GiB / 3.109 GiB, 100%, 20.670 MiB/s, ETA 0s
Transferred:            0 / 1, 0%
Elapsed time:      2m32.0s
Transferring:
 *   aicup_esg2026_submit_artifacts.zip.part-008:  0% / off, 20.878 MiB/s, -Transferred:   	    3.125 GiB / 3.125 GiB, 100%, 20.878 MiB/s, ETA 0s
Transferred:            0 / 1, 0%
Elapsed time:      2m32.5s
Transferring:
 *   aicup_esg2026_submit_artifacts.zip.part-008:  0% / off, 20.878 MiB/s, -Transferred:   	    3.133 GiB / 3.133 GiB, 100%, 20.878 MiB/s, ETA 0s
Transferred:            0 / 1, 0%
Elapsed time:      2m33.0s
Transferring:
 *   aicup_esg2026_submit_artifacts.zip.part-008:  0% / off, 21.073 MiB/s, -Transferred:   	    3.143 GiB / 3.143 GiB, 100%, 21.073 MiB/s, ETA 0s
Transferred:            0 / 1, 0%
Elapsed time:      2m33.5s
Transferring:
 *   aicup_esg2026_submit_artifacts.zip.part-008:  0% / off, 21.073 MiB/s, -Transferred:   	    3.156 GiB / 3.156 GiB, 100%, 21.256 MiB/s, ETA 0s
Transferred:            0 / 1, 0%
Elapsed time:      2m34.0s
Transferring:
 *   aicup_esg2026_submit_artifacts.zip.part-008:  0% / off, 21.256 MiB/s, -Transferred:   	    3.164 GiB / 3.164 GiB, 100%, 21.256 MiB/s, ETA 0s
Transferred:            0 / 1, 0%
Elapsed time:      2m34.5s
Transferring:
 *   aicup_esg2026_submit_artifacts.zip.part-008:  0% / off, 21.256 MiB/s, -Transferred:   	    3.180 GiB / 3.180 GiB, 100%, 21.256 MiB/s, ETA 0s
Transferred:            0 / 1, 0%
Elapsed time:      2m35.0s
Transferring:
 *   aicup_esg2026_submit_artifacts.zip.part-008:  0% / off, 21.256 MiB/s, -Transferred:   	    3.188 GiB / 3.188 GiB, 100%, 21.427 MiB/s, ETA 0s
Transferred:            0 / 1, 0%
Elapsed time:      2m35.5s
Transferring:
 *   aicup_esg2026_submit_artifacts.zip.part-008:  0% / off, 21.427 MiB/s, -Transferred:   	    3.195 GiB / 3.195 GiB, 100%, 21.427 MiB/s, ETA 0s
Transferred:            0 / 1, 0%
Elapsed time:      2m36.0s
Transferring:
 *   aicup_esg2026_submit_artifacts.zip.part-008:  0% / off, 21.088 MiB/s, -Transferred:   	    3.203 GiB / 3.203 GiB, 100%, 21.088 MiB/s, ETA 0s
Transferred:            0 / 1, 0%
Elapsed time:      2m36.5s
Transferring:
 *   aicup_esg2026_submit_artifacts.zip.part-008:  0% / off, 21.088 MiB/s, -Transferred:   	    3.219 GiB / 3.219 GiB, 100%, 21.088 MiB/s, ETA 0s
Transferred:            0 / 1, 0%
Elapsed time:      2m37.0s
Transferring:
 *   aicup_esg2026_submit_artifacts.zip.part-008:  0% / off, 21.270 MiB/s, -Transferred:   	    3.227 GiB / 3.227 GiB, 100%, 21.270 MiB/s, ETA 0s
Transferred:            0 / 1, 0%
Elapsed time:      2m37.5s
Transferring:
 *   aicup_esg2026_submit_artifacts.zip.part-008:  0% / off, 21.270 MiB/s, -Transferred:   	    3.234 GiB / 3.234 GiB, 100%, 21.270 MiB/s, ETA 0s
Transferred:            0 / 1, 0%
Elapsed time:      2m38.0s
Transferring:
 *   aicup_esg2026_submit_artifacts.zip.part-008:  0% / off, 20.941 MiB/s, -Transferred:   	    3.250 GiB / 3.250 GiB, 100%, 20.941 MiB/s, ETA 0s
Transferred:            0 / 1, 0%
Elapsed time:      2m38.5s
Transferring:
 *   aicup_esg2026_submit_artifacts.zip.part-008:  0% / off, 20.941 MiB/s, -Transferred:   	    3.258 GiB / 3.258 GiB, 100%, 20.941 MiB/s, ETA 0s
Transferred:            0 / 1, 0%
Elapsed time:      2m39.0s
Transferring:
 *   aicup_esg2026_submit_artifacts.zip.part-008:  0% / off, 21.132 MiB/s, -Transferred:   	    3.273 GiB / 3.273 GiB, 100%, 21.132 MiB/s, ETA 0s
Transferred:            0 / 1, 0%
Elapsed time:      2m39.5s
Transferring:
 *   aicup_esg2026_submit_artifacts.zip.part-008:  0% / off, 21.132 MiB/s, -Transferred:   	    3.281 GiB / 3.281 GiB, 100%, 21.132 MiB/s, ETA 0s
Transferred:            0 / 1, 0%
Elapsed time:      2m40.0s
Transferring:
 *   aicup_esg2026_submit_artifacts.zip.part-008:  0% / off, 21.132 MiB/s, -Transferred:   	    3.289 GiB / 3.289 GiB, 100%, 21.311 MiB/s, ETA 0s
Transferred:            0 / 1, 0%
Elapsed time:      2m40.5s
Transferring:
 *   aicup_esg2026_submit_artifacts.zip.part-008:  0% / off, 21.311 MiB/s, -Transferred:   	    3.297 GiB / 3.297 GiB, 100%, 21.311 MiB/s, ETA 0s
Transferred:            0 / 1, 0%
Elapsed time:      2m41.0s
Transferring:
 *   aicup_esg2026_submit_artifacts.zip.part-008:  0% / off, 20.979 MiB/s, -Transferred:   	    3.312 GiB / 3.312 GiB, 100%, 20.979 MiB/s, ETA 0s
Transferred:            0 / 1, 0%
Elapsed time:      2m41.5s
Transferring:
 *   aicup_esg2026_submit_artifacts.zip.part-008:  0% / off, 20.979 MiB/s, -Transferred:   	    3.320 GiB / 3.320 GiB, 100%, 20.979 MiB/s, ETA 0s
Transferred:            0 / 1, 0%
Elapsed time:      2m42.0s
Transferring:
 *   aicup_esg2026_submit_artifacts.zip.part-008:  0% / off, 21.168 MiB/s, -Transferred:   	    3.336 GiB / 3.336 GiB, 100%, 21.168 MiB/s, ETA 0s
Transferred:            0 / 1, 0%
Elapsed time:      2m42.5s
Transferring:
 *   aicup_esg2026_submit_artifacts.zip.part-008:  0% / off, 21.168 MiB/s, -Transferred:   	    3.344 GiB / 3.344 GiB, 100%, 21.168 MiB/s, ETA 0s
Transferred:            0 / 1, 0%
Elapsed time:      2m43.0s
Transferring:
 *   aicup_esg2026_submit_artifacts.zip.part-008:  0% / off, 21.345 MiB/s, -Transferred:   	    3.352 GiB / 3.352 GiB, 100%, 21.345 MiB/s, ETA 0s
Transferred:            0 / 1, 0%
Elapsed time:      2m43.5s
Transferring:
 *   aicup_esg2026_submit_artifacts.zip.part-008:  0% / off, 21.345 MiB/s, -Transferred:   	    3.359 GiB / 3.359 GiB, 100%, 21.345 MiB/s, ETA 0s
Transferred:            0 / 1, 0%
Elapsed time:      2m44.0s
Transferring:
 *   aicup_esg2026_submit_artifacts.zip.part-008:  0% / off, 21.345 MiB/s, -Transferred:   	    3.375 GiB / 3.375 GiB, 100%, 21.011 MiB/s, ETA 0s
Transferred:            0 / 1, 0%
Elapsed time:      2m44.5s
Transferring:
 *   aicup_esg2026_submit_artifacts.zip.part-008:  0% / off, 21.011 MiB/s, -Transferred:   	    3.383 GiB / 3.383 GiB, 100%, 21.011 MiB/s, ETA 0s
Transferred:            0 / 1, 0%
Elapsed time:      2m45.0s
Transferring:
 *   aicup_esg2026_submit_artifacts.zip.part-008:  0% / off, 21.198 MiB/s, -Transferred:   	    3.391 GiB / 3.391 GiB, 100%, 21.198 MiB/s, ETA 0s
Transferred:            0 / 1, 0%
Elapsed time:      2m45.5s
Transferring:
 *   aicup_esg2026_submit_artifacts.zip.part-008:  0% / off, 21.198 MiB/s, -Transferred:   	    3.406 GiB / 3.406 GiB, 100%, 21.373 MiB/s, ETA 0s
Transferred:            0 / 1, 0%
Elapsed time:      2m46.0s
Transferring:
 *   aicup_esg2026_submit_artifacts.zip.part-008:  0% / off, 21.373 MiB/s, -Transferred:   	    3.414 GiB / 3.414 GiB, 100%, 21.373 MiB/s, ETA 0s
Transferred:            0 / 1, 0%
Elapsed time:      2m46.5s
Transferring:
 *   aicup_esg2026_submit_artifacts.zip.part-008:  0% / off, 21.373 MiB/s, -Transferred:   	    3.422 GiB / 3.422 GiB, 100%, 21.373 MiB/s, ETA 0s
Transferred:            0 / 1, 0%
Elapsed time:      2m47.0s
Transferring:
 *   aicup_esg2026_submit_artifacts.zip.part-008:  0% / off, 21.037 MiB/s, -Transferred:   	    3.430 GiB / 3.430 GiB, 100%, 21.037 MiB/s, ETA 0s
Transferred:            0 / 1, 0%
Elapsed time:      2m47.5s
Transferring:
 *   aicup_esg2026_submit_artifacts.zip.part-008:  0% / off, 21.037 MiB/s, -Transferred:   	    3.445 GiB / 3.445 GiB, 100%, 21.037 MiB/s, ETA 0s
Transferred:            0 / 1, 0%
Elapsed time:      2m48.0s
Transferring:
 *   aicup_esg2026_submit_artifacts.zip.part-008:  0% / off, 21.222 MiB/s, -Transferred:   	    3.453 GiB / 3.453 GiB, 100%, 21.222 MiB/s, ETA 0s
Transferred:            0 / 1, 0%
Elapsed time:      2m48.5s
Transferring:
 *   aicup_esg2026_submit_artifacts.zip.part-008:  0% / off, 21.222 MiB/s, -Transferred:   	    3.461 GiB / 3.461 GiB, 100%, 20.896 MiB/s, ETA 0s
Transferred:            0 / 1, 0%
Elapsed time:      2m49.0s
Transferring:
 *   aicup_esg2026_submit_artifacts.zip.part-008:  0% / off, 20.896 MiB/s, -Transferred:   	    3.477 GiB / 3.477 GiB, 100%, 20.896 MiB/s, ETA 0s
Transferred:            0 / 1, 0%
Elapsed time:      2m49.5s
Transferring:
 *   aicup_esg2026_submit_artifacts.zip.part-008:  0% / off, 20.896 MiB/s, -Transferred:   	    3.484 GiB / 3.484 GiB, 100%, 20.896 MiB/s, ETA 0s
Transferred:            0 / 1, 0%
Elapsed time:      2m50.0s
Transferring:
 *   aicup_esg2026_submit_artifacts.zip.part-008:  0% / off, 21.090 MiB/s, -Transferred:   	    3.500 GiB / 3.500 GiB, 100%, 21.090 MiB/s, ETA 0s
Transferred:            0 / 1, 0%
Elapsed time:      2m50.5s
Transferring:
 *   aicup_esg2026_submit_artifacts.zip.part-008:  0% / off, 21.090 MiB/s, -Transferred:   	    3.508 GiB / 3.508 GiB, 100%, 21.272 MiB/s, ETA 0s
Transferred:            0 / 1, 0%
Elapsed time:      2m51.0s
Transferring:
 *   aicup_esg2026_submit_artifacts.zip.part-008:  0% / off, 21.272 MiB/s, -Transferred:   	    3.516 GiB / 3.516 GiB, 100%, 21.272 MiB/s, ETA 0s
Transferred:            0 / 1, 0%
Elapsed time:      2m51.5s
Transferring:
 *   aicup_esg2026_submit_artifacts.zip.part-008:  0% / off, 21.272 MiB/s, -Transferred:   	    3.531 GiB / 3.531 GiB, 100%, 21.272 MiB/s, ETA 0s
Transferred:            0 / 1, 0%
Elapsed time:      2m52.0s
Transferring:
 *   aicup_esg2026_submit_artifacts.zip.part-008:  0% / off, 21.442 MiB/s, -Transferred:   	    3.539 GiB / 3.539 GiB, 100%, 21.442 MiB/s, ETA 0s
Transferred:            0 / 1, 0%
Elapsed time:      2m52.5s
Transferring:
 *   aicup_esg2026_submit_artifacts.zip.part-008:  0% / off, 21.442 MiB/s, -Transferred:   	    3.547 GiB / 3.547 GiB, 100%, 21.442 MiB/s, ETA 0s
Transferred:            0 / 1, 0%
Elapsed time:      2m53.0s
Transferring:
 *   aicup_esg2026_submit_artifacts.zip.part-008:  0% / off, 21.442 MiB/s, -Transferred:   	    3.555 GiB / 3.555 GiB, 100%, 21.102 MiB/s, ETA 0s
Transferred:            0 / 1, 0%
Elapsed time:      2m53.5s
Transferring:
 *   aicup_esg2026_submit_artifacts.zip.part-008:  0% / off, 21.102 MiB/s, -Transferred:   	    3.570 GiB / 3.570 GiB, 100%, 21.102 MiB/s, ETA 0s
Transferred:            0 / 1, 0%
Elapsed time:      2m54.0s
Transferring:
 *   aicup_esg2026_submit_artifacts.zip.part-008:  0% / off, 21.283 MiB/s, -Transferred:   	    3.578 GiB / 3.578 GiB, 100%, 21.283 MiB/s, ETA 0s
Transferred:            0 / 1, 0%
Elapsed time:      2m54.5s
Transferring:
 *   aicup_esg2026_submit_artifacts.zip.part-008:  0% / off, 21.283 MiB/s, -Transferred:   	    3.586 GiB / 3.586 GiB, 100%, 20.953 MiB/s, ETA 0s
Transferred:            0 / 1, 0%
Elapsed time:      2m55.0s
Transferring:
 *   aicup_esg2026_submit_artifacts.zip.part-008:  0% / off, 20.953 MiB/s, -Transferred:   	    3.602 GiB / 3.602 GiB, 100%, 20.953 MiB/s, ETA 0s
Transferred:            0 / 1, 0%
Elapsed time:      2m55.5s
Transferring:
 *   aicup_esg2026_submit_artifacts.zip.part-008:  0% / off, 20.953 MiB/s, -Transferred:   	    3.609 GiB / 3.609 GiB, 100%, 20.953 MiB/s, ETA 0s
Transferred:            0 / 1, 0%
Elapsed time:      2m56.0s
Transferring:
 *   aicup_esg2026_submit_artifacts.zip.part-008:  0% / off, 21.143 MiB/s, -Transferred:   	    3.617 GiB / 3.617 GiB, 100%, 21.143 MiB/s, ETA 0s
Transferred:            0 / 1, 0%
Elapsed time:      2m56.5s
Transferring:
 *   aicup_esg2026_submit_artifacts.zip.part-008:  0% / off, 21.143 MiB/s, -Transferred:   	    3.633 GiB / 3.633 GiB, 100%, 21.322 MiB/s, ETA 0s
Transferred:            0 / 1, 0%
Elapsed time:      2m57.0s
Transferring:
 *   aicup_esg2026_submit_artifacts.zip.part-008:  0% / off, 21.322 MiB/s, -Transferred:   	    3.641 GiB / 3.641 GiB, 100%, 21.322 MiB/s, ETA 0s
Transferred:            0 / 1, 0%
Elapsed time:      2m57.5s
Transferring:
 *   aicup_esg2026_submit_artifacts.zip.part-008:  0% / off, 21.322 MiB/s, -Transferred:   	    3.656 GiB / 3.656 GiB, 100%, 21.489 MiB/s, ETA 0s
Transferred:            0 / 1, 0%
Elapsed time:      2m58.0s
Transferring:
 *   aicup_esg2026_submit_artifacts.zip.part-008:  0% / off, 21.489 MiB/s, -Transferred:   	    3.664 GiB / 3.664 GiB, 100%, 21.489 MiB/s, ETA 0s
Transferred:            0 / 1, 0%
Elapsed time:      2m58.5s
Transferring:
 *   aicup_esg2026_submit_artifacts.zip.part-008:  0% / off, 21.489 MiB/s, -Transferred:   	    3.672 GiB / 3.672 GiB, 100%, 21.146 MiB/s, ETA 0s
Transferred:            0 / 1, 0%
Elapsed time:      2m59.0s
Transferring:
 *   aicup_esg2026_submit_artifacts.zip.part-008:  0% / off, 21.146 MiB/s, -Transferred:   	    3.688 GiB / 3.688 GiB, 100%, 21.146 MiB/s, ETA 0s
Transferred:            0 / 1, 0%
Elapsed time:      2m59.5s
Transferring:
 *   aicup_esg2026_submit_artifacts.zip.part-008:  0% / off, 21.146 MiB/s, -Transferred:   	    3.695 GiB / 3.695 GiB, 100%, 21.146 MiB/s, ETA 0s
Transferred:            0 / 1, 0%
Elapsed time:       3m0.0s
Transferring:
 *   aicup_esg2026_submit_artifacts.zip.part-008:  0% / off, 21.325 MiB/s, -Transferred:   	    3.711 GiB / 3.711 GiB, 100%, 21.325 MiB/s, ETA 0s
Transferred:            0 / 1, 0%
Elapsed time:       3m0.5s
Transferring:
 *   aicup_esg2026_submit_artifacts.zip.part-008:  0% / off, 21.325 MiB/s, -Transferred:   	    3.719 GiB / 3.719 GiB, 100%, 21.492 MiB/s, ETA 0s
Transferred:            0 / 1, 0%
Elapsed time:       3m1.0s
Transferring:
 *   aicup_esg2026_submit_artifacts.zip.part-008:  0% / off, 21.492 MiB/s, -Transferred:   	    3.727 GiB / 3.727 GiB, 100%, 21.492 MiB/s, ETA 0s
Transferred:            0 / 1, 0%
Elapsed time:       3m1.5s
Transferring:
 *   aicup_esg2026_submit_artifacts.zip.part-008:  0% / off, 21.492 MiB/s, -Transferred:   	    3.734 GiB / 3.734 GiB, 100%, 21.492 MiB/s, ETA 0s
Transferred:            0 / 1, 0%
Elapsed time:       3m2.0s
Transferring:
 *   aicup_esg2026_submit_artifacts.zip.part-008:  0% / off, 21.149 MiB/s, -Transferred:   	    3.750 GiB / 3.750 GiB, 100%, 21.149 MiB/s, ETA 0s
Transferred:            0 / 1, 0%
Elapsed time:       3m2.5s
Transferring:
 *   aicup_esg2026_submit_artifacts.zip.part-008:  0% / off, 21.149 MiB/s, -Transferred:   	    3.758 GiB / 3.758 GiB, 100%, 21.149 MiB/s, ETA 0s
Transferred:            0 / 1, 0%
Elapsed time:       3m3.0s
Transferring:
 *   aicup_esg2026_submit_artifacts.zip.part-008:  0% / off, 21.327 MiB/s, -Transferred:   	    3.766 GiB / 3.766 GiB, 100%, 21.327 MiB/s, ETA 0s
Transferred:            0 / 1, 0%
Elapsed time:       3m3.5s
Transferring:
 *   aicup_esg2026_submit_artifacts.zip.part-008:  0% / off, 21.327 MiB/s, -Transferred:   	    3.781 GiB / 3.781 GiB, 100%, 21.327 MiB/s, ETA 0s
Transferred:            0 / 1, 0%
Elapsed time:       3m4.0s
Transferring:
 *   aicup_esg2026_submit_artifacts.zip.part-008:  0% / off, 21.494 MiB/s, -Transferred:   	    3.789 GiB / 3.789 GiB, 100%, 21.494 MiB/s, ETA 0s
Transferred:            0 / 1, 0%
Elapsed time:       3m4.5s
Transferring:
 *   aicup_esg2026_submit_artifacts.zip.part-008:  0% / off, 21.494 MiB/s, -Transferred:   	    3.797 GiB / 3.797 GiB, 100%, 21.151 MiB/s, ETA 0s
Transferred:            0 / 1, 0%
Elapsed time:       3m5.0s
Transferring:
 *   aicup_esg2026_submit_artifacts.zip.part-008:  0% / off, 21.151 MiB/s, -Transferred:   	    3.805 GiB / 3.805 GiB, 100%, 21.151 MiB/s, ETA 0s
Transferred:            0 / 1, 0%
Elapsed time:       3m5.5s
Transferring:
 *   aicup_esg2026_submit_artifacts.zip.part-008:  0% / off, 21.151 MiB/s, -Transferred:   	    3.809 GiB / 3.809 GiB, 100%, 20.579 MiB/s, ETA 0s
Transferred:            0 / 1, 0%
Elapsed time:       3m6.0s
Transferring:
 *   aicup_esg2026_submit_artifacts.zip.part-008:  0% / off, 20.579 MiB/s, -Transferred:   	    3.809 GiB / 3.809 GiB, 100%, 20.579 MiB/s, ETA 0s
Transferred:            0 / 1, 0%
Elapsed time:       3m6.5s
Transferring:
 *   aicup_esg2026_submit_artifacts.zip.part-008:  0% / off, 20.579 MiB/s, -Transferred:   	    3.809 GiB / 3.809 GiB, 100%, 20.579 MiB/s, ETA 0s
Transferred:            0 / 1, 0%
Elapsed time:       3m7.0s
Transferring:
 *   aicup_esg2026_submit_artifacts.zip.part-008:  0% / off, 19.292 MiB/s, -Transferred:   	    3.809 GiB / 3.809 GiB, 100%, 19.292 MiB/s, ETA 0s
Transferred:            1 / 1, 100%
Elapsed time:       3m7.3s
### verified aicup_esg2026_submit_artifacts.zip.part-008 (4089446400 bytes)
