### part 4/9 attempt 1/4 expected=4089446400
### uploading aicup_esg2026_submit_artifacts.zip.part-004
Transferred:   	      100 KiB / 100 KiB, 100%, 0 B/s, ETA -
Transferred:            0 / 1, 0%
Elapsed time:         0.5s
Transferring:
 *   aicup_esg2026_submit_artifacts.zip.part-004:  0% / off, 0 B/s, -Transferred:   	      100 KiB / 100 KiB, 100%, 0 B/s, ETA -
Transferred:            0 / 1, 0%
Elapsed time:         1.0s
Transferring:
 *   aicup_esg2026_submit_artifacts.zip.part-004:  0% / off, 99.988 KiB/s, -Transferred:   	       16 MiB / 16 MiB, 100%, 99.993 KiB/s, ETA 0s
Transferred:            0 / 1, 0%
Elapsed time:         1.5s
Transferring:
 *   aicup_esg2026_submit_artifacts.zip.part-004:  0% / off, 99.988 KiB/s, -Transferred:   	       24 MiB / 24 MiB, 100%, 12.000 MiB/s, ETA 0s
Transferred:            0 / 1, 0%
Elapsed time:         2.0s
Transferring:
 *   aicup_esg2026_submit_artifacts.zip.part-004:  0% / off, 12.000 MiB/s, -Transferred:   	       32 MiB / 32 MiB, 100%, 12.000 MiB/s, ETA 0s
Transferred:            0 / 1, 0%
Elapsed time:         2.5s
Transferring:
 *   aicup_esg2026_submit_artifacts.zip.part-004:  0% / off, 12.000 MiB/s, -Transferred:   	   42.996 MiB / 42.996 MiB, 100%, 14.332 MiB/s, ETA 0s
Transferred:            0 / 1, 0%
Elapsed time:         3.0s
Transferring:
 *   aicup_esg2026_submit_artifacts.zip.part-004:  0% / off, 14.332 MiB/s, -Transferred:   	       56 MiB / 56 MiB, 100%, 14.332 MiB/s, ETA 0s
Transferred:            0 / 1, 0%
Elapsed time:         3.5s
Transferring:
 *   aicup_esg2026_submit_artifacts.zip.part-004:  0% / off, 14.332 MiB/s, -Transferred:   	       64 MiB / 64 MiB, 100%, 16.000 MiB/s, ETA 0s
Transferred:            0 / 1, 0%
Elapsed time:         4.0s
Transferring:
 *   aicup_esg2026_submit_artifacts.zip.part-004:  0% / off, 16.000 MiB/s, -Transferred:   	       72 MiB / 72 MiB, 100%, 16.000 MiB/s, ETA 0s
Transferred:            0 / 1, 0%
Elapsed time:         4.5s
Transferring:
 *   aicup_esg2026_submit_artifacts.zip.part-004:  0% / off, 16.000 MiB/s, -Transferred:   	       88 MiB / 88 MiB, 100%, 17.600 MiB/s, ETA 0s
Transferred:            0 / 1, 0%
Elapsed time:         5.0s
Transferring:
 *   aicup_esg2026_submit_artifacts.zip.part-004:  0% / off, 17.600 MiB/s, -Transferred:   	       96 MiB / 96 MiB, 100%, 17.600 MiB/s, ETA 0s
Transferred:            0 / 1, 0%
Elapsed time:         5.5s
Transferring:
 *   aicup_esg2026_submit_artifacts.zip.part-004:  0% / off, 17.600 MiB/s, -Transferred:   	      104 MiB / 104 MiB, 100%, 17.333 MiB/s, ETA 0s
Transferred:            0 / 1, 0%
Elapsed time:         6.0s
Transferring:
 *   aicup_esg2026_submit_artifacts.zip.part-004:  0% / off, 17.333 MiB/s, -Transferred:   	      112 MiB / 112 MiB, 100%, 17.333 MiB/s, ETA 0s
Transferred:            0 / 1, 0%
Elapsed time:         6.5s
Transferring:
 *   aicup_esg2026_submit_artifacts.zip.part-004:  0% / off, 17.333 MiB/s, -Transferred:   	      128 MiB / 128 MiB, 100%, 18.286 MiB/s, ETA 0s
Transferred:            0 / 1, 0%
Elapsed time:         7.0s
Transferring:
 *   aicup_esg2026_submit_artifacts.zip.part-004:  0% / off, 18.286 MiB/s, -Transferred:   	  137.996 MiB / 137.996 MiB, 100%, 18.286 MiB/s, ETA 0s
Transferred:            0 / 1, 0%
Elapsed time:         7.5s
Transferring:
 *   aicup_esg2026_submit_artifacts.zip.part-004:  0% / off, 18.286 MiB/s, -Transferred:   	      152 MiB / 152 MiB, 100%, 18.286 MiB/s, ETA 0s
Transferred:            0 / 1, 0%
Elapsed time:         8.0s
Transferring:
 *   aicup_esg2026_submit_artifacts.zip.part-004:  0% / off, 19.000 MiB/s, -Transferred:   	      160 MiB / 160 MiB, 100%, 19.000 MiB/s, ETA 0s
Transferred:            0 / 1, 0%
Elapsed time:         8.5s
Transferring:
 *   aicup_esg2026_submit_artifacts.zip.part-004:  0% / off, 19.000 MiB/s, -Transferred:   	      176 MiB / 176 MiB, 100%, 19.000 MiB/s, ETA 0s
Transferred:            0 / 1, 0%
Elapsed time:         9.0s
Transferring:
 *   aicup_esg2026_submit_artifacts.zip.part-004:  0% / off, 19.000 MiB/s, -Transferred:   	      184 MiB / 184 MiB, 100%, 19.556 MiB/s, ETA 0s
Transferred:            0 / 1, 0%
Elapsed time:         9.5s
Transferring:
 *   aicup_esg2026_submit_artifacts.zip.part-004:  0% / off, 19.556 MiB/s, -Transferred:   	      192 MiB / 192 MiB, 100%, 19.556 MiB/s, ETA 0s
Transferred:            0 / 1, 0%
Elapsed time:        10.0s
Transferring:
 *   aicup_esg2026_submit_artifacts.zip.part-004:  0% / off, 19.200 MiB/s, -Transferred:   	      208 MiB / 208 MiB, 100%, 19.200 MiB/s, ETA 0s
Transferred:            0 / 1, 0%
Elapsed time:        10.5s
Transferring:
 *   aicup_esg2026_submit_artifacts.zip.part-004:  0% / off, 19.200 MiB/s, -Transferred:   	      216 MiB / 216 MiB, 100%, 19.200 MiB/s, ETA 0s
Transferred:            0 / 1, 0%
Elapsed time:        11.0s
Transferring:
 *   aicup_esg2026_submit_artifacts.zip.part-004:  0% / off, 19.636 MiB/s, -Transferred:   	      224 MiB / 224 MiB, 100%, 19.636 MiB/s, ETA 0s
Transferred:            0 / 1, 0%
Elapsed time:        11.5s
Transferring:
 *   aicup_esg2026_submit_artifacts.zip.part-004:  0% / off, 19.636 MiB/s, -Transferred:   	      232 MiB / 232 MiB, 100%, 19.636 MiB/s, ETA 0s
Transferred:            0 / 1, 0%
Elapsed time:        12.0s
Transferring:
 *   aicup_esg2026_submit_artifacts.zip.part-004:  0% / off, 19.333 MiB/s, -Transferred:   	      248 MiB / 248 MiB, 100%, 19.333 MiB/s, ETA 0s
Transferred:            0 / 1, 0%
Elapsed time:        12.5s
Transferring:
 *   aicup_esg2026_submit_artifacts.zip.part-004:  0% / off, 19.333 MiB/s, -Transferred:   	      264 MiB / 264 MiB, 100%, 20.308 MiB/s, ETA 0s
Transferred:            0 / 1, 0%
Elapsed time:        13.0s
Transferring:
 *   aicup_esg2026_submit_artifacts.zip.part-004:  0% / off, 20.308 MiB/s, -Transferred:   	      272 MiB / 272 MiB, 100%, 20.308 MiB/s, ETA 0s
Transferred:            0 / 1, 0%
Elapsed time:        13.5s
Transferring:
 *   aicup_esg2026_submit_artifacts.zip.part-004:  0% / off, 20.308 MiB/s, -Transferred:   	      280 MiB / 280 MiB, 100%, 20.000 MiB/s, ETA 0s
Transferred:            0 / 1, 0%
Elapsed time:        14.0s
Transferring:
 *   aicup_esg2026_submit_artifacts.zip.part-004:  0% / off, 20.000 MiB/s, -Transferred:   	      296 MiB / 296 MiB, 100%, 20.000 MiB/s, ETA 0s
Transferred:            0 / 1, 0%
Elapsed time:        14.5s
Transferring:
 *   aicup_esg2026_submit_artifacts.zip.part-004:  0% / off, 20.000 MiB/s, -Transferred:   	      304 MiB / 304 MiB, 100%, 20.000 MiB/s, ETA 0s
Transferred:            0 / 1, 0%
Elapsed time:        15.0s
Transferring:
 *   aicup_esg2026_submit_artifacts.zip.part-004:  0% / off, 20.267 MiB/s, -Transferred:   	      312 MiB / 312 MiB, 100%, 20.267 MiB/s, ETA 0s
Transferred:            0 / 1, 0%
Elapsed time:        15.5s
Transferring:
 *   aicup_esg2026_submit_artifacts.zip.part-004:  0% / off, 20.267 MiB/s, -Transferred:   	      320 MiB / 320 MiB, 100%, 20.267 MiB/s, ETA 0s
Transferred:            0 / 1, 0%
Elapsed time:        16.0s
Transferring:
 *   aicup_esg2026_submit_artifacts.zip.part-004:  0% / off, 20.000 MiB/s, -Transferred:   	      336 MiB / 336 MiB, 100%, 20.000 MiB/s, ETA 0s
Transferred:            0 / 1, 0%
Elapsed time:        16.5s
Transferring:
 *   aicup_esg2026_submit_artifacts.zip.part-004:  0% / off, 20.000 MiB/s, -Transferred:   	      344 MiB / 344 MiB, 100%, 20.250 MiB/s, ETA 0s
Transferred:            0 / 1, 0%
Elapsed time:        17.0s
Transferring:
 *   aicup_esg2026_submit_artifacts.zip.part-004:  0% / off, 20.250 MiB/s, -Transferred:   	      352 MiB / 352 MiB, 100%, 20.250 MiB/s, ETA 0s
Transferred:            0 / 1, 0%
Elapsed time:        17.5s
Transferring:
 *   aicup_esg2026_submit_artifacts.zip.part-004:  0% / off, 20.250 MiB/s, -Transferred:   	      368 MiB / 368 MiB, 100%, 20.484 MiB/s, ETA 0s
Transferred:            0 / 1, 0%
Elapsed time:        18.0s
Transferring:
 *   aicup_esg2026_submit_artifacts.zip.part-004:  0% / off, 20.484 MiB/s, -Transferred:   	      376 MiB / 376 MiB, 100%, 20.484 MiB/s, ETA 0s
Transferred:            0 / 1, 0%
Elapsed time:        18.5s
Transferring:
 *   aicup_esg2026_submit_artifacts.zip.part-004:  0% / off, 20.484 MiB/s, -Transferred:   	      384 MiB / 384 MiB, 100%, 20.204 MiB/s, ETA 0s
Transferred:            0 / 1, 0%
Elapsed time:        19.0s
Transferring:
 *   aicup_esg2026_submit_artifacts.zip.part-004:  0% / off, 20.204 MiB/s, -Transferred:   	      392 MiB / 392 MiB, 100%, 20.204 MiB/s, ETA 0s
Transferred:            0 / 1, 0%
Elapsed time:        19.5s
Transferring:
 *   aicup_esg2026_submit_artifacts.zip.part-004:  0% / off, 20.204 MiB/s, -Transferred:   	      408 MiB / 408 MiB, 100%, 20.441 MiB/s, ETA 0s
Transferred:            0 / 1, 0%
Elapsed time:        20.0s
Transferring:
 *   aicup_esg2026_submit_artifacts.zip.part-004:  0% / off, 20.441 MiB/s, -Transferred:   	  421.996 MiB / 421.996 MiB, 100%, 20.441 MiB/s, ETA 0s
Transferred:            0 / 1, 0%
Elapsed time:        20.5s
Transferring:
 *   aicup_esg2026_submit_artifacts.zip.part-004:  0% / off, 20.441 MiB/s, -Transferred:   	      432 MiB / 432 MiB, 100%, 20.441 MiB/s, ETA 0s
Transferred:            0 / 1, 0%
Elapsed time:        21.0s
Transferring:
 *   aicup_esg2026_submit_artifacts.zip.part-004:  0% / off, 20.441 MiB/s, -Transferred:   	      440 MiB / 440 MiB, 100%, 20.664 MiB/s, ETA 0s
Transferred:            0 / 1, 0%
Elapsed time:        21.5s
Transferring:
 *   aicup_esg2026_submit_artifacts.zip.part-004:  0% / off, 20.664 MiB/s, -Transferred:   	      456 MiB / 456 MiB, 100%, 20.664 MiB/s, ETA 0s
Transferred:            0 / 1, 0%
Elapsed time:        22.0s
Transferring:
 *   aicup_esg2026_submit_artifacts.zip.part-004:  0% / off, 20.872 MiB/s, -Transferred:   	      464 MiB / 464 MiB, 100%, 20.872 MiB/s, ETA 0s
Transferred:            0 / 1, 0%
Elapsed time:        22.5s
Transferring:
 *   aicup_esg2026_submit_artifacts.zip.part-004:  0% / off, 20.872 MiB/s, -Transferred:   	  475.996 MiB / 475.996 MiB, 100%, 20.872 MiB/s, ETA 0s
Transferred:            0 / 1, 0%
Elapsed time:        23.0s
Transferring:
 *   aicup_esg2026_submit_artifacts.zip.part-004:  0% / off, 20.818 MiB/s, -Transferred:   	      488 MiB / 488 MiB, 100%, 20.818 MiB/s, ETA 0s
Transferred:            0 / 1, 0%
Elapsed time:        23.5s
Transferring:
 *   aicup_esg2026_submit_artifacts.zip.part-004:  0% / off, 20.818 MiB/s, -Transferred:   	      496 MiB / 496 MiB, 100%, 20.767 MiB/s, ETA 0s
Transferred:            0 / 1, 0%
Elapsed time:        24.0s
Transferring:
 *   aicup_esg2026_submit_artifacts.zip.part-004:  0% / off, 20.767 MiB/s, -Transferred:   	      504 MiB / 504 MiB, 100%, 20.767 MiB/s, ETA 0s
Transferred:            0 / 1, 0%
Elapsed time:        24.5s
Transferring:
 *   aicup_esg2026_submit_artifacts.zip.part-004:  0% / off, 20.767 MiB/s, -Transferred:   	      520 MiB / 520 MiB, 100%, 20.969 MiB/s, ETA 0s
Transferred:            0 / 1, 0%
Elapsed time:        25.0s
Transferring:
 *   aicup_esg2026_submit_artifacts.zip.part-004:  0% / off, 20.969 MiB/s, -Transferred:   	      536 MiB / 536 MiB, 100%, 20.969 MiB/s, ETA 0s
Transferred:            0 / 1, 0%
Elapsed time:        25.5s
Transferring:
 *   aicup_esg2026_submit_artifacts.zip.part-004:  0% / off, 20.969 MiB/s, -Transferred:   	      544 MiB / 544 MiB, 100%, 21.158 MiB/s, ETA 0s
Transferred:            0 / 1, 0%
Elapsed time:        26.0s
Transferring:
 *   aicup_esg2026_submit_artifacts.zip.part-004:  0% / off, 21.158 MiB/s, -Transferred:   	      552 MiB / 552 MiB, 100%, 21.158 MiB/s, ETA 0s
Transferred:            0 / 1, 0%
Elapsed time:        26.5s
Transferring:
 *   aicup_esg2026_submit_artifacts.zip.part-004:  0% / off, 21.158 MiB/s, -Transferred:   	      560 MiB / 560 MiB, 100%, 21.158 MiB/s, ETA 0s
Transferred:            0 / 1, 0%
Elapsed time:        27.0s
Transferring:
 *   aicup_esg2026_submit_artifacts.zip.part-004:  0% / off, 20.836 MiB/s, -Transferred:   	      576 MiB / 576 MiB, 100%, 20.836 MiB/s, ETA 0s
Transferred:            0 / 1, 0%
Elapsed time:        27.5s
Transferring:
 *   aicup_esg2026_submit_artifacts.zip.part-004:  0% / off, 20.836 MiB/s, -Transferred:   	      584 MiB / 584 MiB, 100%, 20.836 MiB/s, ETA 0s
Transferred:            0 / 1, 0%
Elapsed time:        28.0s
Transferring:
 *   aicup_esg2026_submit_artifacts.zip.part-004:  0% / off, 21.034 MiB/s, -Transferred:   	      592 MiB / 592 MiB, 100%, 21.034 MiB/s, ETA 0s
Transferred:            0 / 1, 0%
Elapsed time:        28.5s
Transferring:
 *   aicup_esg2026_submit_artifacts.zip.part-004:  0% / off, 21.034 MiB/s, -Transferred:   	      608 MiB / 608 MiB, 100%, 21.219 MiB/s, ETA 0s
Transferred:            0 / 1, 0%
Elapsed time:        29.0s
Transferring:
 *   aicup_esg2026_submit_artifacts.zip.part-004:  0% / off, 21.219 MiB/s, -Transferred:   	      616 MiB / 616 MiB, 100%, 21.219 MiB/s, ETA 0s
Transferred:            0 / 1, 0%
Elapsed time:        29.5s
Transferring:
 *   aicup_esg2026_submit_artifacts.zip.part-004:  0% / off, 21.219 MiB/s, -Transferred:   	      624 MiB / 624 MiB, 100%, 20.893 MiB/s, ETA 0s
Transferred:            0 / 1, 0%
Elapsed time:        30.0s
Transferring:
 *   aicup_esg2026_submit_artifacts.zip.part-004:  0% / off, 20.893 MiB/s, -Transferred:   	  637.996 MiB / 637.996 MiB, 100%, 20.893 MiB/s, ETA 0s
Transferred:            0 / 1, 0%
Elapsed time:        30.5s
Transferring:
 *   aicup_esg2026_submit_artifacts.zip.part-004:  0% / off, 20.893 MiB/s, -Transferred:   	      648 MiB / 648 MiB, 100%, 20.893 MiB/s, ETA 0s
Transferred:            0 / 1, 0%
Elapsed time:        31.0s
Transferring:
 *   aicup_esg2026_submit_artifacts.zip.part-004:  0% / off, 21.087 MiB/s, -Transferred:   	      656 MiB / 656 MiB, 100%, 21.087 MiB/s, ETA 0s
Transferred:            0 / 1, 0%
Elapsed time:        31.5s
Transferring:
 *   aicup_esg2026_submit_artifacts.zip.part-004:  0% / off, 21.087 MiB/s, -Transferred:   	      664 MiB / 664 MiB, 100%, 21.087 MiB/s, ETA 0s
Transferred:            0 / 1, 0%
Elapsed time:        32.0s
Transferring:
 *   aicup_esg2026_submit_artifacts.zip.part-004:  0% / off, 20.769 MiB/s, -Transferred:   	      680 MiB / 680 MiB, 100%, 20.769 MiB/s, ETA 0s
Transferred:            0 / 1, 0%
Elapsed time:        32.5s
Transferring:
 *   aicup_esg2026_submit_artifacts.zip.part-004:  0% / off, 20.769 MiB/s, -Transferred:   	      688 MiB / 688 MiB, 100%, 20.971 MiB/s, ETA 0s
Transferred:            0 / 1, 0%
Elapsed time:        33.0s
Transferring:
 *   aicup_esg2026_submit_artifacts.zip.part-004:  0% / off, 20.769 MiB/s, -Transferred:   	      696 MiB / 696 MiB, 100%, 20.971 MiB/s, ETA 0s
Transferred:            0 / 1, 0%
Elapsed time:        33.5s
Transferring:
 *   aicup_esg2026_submit_artifacts.zip.part-004:  0% / off, 20.971 MiB/s, -Transferred:   	  705.996 MiB / 705.996 MiB, 100%, 20.971 MiB/s, ETA 0s
Transferred:            0 / 1, 0%
Elapsed time:        34.0s
Transferring:
 *   aicup_esg2026_submit_artifacts.zip.part-004:  0% / off, 20.971 MiB/s, -Transferred:   	      720 MiB / 720 MiB, 100%, 20.785 MiB/s, ETA 0s
Transferred:            0 / 1, 0%
Elapsed time:        34.5s
Transferring:
 *   aicup_esg2026_submit_artifacts.zip.part-004:  0% / off, 20.785 MiB/s, -Transferred:   	      736 MiB / 736 MiB, 100%, 20.785 MiB/s, ETA 0s
Transferred:            0 / 1, 0%
Elapsed time:        35.0s
Transferring:
 *   aicup_esg2026_submit_artifacts.zip.part-004:  0% / off, 21.361 MiB/s, -Transferred:   	      744 MiB / 744 MiB, 100%, 21.361 MiB/s, ETA 0s
Transferred:            0 / 1, 0%
Elapsed time:        35.5s
Transferring:
 *   aicup_esg2026_submit_artifacts.zip.part-004:  0% / off, 21.361 MiB/s, -Transferred:   	      752 MiB / 752 MiB, 100%, 21.361 MiB/s, ETA 0s
Transferred:            0 / 1, 0%
Elapsed time:        36.0s
Transferring:
 *   aicup_esg2026_submit_artifacts.zip.part-004:  0% / off, 21.026 MiB/s, -Transferred:   	      768 MiB / 768 MiB, 100%, 21.026 MiB/s, ETA 0s
Transferred:            0 / 1, 0%
Elapsed time:        36.5s
Transferring:
 *   aicup_esg2026_submit_artifacts.zip.part-004:  0% / off, 21.026 MiB/s, -Transferred:   	      776 MiB / 776 MiB, 100%, 21.026 MiB/s, ETA 0s
Transferred:            0 / 1, 0%
Elapsed time:        37.0s
Transferring:
 *   aicup_esg2026_submit_artifacts.zip.part-004:  0% / off, 21.212 MiB/s, -Transferred:   	      784 MiB / 784 MiB, 100%, 21.212 MiB/s, ETA 0s
Transferred:            0 / 1, 0%
Elapsed time:        37.5s
Transferring:
 *   aicup_esg2026_submit_artifacts.zip.part-004:  0% / off, 21.212 MiB/s, -Transferred:   	      800 MiB / 800 MiB, 100%, 21.212 MiB/s, ETA 0s
Transferred:            0 / 1, 0%
Elapsed time:        38.0s
Transferring:
 *   aicup_esg2026_submit_artifacts.zip.part-004:  0% / off, 21.386 MiB/s, -Transferred:   	      808 MiB / 808 MiB, 100%, 21.386 MiB/s, ETA 0s
Transferred:            0 / 1, 0%
Elapsed time:        38.5s
Transferring:
 *   aicup_esg2026_submit_artifacts.zip.part-004:  0% / off, 21.386 MiB/s, -Transferred:   	      816 MiB / 816 MiB, 100%, 21.386 MiB/s, ETA 0s
Transferred:            0 / 1, 0%
Elapsed time:        39.0s
Transferring:
 *   aicup_esg2026_submit_artifacts.zip.part-004:  0% / off, 21.050 MiB/s, -Transferred:   	      824 MiB / 824 MiB, 100%, 21.050 MiB/s, ETA 0s
Transferred:            0 / 1, 0%
Elapsed time:        39.5s
Transferring:
 *   aicup_esg2026_submit_artifacts.zip.part-004:  0% / off, 21.050 MiB/s, -Transferred:   	      840 MiB / 840 MiB, 100%, 21.050 MiB/s, ETA 0s
Transferred:            0 / 1, 0%
Elapsed time:        40.0s
Transferring:
 *   aicup_esg2026_submit_artifacts.zip.part-004:  0% / off, 21.234 MiB/s, -Transferred:   	      848 MiB / 848 MiB, 100%, 21.234 MiB/s, ETA 0s
Transferred:            0 / 1, 0%
Elapsed time:        40.5s
Transferring:
 *   aicup_esg2026_submit_artifacts.zip.part-004:  0% / off, 21.234 MiB/s, -Transferred:   	      864 MiB / 864 MiB, 100%, 21.234 MiB/s, ETA 0s
Transferred:            0 / 1, 0%
Elapsed time:        41.0s
Transferring:
 *   aicup_esg2026_submit_artifacts.zip.part-004:  0% / off, 21.407 MiB/s, -Transferred:   	      872 MiB / 872 MiB, 100%, 21.407 MiB/s, ETA 0s
Transferred:            0 / 1, 0%
Elapsed time:        41.5s
Transferring:
 *   aicup_esg2026_submit_artifacts.zip.part-004:  0% / off, 21.407 MiB/s, -Transferred:   	      888 MiB / 888 MiB, 100%, 21.407 MiB/s, ETA 0s
Transferred:            0 / 1, 0%
Elapsed time:        42.0s
Transferring:
 *   aicup_esg2026_submit_artifacts.zip.part-004:  0% / off, 21.569 MiB/s, -Transferred:   	      896 MiB / 896 MiB, 100%, 21.569 MiB/s, ETA 0s
Transferred:            0 / 1, 0%
Elapsed time:        42.5s
Transferring:
 *   aicup_esg2026_submit_artifacts.zip.part-004:  0% / off, 21.569 MiB/s, -Transferred:   	      904 MiB / 904 MiB, 100%, 21.221 MiB/s, ETA 0s
Transferred:            0 / 1, 0%
Elapsed time:        43.0s
Transferring:
 *   aicup_esg2026_submit_artifacts.zip.part-004:  0% / off, 21.221 MiB/s, -Transferred:   	      912 MiB / 912 MiB, 100%, 21.221 MiB/s, ETA 0s
Transferred:            0 / 1, 0%
Elapsed time:        43.5s
Transferring:
 *   aicup_esg2026_submit_artifacts.zip.part-004:  0% / off, 21.221 MiB/s, -Transferred:   	      928 MiB / 928 MiB, 100%, 21.395 MiB/s, ETA 0s
Transferred:            0 / 1, 0%
Elapsed time:        44.0s
Transferring:
 *   aicup_esg2026_submit_artifacts.zip.part-004:  0% / off, 21.395 MiB/s, -Transferred:   	      936 MiB / 936 MiB, 100%, 21.395 MiB/s, ETA 0s
Transferred:            0 / 1, 0%
Elapsed time:        44.5s
Transferring:
 *   aicup_esg2026_submit_artifacts.zip.part-004:  0% / off, 21.395 MiB/s, -Transferred:   	      944 MiB / 944 MiB, 100%, 21.057 MiB/s, ETA 0s
Transferred:            0 / 1, 0%
Elapsed time:        45.0s
Transferring:
 *   aicup_esg2026_submit_artifacts.zip.part-004:  0% / off, 21.057 MiB/s, -Transferred:   	      960 MiB / 960 MiB, 100%, 21.057 MiB/s, ETA 0s
Transferred:            0 / 1, 0%
Elapsed time:        45.5s
Transferring:
 *   aicup_esg2026_submit_artifacts.zip.part-004:  0% / off, 21.057 MiB/s, -Transferred:   	      968 MiB / 968 MiB, 100%, 21.057 MiB/s, ETA 0s
Transferred:            0 / 1, 0%
Elapsed time:        46.0s
Transferring:
 *   aicup_esg2026_submit_artifacts.zip.part-004:  0% / off, 21.241 MiB/s, -Transferred:   	      976 MiB / 976 MiB, 100%, 21.241 MiB/s, ETA 0s
Transferred:            0 / 1, 0%
Elapsed time:        46.5s
Transferring:
 *   aicup_esg2026_submit_artifacts.zip.part-004:  0% / off, 21.241 MiB/s, -Transferred:   	      992 MiB / 992 MiB, 100%, 21.241 MiB/s, ETA 0s
Transferred:            0 / 1, 0%
Elapsed time:        47.0s
Transferring:
 *   aicup_esg2026_submit_artifacts.zip.part-004:  0% / off, 21.414 MiB/s, -Transferred:   	     1000 MiB / 1000 MiB, 100%, 21.414 MiB/s, ETA 0s
Transferred:            0 / 1, 0%
Elapsed time:        47.5s
Transferring:
 *   aicup_esg2026_submit_artifacts.zip.part-004:  0% / off, 21.414 MiB/s, -Transferred:   	     1016 MiB / 1016 MiB, 100%, 21.575 MiB/s, ETA 0s
Transferred:            0 / 1, 0%
Elapsed time:        48.0s
Transferring:
 *   aicup_esg2026_submit_artifacts.zip.part-004:  0% / off, 21.575 MiB/s, -Transferred:   	        1 GiB / 1 GiB, 100%, 21.575 MiB/s, ETA 0s
Transferred:            0 / 1, 0%
Elapsed time:        48.5s
Transferring:
 *   aicup_esg2026_submit_artifacts.zip.part-004:  0% / off, 21.575 MiB/s, -Transferred:   	    1.008 GiB / 1.008 GiB, 100%, 21.227 MiB/s, ETA 0s
Transferred:            0 / 1, 0%
Elapsed time:        49.0s
Transferring:
 *   aicup_esg2026_submit_artifacts.zip.part-004:  0% / off, 21.227 MiB/s, -Transferred:   	    1.023 GiB / 1.023 GiB, 100%, 21.227 MiB/s, ETA 0s
Transferred:            0 / 1, 0%
Elapsed time:        49.5s
Transferring:
 *   aicup_esg2026_submit_artifacts.zip.part-004:  0% / off, 21.227 MiB/s, -Transferred:   	    1.031 GiB / 1.031 GiB, 100%, 21.400 MiB/s, ETA 0s
Transferred:            0 / 1, 0%
Elapsed time:        50.0s
Transferring:
 *   aicup_esg2026_submit_artifacts.zip.part-004:  0% / off, 21.400 MiB/s, -Transferred:   	    1.039 GiB / 1.039 GiB, 100%, 21.400 MiB/s, ETA 0s
Transferred:            0 / 1, 0%
Elapsed time:        50.5s
Transferring:
 *   aicup_esg2026_submit_artifacts.zip.part-004:  0% / off, 21.400 MiB/s, -Transferred:   	    1.055 GiB / 1.055 GiB, 100%, 21.400 MiB/s, ETA 0s
Transferred:            0 / 1, 0%
Elapsed time:        51.0s
Transferring:
 *   aicup_esg2026_submit_artifacts.zip.part-004:  0% / off, 21.563 MiB/s, -Transferred:   	    1.062 GiB / 1.062 GiB, 100%, 21.563 MiB/s, ETA 0s
Transferred:            0 / 1, 0%
Elapsed time:        51.5s
Transferring:
 *   aicup_esg2026_submit_artifacts.zip.part-004:  0% / off, 21.563 MiB/s, -Transferred:   	    1.078 GiB / 1.078 GiB, 100%, 21.563 MiB/s, ETA 0s
Transferred:            0 / 1, 0%
Elapsed time:        52.0s
Transferring:
 *   aicup_esg2026_submit_artifacts.zip.part-004:  0% / off, 21.715 MiB/s, -Transferred:   	    1.086 GiB / 1.086 GiB, 100%, 21.715 MiB/s, ETA 0s
Transferred:            0 / 1, 0%
Elapsed time:        52.5s
Transferring:
 *   aicup_esg2026_submit_artifacts.zip.part-004:  0% / off, 21.715 MiB/s, -Transferred:   	    1.098 GiB / 1.098 GiB, 100%, 21.608 MiB/s, ETA 0s
Transferred:            0 / 1, 0%
Elapsed time:        53.0s
Transferring:
 *   aicup_esg2026_submit_artifacts.zip.part-004:  0% / off, 21.608 MiB/s, -Transferred:   	    1.109 GiB / 1.109 GiB, 100%, 21.608 MiB/s, ETA 0s
Transferred:            0 / 1, 0%
Elapsed time:        53.5s
Transferring:
 *   aicup_esg2026_submit_artifacts.zip.part-004:  0% / off, 21.608 MiB/s, -Transferred:   	    1.117 GiB / 1.117 GiB, 100%, 21.608 MiB/s, ETA 0s
Transferred:            0 / 1, 0%
Elapsed time:        54.0s
Transferring:
 *   aicup_esg2026_submit_artifacts.zip.part-004:  0% / off, 21.507 MiB/s, -Transferred:   	    1.125 GiB / 1.125 GiB, 100%, 21.507 MiB/s, ETA 0s
Transferred:            0 / 1, 0%
Elapsed time:        54.5s
Transferring:
 *   aicup_esg2026_submit_artifacts.zip.part-004:  0% / off, 21.507 MiB/s, -Transferred:   	    1.133 GiB / 1.133 GiB, 100%, 21.507 MiB/s, ETA 0s
Transferred:            0 / 1, 0%
Elapsed time:        55.0s
Transferring:
 *   aicup_esg2026_submit_artifacts.zip.part-004:  0% / off, 21.507 MiB/s, -Transferred:   	    1.148 GiB / 1.148 GiB, 100%, 21.163 MiB/s, ETA 0s
Transferred:            0 / 1, 0%
Elapsed time:        55.5s
Transferring:
 *   aicup_esg2026_submit_artifacts.zip.part-004:  0% / off, 21.163 MiB/s, -Transferred:   	    1.156 GiB / 1.156 GiB, 100%, 21.340 MiB/s, ETA 0s
Transferred:            0 / 1, 0%
Elapsed time:        56.0s
Transferring:
 *   aicup_esg2026_submit_artifacts.zip.part-004:  0% / off, 21.340 MiB/s, -Transferred:   	    1.164 GiB / 1.164 GiB, 100%, 21.340 MiB/s, ETA 0s
Transferred:            0 / 1, 0%
Elapsed time:        56.5s
Transferring:
 *   aicup_esg2026_submit_artifacts.zip.part-004:  0% / off, 21.340 MiB/s, -Transferred:   	    1.180 GiB / 1.180 GiB, 100%, 21.507 MiB/s, ETA 0s
Transferred:            0 / 1, 0%
Elapsed time:        57.0s
Transferring:
 *   aicup_esg2026_submit_artifacts.zip.part-004:  0% / off, 21.507 MiB/s, -Transferred:   	    1.188 GiB / 1.188 GiB, 100%, 21.507 MiB/s, ETA 0s
Transferred:            0 / 1, 0%
Elapsed time:        57.5s
Transferring:
 *   aicup_esg2026_submit_artifacts.zip.part-004:  0% / off, 21.507 MiB/s, -Transferred:   	    1.195 GiB / 1.195 GiB, 100%, 21.163 MiB/s, ETA 0s
Transferred:            0 / 1, 0%
Elapsed time:        58.0s
Transferring:
 *   aicup_esg2026_submit_artifacts.zip.part-004:  0% / off, 21.163 MiB/s, -Transferred:   	    1.211 GiB / 1.211 GiB, 100%, 21.163 MiB/s, ETA 0s
Transferred:            0 / 1, 0%
Elapsed time:        58.5s
Transferring:
 *   aicup_esg2026_submit_artifacts.zip.part-004:  0% / off, 21.163 MiB/s, -Transferred:   	    1.219 GiB / 1.219 GiB, 100%, 21.340 MiB/s, ETA 0s
Transferred:            0 / 1, 0%
Elapsed time:        59.0s
Transferring:
 *   aicup_esg2026_submit_artifacts.zip.part-004:  0% / off, 21.340 MiB/s, -Transferred:   	    1.234 GiB / 1.234 GiB, 100%, 21.340 MiB/s, ETA 0s
Transferred:            0 / 1, 0%
Elapsed time:        59.5s
Transferring:
 *   aicup_esg2026_submit_artifacts.zip.part-004:  0% / off, 21.340 MiB/s, -Transferred:   	    1.242 GiB / 1.242 GiB, 100%, 21.506 MiB/s, ETA 0s
Transferred:            0 / 1, 0%
Elapsed time:       1m0.0s
Transferring:
 *   aicup_esg2026_submit_artifacts.zip.part-004:  0% / off, 21.506 MiB/s, -Transferred:   	    1.250 GiB / 1.250 GiB, 100%, 21.506 MiB/s, ETA 0s
Transferred:            0 / 1, 0%
Elapsed time:       1m0.5s
Transferring:
 *   aicup_esg2026_submit_artifacts.zip.part-004:  0% / off, 21.506 MiB/s, -Transferred:   	    1.266 GiB / 1.266 GiB, 100%, 21.662 MiB/s, ETA 0s
Transferred:            0 / 1, 0%
Elapsed time:       1m1.0s
Transferring:
 *   aicup_esg2026_submit_artifacts.zip.part-004:  0% / off, 21.662 MiB/s, -Transferred:   	    1.273 GiB / 1.273 GiB, 100%, 21.662 MiB/s, ETA 0s
Transferred:            0 / 1, 0%
Elapsed time:       1m1.5s
Transferring:
 *   aicup_esg2026_submit_artifacts.zip.part-004:  0% / off, 21.662 MiB/s, -Transferred:   	    1.282 GiB / 1.282 GiB, 100%, 21.370 MiB/s, ETA 0s
Transferred:            0 / 1, 0%
Elapsed time:       1m2.0s
Transferring:
 *   aicup_esg2026_submit_artifacts.zip.part-004:  0% / off, 21.370 MiB/s, -Transferred:   	    1.297 GiB / 1.297 GiB, 100%, 21.370 MiB/s, ETA 0s
Transferred:            0 / 1, 0%
Elapsed time:       1m2.5s
Transferring:
 *   aicup_esg2026_submit_artifacts.zip.part-004:  0% / off, 21.370 MiB/s, -Transferred:   	    1.305 GiB / 1.305 GiB, 100%, 21.370 MiB/s, ETA 0s
Transferred:            0 / 1, 0%
Elapsed time:       1m3.0s
Transferring:
 *   aicup_esg2026_submit_artifacts.zip.part-004:  0% / off, 21.472 MiB/s, -Transferred:   	    1.320 GiB / 1.320 GiB, 100%, 21.472 MiB/s, ETA 0s
Transferred:            0 / 1, 0%
Elapsed time:       1m3.5s
Transferring:
 *   aicup_esg2026_submit_artifacts.zip.part-004:  0% / off, 21.472 MiB/s, -Transferred:   	    1.328 GiB / 1.328 GiB, 100%, 21.630 MiB/s, ETA 0s
Transferred:            0 / 1, 0%
Elapsed time:       1m4.0s
Transferring:
 *   aicup_esg2026_submit_artifacts.zip.part-004:  0% / off, 21.630 MiB/s, -Transferred:   	    1.336 GiB / 1.336 GiB, 100%, 21.630 MiB/s, ETA 0s
Transferred:            0 / 1, 0%
Elapsed time:       1m4.5s
Transferring:
 *   aicup_esg2026_submit_artifacts.zip.part-004:  0% / off, 21.630 MiB/s, -Transferred:   	    1.352 GiB / 1.352 GiB, 100%, 21.779 MiB/s, ETA 0s
Transferred:            0 / 1, 0%
Elapsed time:       1m5.0s
Transferring:
 *   aicup_esg2026_submit_artifacts.zip.part-004:  0% / off, 21.779 MiB/s, -Transferred:   	    1.359 GiB / 1.359 GiB, 100%, 21.779 MiB/s, ETA 0s
Transferred:            0 / 1, 0%
Elapsed time:       1m5.5s
Transferring:
 *   aicup_esg2026_submit_artifacts.zip.part-004:  0% / off, 21.779 MiB/s, -Transferred:   	    1.367 GiB / 1.367 GiB, 100%, 21.417 MiB/s, ETA 0s
Transferred:            0 / 1, 0%
Elapsed time:       1m6.0s
Transferring:
 *   aicup_esg2026_submit_artifacts.zip.part-004:  0% / off, 21.417 MiB/s, -Transferred:   	    1.383 GiB / 1.383 GiB, 100%, 21.417 MiB/s, ETA 0s
Transferred:            0 / 1, 0%
Elapsed time:       1m6.5s
Transferring:
 *   aicup_esg2026_submit_artifacts.zip.part-004:  0% / off, 21.417 MiB/s, -Transferred:   	    1.391 GiB / 1.391 GiB, 100%, 21.579 MiB/s, ETA 0s
Transferred:            0 / 1, 0%
Elapsed time:       1m7.0s
Transferring:
 *   aicup_esg2026_submit_artifacts.zip.part-004:  0% / off, 21.579 MiB/s, -Transferred:   	    1.399 GiB / 1.399 GiB, 100%, 21.579 MiB/s, ETA 0s
Transferred:            0 / 1, 0%
Elapsed time:       1m7.5s
Transferring:
 *   aicup_esg2026_submit_artifacts.zip.part-004:  0% / off, 21.579 MiB/s, -Transferred:   	    1.414 GiB / 1.414 GiB, 100%, 21.730 MiB/s, ETA 0s
Transferred:            0 / 1, 0%
Elapsed time:       1m8.0s
Transferring:
 *   aicup_esg2026_submit_artifacts.zip.part-004:  0% / off, 21.730 MiB/s, -Transferred:   	    1.422 GiB / 1.422 GiB, 100%, 21.730 MiB/s, ETA 0s
Transferred:            0 / 1, 0%
Elapsed time:       1m8.5s
Transferring:
 *   aicup_esg2026_submit_artifacts.zip.part-004:  0% / off, 21.730 MiB/s, -Transferred:   	    1.438 GiB / 1.438 GiB, 100%, 21.872 MiB/s, ETA 0s
Transferred:            0 / 1, 0%
Elapsed time:       1m9.0s
Transferring:
 *   aicup_esg2026_submit_artifacts.zip.part-004:  0% / off, 21.872 MiB/s, -Transferred:   	    1.445 GiB / 1.445 GiB, 100%, 21.872 MiB/s, ETA 0s
Transferred:            0 / 1, 0%
Elapsed time:       1m9.5s
Transferring:
 *   aicup_esg2026_submit_artifacts.zip.part-004:  0% / off, 21.872 MiB/s, -Transferred:   	    1.453 GiB / 1.453 GiB, 100%, 21.505 MiB/s, ETA 0s
Transferred:            0 / 1, 0%
Elapsed time:      1m10.0s
Transferring:
 *   aicup_esg2026_submit_artifacts.zip.part-004:  0% / off, 21.505 MiB/s, -Transferred:   	    1.469 GiB / 1.469 GiB, 100%, 21.505 MiB/s, ETA 0s
Transferred:            0 / 1, 0%
Elapsed time:      1m10.5s
Transferring:
 *   aicup_esg2026_submit_artifacts.zip.part-004:  0% / off, 21.505 MiB/s, -Transferred:   	    1.477 GiB / 1.477 GiB, 100%, 21.505 MiB/s, ETA 0s
Transferred:            0 / 1, 0%
Elapsed time:      1m11.0s
Transferring:
 *   aicup_esg2026_submit_artifacts.zip.part-004:  0% / off, 21.661 MiB/s, -Transferred:   	    1.484 GiB / 1.484 GiB, 100%, 21.661 MiB/s, ETA 0s
Transferred:            0 / 1, 0%
Elapsed time:      1m11.5s
Transferring:
 *   aicup_esg2026_submit_artifacts.zip.part-004:  0% / off, 21.661 MiB/s, -Transferred:   	    1.500 GiB / 1.500 GiB, 100%, 21.807 MiB/s, ETA 0s
Transferred:            0 / 1, 0%
Elapsed time:      1m12.0s
Transferring:
 *   aicup_esg2026_submit_artifacts.zip.part-004:  0% / off, 21.807 MiB/s, -Transferred:   	    1.508 GiB / 1.508 GiB, 100%, 21.807 MiB/s, ETA 0s
Transferred:            0 / 1, 0%
Elapsed time:      1m12.5s
Transferring:
 *   aicup_esg2026_submit_artifacts.zip.part-004:  0% / off, 21.807 MiB/s, -Transferred:   	    1.516 GiB / 1.516 GiB, 100%, 21.444 MiB/s, ETA 0s
Transferred:            0 / 1, 0%
Elapsed time:      1m13.0s
Transferring:
 *   aicup_esg2026_submit_artifacts.zip.part-004:  0% / off, 21.444 MiB/s, -Transferred:   	    1.523 GiB / 1.523 GiB, 100%, 21.444 MiB/s, ETA 0s
Transferred:            0 / 1, 0%
Elapsed time:      1m13.5s
Transferring:
 *   aicup_esg2026_submit_artifacts.zip.part-004:  0% / off, 21.444 MiB/s, -Transferred:   	    1.539 GiB / 1.539 GiB, 100%, 21.604 MiB/s, ETA 0s
Transferred:            0 / 1, 0%
Elapsed time:      1m14.0s
Transferring:
 *   aicup_esg2026_submit_artifacts.zip.part-004:  0% / off, 21.604 MiB/s, -Transferred:   	    1.547 GiB / 1.547 GiB, 100%, 21.604 MiB/s, ETA 0s
Transferred:            0 / 1, 0%
Elapsed time:      1m14.5s
Transferring:
 *   aicup_esg2026_submit_artifacts.zip.part-004:  0% / off, 21.604 MiB/s, -Transferred:   	    1.562 GiB / 1.562 GiB, 100%, 21.604 MiB/s, ETA 0s
Transferred:            0 / 1, 0%
Elapsed time:      1m15.0s
Transferring:
 *   aicup_esg2026_submit_artifacts.zip.part-004:  0% / off, 21.754 MiB/s, -Transferred:   	    1.570 GiB / 1.570 GiB, 100%, 21.754 MiB/s, ETA 0s
Transferred:            0 / 1, 0%
Elapsed time:      1m15.5s
Transferring:
 *   aicup_esg2026_submit_artifacts.zip.part-004:  0% / off, 21.754 MiB/s, -Transferred:   	    1.584 GiB / 1.584 GiB, 100%, 21.769 MiB/s, ETA 0s
Transferred:            0 / 1, 0%
Elapsed time:      1m16.0s
Transferring:
 *   aicup_esg2026_submit_artifacts.zip.part-004:  0% / off, 21.769 MiB/s, -Transferred:   	    1.594 GiB / 1.594 GiB, 100%, 21.769 MiB/s, ETA 0s
Transferred:            0 / 1, 0%
Elapsed time:      1m16.5s
Transferring:
 *   aicup_esg2026_submit_artifacts.zip.part-004:  0% / off, 21.769 MiB/s, -Transferred:   	    1.602 GiB / 1.602 GiB, 100%, 21.769 MiB/s, ETA 0s
Transferred:            0 / 1, 0%
Elapsed time:      1m17.0s
Transferring:
 *   aicup_esg2026_submit_artifacts.zip.part-004:  0% / off, 21.534 MiB/s, -Transferred:   	    1.609 GiB / 1.609 GiB, 100%, 21.533 MiB/s, ETA 0s
Transferred:            0 / 1, 0%
Elapsed time:      1m17.5s
Transferring:
 *   aicup_esg2026_submit_artifacts.zip.part-004:  0% / off, 21.534 MiB/s, -Transferred:   	    1.625 GiB / 1.625 GiB, 100%, 21.533 MiB/s, ETA 0s
Transferred:            0 / 1, 0%
Elapsed time:      1m18.0s
Transferring:
 *   aicup_esg2026_submit_artifacts.zip.part-004:  0% / off, 21.688 MiB/s, -Transferred:   	    1.633 GiB / 1.633 GiB, 100%, 21.688 MiB/s, ETA 0s
Transferred:            0 / 1, 0%
Elapsed time:      1m18.5s
Transferring:
 *   aicup_esg2026_submit_artifacts.zip.part-004:  0% / off, 21.688 MiB/s, -Transferred:   	    1.641 GiB / 1.641 GiB, 100%, 21.688 MiB/s, ETA 0s
Transferred:            0 / 1, 0%
Elapsed time:      1m19.0s
Transferring:
 *   aicup_esg2026_submit_artifacts.zip.part-004:  0% / off, 21.332 MiB/s, -Transferred:   	    1.656 GiB / 1.656 GiB, 100%, 21.332 MiB/s, ETA 0s
Transferred:            0 / 1, 0%
Elapsed time:      1m19.5s
Transferring:
 *   aicup_esg2026_submit_artifacts.zip.part-004:  0% / off, 21.332 MiB/s, -Transferred:   	    1.664 GiB / 1.664 GiB, 100%, 21.332 MiB/s, ETA 0s
Transferred:            0 / 1, 0%
Elapsed time:      1m20.0s
Transferring:
 *   aicup_esg2026_submit_artifacts.zip.part-004:  0% / off, 21.499 MiB/s, -Transferred:   	    1.672 GiB / 1.672 GiB, 100%, 21.499 MiB/s, ETA 0s
Transferred:            0 / 1, 0%
Elapsed time:      1m20.5s
Transferring:
 *   aicup_esg2026_submit_artifacts.zip.part-004:  0% / off, 21.499 MiB/s, -Transferred:   	    1.683 GiB / 1.683 GiB, 100%, 21.343 MiB/s, ETA 0s
Transferred:            0 / 1, 0%
Elapsed time:      1m21.0s
Transferring:
 *   aicup_esg2026_submit_artifacts.zip.part-004:  0% / off, 21.343 MiB/s, -Transferred:   	    1.695 GiB / 1.695 GiB, 100%, 21.343 MiB/s, ETA 0s
Transferred:            0 / 1, 0%
Elapsed time:      1m21.5s
Transferring:
 *   aicup_esg2026_submit_artifacts.zip.part-004:  0% / off, 21.343 MiB/s, -Transferred:   	    1.703 GiB / 1.703 GiB, 100%, 21.343 MiB/s, ETA 0s
Transferred:            0 / 1, 0%
Elapsed time:      1m22.0s
Transferring:
 *   aicup_esg2026_submit_artifacts.zip.part-004:  0% / off, 21.321 MiB/s, -Transferred:   	    1.719 GiB / 1.719 GiB, 100%, 21.321 MiB/s, ETA 0s
Transferred:            0 / 1, 0%
Elapsed time:      1m22.5s
Transferring:
 *   aicup_esg2026_submit_artifacts.zip.part-004:  0% / off, 21.321 MiB/s, -Transferred:   	    1.727 GiB / 1.727 GiB, 100%, 21.321 MiB/s, ETA 0s
Transferred:            0 / 1, 0%
Elapsed time:      1m23.0s
Transferring:
 *   aicup_esg2026_submit_artifacts.zip.part-004:  0% / off, 21.489 MiB/s, -Transferred:   	    1.736 GiB / 1.736 GiB, 100%, 21.489 MiB/s, ETA 0s
Transferred:            0 / 1, 0%
Elapsed time:      1m23.5s
Transferring:
 *   aicup_esg2026_submit_artifacts.zip.part-004:  0% / off, 21.489 MiB/s, -Transferred:   	    1.750 GiB / 1.750 GiB, 100%, 21.489 MiB/s, ETA 0s
Transferred:            0 / 1, 0%
Elapsed time:      1m24.0s
Transferring:
 *   aicup_esg2026_submit_artifacts.zip.part-004:  0% / off, 21.646 MiB/s, -Transferred:   	    1.758 GiB / 1.758 GiB, 100%, 21.646 MiB/s, ETA 0s
Transferred:            0 / 1, 0%
Elapsed time:      1m24.5s
Transferring:
 *   aicup_esg2026_submit_artifacts.zip.part-004:  0% / off, 21.646 MiB/s, -Transferred:   	    1.766 GiB / 1.766 GiB, 100%, 21.293 MiB/s, ETA 0s
Transferred:            0 / 1, 0%
Elapsed time:      1m25.0s
Transferring:
 *   aicup_esg2026_submit_artifacts.zip.part-004:  0% / off, 21.293 MiB/s, -Transferred:   	    1.781 GiB / 1.781 GiB, 100%, 21.293 MiB/s, ETA 0s
Transferred:            0 / 1, 0%
Elapsed time:      1m25.5s
Transferring:
 *   aicup_esg2026_submit_artifacts.zip.part-004:  0% / off, 21.293 MiB/s, -Transferred:   	    1.789 GiB / 1.789 GiB, 100%, 21.293 MiB/s, ETA 0s
Transferred:            0 / 1, 0%
Elapsed time:      1m26.0s
Transferring:
 *   aicup_esg2026_submit_artifacts.zip.part-004:  0% / off, 21.293 MiB/s, -Transferred:   	    1.797 GiB / 1.797 GiB, 100%, 21.462 MiB/s, ETA 0s
Transferred:            0 / 1, 0%
Elapsed time:      1m26.5s
Transferring:
 *   aicup_esg2026_submit_artifacts.zip.part-004:  0% / off, 21.462 MiB/s, -Transferred:   	    1.807 GiB / 1.807 GiB, 100%, 21.245 MiB/s, ETA 0s
Transferred:            0 / 1, 0%
Elapsed time:      1m27.0s
Transferring:
 *   aicup_esg2026_submit_artifacts.zip.part-004:  0% / off, 21.245 MiB/s, -Transferred:   	    1.820 GiB / 1.820 GiB, 100%, 21.245 MiB/s, ETA 0s
Transferred:            0 / 1, 0%
Elapsed time:      1m27.5s
Transferring:
 *   aicup_esg2026_submit_artifacts.zip.part-004:  0% / off, 21.245 MiB/s, -Transferred:   	    1.828 GiB / 1.828 GiB, 100%, 21.293 MiB/s, ETA 0s
Transferred:            0 / 1, 0%
Elapsed time:      1m28.0s
Transferring:
 *   aicup_esg2026_submit_artifacts.zip.part-004:  0% / off, 21.293 MiB/s, -Transferred:   	    1.836 GiB / 1.836 GiB, 100%, 21.293 MiB/s, ETA 0s
Transferred:            0 / 1, 0%
Elapsed time:      1m28.5s
Transferring:
 *   aicup_esg2026_submit_artifacts.zip.part-004:  0% / off, 21.293 MiB/s, -Transferred:   	    1.852 GiB / 1.852 GiB, 100%, 21.462 MiB/s, ETA 0s
Transferred:            0 / 1, 0%
Elapsed time:      1m29.0s
Transferring:
 *   aicup_esg2026_submit_artifacts.zip.part-004:  0% / off, 21.462 MiB/s, -Transferred:   	    1.859 GiB / 1.859 GiB, 100%, 21.462 MiB/s, ETA 0s
Transferred:            0 / 1, 0%
Elapsed time:      1m29.5s
Transferring:
 *   aicup_esg2026_submit_artifacts.zip.part-004:  0% / off, 21.462 MiB/s, -Transferred:   	    1.867 GiB / 1.867 GiB, 100%, 21.121 MiB/s, ETA 0s
Transferred:            0 / 1, 0%
Elapsed time:      1m30.0s
Transferring:
 *   aicup_esg2026_submit_artifacts.zip.part-004:  0% / off, 21.121 MiB/s, -Transferred:   	    1.883 GiB / 1.883 GiB, 100%, 21.121 MiB/s, ETA 0s
Transferred:            0 / 1, 0%
Elapsed time:      1m30.5s
Transferring:
 *   aicup_esg2026_submit_artifacts.zip.part-004:  0% / off, 21.121 MiB/s, -Transferred:   	    1.891 GiB / 1.891 GiB, 100%, 21.121 MiB/s, ETA 0s
Transferred:            0 / 1, 0%
Elapsed time:      1m31.0s
Transferring:
 *   aicup_esg2026_submit_artifacts.zip.part-004:  0% / off, 21.121 MiB/s, -Transferred:   	    1.906 GiB / 1.906 GiB, 100%, 21.301 MiB/s, ETA 0s
Transferred:            0 / 1, 0%
Elapsed time:      1m31.5s
Transferring:
 *   aicup_esg2026_submit_artifacts.zip.part-004:  0% / off, 21.301 MiB/s, -Transferred:   	    1.914 GiB / 1.914 GiB, 100%, 21.301 MiB/s, ETA 0s
Transferred:            0 / 1, 0%
Elapsed time:      1m32.0s
Transferring:
 *   aicup_esg2026_submit_artifacts.zip.part-004:  0% / off, 21.469 MiB/s, -Transferred:   	    1.922 GiB / 1.922 GiB, 100%, 21.469 MiB/s, ETA 0s
Transferred:            0 / 1, 0%
Elapsed time:      1m32.5s
Transferring:
 *   aicup_esg2026_submit_artifacts.zip.part-004:  0% / off, 21.469 MiB/s, -Transferred:   	    1.938 GiB / 1.938 GiB, 100%, 21.469 MiB/s, ETA 0s
Transferred:            0 / 1, 0%
Elapsed time:      1m33.0s
Transferring:
 *   aicup_esg2026_submit_artifacts.zip.part-004:  0% / off, 21.627 MiB/s, -Transferred:   	    1.945 GiB / 1.945 GiB, 100%, 21.627 MiB/s, ETA 0s
Transferred:            0 / 1, 0%
Elapsed time:      1m33.5s
Transferring:
 *   aicup_esg2026_submit_artifacts.zip.part-004:  0% / off, 21.627 MiB/s, -Transferred:   	    1.953 GiB / 1.953 GiB, 100%, 21.627 MiB/s, ETA 0s
Transferred:            0 / 1, 0%
Elapsed time:      1m34.0s
Transferring:
 *   aicup_esg2026_submit_artifacts.zip.part-004:  0% / off, 21.276 MiB/s, -Transferred:   	    1.969 GiB / 1.969 GiB, 100%, 21.276 MiB/s, ETA 0s
Transferred:            0 / 1, 0%
Elapsed time:      1m34.5s
Transferring:
 *   aicup_esg2026_submit_artifacts.zip.part-004:  0% / off, 21.276 MiB/s, -Transferred:   	    1.977 GiB / 1.977 GiB, 100%, 21.446 MiB/s, ETA 0s
Transferred:            0 / 1, 0%
Elapsed time:      1m35.0s
Transferring:
 *   aicup_esg2026_submit_artifacts.zip.part-004:  0% / off, 21.446 MiB/s, -Transferred:   	    1.984 GiB / 1.984 GiB, 100%, 21.446 MiB/s, ETA 0s
Transferred:            0 / 1, 0%
Elapsed time:      1m35.5s
Transferring:
 *   aicup_esg2026_submit_artifacts.zip.part-004:  0% / off, 21.446 MiB/s, -Transferred:   	        2 GiB / 2 GiB, 100%, 21.446 MiB/s, ETA 0s
Transferred:            0 / 1, 0%
Elapsed time:      1m36.0s
Transferring:
 *   aicup_esg2026_submit_artifacts.zip.part-004:  0% / off, 21.446 MiB/s, -Transferred:   	    2.008 GiB / 2.008 GiB, 100%, 21.606 MiB/s, ETA 0s
Transferred:            0 / 1, 0%
Elapsed time:      1m36.5s
Transferring:
 *   aicup_esg2026_submit_artifacts.zip.part-004:  0% / off, 21.606 MiB/s, -Transferred:   	    2.016 GiB / 2.016 GiB, 100%, 21.606 MiB/s, ETA 0s
Transferred:            0 / 1, 0%
Elapsed time:      1m37.0s
Transferring:
 *   aicup_esg2026_submit_artifacts.zip.part-004:  0% / off, 21.606 MiB/s, -Transferred:   	    2.031 GiB / 2.031 GiB, 100%, 21.255 MiB/s, ETA 0s
Transferred:            0 / 1, 0%
Elapsed time:      1m37.5s
Transferring:
 *   aicup_esg2026_submit_artifacts.zip.part-004:  0% / off, 21.255 MiB/s, -Transferred:   	    2.039 GiB / 2.039 GiB, 100%, 21.255 MiB/s, ETA 0s
Transferred:            0 / 1, 0%
Elapsed time:      1m38.0s
Transferring:
 *   aicup_esg2026_submit_artifacts.zip.part-004:  0% / off, 21.427 MiB/s, -Transferred:   	    2.047 GiB / 2.047 GiB, 100%, 21.427 MiB/s, ETA 0s
Transferred:            0 / 1, 0%
Elapsed time:      1m38.5s
Transferring:
 *   aicup_esg2026_submit_artifacts.zip.part-004:  0% / off, 21.427 MiB/s, -Transferred:   	    2.055 GiB / 2.055 GiB, 100%, 21.088 MiB/s, ETA 0s
Transferred:            0 / 1, 0%
Elapsed time:      1m39.0s
Transferring:
 *   aicup_esg2026_submit_artifacts.zip.part-004:  0% / off, 21.088 MiB/s, -Transferred:   	    2.070 GiB / 2.070 GiB, 100%, 21.088 MiB/s, ETA 0s
Transferred:            0 / 1, 0%
Elapsed time:      1m39.5s
Transferring:
 *   aicup_esg2026_submit_artifacts.zip.part-004:  0% / off, 21.088 MiB/s, -Transferred:   	    2.086 GiB / 2.086 GiB, 100%, 21.770 MiB/s, ETA 0s
Transferred:            0 / 1, 0%
Elapsed time:      1m40.0s
Transferring:
 *   aicup_esg2026_submit_artifacts.zip.part-004:  0% / off, 21.770 MiB/s, -Transferred:   	    2.094 GiB / 2.094 GiB, 100%, 21.770 MiB/s, ETA 0s
Transferred:            0 / 1, 0%
Elapsed time:      1m40.5s
Transferring:
 *   aicup_esg2026_submit_artifacts.zip.part-004:  0% / off, 21.770 MiB/s, -Transferred:   	    2.109 GiB / 2.109 GiB, 100%, 21.909 MiB/s, ETA 0s
Transferred:            0 / 1, 0%
Elapsed time:      1m41.0s
Transferring:
 *   aicup_esg2026_submit_artifacts.zip.part-004:  0% / off, 21.909 MiB/s, -Transferred:   	    2.117 GiB / 2.117 GiB, 100%, 21.909 MiB/s, ETA 0s
Transferred:            0 / 1, 0%
Elapsed time:      1m41.5s
Transferring:
 *   aicup_esg2026_submit_artifacts.zip.part-004:  0% / off, 21.909 MiB/s, -Transferred:   	    2.125 GiB / 2.125 GiB, 100%, 21.540 MiB/s, ETA 0s
Transferred:            0 / 1, 0%
Elapsed time:      1m42.0s
Transferring:
 *   aicup_esg2026_submit_artifacts.zip.part-004:  0% / off, 21.540 MiB/s, -Transferred:   	    2.141 GiB / 2.141 GiB, 100%, 21.540 MiB/s, ETA 0s
Transferred:            0 / 1, 0%
Elapsed time:      1m42.5s
Transferring:
 *   aicup_esg2026_submit_artifacts.zip.part-004:  0% / off, 21.540 MiB/s, -Transferred:   	    2.148 GiB / 2.148 GiB, 100%, 21.694 MiB/s, ETA 0s
Transferred:            0 / 1, 0%
Elapsed time:      1m43.0s
Transferring:
 *   aicup_esg2026_submit_artifacts.zip.part-004:  0% / off, 21.694 MiB/s, -Transferred:   	    2.164 GiB / 2.164 GiB, 100%, 21.694 MiB/s, ETA 0s
Transferred:            0 / 1, 0%
Elapsed time:      1m43.5s
Transferring:
 *   aicup_esg2026_submit_artifacts.zip.part-004:  0% / off, 21.694 MiB/s, -Transferred:   	    2.172 GiB / 2.172 GiB, 100%, 21.694 MiB/s, ETA 0s
Transferred:            0 / 1, 0%
Elapsed time:      1m44.0s
Transferring:
 *   aicup_esg2026_submit_artifacts.zip.part-004:  0% / off, 21.838 MiB/s, -Transferred:   	    2.180 GiB / 2.180 GiB, 100%, 21.838 MiB/s, ETA 0s
Transferred:            0 / 1, 0%
Elapsed time:      1m44.5s
Transferring:
 *   aicup_esg2026_submit_artifacts.zip.part-004:  0% / off, 21.838 MiB/s, -Transferred:   	    2.188 GiB / 2.188 GiB, 100%, 21.473 MiB/s, ETA 0s
Transferred:            0 / 1, 0%
Elapsed time:      1m45.0s
Transferring:
 *   aicup_esg2026_submit_artifacts.zip.part-004:  0% / off, 21.473 MiB/s, -Transferred:   	    2.203 GiB / 2.203 GiB, 100%, 21.473 MiB/s, ETA 0s
Transferred:            0 / 1, 0%
Elapsed time:      1m45.5s
Transferring:
 *   aicup_esg2026_submit_artifacts.zip.part-004:  0% / off, 21.473 MiB/s, -Transferred:   	    2.211 GiB / 2.211 GiB, 100%, 21.473 MiB/s, ETA 0s
Transferred:            0 / 1, 0%
Elapsed time:      1m46.0s
Transferring:
 *   aicup_esg2026_submit_artifacts.zip.part-004:  0% / off, 21.631 MiB/s, -Transferred:   	    2.227 GiB / 2.227 GiB, 100%, 21.631 MiB/s, ETA 0s
Transferred:            0 / 1, 0%
Elapsed time:      1m46.5s
Transferring:
 *   aicup_esg2026_submit_artifacts.zip.part-004:  0% / off, 21.631 MiB/s, -Transferred:   	    2.234 GiB / 2.234 GiB, 100%, 21.779 MiB/s, ETA 0s
Transferred:            0 / 1, 0%
Elapsed time:      1m47.0s
Transferring:
 *   aicup_esg2026_submit_artifacts.zip.part-004:  0% / off, 21.779 MiB/s, -Transferred:   	    2.250 GiB / 2.250 GiB, 100%, 21.779 MiB/s, ETA 0s
Transferred:            0 / 1, 0%
Elapsed time:      1m47.5s
Transferring:
 *   aicup_esg2026_submit_artifacts.zip.part-004:  0% / off, 21.779 MiB/s, -Transferred:   	    2.258 GiB / 2.258 GiB, 100%, 21.779 MiB/s, ETA 0s
Transferred:            0 / 1, 0%
Elapsed time:      1m48.0s
Transferring:
 *   aicup_esg2026_submit_artifacts.zip.part-004:  0% / off, 21.918 MiB/s, -Transferred:   	    2.266 GiB / 2.266 GiB, 100%, 21.918 MiB/s, ETA 0s
Transferred:            0 / 1, 0%
Elapsed time:      1m48.5s
Transferring:
 *   aicup_esg2026_submit_artifacts.zip.part-004:  0% / off, 21.918 MiB/s, -Transferred:   	    2.281 GiB / 2.281 GiB, 100%, 21.918 MiB/s, ETA 0s
Transferred:            0 / 1, 0%
Elapsed time:      1m49.0s
Transferring:
 *   aicup_esg2026_submit_artifacts.zip.part-004:  0% / off, 21.918 MiB/s, -Transferred:   	    2.289 GiB / 2.289 GiB, 100%, 22.048 MiB/s, ETA 0s
Transferred:            0 / 1, 0%
Elapsed time:      1m49.5s
Transferring:
 *   aicup_esg2026_submit_artifacts.zip.part-004:  0% / off, 22.048 MiB/s, -Transferred:   	    2.297 GiB / 2.297 GiB, 100%, 22.048 MiB/s, ETA 0s
Transferred:            0 / 1, 0%
Elapsed time:      1m50.0s
Transferring:
 *   aicup_esg2026_submit_artifacts.zip.part-004:  0% / off, 21.670 MiB/s, -Transferred:   	    2.310 GiB / 2.310 GiB, 100%, 21.670 MiB/s, ETA 0s
Transferred:            0 / 1, 0%
Elapsed time:      1m50.5s
Transferring:
 *   aicup_esg2026_submit_artifacts.zip.part-004:  0% / off, 21.670 MiB/s, -Transferred:   	    2.320 GiB / 2.320 GiB, 100%, 21.815 MiB/s, ETA 0s
Transferred:            0 / 1, 0%
Elapsed time:      1m51.0s
Transferring:
 *   aicup_esg2026_submit_artifacts.zip.part-004:  0% / off, 21.815 MiB/s, -Transferred:   	    2.328 GiB / 2.328 GiB, 100%, 21.815 MiB/s, ETA 0s
Transferred:            0 / 1, 0%
Elapsed time:      1m51.5s
Transferring:
 *   aicup_esg2026_submit_artifacts.zip.part-004:  0% / off, 21.815 MiB/s, -Transferred:   	    2.344 GiB / 2.344 GiB, 100%, 21.952 MiB/s, ETA 0s
Transferred:            0 / 1, 0%
Elapsed time:      1m52.0s
Transferring:
 *   aicup_esg2026_submit_artifacts.zip.part-004:  0% / off, 21.952 MiB/s, -Transferred:   	    2.352 GiB / 2.352 GiB, 100%, 21.952 MiB/s, ETA 0s
Transferred:            0 / 1, 0%
Elapsed time:      1m52.5s
Transferring:
 *   aicup_esg2026_submit_artifacts.zip.part-004:  0% / off, 21.952 MiB/s, -Transferred:   	    2.359 GiB / 2.359 GiB, 100%, 21.952 MiB/s, ETA 0s
Transferred:            0 / 1, 0%
Elapsed time:      1m53.0s
Transferring:
 *   aicup_esg2026_submit_artifacts.zip.part-004:  0% / off, 21.580 MiB/s, -Transferred:   	    2.375 GiB / 2.375 GiB, 100%, 21.580 MiB/s, ETA 0s
Transferred:            0 / 1, 0%
Elapsed time:      1m53.5s
Transferring:
 *   aicup_esg2026_submit_artifacts.zip.part-004:  0% / off, 21.580 MiB/s, -Transferred:   	    2.383 GiB / 2.383 GiB, 100%, 21.731 MiB/s, ETA 0s
Transferred:            0 / 1, 0%
Elapsed time:      1m54.0s
Transferring:
 *   aicup_esg2026_submit_artifacts.zip.part-004:  0% / off, 21.731 MiB/s, -Transferred:   	    2.391 GiB / 2.391 GiB, 100%, 21.731 MiB/s, ETA 0s
Transferred:            0 / 1, 0%
Elapsed time:      1m54.5s
Transferring:
 *   aicup_esg2026_submit_artifacts.zip.part-004:  0% / off, 21.731 MiB/s, -Transferred:   	    2.406 GiB / 2.406 GiB, 100%, 21.873 MiB/s, ETA 0s
Transferred:            0 / 1, 0%
Elapsed time:      1m55.0s
Transferring:
 *   aicup_esg2026_submit_artifacts.zip.part-004:  0% / off, 21.873 MiB/s, -Transferred:   	    2.414 GiB / 2.414 GiB, 100%, 21.873 MiB/s, ETA 0s
Transferred:            0 / 1, 0%
Elapsed time:      1m55.5s
Transferring:
 *   aicup_esg2026_submit_artifacts.zip.part-004:  0% / off, 21.873 MiB/s, -Transferred:   	    2.422 GiB / 2.422 GiB, 100%, 21.873 MiB/s, ETA 0s
Transferred:            0 / 1, 0%
Elapsed time:      1m56.0s
Transferring:
 *   aicup_esg2026_submit_artifacts.zip.part-004:  0% / off, 21.506 MiB/s, -Transferred:   	    2.438 GiB / 2.438 GiB, 100%, 21.506 MiB/s, ETA 0s
Transferred:            0 / 1, 0%
Elapsed time:      1m56.5s
Transferring:
 *   aicup_esg2026_submit_artifacts.zip.part-004:  0% / off, 21.506 MiB/s, -Transferred:   	    2.445 GiB / 2.445 GiB, 100%, 21.506 MiB/s, ETA 0s
Transferred:            0 / 1, 0%
Elapsed time:      1m57.0s
Transferring:
 *   aicup_esg2026_submit_artifacts.zip.part-004:  0% / off, 21.662 MiB/s, -Transferred:   	    2.461 GiB / 2.461 GiB, 100%, 21.662 MiB/s, ETA 0s
Transferred:            0 / 1, 0%
Elapsed time:      1m57.5s
Transferring:
 *   aicup_esg2026_submit_artifacts.zip.part-004:  0% / off, 21.662 MiB/s, -Transferred:   	    2.469 GiB / 2.469 GiB, 100%, 21.662 MiB/s, ETA 0s
Transferred:            0 / 1, 0%
Elapsed time:      1m58.0s
Transferring:
 *   aicup_esg2026_submit_artifacts.zip.part-004:  0% / off, 21.808 MiB/s, -Transferred:   	    2.484 GiB / 2.484 GiB, 100%, 21.808 MiB/s, ETA 0s
Transferred:            0 / 1, 0%
Elapsed time:      1m58.5s
Transferring:
 *   aicup_esg2026_submit_artifacts.zip.part-004:  0% / off, 21.808 MiB/s, -Transferred:   	    2.492 GiB / 2.492 GiB, 100%, 21.945 MiB/s, ETA 0s
Transferred:            0 / 1, 0%
Elapsed time:      1m59.0s
Transferring:
 *   aicup_esg2026_submit_artifacts.zip.part-004:  0% / off, 21.945 MiB/s, -Transferred:   	    2.500 GiB / 2.500 GiB, 100%, 21.945 MiB/s, ETA 0s
Transferred:            0 / 1, 0%
Elapsed time:      1m59.5s
Transferring:
 *   aicup_esg2026_submit_artifacts.zip.part-004:  0% / off, 21.945 MiB/s, -Transferred:   	    2.516 GiB / 2.516 GiB, 100%, 22.073 MiB/s, ETA 0s
Transferred:            0 / 1, 0%
Elapsed time:       2m0.0s
Transferring:
 *   aicup_esg2026_submit_artifacts.zip.part-004:  0% / off, 22.073 MiB/s, -Transferred:   	    2.523 GiB / 2.523 GiB, 100%, 22.073 MiB/s, ETA 0s
Transferred:            0 / 1, 0%
Elapsed time:       2m0.5s
Transferring:
 *   aicup_esg2026_submit_artifacts.zip.part-004:  0% / off, 22.073 MiB/s, -Transferred:   	    2.531 GiB / 2.531 GiB, 100%, 21.694 MiB/s, ETA 0s
Transferred:            0 / 1, 0%
Elapsed time:       2m1.0s
Transferring:
 *   aicup_esg2026_submit_artifacts.zip.part-004:  0% / off, 21.694 MiB/s, -Transferred:   	    2.547 GiB / 2.547 GiB, 100%, 21.694 MiB/s, ETA 0s
Transferred:            0 / 1, 0%
Elapsed time:       2m1.5s
Transferring:
 *   aicup_esg2026_submit_artifacts.zip.part-004:  0% / off, 21.694 MiB/s, -Transferred:   	    2.555 GiB / 2.555 GiB, 100%, 21.838 MiB/s, ETA 0s
Transferred:            0 / 1, 0%
Elapsed time:       2m2.0s
Transferring:
 *   aicup_esg2026_submit_artifacts.zip.part-004:  0% / off, 21.838 MiB/s, -Transferred:   	    2.570 GiB / 2.570 GiB, 100%, 21.838 MiB/s, ETA 0s
Transferred:            0 / 1, 0%
Elapsed time:       2m2.5s
Transferring:
 *   aicup_esg2026_submit_artifacts.zip.part-004:  0% / off, 21.838 MiB/s, -Transferred:   	    2.578 GiB / 2.578 GiB, 100%, 21.838 MiB/s, ETA 0s
Transferred:            0 / 1, 0%
Elapsed time:       2m3.0s
Transferring:
 *   aicup_esg2026_submit_artifacts.zip.part-004:  0% / off, 21.973 MiB/s, -Transferred:   	    2.586 GiB / 2.586 GiB, 100%, 21.973 MiB/s, ETA 0s
Transferred:            0 / 1, 0%
Elapsed time:       2m3.5s
Transferring:
 *   aicup_esg2026_submit_artifacts.zip.part-004:  0% / off, 21.973 MiB/s, -Transferred:   	    2.602 GiB / 2.602 GiB, 100%, 22.100 MiB/s, ETA 0s
Transferred:            0 / 1, 0%
Elapsed time:       2m4.0s
Transferring:
 *   aicup_esg2026_submit_artifacts.zip.part-004:  0% / off, 22.100 MiB/s, -Transferred:   	    2.609 GiB / 2.609 GiB, 100%, 22.100 MiB/s, ETA 0s
Transferred:            0 / 1, 0%
Elapsed time:       2m4.5s
Transferring:
 *   aicup_esg2026_submit_artifacts.zip.part-004:  0% / off, 22.100 MiB/s, -Transferred:   	    2.617 GiB / 2.617 GiB, 100%, 22.100 MiB/s, ETA 0s
Transferred:            0 / 1, 0%
Elapsed time:       2m5.0s
Transferring:
 *   aicup_esg2026_submit_artifacts.zip.part-004:  0% / off, 21.719 MiB/s, -Transferred:   	    2.633 GiB / 2.633 GiB, 100%, 21.719 MiB/s, ETA 0s
Transferred:            0 / 1, 0%
Elapsed time:       2m5.5s
Transferring:
 *   aicup_esg2026_submit_artifacts.zip.part-004:  0% / off, 21.719 MiB/s, -Transferred:   	    2.641 GiB / 2.641 GiB, 100%, 21.861 MiB/s, ETA 0s
Transferred:            0 / 1, 0%
Elapsed time:       2m6.0s
Transferring:
 *   aicup_esg2026_submit_artifacts.zip.part-004:  0% / off, 21.861 MiB/s, -Transferred:   	    2.648 GiB / 2.648 GiB, 100%, 21.861 MiB/s, ETA 0s
Transferred:            0 / 1, 0%
Elapsed time:       2m6.5s
Transferring:
 *   aicup_esg2026_submit_artifacts.zip.part-004:  0% / off, 21.861 MiB/s, -Transferred:   	    2.664 GiB / 2.664 GiB, 100%, 21.995 MiB/s, ETA 0s
Transferred:            0 / 1, 0%
Elapsed time:       2m7.0s
Transferring:
 *   aicup_esg2026_submit_artifacts.zip.part-004:  0% / off, 21.995 MiB/s, -Transferred:   	    2.672 GiB / 2.672 GiB, 100%, 21.995 MiB/s, ETA 0s
Transferred:            0 / 1, 0%
Elapsed time:       2m7.5s
Transferring:
 *   aicup_esg2026_submit_artifacts.zip.part-004:  0% / off, 21.995 MiB/s, -Transferred:   	    2.688 GiB / 2.688 GiB, 100%, 22.120 MiB/s, ETA 0s
Transferred:            0 / 1, 0%
Elapsed time:       2m8.0s
Transferring:
 *   aicup_esg2026_submit_artifacts.zip.part-004:  0% / off, 22.120 MiB/s, -Transferred:   	    2.695 GiB / 2.695 GiB, 100%, 22.120 MiB/s, ETA 0s
Transferred:            0 / 1, 0%
Elapsed time:       2m8.5s
Transferring:
 *   aicup_esg2026_submit_artifacts.zip.part-004:  0% / off, 22.120 MiB/s, -Transferred:   	    2.711 GiB / 2.711 GiB, 100%, 22.120 MiB/s, ETA 0s
Transferred:            0 / 1, 0%
Elapsed time:       2m9.0s
Transferring:
 *   aicup_esg2026_submit_artifacts.zip.part-004:  0% / off, 22.238 MiB/s, -Transferred:   	    2.719 GiB / 2.719 GiB, 100%, 22.238 MiB/s, ETA 0s
Transferred:            0 / 1, 0%
Elapsed time:       2m9.5s
Transferring:
 *   aicup_esg2026_submit_artifacts.zip.part-004:  0% / off, 22.238 MiB/s, -Transferred:   	    2.727 GiB / 2.727 GiB, 100%, 22.238 MiB/s, ETA 0s
Transferred:            0 / 1, 0%
Elapsed time:      2m10.0s
Transferring:
 *   aicup_esg2026_submit_artifacts.zip.part-004:  0% / off, 21.848 MiB/s, -Transferred:   	    2.742 GiB / 2.742 GiB, 100%, 21.848 MiB/s, ETA 0s
Transferred:            0 / 1, 0%
Elapsed time:      2m10.5s
Transferring:
 *   aicup_esg2026_submit_artifacts.zip.part-004:  0% / off, 21.848 MiB/s, -Transferred:   	    2.750 GiB / 2.750 GiB, 100%, 21.982 MiB/s, ETA 0s
Transferred:            0 / 1, 0%
Elapsed time:      2m11.0s
Transferring:
 *   aicup_esg2026_submit_artifacts.zip.part-004:  0% / off, 21.982 MiB/s, -Transferred:   	    2.758 GiB / 2.758 GiB, 100%, 21.982 MiB/s, ETA 0s
Transferred:            0 / 1, 0%
Elapsed time:      2m11.5s
Transferring:
 *   aicup_esg2026_submit_artifacts.zip.part-004:  0% / off, 21.982 MiB/s, -Transferred:   	    2.773 GiB / 2.773 GiB, 100%, 22.108 MiB/s, ETA 0s
Transferred:            0 / 1, 0%
Elapsed time:      2m12.0s
Transferring:
 *   aicup_esg2026_submit_artifacts.zip.part-004:  0% / off, 22.108 MiB/s, -Transferred:   	    2.789 GiB / 2.789 GiB, 100%, 22.108 MiB/s, ETA 0s
Transferred:            0 / 1, 0%
Elapsed time:      2m12.5s
Transferring:
 *   aicup_esg2026_submit_artifacts.zip.part-004:  0% / off, 22.108 MiB/s, -Transferred:   	    2.797 GiB / 2.797 GiB, 100%, 22.227 MiB/s, ETA 0s
Transferred:            0 / 1, 0%
Elapsed time:      2m13.0s
Transferring:
 *   aicup_esg2026_submit_artifacts.zip.part-004:  0% / off, 22.108 MiB/s, -Transferred:   	    2.805 GiB / 2.805 GiB, 100%, 22.227 MiB/s, ETA 0s
Transferred:            0 / 1, 0%
Elapsed time:      2m13.5s
Transferring:
 *   aicup_esg2026_submit_artifacts.zip.part-004:  0% / off, 22.227 MiB/s, -Transferred:   	    2.820 GiB / 2.820 GiB, 100%, 22.337 MiB/s, ETA 0s
Transferred:            0 / 1, 0%
Elapsed time:      2m14.0s
Transferring:
 *   aicup_esg2026_submit_artifacts.zip.part-004:  0% / off, 22.337 MiB/s, -Transferred:   	    2.828 GiB / 2.828 GiB, 100%, 22.337 MiB/s, ETA 0s
Transferred:            0 / 1, 0%
Elapsed time:      2m14.5s
Transferring:
 *   aicup_esg2026_submit_artifacts.zip.part-004:  0% / off, 22.337 MiB/s, -Transferred:   	    2.836 GiB / 2.836 GiB, 100%, 22.337 MiB/s, ETA 0s
Transferred:            0 / 1, 0%
Elapsed time:      2m15.0s
Transferring:
 *   aicup_esg2026_submit_artifacts.zip.part-004:  0% / off, 21.941 MiB/s, -Transferred:   	    2.852 GiB / 2.852 GiB, 100%, 21.941 MiB/s, ETA 0s
Transferred:            0 / 1, 0%
Elapsed time:      2m15.5s
Transferring:
 *   aicup_esg2026_submit_artifacts.zip.part-004:  0% / off, 21.941 MiB/s, -Transferred:   	    2.859 GiB / 2.859 GiB, 100%, 22.070 MiB/s, ETA 0s
Transferred:            0 / 1, 0%
Elapsed time:      2m16.0s
Transferring:
 *   aicup_esg2026_submit_artifacts.zip.part-004:  0% / off, 22.070 MiB/s, -Transferred:   	    2.867 GiB / 2.867 GiB, 100%, 22.070 MiB/s, ETA 0s
Transferred:            0 / 1, 0%
Elapsed time:      2m16.5s
Transferring:
 *   aicup_esg2026_submit_artifacts.zip.part-004:  0% / off, 22.070 MiB/s, -Transferred:   	    2.883 GiB / 2.883 GiB, 100%, 22.191 MiB/s, ETA 0s
Transferred:            0 / 1, 0%
Elapsed time:      2m17.0s
Transferring:
 *   aicup_esg2026_submit_artifacts.zip.part-004:  0% / off, 22.070 MiB/s, -Transferred:   	    2.891 GiB / 2.891 GiB, 100%, 22.191 MiB/s, ETA 0s
Transferred:            0 / 1, 0%
Elapsed time:      2m17.5s
Transferring:
 *   aicup_esg2026_submit_artifacts.zip.part-004:  0% / off, 22.191 MiB/s, -Transferred:   	    2.906 GiB / 2.906 GiB, 100%, 22.191 MiB/s, ETA 0s
Transferred:            0 / 1, 0%
Elapsed time:      2m18.0s
Transferring:
 *   aicup_esg2026_submit_artifacts.zip.part-004:  0% / off, 22.304 MiB/s, -Transferred:   	    2.914 GiB / 2.914 GiB, 100%, 22.304 MiB/s, ETA 0s
Transferred:            0 / 1, 0%
Elapsed time:      2m18.5s
Transferring:
 *   aicup_esg2026_submit_artifacts.zip.part-004:  0% / off, 22.304 MiB/s, -Transferred:   	    2.930 GiB / 2.930 GiB, 100%, 22.410 MiB/s, ETA 0s
Transferred:            0 / 1, 0%
Elapsed time:      2m19.0s
Transferring:
 *   aicup_esg2026_submit_artifacts.zip.part-004:  0% / off, 22.410 MiB/s, -Transferred:   	    2.938 GiB / 2.938 GiB, 100%, 22.410 MiB/s, ETA 0s
Transferred:            0 / 1, 0%
Elapsed time:      2m19.5s
Transferring:
 *   aicup_esg2026_submit_artifacts.zip.part-004:  0% / off, 22.410 MiB/s, -Transferred:   	    2.945 GiB / 2.945 GiB, 100%, 22.410 MiB/s, ETA 0s
Transferred:            0 / 1, 0%
Elapsed time:      2m20.0s
Transferring:
 *   aicup_esg2026_submit_artifacts.zip.part-004:  0% / off, 22.009 MiB/s, -Transferred:   	    2.961 GiB / 2.961 GiB, 100%, 22.009 MiB/s, ETA 0s
Transferred:            0 / 1, 0%
Elapsed time:      2m20.5s
Transferring:
 *   aicup_esg2026_submit_artifacts.zip.part-004:  0% / off, 22.009 MiB/s, -Transferred:   	    2.969 GiB / 2.969 GiB, 100%, 22.009 MiB/s, ETA 0s
Transferred:            0 / 1, 0%
Elapsed time:      2m21.0s
Transferring:
 *   aicup_esg2026_submit_artifacts.zip.part-004:  0% / off, 22.134 MiB/s, -Transferred:   	    2.977 GiB / 2.977 GiB, 100%, 22.134 MiB/s, ETA 0s
Transferred:            0 / 1, 0%
Elapsed time:      2m21.5s
Transferring:
 *   aicup_esg2026_submit_artifacts.zip.part-004:  0% / off, 22.134 MiB/s, -Transferred:   	    2.992 GiB / 2.992 GiB, 100%, 22.250 MiB/s, ETA 0s
Transferred:            0 / 1, 0%
Elapsed time:      2m22.0s
Transferring:
 *   aicup_esg2026_submit_artifacts.zip.part-004:  0% / off, 22.250 MiB/s, -Transferred:   	        3 GiB / 3 GiB, 100%, 22.250 MiB/s, ETA 0s
Transferred:            0 / 1, 0%
Elapsed time:      2m22.5s
Transferring:
 *   aicup_esg2026_submit_artifacts.zip.part-004:  0% / off, 22.250 MiB/s, -Transferred:   	    3.008 GiB / 3.008 GiB, 100%, 21.860 MiB/s, ETA 0s
Transferred:            0 / 1, 0%
Elapsed time:      2m23.0s
Transferring:
 *   aicup_esg2026_submit_artifacts.zip.part-004:  0% / off, 21.860 MiB/s, -Transferred:   	    3.023 GiB / 3.023 GiB, 100%, 21.860 MiB/s, ETA 0s
Transferred:            0 / 1, 0%
Elapsed time:      2m23.5s
Transferring:
 *   aicup_esg2026_submit_artifacts.zip.part-004:  0% / off, 21.860 MiB/s, -Transferred:   	    3.031 GiB / 3.031 GiB, 100%, 21.860 MiB/s, ETA 0s
Transferred:            0 / 1, 0%
Elapsed time:      2m24.0s
Transferring:
 *   aicup_esg2026_submit_artifacts.zip.part-004:  0% / off, 21.993 MiB/s, -Transferred:   	    3.047 GiB / 3.047 GiB, 100%, 21.993 MiB/s, ETA 0s
Transferred:            0 / 1, 0%
Elapsed time:      2m24.5s
Transferring:
 *   aicup_esg2026_submit_artifacts.zip.part-004:  0% / off, 21.993 MiB/s, -Transferred:   	    3.055 GiB / 3.055 GiB, 100%, 21.993 MiB/s, ETA 0s
Transferred:            0 / 1, 0%
Elapsed time:      2m25.0s
Transferring:
 *   aicup_esg2026_submit_artifacts.zip.part-004:  0% / off, 22.119 MiB/s, -Transferred:   	    3.062 GiB / 3.062 GiB, 100%, 22.119 MiB/s, ETA 0s
Transferred:            0 / 1, 0%
Elapsed time:      2m25.5s
Transferring:
 *   aicup_esg2026_submit_artifacts.zip.part-004:  0% / off, 22.119 MiB/s, -Transferred:   	    3.078 GiB / 3.078 GiB, 100%, 22.119 MiB/s, ETA 0s
Transferred:            0 / 1, 0%
Elapsed time:      2m26.0s
Transferring:
 *   aicup_esg2026_submit_artifacts.zip.part-004:  0% / off, 22.236 MiB/s, -Transferred:   	    3.086 GiB / 3.086 GiB, 100%, 22.236 MiB/s, ETA 0s
Transferred:            0 / 1, 0%
Elapsed time:      2m26.5s
Transferring:
 *   aicup_esg2026_submit_artifacts.zip.part-004:  0% / off, 22.236 MiB/s, -Transferred:   	    3.094 GiB / 3.094 GiB, 100%, 22.236 MiB/s, ETA 0s
Transferred:            0 / 1, 0%
Elapsed time:      2m27.0s
Transferring:
 *   aicup_esg2026_submit_artifacts.zip.part-004:  0% / off, 21.847 MiB/s, -Transferred:   	    3.109 GiB / 3.109 GiB, 100%, 21.847 MiB/s, ETA 0s
Transferred:            0 / 1, 0%
Elapsed time:      2m27.5s
Transferring:
 *   aicup_esg2026_submit_artifacts.zip.part-004:  0% / off, 21.847 MiB/s, -Transferred:   	    3.117 GiB / 3.117 GiB, 100%, 21.981 MiB/s, ETA 0s
Transferred:            0 / 1, 0%
Elapsed time:      2m28.0s
Transferring:
 *   aicup_esg2026_submit_artifacts.zip.part-004:  0% / off, 21.981 MiB/s, -Transferred:   	    3.125 GiB / 3.125 GiB, 100%, 21.981 MiB/s, ETA 0s
Transferred:            0 / 1, 0%
Elapsed time:      2m28.5s
Transferring:
 *   aicup_esg2026_submit_artifacts.zip.part-004:  0% / off, 21.981 MiB/s, -Transferred:   	    3.133 GiB / 3.133 GiB, 100%, 21.607 MiB/s, ETA 0s
Transferred:            0 / 1, 0%
Elapsed time:      2m29.0s
Transferring:
 *   aicup_esg2026_submit_artifacts.zip.part-004:  0% / off, 21.607 MiB/s, -Transferred:   	    3.148 GiB / 3.148 GiB, 100%, 21.607 MiB/s, ETA 0s
Transferred:            0 / 1, 0%
Elapsed time:      2m29.5s
Transferring:
 *   aicup_esg2026_submit_artifacts.zip.part-004:  0% / off, 21.607 MiB/s, -Transferred:   	    3.164 GiB / 3.164 GiB, 100%, 22.257 MiB/s, ETA 0s
Transferred:            0 / 1, 0%
Elapsed time:      2m30.0s
Transferring:
 *   aicup_esg2026_submit_artifacts.zip.part-004:  0% / off, 22.257 MiB/s, -Transferred:   	    3.172 GiB / 3.172 GiB, 100%, 22.257 MiB/s, ETA 0s
Transferred:            0 / 1, 0%
Elapsed time:      2m30.5s
Transferring:
 *   aicup_esg2026_submit_artifacts.zip.part-004:  0% / off, 22.257 MiB/s, -Transferred:   	    3.180 GiB / 3.180 GiB, 100%, 22.257 MiB/s, ETA 0s
Transferred:            0 / 1, 0%
Elapsed time:      2m31.0s
Transferring:
 *   aicup_esg2026_submit_artifacts.zip.part-004:  0% / off, 21.866 MiB/s, -Transferred:   	    3.195 GiB / 3.195 GiB, 100%, 21.866 MiB/s, ETA 0s
Transferred:            0 / 1, 0%
Elapsed time:      2m31.5s
Transferring:
 *   aicup_esg2026_submit_artifacts.zip.part-004:  0% / off, 21.866 MiB/s, -Transferred:   	    3.203 GiB / 3.203 GiB, 100%, 21.999 MiB/s, ETA 0s
Transferred:            0 / 1, 0%
Elapsed time:      2m32.0s
Transferring:
 *   aicup_esg2026_submit_artifacts.zip.part-004:  0% / off, 21.999 MiB/s, -Transferred:   	    3.211 GiB / 3.211 GiB, 100%, 21.999 MiB/s, ETA 0s
Transferred:            0 / 1, 0%
Elapsed time:      2m32.5s
Transferring:
 *   aicup_esg2026_submit_artifacts.zip.part-004:  0% / off, 21.999 MiB/s, -Transferred:   	    3.227 GiB / 3.227 GiB, 100%, 21.999 MiB/s, ETA 0s
Transferred:            0 / 1, 0%
Elapsed time:      2m33.0s
Transferring:
 *   aicup_esg2026_submit_artifacts.zip.part-004:  0% / off, 22.124 MiB/s, -Transferred:   	    3.234 GiB / 3.234 GiB, 100%, 22.124 MiB/s, ETA 0s
Transferred:            0 / 1, 0%
Elapsed time:      2m33.5s
Transferring:
 *   aicup_esg2026_submit_artifacts.zip.part-004:  0% / off, 22.124 MiB/s, -Transferred:   	    3.242 GiB / 3.242 GiB, 100%, 21.742 MiB/s, ETA 0s
Transferred:            0 / 1, 0%
Elapsed time:      2m34.0s
Transferring:
 *   aicup_esg2026_submit_artifacts.zip.part-004:  0% / off, 21.741 MiB/s, -Transferred:   	    3.250 GiB / 3.250 GiB, 100%, 21.742 MiB/s, ETA 0s
Transferred:            0 / 1, 0%
Elapsed time:      2m34.5s
Transferring:
 *   aicup_esg2026_submit_artifacts.zip.part-004:  0% / off, 21.741 MiB/s, -Transferred:   	    3.266 GiB / 3.266 GiB, 100%, 21.742 MiB/s, ETA 0s
Transferred:            0 / 1, 0%
Elapsed time:      2m35.0s
Transferring:
 *   aicup_esg2026_submit_artifacts.zip.part-004:  0% / off, 21.883 MiB/s, -Transferred:   	    3.273 GiB / 3.273 GiB, 100%, 21.883 MiB/s, ETA 0s
Transferred:            0 / 1, 0%
Elapsed time:      2m35.5s
Transferring:
 *   aicup_esg2026_submit_artifacts.zip.part-004:  0% / off, 21.883 MiB/s, -Transferred:   	    3.281 GiB / 3.281 GiB, 100%, 21.515 MiB/s, ETA 0s
Transferred:            0 / 1, 0%
Elapsed time:      2m36.0s
Transferring:
 *   aicup_esg2026_submit_artifacts.zip.part-004:  0% / off, 21.515 MiB/s, -Transferred:   	    3.290 GiB / 3.290 GiB, 100%, 21.515 MiB/s, ETA 0s
Transferred:            0 / 1, 0%
Elapsed time:      2m36.5s
Transferring:
 *   aicup_esg2026_submit_artifacts.zip.part-004:  0% / off, 21.515 MiB/s, -Transferred:   	    3.305 GiB / 3.305 GiB, 100%, 21.515 MiB/s, ETA 0s
Transferred:            0 / 1, 0%
Elapsed time:      2m37.0s
Transferring:
 *   aicup_esg2026_submit_artifacts.zip.part-004:  0% / off, 21.670 MiB/s, -Transferred:   	    3.312 GiB / 3.312 GiB, 100%, 21.670 MiB/s, ETA 0s
Transferred:            0 / 1, 0%
Elapsed time:      2m37.5s
Transferring:
 *   aicup_esg2026_submit_artifacts.zip.part-004:  0% / off, 21.670 MiB/s, -Transferred:   	    3.328 GiB / 3.328 GiB, 100%, 21.816 MiB/s, ETA 0s
Transferred:            0 / 1, 0%
Elapsed time:      2m38.0s
Transferring:
 *   aicup_esg2026_submit_artifacts.zip.part-004:  0% / off, 21.816 MiB/s, -Transferred:   	    3.336 GiB / 3.336 GiB, 100%, 21.816 MiB/s, ETA 0s
Transferred:            0 / 1, 0%
Elapsed time:      2m38.5s
Transferring:
 *   aicup_esg2026_submit_artifacts.zip.part-004:  0% / off, 21.816 MiB/s, -Transferred:   	    3.344 GiB / 3.344 GiB, 100%, 21.452 MiB/s, ETA 0s
Transferred:            0 / 1, 0%
Elapsed time:      2m39.0s
Transferring:
 *   aicup_esg2026_submit_artifacts.zip.part-004:  0% / off, 21.452 MiB/s, -Transferred:   	    3.359 GiB / 3.359 GiB, 100%, 21.452 MiB/s, ETA 0s
Transferred:            0 / 1, 0%
Elapsed time:      2m39.5s
Transferring:
 *   aicup_esg2026_submit_artifacts.zip.part-004:  0% / off, 21.452 MiB/s, -Transferred:   	    3.367 GiB / 3.367 GiB, 100%, 21.452 MiB/s, ETA 0s
Transferred:            0 / 1, 0%
Elapsed time:      2m40.0s
Transferring:
 *   aicup_esg2026_submit_artifacts.zip.part-004:  0% / off, 21.612 MiB/s, -Transferred:   	    3.375 GiB / 3.375 GiB, 100%, 21.612 MiB/s, ETA 0s
Transferred:            0 / 1, 0%
Elapsed time:      2m40.5s
Transferring:
 *   aicup_esg2026_submit_artifacts.zip.part-004:  0% / off, 21.612 MiB/s, -Transferred:   	    3.391 GiB / 3.391 GiB, 100%, 21.761 MiB/s, ETA 0s
Transferred:            0 / 1, 0%
Elapsed time:      2m41.0s
Transferring:
 *   aicup_esg2026_submit_artifacts.zip.part-004:  0% / off, 21.761 MiB/s, -Transferred:   	    3.398 GiB / 3.398 GiB, 100%, 21.761 MiB/s, ETA 0s
Transferred:            0 / 1, 0%
Elapsed time:      2m41.5s
Transferring:
 *   aicup_esg2026_submit_artifacts.zip.part-004:  0% / off, 21.761 MiB/s, -Transferred:   	    3.406 GiB / 3.406 GiB, 100%, 21.761 MiB/s, ETA 0s
Transferred:            0 / 1, 0%
Elapsed time:      2m42.0s
Transferring:
 *   aicup_esg2026_submit_artifacts.zip.part-004:  0% / off, 21.401 MiB/s, -Transferred:   	    3.422 GiB / 3.422 GiB, 100%, 21.401 MiB/s, ETA 0s
Transferred:            0 / 1, 0%
Elapsed time:      2m42.5s
Transferring:
 *   aicup_esg2026_submit_artifacts.zip.part-004:  0% / off, 21.401 MiB/s, -Transferred:   	    3.430 GiB / 3.430 GiB, 100%, 21.401 MiB/s, ETA 0s
Transferred:            0 / 1, 0%
Elapsed time:      2m43.0s
Transferring:
 *   aicup_esg2026_submit_artifacts.zip.part-004:  0% / off, 21.563 MiB/s, -Transferred:   	    3.445 GiB / 3.445 GiB, 100%, 21.563 MiB/s, ETA 0s
Transferred:            0 / 1, 0%
Elapsed time:      2m43.5s
Transferring:
 *   aicup_esg2026_submit_artifacts.zip.part-004:  0% / off, 21.563 MiB/s, -Transferred:   	    3.453 GiB / 3.453 GiB, 100%, 21.563 MiB/s, ETA 0s
Transferred:            0 / 1, 0%
Elapsed time:      2m44.0s
Transferring:
 *   aicup_esg2026_submit_artifacts.zip.part-004:  0% / off, 21.716 MiB/s, -Transferred:   	    3.461 GiB / 3.461 GiB, 100%, 21.716 MiB/s, ETA 0s
Transferred:            0 / 1, 0%
Elapsed time:      2m44.5s
Transferring:
 *   aicup_esg2026_submit_artifacts.zip.part-004:  0% / off, 21.716 MiB/s, -Transferred:   	    3.477 GiB / 3.477 GiB, 100%, 21.858 MiB/s, ETA 0s
Transferred:            0 / 1, 0%
Elapsed time:      2m45.0s
Transferring:
 *   aicup_esg2026_submit_artifacts.zip.part-004:  0% / off, 21.858 MiB/s, -Transferred:   	    3.484 GiB / 3.484 GiB, 100%, 21.858 MiB/s, ETA 0s
Transferred:            0 / 1, 0%
Elapsed time:      2m45.5s
Transferring:
 *   aicup_esg2026_submit_artifacts.zip.part-004:  0% / off, 21.858 MiB/s, -Transferred:   	    3.492 GiB / 3.492 GiB, 100%, 21.492 MiB/s, ETA 0s
Transferred:            0 / 1, 0%
Elapsed time:      2m46.0s
Transferring:
 *   aicup_esg2026_submit_artifacts.zip.part-004:  0% / off, 21.492 MiB/s, -Transferred:   	    3.508 GiB / 3.508 GiB, 100%, 21.492 MiB/s, ETA 0s
Transferred:            0 / 1, 0%
Elapsed time:      2m46.5s
Transferring:
 *   aicup_esg2026_submit_artifacts.zip.part-004:  0% / off, 21.492 MiB/s, -Transferred:   	    3.516 GiB / 3.516 GiB, 100%, 21.492 MiB/s, ETA 0s
Transferred:            0 / 1, 0%
Elapsed time:      2m47.0s
Transferring:
 *   aicup_esg2026_submit_artifacts.zip.part-004:  0% / off, 21.649 MiB/s, -Transferred:   	    3.523 GiB / 3.523 GiB, 100%, 21.649 MiB/s, ETA 0s
Transferred:            0 / 1, 0%
Elapsed time:      2m47.5s
Transferring:
 *   aicup_esg2026_submit_artifacts.zip.part-004:  0% / off, 21.649 MiB/s, -Transferred:   	    3.539 GiB / 3.539 GiB, 100%, 21.649 MiB/s, ETA 0s
Transferred:            0 / 1, 0%
Elapsed time:      2m48.0s
Transferring:
 *   aicup_esg2026_submit_artifacts.zip.part-004:  0% / off, 21.796 MiB/s, -Transferred:   	    3.547 GiB / 3.547 GiB, 100%, 21.796 MiB/s, ETA 0s
Transferred:            0 / 1, 0%
Elapsed time:      2m48.5s
Transferring:
 *   aicup_esg2026_submit_artifacts.zip.part-004:  0% / off, 21.796 MiB/s, -Transferred:   	    3.555 GiB / 3.555 GiB, 100%, 21.434 MiB/s, ETA 0s
Transferred:            0 / 1, 0%
Elapsed time:      2m49.0s
Transferring:
 *   aicup_esg2026_submit_artifacts.zip.part-004:  0% / off, 21.434 MiB/s, -Transferred:   	    3.562 GiB / 3.562 GiB, 100%, 21.434 MiB/s, ETA 0s
Transferred:            0 / 1, 0%
Elapsed time:      2m49.5s
Transferring:
 *   aicup_esg2026_submit_artifacts.zip.part-004:  0% / off, 21.434 MiB/s, -Transferred:   	    3.578 GiB / 3.578 GiB, 100%, 21.594 MiB/s, ETA 0s
Transferred:            0 / 1, 0%
Elapsed time:      2m50.0s
Transferring:
 *   aicup_esg2026_submit_artifacts.zip.part-004:  0% / off, 21.594 MiB/s, -Transferred:   	    3.586 GiB / 3.586 GiB, 100%, 21.594 MiB/s, ETA 0s
Transferred:            0 / 1, 0%
Elapsed time:      2m50.5s
Transferring:
 *   aicup_esg2026_submit_artifacts.zip.part-004:  0% / off, 21.594 MiB/s, -Transferred:   	    3.602 GiB / 3.602 GiB, 100%, 21.594 MiB/s, ETA 0s
Transferred:            0 / 1, 0%
Elapsed time:      2m51.0s
Transferring:
 *   aicup_esg2026_submit_artifacts.zip.part-004:  0% / off, 21.744 MiB/s, -Transferred:   	    3.609 GiB / 3.609 GiB, 100%, 21.744 MiB/s, ETA 0s
Transferred:            0 / 1, 0%
Elapsed time:      2m51.5s
Transferring:
 *   aicup_esg2026_submit_artifacts.zip.part-004:  0% / off, 21.744 MiB/s, -Transferred:   	    3.625 GiB / 3.625 GiB, 100%, 21.744 MiB/s, ETA 0s
Transferred:            0 / 1, 0%
Elapsed time:      2m52.0s
Transferring:
 *   aicup_esg2026_submit_artifacts.zip.part-004:  0% / off, 21.885 MiB/s, -Transferred:   	    3.633 GiB / 3.633 GiB, 100%, 21.885 MiB/s, ETA 0s
Transferred:            0 / 1, 0%
Elapsed time:      2m52.5s
Transferring:
 *   aicup_esg2026_submit_artifacts.zip.part-004:  0% / off, 21.885 MiB/s, -Transferred:   	    3.641 GiB / 3.641 GiB, 100%, 21.885 MiB/s, ETA 0s
Transferred:            0 / 1, 0%
Elapsed time:      2m53.0s
Transferring:
 *   aicup_esg2026_submit_artifacts.zip.part-004:  0% / off, 21.518 MiB/s, -Transferred:   	    3.656 GiB / 3.656 GiB, 100%, 21.518 MiB/s, ETA 0s
Transferred:            0 / 1, 0%
Elapsed time:      2m53.5s
Transferring:
 *   aicup_esg2026_submit_artifacts.zip.part-004:  0% / off, 21.518 MiB/s, -Transferred:   	    3.664 GiB / 3.664 GiB, 100%, 21.518 MiB/s, ETA 0s
Transferred:            0 / 1, 0%
Elapsed time:      2m54.0s
Transferring:
 *   aicup_esg2026_submit_artifacts.zip.part-004:  0% / off, 21.673 MiB/s, -Transferred:   	    3.672 GiB / 3.672 GiB, 100%, 21.673 MiB/s, ETA 0s
Transferred:            0 / 1, 0%
Elapsed time:      2m54.5s
Transferring:
 *   aicup_esg2026_submit_artifacts.zip.part-004:  0% / off, 21.673 MiB/s, -Transferred:   	    3.680 GiB / 3.680 GiB, 100%, 21.673 MiB/s, ETA 0s
Transferred:            0 / 1, 0%
Elapsed time:      2m55.0s
Transferring:
 *   aicup_esg2026_submit_artifacts.zip.part-004:  0% / off, 21.673 MiB/s, -Transferred:   	    3.695 GiB / 3.695 GiB, 100%, 21.318 MiB/s, ETA 0s
Transferred:            0 / 1, 0%
Elapsed time:      2m55.5s
Transferring:
 *   aicup_esg2026_submit_artifacts.zip.part-004:  0% / off, 21.318 MiB/s, -Transferred:   	    3.711 GiB / 3.711 GiB, 100%, 21.986 MiB/s, ETA 0s
Transferred:            0 / 1, 0%
Elapsed time:      2m56.0s
Transferring:
 *   aicup_esg2026_submit_artifacts.zip.part-004:  0% / off, 21.986 MiB/s, -Transferred:   	    3.719 GiB / 3.719 GiB, 100%, 21.986 MiB/s, ETA 0s
Transferred:            0 / 1, 0%
Elapsed time:      2m56.5s
Transferring:
 *   aicup_esg2026_submit_artifacts.zip.part-004:  0% / off, 21.986 MiB/s, -Transferred:   	    3.727 GiB / 3.727 GiB, 100%, 21.612 MiB/s, ETA 0s
Transferred:            0 / 1, 0%
Elapsed time:      2m57.0s
Transferring:
 *   aicup_esg2026_submit_artifacts.zip.part-004:  0% / off, 21.612 MiB/s, -Transferred:   	    3.742 GiB / 3.742 GiB, 100%, 21.612 MiB/s, ETA 0s
Transferred:            0 / 1, 0%
Elapsed time:      2m57.5s
Transferring:
 *   aicup_esg2026_submit_artifacts.zip.part-004:  0% / off, 21.612 MiB/s, -Transferred:   	    3.750 GiB / 3.750 GiB, 100%, 21.612 MiB/s, ETA 0s
Transferred:            0 / 1, 0%
Elapsed time:      2m58.0s
Transferring:
 *   aicup_esg2026_submit_artifacts.zip.part-004:  0% / off, 21.761 MiB/s, -Transferred:   	    3.758 GiB / 3.758 GiB, 100%, 21.761 MiB/s, ETA 0s
Transferred:            0 / 1, 0%
Elapsed time:      2m58.5s
Transferring:
 *   aicup_esg2026_submit_artifacts.zip.part-004:  0% / off, 21.761 MiB/s, -Transferred:   	    3.773 GiB / 3.773 GiB, 100%, 21.761 MiB/s, ETA 0s
Transferred:            0 / 1, 0%
Elapsed time:      2m59.0s
Transferring:
 *   aicup_esg2026_submit_artifacts.zip.part-004:  0% / off, 21.901 MiB/s, -Transferred:   	    3.781 GiB / 3.781 GiB, 100%, 21.901 MiB/s, ETA 0s
Transferred:            0 / 1, 0%
Elapsed time:      2m59.5s
Transferring:
 *   aicup_esg2026_submit_artifacts.zip.part-004:  0% / off, 21.901 MiB/s, -Transferred:   	    3.789 GiB / 3.789 GiB, 100%, 21.532 MiB/s, ETA 0s
Transferred:            0 / 1, 0%
Elapsed time:       3m0.0s
Transferring:
 *   aicup_esg2026_submit_artifacts.zip.part-004:  0% / off, 21.532 MiB/s, -Transferred:   	    3.797 GiB / 3.797 GiB, 100%, 21.532 MiB/s, ETA 0s
Transferred:            0 / 1, 0%
Elapsed time:       3m0.5s
Transferring:
 *   aicup_esg2026_submit_artifacts.zip.part-004:  0% / off, 21.532 MiB/s, -Transferred:   	    3.809 GiB / 3.809 GiB, 100%, 21.532 MiB/s, ETA 0s
Transferred:            0 / 1, 0%
Elapsed time:       3m1.0s
Transferring:
 *   aicup_esg2026_submit_artifacts.zip.part-004:  0% / off, 21.436 MiB/s, -Transferred:   	    3.809 GiB / 3.809 GiB, 100%, 21.436 MiB/s, ETA 0s
Transferred:            0 / 1, 0%
Elapsed time:       3m1.5s
Transferring:
 *   aicup_esg2026_submit_artifacts.zip.part-004:  0% / off, 21.436 MiB/s, -Transferred:   	    3.809 GiB / 3.809 GiB, 100%, 20.097 MiB/s, ETA 0s
Transferred:            0 / 1, 0%
Elapsed time:       3m2.0s
Transferring:
 *   aicup_esg2026_submit_artifacts.zip.part-004:  0% / off, 20.097 MiB/s, -Transferred:   	    3.809 GiB / 3.809 GiB, 100%, 20.097 MiB/s, ETA 0s
Transferred:            0 / 1, 0%
Elapsed time:       3m2.5s
Transferring:
 *   aicup_esg2026_submit_artifacts.zip.part-004:  0% / off, 20.097 MiB/s, -Transferred:   	    3.809 GiB / 3.809 GiB, 100%, 20.097 MiB/s, ETA 0s
Transferred:            1 / 1, 100%
Elapsed time:       3m2.8s
### verified aicup_esg2026_submit_artifacts.zip.part-004 (4089446400 bytes)
