### part 3/9 attempt 1/4 expected=4089446400
### uploading aicup_esg2026_submit_artifacts.zip.part-003
Transferred:   	      100 KiB / 100 KiB, 100%, 0 B/s, ETA -
Transferred:            0 / 1, 0%
Elapsed time:         0.5s
Transferring:
 *   aicup_esg2026_submit_artifacts.zip.part-003:  0% / off, 0 B/s, -Transferred:   	      100 KiB / 100 KiB, 100%, 0 B/s, ETA -
Transferred:            0 / 1, 0%
Elapsed time:         1.0s
Transferring:
 *   aicup_esg2026_submit_artifacts.zip.part-003:  0% / off, 99.995 KiB/s, -Transferred:   	       16 MiB / 16 MiB, 100%, 99.995 KiB/s, ETA 0s
Transferred:            0 / 1, 0%
Elapsed time:         1.5s
Transferring:
 *   aicup_esg2026_submit_artifacts.zip.part-003:  0% / off, 99.995 KiB/s, -Transferred:   	       24 MiB / 24 MiB, 100%, 99.995 KiB/s, ETA 0s
Transferred:            0 / 1, 0%
Elapsed time:         2.0s
Transferring:
 *   aicup_esg2026_submit_artifacts.zip.part-003:  0% / off, 12.000 MiB/s, -Transferred:   	       32 MiB / 32 MiB, 100%, 12.000 MiB/s, ETA 0s
Transferred:            0 / 1, 0%
Elapsed time:         2.5s
Transferring:
 *   aicup_esg2026_submit_artifacts.zip.part-003:  0% / off, 12.000 MiB/s, -Transferred:   	       40 MiB / 40 MiB, 100%, 13.333 MiB/s, ETA 0s
Transferred:            0 / 1, 0%
Elapsed time:         3.0s
Transferring:
 *   aicup_esg2026_submit_artifacts.zip.part-003:  0% / off, 13.333 MiB/s, -Transferred:   	       56 MiB / 56 MiB, 100%, 13.333 MiB/s, ETA 0s
Transferred:            0 / 1, 0%
Elapsed time:         3.5s
Transferring:
 *   aicup_esg2026_submit_artifacts.zip.part-003:  0% / off, 13.333 MiB/s, -Transferred:   	       64 MiB / 64 MiB, 100%, 13.333 MiB/s, ETA 0s
Transferred:            0 / 1, 0%
Elapsed time:         4.0s
Transferring:
 *   aicup_esg2026_submit_artifacts.zip.part-003:  0% / off, 16.000 MiB/s, -Transferred:   	       72 MiB / 72 MiB, 100%, 16.000 MiB/s, ETA 0s
Transferred:            0 / 1, 0%
Elapsed time:         4.5s
Transferring:
 *   aicup_esg2026_submit_artifacts.zip.part-003:  0% / off, 16.000 MiB/s, -Transferred:   	       88 MiB / 88 MiB, 100%, 16.000 MiB/s, ETA 0s
Transferred:            0 / 1, 0%
Elapsed time:         5.0s
Transferring:
 *   aicup_esg2026_submit_artifacts.zip.part-003:  0% / off, 17.600 MiB/s, -Transferred:   	       96 MiB / 96 MiB, 100%, 17.600 MiB/s, ETA 0s
Transferred:            0 / 1, 0%
Elapsed time:         5.5s
Transferring:
 *   aicup_esg2026_submit_artifacts.zip.part-003:  0% / off, 17.600 MiB/s, -Transferred:   	  104.996 MiB / 104.996 MiB, 100%, 17.600 MiB/s, ETA 0s
Transferred:            0 / 1, 0%
Elapsed time:         6.0s
Transferring:
 *   aicup_esg2026_submit_artifacts.zip.part-003:  0% / off, 17.499 MiB/s, -Transferred:   	      120 MiB / 120 MiB, 100%, 17.499 MiB/s, ETA 0s
Transferred:            0 / 1, 0%
Elapsed time:         6.5s
Transferring:
 *   aicup_esg2026_submit_artifacts.zip.part-003:  0% / off, 17.499 MiB/s, -Transferred:   	      128 MiB / 128 MiB, 100%, 18.286 MiB/s, ETA 0s
Transferred:            0 / 1, 0%
Elapsed time:         7.0s
Transferring:
 *   aicup_esg2026_submit_artifacts.zip.part-003:  0% / off, 18.286 MiB/s, -Transferred:   	      144 MiB / 144 MiB, 100%, 18.286 MiB/s, ETA 0s
Transferred:            0 / 1, 0%
Elapsed time:         7.5s
Transferring:
 *   aicup_esg2026_submit_artifacts.zip.part-003:  0% / off, 18.286 MiB/s, -Transferred:   	      152 MiB / 152 MiB, 100%, 18.286 MiB/s, ETA 0s
Transferred:            0 / 1, 0%
Elapsed time:         8.0s
Transferring:
 *   aicup_esg2026_submit_artifacts.zip.part-003:  0% / off, 19.000 MiB/s, -Transferred:   	      160 MiB / 160 MiB, 100%, 19.000 MiB/s, ETA 0s
Transferred:            0 / 1, 0%
Elapsed time:         8.5s
Transferring:
 *   aicup_esg2026_submit_artifacts.zip.part-003:  0% / off, 19.000 MiB/s, -Transferred:   	      176 MiB / 176 MiB, 100%, 19.000 MiB/s, ETA 0s
Transferred:            0 / 1, 0%
Elapsed time:         9.0s
Transferring:
 *   aicup_esg2026_submit_artifacts.zip.part-003:  0% / off, 19.556 MiB/s, -Transferred:   	      184 MiB / 184 MiB, 100%, 19.556 MiB/s, ETA 0s
Transferred:            0 / 1, 0%
Elapsed time:         9.5s
Transferring:
 *   aicup_esg2026_submit_artifacts.zip.part-003:  0% / off, 19.556 MiB/s, -Transferred:   	      192 MiB / 192 MiB, 100%, 19.556 MiB/s, ETA 0s
Transferred:            0 / 1, 0%
Elapsed time:        10.0s
Transferring:
 *   aicup_esg2026_submit_artifacts.zip.part-003:  0% / off, 19.200 MiB/s, -Transferred:   	      208 MiB / 208 MiB, 100%, 19.200 MiB/s, ETA 0s
Transferred:            0 / 1, 0%
Elapsed time:        10.5s
Transferring:
 *   aicup_esg2026_submit_artifacts.zip.part-003:  0% / off, 19.200 MiB/s, -Transferred:   	      216 MiB / 216 MiB, 100%, 19.636 MiB/s, ETA 0s
Transferred:            0 / 1, 0%
Elapsed time:        11.0s
Transferring:
 *   aicup_esg2026_submit_artifacts.zip.part-003:  0% / off, 19.200 MiB/s, -Transferred:   	      224 MiB / 224 MiB, 100%, 19.636 MiB/s, ETA 0s
Transferred:            0 / 1, 0%
Elapsed time:        11.5s
Transferring:
 *   aicup_esg2026_submit_artifacts.zip.part-003:  0% / off, 19.636 MiB/s, -Transferred:   	      232 MiB / 232 MiB, 100%, 19.333 MiB/s, ETA 0s
Transferred:            0 / 1, 0%
Elapsed time:        12.0s
Transferring:
 *   aicup_esg2026_submit_artifacts.zip.part-003:  0% / off, 19.333 MiB/s, -Transferred:   	      248 MiB / 248 MiB, 100%, 19.333 MiB/s, ETA 0s
Transferred:            0 / 1, 0%
Elapsed time:        12.5s
Transferring:
 *   aicup_esg2026_submit_artifacts.zip.part-003:  0% / off, 19.333 MiB/s, -Transferred:   	      256 MiB / 256 MiB, 100%, 19.692 MiB/s, ETA 0s
Transferred:            0 / 1, 0%
Elapsed time:        13.0s
Transferring:
 *   aicup_esg2026_submit_artifacts.zip.part-003:  0% / off, 19.692 MiB/s, -Transferred:   	      264 MiB / 264 MiB, 100%, 19.692 MiB/s, ETA 0s
Transferred:            0 / 1, 0%
Elapsed time:        13.5s
Transferring:
 *   aicup_esg2026_submit_artifacts.zip.part-003:  0% / off, 19.692 MiB/s, -Transferred:   	      280 MiB / 280 MiB, 100%, 19.692 MiB/s, ETA 0s
Transferred:            0 / 1, 0%
Elapsed time:        14.0s
Transferring:
 *   aicup_esg2026_submit_artifacts.zip.part-003:  0% / off, 20.000 MiB/s, -Transferred:   	      288 MiB / 288 MiB, 100%, 20.000 MiB/s, ETA 0s
Transferred:            0 / 1, 0%
Elapsed time:        14.5s
Transferring:
 *   aicup_esg2026_submit_artifacts.zip.part-003:  0% / off, 20.000 MiB/s, -Transferred:   	      296 MiB / 296 MiB, 100%, 19.733 MiB/s, ETA 0s
Transferred:            0 / 1, 0%
Elapsed time:        15.0s
Transferring:
 *   aicup_esg2026_submit_artifacts.zip.part-003:  0% / off, 19.733 MiB/s, -Transferred:   	  305.996 MiB / 305.996 MiB, 100%, 19.733 MiB/s, ETA 0s
Transferred:            0 / 1, 0%
Elapsed time:        15.5s
Transferring:
 *   aicup_esg2026_submit_artifacts.zip.part-003:  0% / off, 19.733 MiB/s, -Transferred:   	      320 MiB / 320 MiB, 100%, 19.733 MiB/s, ETA 0s
Transferred:            0 / 1, 0%
Elapsed time:        16.0s
Transferring:
 *   aicup_esg2026_submit_artifacts.zip.part-003:  0% / off, 20.000 MiB/s, -Transferred:   	  333.996 MiB / 333.996 MiB, 100%, 20.000 MiB/s, ETA 0s
Transferred:            0 / 1, 0%
Elapsed time:        16.5s
Transferring:
 *   aicup_esg2026_submit_artifacts.zip.part-003:  0% / off, 20.000 MiB/s, -Transferred:   	      344 MiB / 344 MiB, 100%, 20.250 MiB/s, ETA 0s
Transferred:            0 / 1, 0%
Elapsed time:        17.0s
Transferring:
 *   aicup_esg2026_submit_artifacts.zip.part-003:  0% / off, 20.250 MiB/s, -Transferred:   	      352 MiB / 352 MiB, 100%, 20.250 MiB/s, ETA 0s
Transferred:            0 / 1, 0%
Elapsed time:        17.5s
Transferring:
 *   aicup_esg2026_submit_artifacts.zip.part-003:  0% / off, 20.250 MiB/s, -Transferred:   	      368 MiB / 368 MiB, 100%, 20.250 MiB/s, ETA 0s
Transferred:            0 / 1, 0%
Elapsed time:        18.0s
Transferring:
 *   aicup_esg2026_submit_artifacts.zip.part-003:  0% / off, 20.250 MiB/s, -Transferred:   	      376 MiB / 376 MiB, 100%, 20.484 MiB/s, ETA 0s
Transferred:            0 / 1, 0%
Elapsed time:        18.5s
Transferring:
 *   aicup_esg2026_submit_artifacts.zip.part-003:  0% / off, 20.484 MiB/s, -Transferred:   	      384 MiB / 384 MiB, 100%, 20.204 MiB/s, ETA 0s
Transferred:            0 / 1, 0%
Elapsed time:        19.0s
Transferring:
 *   aicup_esg2026_submit_artifacts.zip.part-003:  0% / off, 20.484 MiB/s, -Transferred:   	  393.996 MiB / 393.996 MiB, 100%, 20.204 MiB/s, ETA 0s
Transferred:            0 / 1, 0%
Elapsed time:        19.5s
Transferring:
 *   aicup_esg2026_submit_artifacts.zip.part-003:  0% / off, 20.204 MiB/s, -Transferred:   	      408 MiB / 408 MiB, 100%, 20.204 MiB/s, ETA 0s
Transferred:            0 / 1, 0%
Elapsed time:        20.0s
Transferring:
 *   aicup_esg2026_submit_artifacts.zip.part-003:  0% / off, 20.441 MiB/s, -Transferred:   	      416 MiB / 416 MiB, 100%, 20.441 MiB/s, ETA 0s
Transferred:            0 / 1, 0%
Elapsed time:        20.5s
Transferring:
 *   aicup_esg2026_submit_artifacts.zip.part-003:  0% / off, 20.441 MiB/s, -Transferred:   	      424 MiB / 424 MiB, 100%, 20.441 MiB/s, ETA 0s
Transferred:            0 / 1, 0%
Elapsed time:        21.0s
Transferring:
 *   aicup_esg2026_submit_artifacts.zip.part-003:  0% / off, 20.164 MiB/s, -Transferred:   	      440 MiB / 440 MiB, 100%, 20.164 MiB/s, ETA 0s
Transferred:            0 / 1, 0%
Elapsed time:        21.5s
Transferring:
 *   aicup_esg2026_submit_artifacts.zip.part-003:  0% / off, 20.164 MiB/s, -Transferred:   	      448 MiB / 448 MiB, 100%, 20.164 MiB/s, ETA 0s
Transferred:            0 / 1, 0%
Elapsed time:        22.0s
Transferring:
 *   aicup_esg2026_submit_artifacts.zip.part-003:  0% / off, 20.404 MiB/s, -Transferred:   	      456 MiB / 456 MiB, 100%, 20.404 MiB/s, ETA 0s
Transferred:            0 / 1, 0%
Elapsed time:        22.5s
Transferring:
 *   aicup_esg2026_submit_artifacts.zip.part-003:  0% / off, 20.404 MiB/s, -Transferred:   	      464 MiB / 464 MiB, 100%, 20.128 MiB/s, ETA 0s
Transferred:            0 / 1, 0%
Elapsed time:        23.0s
Transferring:
 *   aicup_esg2026_submit_artifacts.zip.part-003:  0% / off, 20.128 MiB/s, -Transferred:   	      480 MiB / 480 MiB, 100%, 20.128 MiB/s, ETA 0s
Transferred:            0 / 1, 0%
Elapsed time:        23.5s
Transferring:
 *   aicup_esg2026_submit_artifacts.zip.part-003:  0% / off, 20.128 MiB/s, -Transferred:   	      488 MiB / 488 MiB, 100%, 20.128 MiB/s, ETA 0s
Transferred:            0 / 1, 0%
Elapsed time:        24.0s
Transferring:
 *   aicup_esg2026_submit_artifacts.zip.part-003:  0% / off, 20.370 MiB/s, -Transferred:   	      496 MiB / 496 MiB, 100%, 20.370 MiB/s, ETA 0s
Transferred:            0 / 1, 0%
Elapsed time:        24.5s
Transferring:
 *   aicup_esg2026_submit_artifacts.zip.part-003:  0% / off, 20.370 MiB/s, -Transferred:   	      512 MiB / 512 MiB, 100%, 20.370 MiB/s, ETA 0s
Transferred:            0 / 1, 0%
Elapsed time:        25.0s
Transferring:
 *   aicup_esg2026_submit_artifacts.zip.part-003:  0% / off, 20.597 MiB/s, -Transferred:   	      520 MiB / 520 MiB, 100%, 20.597 MiB/s, ETA 0s
Transferred:            0 / 1, 0%
Elapsed time:        25.5s
Transferring:
 *   aicup_esg2026_submit_artifacts.zip.part-003:  0% / off, 20.597 MiB/s, -Transferred:   	      528 MiB / 528 MiB, 100%, 20.310 MiB/s, ETA 0s
Transferred:            0 / 1, 0%
Elapsed time:        26.0s
Transferring:
 *   aicup_esg2026_submit_artifacts.zip.part-003:  0% / off, 20.310 MiB/s, -Transferred:   	      536 MiB / 536 MiB, 100%, 20.310 MiB/s, ETA 0s
Transferred:            0 / 1, 0%
Elapsed time:        26.5s
Transferring:
 *   aicup_esg2026_submit_artifacts.zip.part-003:  0% / off, 20.310 MiB/s, -Transferred:   	      552 MiB / 552 MiB, 100%, 20.310 MiB/s, ETA 0s
Transferred:            0 / 1, 0%
Elapsed time:        27.0s
Transferring:
 *   aicup_esg2026_submit_artifacts.zip.part-003:  0% / off, 20.540 MiB/s, -Transferred:   	      560 MiB / 560 MiB, 100%, 20.540 MiB/s, ETA 0s
Transferred:            0 / 1, 0%
Elapsed time:        27.5s
Transferring:
 *   aicup_esg2026_submit_artifacts.zip.part-003:  0% / off, 20.540 MiB/s, -Transferred:   	  572.996 MiB / 572.996 MiB, 100%, 20.569 MiB/s, ETA 0s
Transferred:            0 / 1, 0%
Elapsed time:        28.0s
Transferring:
 *   aicup_esg2026_submit_artifacts.zip.part-003:  0% / off, 20.569 MiB/s, -Transferred:   	      584 MiB / 584 MiB, 100%, 20.569 MiB/s, ETA 0s
Transferred:            0 / 1, 0%
Elapsed time:        28.5s
Transferring:
 *   aicup_esg2026_submit_artifacts.zip.part-003:  0% / off, 20.569 MiB/s, -Transferred:   	  593.996 MiB / 593.996 MiB, 100%, 20.596 MiB/s, ETA 0s
Transferred:            0 / 1, 0%
Elapsed time:        29.0s
Transferring:
 *   aicup_esg2026_submit_artifacts.zip.part-003:  0% / off, 20.596 MiB/s, -Transferred:   	      608 MiB / 608 MiB, 100%, 20.596 MiB/s, ETA 0s
Transferred:            0 / 1, 0%
Elapsed time:        29.5s
Transferring:
 *   aicup_esg2026_submit_artifacts.zip.part-003:  0% / off, 20.596 MiB/s, -Transferred:   	      616 MiB / 616 MiB, 100%, 20.596 MiB/s, ETA 0s
Transferred:            0 / 1, 0%
Elapsed time:        30.0s
Transferring:
 *   aicup_esg2026_submit_artifacts.zip.part-003:  0% / off, 20.596 MiB/s, -Transferred:   	      632 MiB / 632 MiB, 100%, 20.684 MiB/s, ETA 0s
Transferred:            0 / 1, 0%
Elapsed time:        30.5s
Transferring:
 *   aicup_esg2026_submit_artifacts.zip.part-003:  0% / off, 20.684 MiB/s, -Transferred:   	      640 MiB / 640 MiB, 100%, 20.684 MiB/s, ETA 0s
Transferred:            0 / 1, 0%
Elapsed time:        31.0s
Transferring:
 *   aicup_esg2026_submit_artifacts.zip.part-003:  0% / off, 20.891 MiB/s, -Transferred:   	      648 MiB / 648 MiB, 100%, 20.891 MiB/s, ETA 0s
Transferred:            0 / 1, 0%
Elapsed time:        31.5s
Transferring:
 *   aicup_esg2026_submit_artifacts.zip.part-003:  0% / off, 20.891 MiB/s, -Transferred:   	      664 MiB / 664 MiB, 100%, 21.085 MiB/s, ETA 0s
Transferred:            0 / 1, 0%
Elapsed time:        32.0s
Transferring:
 *   aicup_esg2026_submit_artifacts.zip.part-003:  0% / off, 21.085 MiB/s, -Transferred:   	      672 MiB / 672 MiB, 100%, 21.085 MiB/s, ETA 0s
Transferred:            0 / 1, 0%
Elapsed time:        32.5s
Transferring:
 *   aicup_esg2026_submit_artifacts.zip.part-003:  0% / off, 21.085 MiB/s, -Transferred:   	      680 MiB / 680 MiB, 100%, 21.085 MiB/s, ETA 0s
Transferred:            0 / 1, 0%
Elapsed time:        33.0s
Transferring:
 *   aicup_esg2026_submit_artifacts.zip.part-003:  0% / off, 20.768 MiB/s, -Transferred:   	      696 MiB / 696 MiB, 100%, 20.768 MiB/s, ETA 0s
Transferred:            0 / 1, 0%
Elapsed time:        33.5s
Transferring:
 *   aicup_esg2026_submit_artifacts.zip.part-003:  0% / off, 20.768 MiB/s, -Transferred:   	      704 MiB / 704 MiB, 100%, 20.768 MiB/s, ETA 0s
Transferred:            0 / 1, 0%
Elapsed time:        34.0s
Transferring:
 *   aicup_esg2026_submit_artifacts.zip.part-003:  0% / off, 20.970 MiB/s, -Transferred:   	      712 MiB / 712 MiB, 100%, 20.970 MiB/s, ETA 0s
Transferred:            0 / 1, 0%
Elapsed time:        34.5s
Transferring:
 *   aicup_esg2026_submit_artifacts.zip.part-003:  0% / off, 20.970 MiB/s, -Transferred:   	      728 MiB / 728 MiB, 100%, 20.970 MiB/s, ETA 0s
Transferred:            0 / 1, 0%
Elapsed time:        35.0s
Transferring:
 *   aicup_esg2026_submit_artifacts.zip.part-003:  0% / off, 21.159 MiB/s, -Transferred:   	      736 MiB / 736 MiB, 100%, 21.159 MiB/s, ETA 0s
Transferred:            0 / 1, 0%
Elapsed time:        35.5s
Transferring:
 *   aicup_esg2026_submit_artifacts.zip.part-003:  0% / off, 21.159 MiB/s, -Transferred:   	      744 MiB / 744 MiB, 100%, 21.159 MiB/s, ETA 0s
Transferred:            0 / 1, 0%
Elapsed time:        36.0s
Transferring:
 *   aicup_esg2026_submit_artifacts.zip.part-003:  0% / off, 20.837 MiB/s, -Transferred:   	      760 MiB / 760 MiB, 100%, 20.837 MiB/s, ETA 0s
Transferred:            0 / 1, 0%
Elapsed time:        36.5s
Transferring:
 *   aicup_esg2026_submit_artifacts.zip.part-003:  0% / off, 20.837 MiB/s, -Transferred:   	      768 MiB / 768 MiB, 100%, 21.034 MiB/s, ETA 0s
Transferred:            0 / 1, 0%
Elapsed time:        37.0s
Transferring:
 *   aicup_esg2026_submit_artifacts.zip.part-003:  0% / off, 21.034 MiB/s, -Transferred:   	      784 MiB / 784 MiB, 100%, 21.034 MiB/s, ETA 0s
Transferred:            0 / 1, 0%
Elapsed time:        37.5s
Transferring:
 *   aicup_esg2026_submit_artifacts.zip.part-003:  0% / off, 21.034 MiB/s, -Transferred:   	      792 MiB / 792 MiB, 100%, 21.034 MiB/s, ETA 0s
Transferred:            0 / 1, 0%
Elapsed time:        38.0s
Transferring:
 *   aicup_esg2026_submit_artifacts.zip.part-003:  0% / off, 21.220 MiB/s, -Transferred:   	      800 MiB / 800 MiB, 100%, 21.220 MiB/s, ETA 0s
Transferred:            0 / 1, 0%
Elapsed time:        38.5s
Transferring:
 *   aicup_esg2026_submit_artifacts.zip.part-003:  0% / off, 21.220 MiB/s, -Transferred:   	      816 MiB / 816 MiB, 100%, 21.393 MiB/s, ETA 0s
Transferred:            0 / 1, 0%
Elapsed time:        39.0s
Transferring:
 *   aicup_esg2026_submit_artifacts.zip.part-003:  0% / off, 21.220 MiB/s, -Transferred:   	      824 MiB / 824 MiB, 100%, 21.393 MiB/s, ETA 0s
Transferred:            0 / 1, 0%
Elapsed time:        39.5s
Transferring:
 *   aicup_esg2026_submit_artifacts.zip.part-003:  0% / off, 21.393 MiB/s, -Transferred:   	      832 MiB / 832 MiB, 100%, 21.393 MiB/s, ETA 0s
Transferred:            0 / 1, 0%
Elapsed time:        40.0s
Transferring:
 *   aicup_esg2026_submit_artifacts.zip.part-003:  0% / off, 21.056 MiB/s, -Transferred:   	      840 MiB / 840 MiB, 100%, 21.056 MiB/s, ETA 0s
Transferred:            0 / 1, 0%
Elapsed time:        40.5s
Transferring:
 *   aicup_esg2026_submit_artifacts.zip.part-003:  0% / off, 21.056 MiB/s, -Transferred:   	      856 MiB / 856 MiB, 100%, 21.240 MiB/s, ETA 0s
Transferred:            0 / 1, 0%
Elapsed time:        41.0s
Transferring:
 *   aicup_esg2026_submit_artifacts.zip.part-003:  0% / off, 21.240 MiB/s, -Transferred:   	      864 MiB / 864 MiB, 100%, 21.240 MiB/s, ETA 0s
Transferred:            0 / 1, 0%
Elapsed time:        41.5s
Transferring:
 *   aicup_esg2026_submit_artifacts.zip.part-003:  0% / off, 21.240 MiB/s, -Transferred:   	      872 MiB / 872 MiB, 100%, 21.240 MiB/s, ETA 0s
Transferred:            0 / 1, 0%
Elapsed time:        42.0s
Transferring:
 *   aicup_esg2026_submit_artifacts.zip.part-003:  0% / off, 20.913 MiB/s, -Transferred:   	      888 MiB / 888 MiB, 100%, 20.913 MiB/s, ETA 0s
Transferred:            0 / 1, 0%
Elapsed time:        42.5s
Transferring:
 *   aicup_esg2026_submit_artifacts.zip.part-003:  0% / off, 20.913 MiB/s, -Transferred:   	      896 MiB / 896 MiB, 100%, 20.913 MiB/s, ETA 0s
Transferred:            0 / 1, 0%
Elapsed time:        43.0s
Transferring:
 *   aicup_esg2026_submit_artifacts.zip.part-003:  0% / off, 21.106 MiB/s, -Transferred:   	      904 MiB / 904 MiB, 100%, 21.106 MiB/s, ETA 0s
Transferred:            0 / 1, 0%
Elapsed time:        43.5s
Transferring:
 *   aicup_esg2026_submit_artifacts.zip.part-003:  0% / off, 21.106 MiB/s, -Transferred:   	      912 MiB / 912 MiB, 100%, 21.106 MiB/s, ETA 0s
Transferred:            0 / 1, 0%
Elapsed time:        44.0s
Transferring:
 *   aicup_esg2026_submit_artifacts.zip.part-003:  0% / off, 20.787 MiB/s, -Transferred:   	      928 MiB / 928 MiB, 100%, 20.787 MiB/s, ETA 0s
Transferred:            0 / 1, 0%
Elapsed time:        44.5s
Transferring:
 *   aicup_esg2026_submit_artifacts.zip.part-003:  0% / off, 20.787 MiB/s, -Transferred:   	      936 MiB / 936 MiB, 100%, 20.987 MiB/s, ETA 0s
Transferred:            0 / 1, 0%
Elapsed time:        45.0s
Transferring:
 *   aicup_esg2026_submit_artifacts.zip.part-003:  0% / off, 20.787 MiB/s, -Transferred:   	      944 MiB / 944 MiB, 100%, 20.987 MiB/s, ETA 0s
Transferred:            0 / 1, 0%
Elapsed time:        45.5s
Transferring:
 *   aicup_esg2026_submit_artifacts.zip.part-003:  0% / off, 20.987 MiB/s, -Transferred:   	      960 MiB / 960 MiB, 100%, 20.987 MiB/s, ETA 0s
Transferred:            0 / 1, 0%
Elapsed time:        46.0s
Transferring:
 *   aicup_esg2026_submit_artifacts.zip.part-003:  0% / off, 21.176 MiB/s, -Transferred:   	      968 MiB / 968 MiB, 100%, 21.176 MiB/s, ETA 0s
Transferred:            0 / 1, 0%
Elapsed time:        46.5s
Transferring:
 *   aicup_esg2026_submit_artifacts.zip.part-003:  0% / off, 21.176 MiB/s, -Transferred:   	      976 MiB / 976 MiB, 100%, 21.176 MiB/s, ETA 0s
Transferred:            0 / 1, 0%
Elapsed time:        47.0s
Transferring:
 *   aicup_esg2026_submit_artifacts.zip.part-003:  0% / off, 20.852 MiB/s, -Transferred:   	      984 MiB / 984 MiB, 100%, 20.852 MiB/s, ETA 0s
Transferred:            0 / 1, 0%
Elapsed time:        47.5s
Transferring:
 *   aicup_esg2026_submit_artifacts.zip.part-003:  0% / off, 20.852 MiB/s, -Transferred:   	     1000 MiB / 1000 MiB, 100%, 21.049 MiB/s, ETA 0s
Transferred:            0 / 1, 0%
Elapsed time:        48.0s
Transferring:
 *   aicup_esg2026_submit_artifacts.zip.part-003:  0% / off, 20.852 MiB/s, -Transferred:   	 1008.996 MiB / 1008.996 MiB, 100%, 21.049 MiB/s, ETA 0s
Transferred:            0 / 1, 0%
Elapsed time:        48.5s
Transferring:
 *   aicup_esg2026_submit_artifacts.zip.part-003:  0% / off, 21.049 MiB/s, -Transferred:   	 1021.996 MiB / 1021.996 MiB, 100%, 21.108 MiB/s, ETA 0s
Transferred:            0 / 1, 0%
Elapsed time:        49.0s
Transferring:
 *   aicup_esg2026_submit_artifacts.zip.part-003:  0% / off, 21.049 MiB/s, -Transferred:   	    1.008 GiB / 1.008 GiB, 100%, 21.108 MiB/s, ETA 0s
Transferred:            0 / 1, 0%
Elapsed time:        49.5s
Transferring:
 *   aicup_esg2026_submit_artifacts.zip.part-003:  0% / off, 21.108 MiB/s, -Transferred:   	    1.016 GiB / 1.016 GiB, 100%, 20.914 MiB/s, ETA 0s
Transferred:            0 / 1, 0%
Elapsed time:        50.0s
Transferring:
 *   aicup_esg2026_submit_artifacts.zip.part-003:  0% / off, 20.914 MiB/s, -Transferred:   	    1.031 GiB / 1.031 GiB, 100%, 20.914 MiB/s, ETA 0s
Transferred:            0 / 1, 0%
Elapsed time:        50.5s
Transferring:
 *   aicup_esg2026_submit_artifacts.zip.part-003:  0% / off, 20.914 MiB/s, -Transferred:   	    1.039 GiB / 1.039 GiB, 100%, 20.914 MiB/s, ETA 0s
Transferred:            0 / 1, 0%
Elapsed time:        51.0s
Transferring:
 *   aicup_esg2026_submit_artifacts.zip.part-003:  0% / off, 21.107 MiB/s, -Transferred:   	    1.055 GiB / 1.055 GiB, 100%, 21.107 MiB/s, ETA 0s
Transferred:            0 / 1, 0%
Elapsed time:        51.5s
Transferring:
 *   aicup_esg2026_submit_artifacts.zip.part-003:  0% / off, 21.107 MiB/s, -Transferred:   	    1.062 GiB / 1.062 GiB, 100%, 21.288 MiB/s, ETA 0s
Transferred:            0 / 1, 0%
Elapsed time:        52.0s
Transferring:
 *   aicup_esg2026_submit_artifacts.zip.part-003:  0% / off, 21.288 MiB/s, -Transferred:   	    1.070 GiB / 1.070 GiB, 100%, 21.288 MiB/s, ETA 0s
Transferred:            0 / 1, 0%
Elapsed time:        52.5s
Transferring:
 *   aicup_esg2026_submit_artifacts.zip.part-003:  0% / off, 21.288 MiB/s, -Transferred:   	    1.086 GiB / 1.086 GiB, 100%, 21.457 MiB/s, ETA 0s
Transferred:            0 / 1, 0%
Elapsed time:        53.0s
Transferring:
 *   aicup_esg2026_submit_artifacts.zip.part-003:  0% / off, 21.457 MiB/s, -Transferred:   	    1.094 GiB / 1.094 GiB, 100%, 21.457 MiB/s, ETA 0s
Transferred:            0 / 1, 0%
Elapsed time:        53.5s
Transferring:
 *   aicup_esg2026_submit_artifacts.zip.part-003:  0% / off, 21.457 MiB/s, -Transferred:   	    1.102 GiB / 1.102 GiB, 100%, 21.116 MiB/s, ETA 0s
Transferred:            0 / 1, 0%
Elapsed time:        54.0s
Transferring:
 *   aicup_esg2026_submit_artifacts.zip.part-003:  0% / off, 21.116 MiB/s, -Transferred:   	    1.109 GiB / 1.109 GiB, 100%, 21.116 MiB/s, ETA 0s
Transferred:            0 / 1, 0%
Elapsed time:        54.5s
Transferring:
 *   aicup_esg2026_submit_artifacts.zip.part-003:  0% / off, 21.116 MiB/s, -Transferred:   	    1.125 GiB / 1.125 GiB, 100%, 21.297 MiB/s, ETA 0s
Transferred:            0 / 1, 0%
Elapsed time:        55.0s
Transferring:
 *   aicup_esg2026_submit_artifacts.zip.part-003:  0% / off, 21.297 MiB/s, -Transferred:   	    1.133 GiB / 1.133 GiB, 100%, 21.297 MiB/s, ETA 0s
Transferred:            0 / 1, 0%
Elapsed time:        55.5s
Transferring:
 *   aicup_esg2026_submit_artifacts.zip.part-003:  0% / off, 21.297 MiB/s, -Transferred:   	    1.148 GiB / 1.148 GiB, 100%, 21.297 MiB/s, ETA 0s
Transferred:            0 / 1, 0%
Elapsed time:        56.0s
Transferring:
 *   aicup_esg2026_submit_artifacts.zip.part-003:  0% / off, 21.465 MiB/s, -Transferred:   	    1.156 GiB / 1.156 GiB, 100%, 21.465 MiB/s, ETA 0s
Transferred:            0 / 1, 0%
Elapsed time:        56.5s
Transferring:
 *   aicup_esg2026_submit_artifacts.zip.part-003:  0% / off, 21.465 MiB/s, -Transferred:   	    1.164 GiB / 1.164 GiB, 100%, 21.465 MiB/s, ETA 0s
Transferred:            0 / 1, 0%
Elapsed time:        57.0s
Transferring:
 *   aicup_esg2026_submit_artifacts.zip.part-003:  0% / off, 21.124 MiB/s, -Transferred:   	    1.180 GiB / 1.180 GiB, 100%, 21.124 MiB/s, ETA 0s
Transferred:            0 / 1, 0%
Elapsed time:        57.5s
Transferring:
 *   aicup_esg2026_submit_artifacts.zip.part-003:  0% / off, 21.124 MiB/s, -Transferred:   	    1.188 GiB / 1.188 GiB, 100%, 21.304 MiB/s, ETA 0s
Transferred:            0 / 1, 0%
Elapsed time:        58.0s
Transferring:
 *   aicup_esg2026_submit_artifacts.zip.part-003:  0% / off, 21.124 MiB/s, -Transferred:   	    1.203 GiB / 1.203 GiB, 100%, 21.304 MiB/s, ETA 0s
Transferred:            0 / 1, 0%
Elapsed time:        58.5s
Transferring:
 *   aicup_esg2026_submit_artifacts.zip.part-003:  0% / off, 21.304 MiB/s, -Transferred:   	    1.211 GiB / 1.211 GiB, 100%, 21.472 MiB/s, ETA 0s
Transferred:            0 / 1, 0%
Elapsed time:        59.0s
Transferring:
 *   aicup_esg2026_submit_artifacts.zip.part-003:  0% / off, 21.472 MiB/s, -Transferred:   	    1.219 GiB / 1.219 GiB, 100%, 21.472 MiB/s, ETA 0s
Transferred:            0 / 1, 0%
Elapsed time:        59.5s
Transferring:
 *   aicup_esg2026_submit_artifacts.zip.part-003:  0% / off, 21.472 MiB/s, -Transferred:   	    1.234 GiB / 1.234 GiB, 100%, 21.630 MiB/s, ETA 0s
Transferred:            0 / 1, 0%
Elapsed time:       1m0.0s
Transferring:
 *   aicup_esg2026_submit_artifacts.zip.part-003:  0% / off, 21.630 MiB/s, -Transferred:   	    1.242 GiB / 1.242 GiB, 100%, 21.630 MiB/s, ETA 0s
Transferred:            0 / 1, 0%
Elapsed time:       1m0.5s
Transferring:
 *   aicup_esg2026_submit_artifacts.zip.part-003:  0% / off, 21.630 MiB/s, -Transferred:   	    1.250 GiB / 1.250 GiB, 100%, 21.278 MiB/s, ETA 0s
Transferred:            0 / 1, 0%
Elapsed time:       1m1.0s
Transferring:
 *   aicup_esg2026_submit_artifacts.zip.part-003:  0% / off, 21.278 MiB/s, -Transferred:   	    1.266 GiB / 1.266 GiB, 100%, 21.278 MiB/s, ETA 0s
Transferred:            0 / 1, 0%
Elapsed time:       1m1.5s
Transferring:
 *   aicup_esg2026_submit_artifacts.zip.part-003:  0% / off, 21.278 MiB/s, -Transferred:   	    1.273 GiB / 1.273 GiB, 100%, 21.448 MiB/s, ETA 0s
Transferred:            0 / 1, 0%
Elapsed time:       1m2.0s
Transferring:
 *   aicup_esg2026_submit_artifacts.zip.part-003:  0% / off, 21.278 MiB/s, -Transferred:   	    1.281 GiB / 1.281 GiB, 100%, 21.448 MiB/s, ETA 0s
Transferred:            0 / 1, 0%
Elapsed time:       1m2.5s
Transferring:
 *   aicup_esg2026_submit_artifacts.zip.part-003:  0% / off, 21.448 MiB/s, -Transferred:   	    1.297 GiB / 1.297 GiB, 100%, 21.608 MiB/s, ETA 0s
Transferred:            0 / 1, 0%
Elapsed time:       1m3.0s
Transferring:
 *   aicup_esg2026_submit_artifacts.zip.part-003:  0% / off, 21.608 MiB/s, -Transferred:   	    1.305 GiB / 1.305 GiB, 100%, 21.608 MiB/s, ETA 0s
Transferred:            0 / 1, 0%
Elapsed time:       1m3.5s
Transferring:
 *   aicup_esg2026_submit_artifacts.zip.part-003:  0% / off, 21.608 MiB/s, -Transferred:   	    1.320 GiB / 1.320 GiB, 100%, 21.757 MiB/s, ETA 0s
Transferred:            0 / 1, 0%
Elapsed time:       1m4.0s
Transferring:
 *   aicup_esg2026_submit_artifacts.zip.part-003:  0% / off, 21.757 MiB/s, -Transferred:   	    1.328 GiB / 1.328 GiB, 100%, 21.757 MiB/s, ETA 0s
Transferred:            0 / 1, 0%
Elapsed time:       1m4.5s
Transferring:
 *   aicup_esg2026_submit_artifacts.zip.part-003:  0% / off, 21.757 MiB/s, -Transferred:   	    1.336 GiB / 1.336 GiB, 100%, 21.398 MiB/s, ETA 0s
Transferred:            0 / 1, 0%
Elapsed time:       1m5.0s
Transferring:
 *   aicup_esg2026_submit_artifacts.zip.part-003:  0% / off, 21.757 MiB/s, -Transferred:   	    1.352 GiB / 1.352 GiB, 100%, 21.398 MiB/s, ETA 0s
Transferred:            0 / 1, 0%
Elapsed time:       1m5.5s
Transferring:
 *   aicup_esg2026_submit_artifacts.zip.part-003:  0% / off, 21.398 MiB/s, -Transferred:   	    1.359 GiB / 1.359 GiB, 100%, 21.560 MiB/s, ETA 0s
Transferred:            0 / 1, 0%
Elapsed time:       1m6.0s
Transferring:
 *   aicup_esg2026_submit_artifacts.zip.part-003:  0% / off, 21.560 MiB/s, -Transferred:   	    1.367 GiB / 1.367 GiB, 100%, 21.560 MiB/s, ETA 0s
Transferred:            0 / 1, 0%
Elapsed time:       1m6.5s
Transferring:
 *   aicup_esg2026_submit_artifacts.zip.part-003:  0% / off, 21.560 MiB/s, -Transferred:   	    1.383 GiB / 1.383 GiB, 100%, 21.713 MiB/s, ETA 0s
Transferred:            0 / 1, 0%
Elapsed time:       1m7.0s
Transferring:
 *   aicup_esg2026_submit_artifacts.zip.part-003:  0% / off, 21.713 MiB/s, -Transferred:   	    1.391 GiB / 1.391 GiB, 100%, 21.713 MiB/s, ETA 0s
Transferred:            0 / 1, 0%
Elapsed time:       1m7.5s
Transferring:
 *   aicup_esg2026_submit_artifacts.zip.part-003:  0% / off, 21.713 MiB/s, -Transferred:   	    1.406 GiB / 1.406 GiB, 100%, 21.856 MiB/s, ETA 0s
Transferred:            0 / 1, 0%
Elapsed time:       1m8.0s
Transferring:
 *   aicup_esg2026_submit_artifacts.zip.part-003:  0% / off, 21.856 MiB/s, -Transferred:   	    1.414 GiB / 1.414 GiB, 100%, 21.856 MiB/s, ETA 0s
Transferred:            0 / 1, 0%
Elapsed time:       1m8.5s
Transferring:
 *   aicup_esg2026_submit_artifacts.zip.part-003:  0% / off, 21.856 MiB/s, -Transferred:   	    1.430 GiB / 1.430 GiB, 100%, 21.990 MiB/s, ETA 0s
Transferred:            0 / 1, 0%
Elapsed time:       1m9.0s
Transferring:
 *   aicup_esg2026_submit_artifacts.zip.part-003:  0% / off, 21.990 MiB/s, -Transferred:   	    1.438 GiB / 1.438 GiB, 100%, 21.990 MiB/s, ETA 0s
Transferred:            0 / 1, 0%
Elapsed time:       1m9.5s
Transferring:
 *   aicup_esg2026_submit_artifacts.zip.part-003:  0% / off, 21.990 MiB/s, -Transferred:   	    1.445 GiB / 1.445 GiB, 100%, 21.615 MiB/s, ETA 0s
Transferred:            0 / 1, 0%
Elapsed time:      1m10.0s
Transferring:
 *   aicup_esg2026_submit_artifacts.zip.part-003:  0% / off, 21.615 MiB/s, -Transferred:   	    1.461 GiB / 1.461 GiB, 100%, 21.615 MiB/s, ETA 0s
Transferred:            0 / 1, 0%
Elapsed time:      1m10.5s
Transferring:
 *   aicup_esg2026_submit_artifacts.zip.part-003:  0% / off, 21.615 MiB/s, -Transferred:   	    1.469 GiB / 1.469 GiB, 100%, 21.764 MiB/s, ETA 0s
Transferred:            0 / 1, 0%
Elapsed time:      1m11.0s
Transferring:
 *   aicup_esg2026_submit_artifacts.zip.part-003:  0% / off, 21.764 MiB/s, -Transferred:   	    1.477 GiB / 1.477 GiB, 100%, 21.764 MiB/s, ETA 0s
Transferred:            0 / 1, 0%
Elapsed time:      1m11.5s
Transferring:
 *   aicup_esg2026_submit_artifacts.zip.part-003:  0% / off, 21.764 MiB/s, -Transferred:   	    1.484 GiB / 1.484 GiB, 100%, 21.764 MiB/s, ETA 0s
Transferred:            0 / 1, 0%
Elapsed time:      1m12.0s
Transferring:
 *   aicup_esg2026_submit_artifacts.zip.part-003:  0% / off, 21.404 MiB/s, -Transferred:   	    1.500 GiB / 1.500 GiB, 100%, 21.404 MiB/s, ETA 0s
Transferred:            0 / 1, 0%
Elapsed time:      1m12.5s
Transferring:
 *   aicup_esg2026_submit_artifacts.zip.part-003:  0% / off, 21.404 MiB/s, -Transferred:   	    1.508 GiB / 1.508 GiB, 100%, 21.566 MiB/s, ETA 0s
Transferred:            0 / 1, 0%
Elapsed time:      1m13.0s
Transferring:
 *   aicup_esg2026_submit_artifacts.zip.part-003:  0% / off, 21.566 MiB/s, -Transferred:   	    1.516 GiB / 1.516 GiB, 100%, 21.566 MiB/s, ETA 0s
Transferred:            0 / 1, 0%
Elapsed time:      1m13.5s
Transferring:
 *   aicup_esg2026_submit_artifacts.zip.part-003:  0% / off, 21.566 MiB/s, -Transferred:   	    1.531 GiB / 1.531 GiB, 100%, 21.718 MiB/s, ETA 0s
Transferred:            0 / 1, 0%
Elapsed time:      1m14.0s
Transferring:
 *   aicup_esg2026_submit_artifacts.zip.part-003:  0% / off, 21.718 MiB/s, -Transferred:   	    1.539 GiB / 1.539 GiB, 100%, 21.718 MiB/s, ETA 0s
Transferred:            0 / 1, 0%
Elapsed time:      1m14.5s
Transferring:
 *   aicup_esg2026_submit_artifacts.zip.part-003:  0% / off, 21.718 MiB/s, -Transferred:   	    1.547 GiB / 1.547 GiB, 100%, 21.361 MiB/s, ETA 0s
Transferred:            0 / 1, 0%
Elapsed time:      1m15.0s
Transferring:
 *   aicup_esg2026_submit_artifacts.zip.part-003:  0% / off, 21.361 MiB/s, -Transferred:   	    1.558 GiB / 1.558 GiB, 100%, 21.361 MiB/s, ETA 0s
Transferred:            0 / 1, 0%
Elapsed time:      1m15.5s
Transferring:
 *   aicup_esg2026_submit_artifacts.zip.part-003:  0% / off, 21.361 MiB/s, -Transferred:   	    1.570 GiB / 1.570 GiB, 100%, 21.526 MiB/s, ETA 0s
Transferred:            0 / 1, 0%
Elapsed time:      1m16.0s
Transferring:
 *   aicup_esg2026_submit_artifacts.zip.part-003:  0% / off, 21.526 MiB/s, -Transferred:   	    1.586 GiB / 1.586 GiB, 100%, 21.526 MiB/s, ETA 0s
Transferred:            0 / 1, 0%
Elapsed time:      1m16.5s
Transferring:
 *   aicup_esg2026_submit_artifacts.zip.part-003:  0% / off, 21.526 MiB/s, -Transferred:   	    1.594 GiB / 1.594 GiB, 100%, 21.681 MiB/s, ETA 0s
Transferred:            0 / 1, 0%
Elapsed time:      1m17.0s
Transferring:
 *   aicup_esg2026_submit_artifacts.zip.part-003:  0% / off, 21.681 MiB/s, -Transferred:   	    1.602 GiB / 1.602 GiB, 100%, 21.681 MiB/s, ETA 0s
Transferred:            0 / 1, 0%
Elapsed time:      1m17.5s
Transferring:
 *   aicup_esg2026_submit_artifacts.zip.part-003:  0% / off, 21.681 MiB/s, -Transferred:   	    1.617 GiB / 1.617 GiB, 100%, 21.826 MiB/s, ETA 0s
Transferred:            0 / 1, 0%
Elapsed time:      1m18.0s
Transferring:
 *   aicup_esg2026_submit_artifacts.zip.part-003:  0% / off, 21.826 MiB/s, -Transferred:   	    1.625 GiB / 1.625 GiB, 100%, 21.826 MiB/s, ETA 0s
Transferred:            0 / 1, 0%
Elapsed time:      1m18.5s
Transferring:
 *   aicup_esg2026_submit_artifacts.zip.part-003:  0% / off, 21.826 MiB/s, -Transferred:   	    1.633 GiB / 1.633 GiB, 100%, 21.826 MiB/s, ETA 0s
Transferred:            0 / 1, 0%
Elapsed time:      1m19.0s
Transferring:
 *   aicup_esg2026_submit_artifacts.zip.part-003:  0% / off, 21.461 MiB/s, -Transferred:   	    1.648 GiB / 1.648 GiB, 100%, 21.461 MiB/s, ETA 0s
Transferred:            0 / 1, 0%
Elapsed time:      1m19.5s
Transferring:
 *   aicup_esg2026_submit_artifacts.zip.part-003:  0% / off, 21.461 MiB/s, -Transferred:   	    1.656 GiB / 1.656 GiB, 100%, 21.620 MiB/s, ETA 0s
Transferred:            0 / 1, 0%
Elapsed time:      1m20.0s
Transferring:
 *   aicup_esg2026_submit_artifacts.zip.part-003:  0% / off, 21.620 MiB/s, -Transferred:   	    1.665 GiB / 1.665 GiB, 100%, 21.620 MiB/s, ETA 0s
Transferred:            0 / 1, 0%
Elapsed time:      1m20.5s
Transferring:
 *   aicup_esg2026_submit_artifacts.zip.part-003:  0% / off, 21.620 MiB/s, -Transferred:   	    1.673 GiB / 1.673 GiB, 100%, 21.620 MiB/s, ETA 0s
Transferred:            0 / 1, 0%
Elapsed time:      1m21.0s
Transferring:
 *   aicup_esg2026_submit_artifacts.zip.part-003:  0% / off, 21.331 MiB/s, -Transferred:   	    1.688 GiB / 1.688 GiB, 100%, 21.331 MiB/s, ETA 0s
Transferred:            0 / 1, 0%
Elapsed time:      1m21.5s
Transferring:
 *   aicup_esg2026_submit_artifacts.zip.part-003:  0% / off, 21.331 MiB/s, -Transferred:   	    1.703 GiB / 1.703 GiB, 100%, 21.936 MiB/s, ETA 0s
Transferred:            0 / 1, 0%
Elapsed time:      1m22.0s
Transferring:
 *   aicup_esg2026_submit_artifacts.zip.part-003:  0% / off, 21.936 MiB/s, -Transferred:   	    1.711 GiB / 1.711 GiB, 100%, 21.936 MiB/s, ETA 0s
Transferred:            0 / 1, 0%
Elapsed time:      1m22.5s
Transferring:
 *   aicup_esg2026_submit_artifacts.zip.part-003:  0% / off, 21.936 MiB/s, -Transferred:   	    1.719 GiB / 1.719 GiB, 100%, 21.936 MiB/s, ETA 0s
Transferred:            0 / 1, 0%
Elapsed time:      1m23.0s
Transferring:
 *   aicup_esg2026_submit_artifacts.zip.part-003:  0% / off, 21.565 MiB/s, -Transferred:   	    1.734 GiB / 1.734 GiB, 100%, 21.565 MiB/s, ETA 0s
Transferred:            0 / 1, 0%
Elapsed time:      1m23.5s
Transferring:
 *   aicup_esg2026_submit_artifacts.zip.part-003:  0% / off, 21.565 MiB/s, -Transferred:   	    1.742 GiB / 1.742 GiB, 100%, 21.565 MiB/s, ETA 0s
Transferred:            0 / 1, 0%
Elapsed time:      1m24.0s
Transferring:
 *   aicup_esg2026_submit_artifacts.zip.part-003:  0% / off, 21.717 MiB/s, -Transferred:   	    1.750 GiB / 1.750 GiB, 100%, 21.717 MiB/s, ETA 0s
Transferred:            0 / 1, 0%
Elapsed time:      1m24.5s
Transferring:
 *   aicup_esg2026_submit_artifacts.zip.part-003:  0% / off, 21.717 MiB/s, -Transferred:   	    1.766 GiB / 1.766 GiB, 100%, 21.717 MiB/s, ETA 0s
Transferred:            0 / 1, 0%
Elapsed time:      1m25.0s
Transferring:
 *   aicup_esg2026_submit_artifacts.zip.part-003:  0% / off, 21.860 MiB/s, -Transferred:   	    1.773 GiB / 1.773 GiB, 100%, 21.860 MiB/s, ETA 0s
Transferred:            0 / 1, 0%
Elapsed time:      1m25.5s
Transferring:
 *   aicup_esg2026_submit_artifacts.zip.part-003:  0% / off, 21.860 MiB/s, -Transferred:   	    1.781 GiB / 1.781 GiB, 100%, 21.860 MiB/s, ETA 0s
Transferred:            0 / 1, 0%
Elapsed time:      1m26.0s
Transferring:
 *   aicup_esg2026_submit_artifacts.zip.part-003:  0% / off, 21.493 MiB/s, -Transferred:   	    1.791 GiB / 1.791 GiB, 100%, 21.493 MiB/s, ETA 0s
Transferred:            0 / 1, 0%
Elapsed time:      1m26.5s
Transferring:
 *   aicup_esg2026_submit_artifacts.zip.part-003:  0% / off, 21.493 MiB/s, -Transferred:   	    1.805 GiB / 1.805 GiB, 100%, 21.650 MiB/s, ETA 0s
Transferred:            0 / 1, 0%
Elapsed time:      1m27.0s
Transferring:
 *   aicup_esg2026_submit_artifacts.zip.part-003:  0% / off, 21.650 MiB/s, -Transferred:   	    1.820 GiB / 1.820 GiB, 100%, 21.650 MiB/s, ETA 0s
Transferred:            0 / 1, 0%
Elapsed time:      1m27.5s
Transferring:
 *   aicup_esg2026_submit_artifacts.zip.part-003:  0% / off, 21.650 MiB/s, -Transferred:   	    1.828 GiB / 1.828 GiB, 100%, 21.797 MiB/s, ETA 0s
Transferred:            0 / 1, 0%
Elapsed time:      1m28.0s
Transferring:
 *   aicup_esg2026_submit_artifacts.zip.part-003:  0% / off, 21.797 MiB/s, -Transferred:   	    1.836 GiB / 1.836 GiB, 100%, 21.797 MiB/s, ETA 0s
Transferred:            0 / 1, 0%
Elapsed time:      1m28.5s
Transferring:
 *   aicup_esg2026_submit_artifacts.zip.part-003:  0% / off, 21.797 MiB/s, -Transferred:   	    1.852 GiB / 1.852 GiB, 100%, 21.797 MiB/s, ETA 0s
Transferred:            0 / 1, 0%
Elapsed time:      1m29.0s
Transferring:
 *   aicup_esg2026_submit_artifacts.zip.part-003:  0% / off, 21.935 MiB/s, -Transferred:   	    1.859 GiB / 1.859 GiB, 100%, 21.935 MiB/s, ETA 0s
Transferred:            0 / 1, 0%
Elapsed time:      1m29.5s
Transferring:
 *   aicup_esg2026_submit_artifacts.zip.part-003:  0% / off, 21.935 MiB/s, -Transferred:   	    1.867 GiB / 1.867 GiB, 100%, 21.935 MiB/s, ETA 0s
Transferred:            0 / 1, 0%
Elapsed time:      1m30.0s
Transferring:
 *   aicup_esg2026_submit_artifacts.zip.part-003:  0% / off, 21.564 MiB/s, -Transferred:   	    1.883 GiB / 1.883 GiB, 100%, 21.564 MiB/s, ETA 0s
Transferred:            0 / 1, 0%
Elapsed time:      1m30.5s
Transferring:
 *   aicup_esg2026_submit_artifacts.zip.part-003:  0% / off, 21.564 MiB/s, -Transferred:   	    1.891 GiB / 1.891 GiB, 100%, 21.564 MiB/s, ETA 0s
Transferred:            0 / 1, 0%
Elapsed time:      1m31.0s
Transferring:
 *   aicup_esg2026_submit_artifacts.zip.part-003:  0% / off, 21.716 MiB/s, -Transferred:   	    1.898 GiB / 1.898 GiB, 100%, 21.716 MiB/s, ETA 0s
Transferred:            0 / 1, 0%
Elapsed time:      1m31.5s
Transferring:
 *   aicup_esg2026_submit_artifacts.zip.part-003:  0% / off, 21.716 MiB/s, -Transferred:   	    1.914 GiB / 1.914 GiB, 100%, 21.716 MiB/s, ETA 0s
Transferred:            0 / 1, 0%
Elapsed time:      1m32.0s
Transferring:
 *   aicup_esg2026_submit_artifacts.zip.part-003:  0% / off, 21.859 MiB/s, -Transferred:   	    1.922 GiB / 1.922 GiB, 100%, 21.859 MiB/s, ETA 0s
Transferred:            0 / 1, 0%
Elapsed time:      1m32.5s
Transferring:
 *   aicup_esg2026_submit_artifacts.zip.part-003:  0% / off, 21.859 MiB/s, -Transferred:   	    1.930 GiB / 1.930 GiB, 100%, 21.859 MiB/s, ETA 0s
Transferred:            0 / 1, 0%
Elapsed time:      1m33.0s
Transferring:
 *   aicup_esg2026_submit_artifacts.zip.part-003:  0% / off, 21.493 MiB/s, -Transferred:   	    1.938 GiB / 1.938 GiB, 100%, 21.493 MiB/s, ETA 0s
Transferred:            0 / 1, 0%
Elapsed time:      1m33.5s
Transferring:
 *   aicup_esg2026_submit_artifacts.zip.part-003:  0% / off, 21.493 MiB/s, -Transferred:   	    1.953 GiB / 1.953 GiB, 100%, 21.493 MiB/s, ETA 0s
Transferred:            0 / 1, 0%
Elapsed time:      1m34.0s
Transferring:
 *   aicup_esg2026_submit_artifacts.zip.part-003:  0% / off, 21.493 MiB/s, -Transferred:   	    1.961 GiB / 1.961 GiB, 100%, 21.649 MiB/s, ETA 0s
Transferred:            0 / 1, 0%
Elapsed time:      1m34.5s
Transferring:
 *   aicup_esg2026_submit_artifacts.zip.part-003:  0% / off, 21.649 MiB/s, -Transferred:   	    1.977 GiB / 1.977 GiB, 100%, 21.649 MiB/s, ETA 0s
Transferred:            0 / 1, 0%
Elapsed time:      1m35.0s
Transferring:
 *   aicup_esg2026_submit_artifacts.zip.part-003:  0% / off, 21.796 MiB/s, -Transferred:   	    1.984 GiB / 1.984 GiB, 100%, 21.796 MiB/s, ETA 0s
Transferred:            0 / 1, 0%
Elapsed time:      1m35.5s
Transferring:
 *   aicup_esg2026_submit_artifacts.zip.part-003:  0% / off, 21.796 MiB/s, -Transferred:   	    1.993 GiB / 1.993 GiB, 100%, 21.796 MiB/s, ETA 0s
Transferred:            0 / 1, 0%
Elapsed time:      1m36.0s
Transferring:
 *   aicup_esg2026_submit_artifacts.zip.part-003:  0% / off, 21.496 MiB/s, -Transferred:   	    2.008 GiB / 2.008 GiB, 100%, 21.496 MiB/s, ETA 0s
Transferred:            0 / 1, 0%
Elapsed time:      1m36.5s
Transferring:
 *   aicup_esg2026_submit_artifacts.zip.part-003:  0% / off, 21.496 MiB/s, -Transferred:   	    2.016 GiB / 2.016 GiB, 100%, 21.590 MiB/s, ETA 0s
Transferred:            0 / 1, 0%
Elapsed time:      1m37.0s
Transferring:
 *   aicup_esg2026_submit_artifacts.zip.part-003:  0% / off, 21.590 MiB/s, -Transferred:   	    2.023 GiB / 2.023 GiB, 100%, 21.590 MiB/s, ETA 0s
Transferred:            0 / 1, 0%
Elapsed time:      1m37.5s
Transferring:
 *   aicup_esg2026_submit_artifacts.zip.part-003:  0% / off, 21.590 MiB/s, -Transferred:   	    2.039 GiB / 2.039 GiB, 100%, 21.590 MiB/s, ETA 0s
Transferred:            0 / 1, 0%
Elapsed time:      1m38.0s
Transferring:
 *   aicup_esg2026_submit_artifacts.zip.part-003:  0% / off, 21.741 MiB/s, -Transferred:   	    2.047 GiB / 2.047 GiB, 100%, 21.741 MiB/s, ETA 0s
Transferred:            0 / 1, 0%
Elapsed time:      1m38.5s
Transferring:
 *   aicup_esg2026_submit_artifacts.zip.part-003:  0% / off, 21.741 MiB/s, -Transferred:   	    2.055 GiB / 2.055 GiB, 100%, 21.741 MiB/s, ETA 0s
Transferred:            0 / 1, 0%
Elapsed time:      1m39.0s
Transferring:
 *   aicup_esg2026_submit_artifacts.zip.part-003:  0% / off, 21.382 MiB/s, -Transferred:   	    2.065 GiB / 2.065 GiB, 100%, 21.382 MiB/s, ETA 0s
Transferred:            0 / 1, 0%
Elapsed time:      1m39.5s
Transferring:
 *   aicup_esg2026_submit_artifacts.zip.part-003:  0% / off, 21.382 MiB/s, -Transferred:   	    2.078 GiB / 2.078 GiB, 100%, 21.382 MiB/s, ETA 0s
Transferred:            0 / 1, 0%
Elapsed time:      1m40.0s
Transferring:
 *   aicup_esg2026_submit_artifacts.zip.part-003:  0% / off, 21.546 MiB/s, -Transferred:   	    2.086 GiB / 2.086 GiB, 100%, 21.546 MiB/s, ETA 0s
Transferred:            0 / 1, 0%
Elapsed time:      1m40.5s
Transferring:
 *   aicup_esg2026_submit_artifacts.zip.part-003:  0% / off, 21.546 MiB/s, -Transferred:   	    2.102 GiB / 2.102 GiB, 100%, 21.699 MiB/s, ETA 0s
Transferred:            0 / 1, 0%
Elapsed time:      1m41.0s
Transferring:
 *   aicup_esg2026_submit_artifacts.zip.part-003:  0% / off, 21.699 MiB/s, -Transferred:   	    2.109 GiB / 2.109 GiB, 100%, 21.699 MiB/s, ETA 0s
Transferred:            0 / 1, 0%
Elapsed time:      1m41.5s
Transferring:
 *   aicup_esg2026_submit_artifacts.zip.part-003:  0% / off, 21.699 MiB/s, -Transferred:   	    2.117 GiB / 2.117 GiB, 100%, 21.699 MiB/s, ETA 0s
Transferred:            0 / 1, 0%
Elapsed time:      1m42.0s
Transferring:
 *   aicup_esg2026_submit_artifacts.zip.part-003:  0% / off, 21.343 MiB/s, -Transferred:   	    2.125 GiB / 2.125 GiB, 100%, 21.343 MiB/s, ETA 0s
Transferred:            0 / 1, 0%
Elapsed time:      1m42.5s
Transferring:
 *   aicup_esg2026_submit_artifacts.zip.part-003:  0% / off, 21.343 MiB/s, -Transferred:   	    2.141 GiB / 2.141 GiB, 100%, 21.343 MiB/s, ETA 0s
Transferred:            0 / 1, 0%
Elapsed time:      1m43.0s
Transferring:
 *   aicup_esg2026_submit_artifacts.zip.part-003:  0% / off, 21.509 MiB/s, -Transferred:   	    2.148 GiB / 2.148 GiB, 100%, 21.509 MiB/s, ETA 0s
Transferred:            0 / 1, 0%
Elapsed time:      1m43.5s
Transferring:
 *   aicup_esg2026_submit_artifacts.zip.part-003:  0% / off, 21.509 MiB/s, -Transferred:   	    2.156 GiB / 2.156 GiB, 100%, 21.509 MiB/s, ETA 0s
Transferred:            0 / 1, 0%
Elapsed time:      1m44.0s
Transferring:
 *   aicup_esg2026_submit_artifacts.zip.part-003:  0% / off, 21.165 MiB/s, -Transferred:   	    2.168 GiB / 2.168 GiB, 100%, 21.165 MiB/s, ETA 0s
Transferred:            0 / 1, 0%
Elapsed time:      1m44.5s
Transferring:
 *   aicup_esg2026_submit_artifacts.zip.part-003:  0% / off, 21.165 MiB/s, -Transferred:   	    2.180 GiB / 2.180 GiB, 100%, 21.165 MiB/s, ETA 0s
Transferred:            0 / 1, 0%
Elapsed time:      1m45.0s
Transferring:
 *   aicup_esg2026_submit_artifacts.zip.part-003:  0% / off, 21.342 MiB/s, -Transferred:   	    2.188 GiB / 2.188 GiB, 100%, 21.342 MiB/s, ETA 0s
Transferred:            0 / 1, 0%
Elapsed time:      1m45.5s
Transferring:
 *   aicup_esg2026_submit_artifacts.zip.part-003:  0% / off, 21.342 MiB/s, -Transferred:   	    2.195 GiB / 2.195 GiB, 100%, 21.342 MiB/s, ETA 0s
Transferred:            0 / 1, 0%
Elapsed time:      1m46.0s
Transferring:
 *   aicup_esg2026_submit_artifacts.zip.part-003:  0% / off, 21.342 MiB/s, -Transferred:   	    2.207 GiB / 2.207 GiB, 100%, 21.008 MiB/s, ETA 0s
Transferred:            0 / 1, 0%
Elapsed time:      1m46.5s
Transferring:
 *   aicup_esg2026_submit_artifacts.zip.part-003:  0% / off, 21.008 MiB/s, -Transferred:   	    2.219 GiB / 2.219 GiB, 100%, 21.008 MiB/s, ETA 0s
Transferred:            0 / 1, 0%
Elapsed time:      1m47.0s
Transferring:
 *   aicup_esg2026_submit_artifacts.zip.part-003:  0% / off, 21.195 MiB/s, -Transferred:   	    2.227 GiB / 2.227 GiB, 100%, 21.195 MiB/s, ETA 0s
Transferred:            0 / 1, 0%
Elapsed time:      1m47.5s
Transferring:
 *   aicup_esg2026_submit_artifacts.zip.part-003:  0% / off, 21.195 MiB/s, -Transferred:   	    2.242 GiB / 2.242 GiB, 100%, 21.195 MiB/s, ETA 0s
Transferred:            0 / 1, 0%
Elapsed time:      1m48.0s
Transferring:
 *   aicup_esg2026_submit_artifacts.zip.part-003:  0% / off, 21.370 MiB/s, -Transferred:   	    2.250 GiB / 2.250 GiB, 100%, 21.370 MiB/s, ETA 0s
Transferred:            0 / 1, 0%
Elapsed time:      1m48.5s
Transferring:
 *   aicup_esg2026_submit_artifacts.zip.part-003:  0% / off, 21.370 MiB/s, -Transferred:   	    2.266 GiB / 2.266 GiB, 100%, 21.370 MiB/s, ETA 0s
Transferred:            0 / 1, 0%
Elapsed time:      1m49.0s
Transferring:
 *   aicup_esg2026_submit_artifacts.zip.part-003:  0% / off, 21.535 MiB/s, -Transferred:   	    2.273 GiB / 2.273 GiB, 100%, 21.535 MiB/s, ETA 0s
Transferred:            0 / 1, 0%
Elapsed time:      1m49.5s
Transferring:
 *   aicup_esg2026_submit_artifacts.zip.part-003:  0% / off, 21.535 MiB/s, -Transferred:   	    2.281 GiB / 2.281 GiB, 100%, 21.535 MiB/s, ETA 0s
Transferred:            0 / 1, 0%
Elapsed time:      1m50.0s
Transferring:
 *   aicup_esg2026_submit_artifacts.zip.part-003:  0% / off, 21.535 MiB/s, -Transferred:   	    2.297 GiB / 2.297 GiB, 100%, 21.189 MiB/s, ETA 0s
Transferred:            0 / 1, 0%
Elapsed time:      1m50.5s
Transferring:
 *   aicup_esg2026_submit_artifacts.zip.part-003:  0% / off, 21.189 MiB/s, -Transferred:   	    2.305 GiB / 2.305 GiB, 100%, 21.365 MiB/s, ETA 0s
Transferred:            0 / 1, 0%
Elapsed time:      1m51.0s
Transferring:
 *   aicup_esg2026_submit_artifacts.zip.part-003:  0% / off, 21.189 MiB/s, -Transferred:   	    2.312 GiB / 2.312 GiB, 100%, 21.365 MiB/s, ETA 0s
Transferred:            0 / 1, 0%
Elapsed time:      1m51.5s
Transferring:
 *   aicup_esg2026_submit_artifacts.zip.part-003:  0% / off, 21.365 MiB/s, -Transferred:   	    2.320 GiB / 2.320 GiB, 100%, 21.029 MiB/s, ETA 0s
Transferred:            0 / 1, 0%
Elapsed time:      1m52.0s
Transferring:
 *   aicup_esg2026_submit_artifacts.zip.part-003:  0% / off, 21.029 MiB/s, -Transferred:   	    2.336 GiB / 2.336 GiB, 100%, 21.029 MiB/s, ETA 0s
Transferred:            0 / 1, 0%
Elapsed time:      1m52.5s
Transferring:
 *   aicup_esg2026_submit_artifacts.zip.part-003:  0% / off, 21.029 MiB/s, -Transferred:   	    2.344 GiB / 2.344 GiB, 100%, 21.029 MiB/s, ETA 0s
Transferred:            0 / 1, 0%
Elapsed time:      1m53.0s
Transferring:
 *   aicup_esg2026_submit_artifacts.zip.part-003:  0% / off, 21.215 MiB/s, -Transferred:   	    2.352 GiB / 2.352 GiB, 100%, 21.215 MiB/s, ETA 0s
Transferred:            0 / 1, 0%
Elapsed time:      1m53.5s
Transferring:
 *   aicup_esg2026_submit_artifacts.zip.part-003:  0% / off, 21.215 MiB/s, -Transferred:   	    2.359 GiB / 2.359 GiB, 100%, 21.215 MiB/s, ETA 0s
Transferred:            0 / 1, 0%
Elapsed time:      1m54.0s
Transferring:
 *   aicup_esg2026_submit_artifacts.zip.part-003:  0% / off, 20.889 MiB/s, -Transferred:   	    2.375 GiB / 2.375 GiB, 100%, 20.889 MiB/s, ETA 0s
Transferred:            0 / 1, 0%
Elapsed time:      1m54.5s
Transferring:
 *   aicup_esg2026_submit_artifacts.zip.part-003:  0% / off, 20.889 MiB/s, -Transferred:   	    2.383 GiB / 2.383 GiB, 100%, 20.889 MiB/s, ETA 0s
Transferred:            0 / 1, 0%
Elapsed time:      1m55.0s
Transferring:
 *   aicup_esg2026_submit_artifacts.zip.part-003:  0% / off, 21.083 MiB/s, -Transferred:   	    2.398 GiB / 2.398 GiB, 100%, 21.083 MiB/s, ETA 0s
Transferred:            0 / 1, 0%
Elapsed time:      1m55.5s
Transferring:
 *   aicup_esg2026_submit_artifacts.zip.part-003:  0% / off, 21.083 MiB/s, -Transferred:   	    2.406 GiB / 2.406 GiB, 100%, 21.266 MiB/s, ETA 0s
Transferred:            0 / 1, 0%
Elapsed time:      1m56.0s
Transferring:
 *   aicup_esg2026_submit_artifacts.zip.part-003:  0% / off, 21.266 MiB/s, -Transferred:   	    2.422 GiB / 2.422 GiB, 100%, 21.266 MiB/s, ETA 0s
Transferred:            0 / 1, 0%
Elapsed time:      1m56.5s
Transferring:
 *   aicup_esg2026_submit_artifacts.zip.part-003:  0% / off, 21.266 MiB/s, -Transferred:   	    2.430 GiB / 2.430 GiB, 100%, 21.437 MiB/s, ETA 0s
Transferred:            0 / 1, 0%
Elapsed time:      1m57.0s
Transferring:
 *   aicup_esg2026_submit_artifacts.zip.part-003:  0% / off, 21.437 MiB/s, -Transferred:   	    2.438 GiB / 2.438 GiB, 100%, 21.437 MiB/s, ETA 0s
Transferred:            0 / 1, 0%
Elapsed time:      1m57.5s
Transferring:
 *   aicup_esg2026_submit_artifacts.zip.part-003:  0% / off, 21.437 MiB/s, -Transferred:   	    2.453 GiB / 2.453 GiB, 100%, 21.597 MiB/s, ETA 0s
Transferred:            0 / 1, 0%
Elapsed time:      1m58.0s
Transferring:
 *   aicup_esg2026_submit_artifacts.zip.part-003:  0% / off, 21.597 MiB/s, -Transferred:   	    2.461 GiB / 2.461 GiB, 100%, 21.597 MiB/s, ETA 0s
Transferred:            0 / 1, 0%
Elapsed time:      1m58.5s
Transferring:
 *   aicup_esg2026_submit_artifacts.zip.part-003:  0% / off, 21.597 MiB/s, -Transferred:   	    2.469 GiB / 2.469 GiB, 100%, 21.247 MiB/s, ETA 0s
Transferred:            0 / 1, 0%
Elapsed time:      1m59.0s
Transferring:
 *   aicup_esg2026_submit_artifacts.zip.part-003:  0% / off, 21.247 MiB/s, -Transferred:   	    2.477 GiB / 2.477 GiB, 100%, 21.247 MiB/s, ETA 0s
Transferred:            0 / 1, 0%
Elapsed time:      1m59.5s
Transferring:
 *   aicup_esg2026_submit_artifacts.zip.part-003:  0% / off, 21.247 MiB/s, -Transferred:   	    2.492 GiB / 2.492 GiB, 100%, 21.247 MiB/s, ETA 0s
Transferred:            0 / 1, 0%
Elapsed time:       2m0.0s
Transferring:
 *   aicup_esg2026_submit_artifacts.zip.part-003:  0% / off, 21.419 MiB/s, -Transferred:   	    2.500 GiB / 2.500 GiB, 100%, 21.419 MiB/s, ETA 0s
Transferred:            0 / 1, 0%
Elapsed time:       2m0.5s
Transferring:
 *   aicup_esg2026_submit_artifacts.zip.part-003:  0% / off, 21.419 MiB/s, -Transferred:   	    2.508 GiB / 2.508 GiB, 100%, 21.419 MiB/s, ETA 0s
Transferred:            0 / 1, 0%
Elapsed time:       2m1.0s
Transferring:
 *   aicup_esg2026_submit_artifacts.zip.part-003:  0% / off, 21.419 MiB/s, -Transferred:   	    2.523 GiB / 2.523 GiB, 100%, 21.080 MiB/s, ETA 0s
Transferred:            0 / 1, 0%
Elapsed time:       2m1.5s
Transferring:
 *   aicup_esg2026_submit_artifacts.zip.part-003:  0% / off, 21.080 MiB/s, -Transferred:   	    2.531 GiB / 2.531 GiB, 100%, 21.080 MiB/s, ETA 0s
Transferred:            0 / 1, 0%
Elapsed time:       2m2.0s
Transferring:
 *   aicup_esg2026_submit_artifacts.zip.part-003:  0% / off, 21.263 MiB/s, -Transferred:   	    2.539 GiB / 2.539 GiB, 100%, 21.263 MiB/s, ETA 0s
Transferred:            0 / 1, 0%
Elapsed time:       2m2.5s
Transferring:
 *   aicup_esg2026_submit_artifacts.zip.part-003:  0% / off, 21.263 MiB/s, -Transferred:   	    2.547 GiB / 2.547 GiB, 100%, 21.263 MiB/s, ETA 0s
Transferred:            0 / 1, 0%
Elapsed time:       2m3.0s
Transferring:
 *   aicup_esg2026_submit_artifacts.zip.part-003:  0% / off, 20.934 MiB/s, -Transferred:   	    2.562 GiB / 2.562 GiB, 100%, 20.934 MiB/s, ETA 0s
Transferred:            0 / 1, 0%
Elapsed time:       2m3.5s
Transferring:
 *   aicup_esg2026_submit_artifacts.zip.part-003:  0% / off, 20.934 MiB/s, -Transferred:   	    2.578 GiB / 2.578 GiB, 100%, 21.626 MiB/s, ETA 0s
Transferred:            0 / 1, 0%
Elapsed time:       2m4.0s
Transferring:
 *   aicup_esg2026_submit_artifacts.zip.part-003:  0% / off, 21.626 MiB/s, -Transferred:   	    2.586 GiB / 2.586 GiB, 100%, 21.626 MiB/s, ETA 0s
Transferred:            0 / 1, 0%
Elapsed time:       2m4.5s
Transferring:
 *   aicup_esg2026_submit_artifacts.zip.part-003:  0% / off, 21.626 MiB/s, -Transferred:   	    2.594 GiB / 2.594 GiB, 100%, 21.626 MiB/s, ETA 0s
Transferred:            0 / 1, 0%
Elapsed time:       2m5.0s
Transferring:
 *   aicup_esg2026_submit_artifacts.zip.part-003:  0% / off, 21.274 MiB/s, -Transferred:   	    2.609 GiB / 2.609 GiB, 100%, 21.274 MiB/s, ETA 0s
Transferred:            0 / 1, 0%
Elapsed time:       2m5.5s
Transferring:
 *   aicup_esg2026_submit_artifacts.zip.part-003:  0% / off, 21.274 MiB/s, -Transferred:   	    2.617 GiB / 2.617 GiB, 100%, 21.274 MiB/s, ETA 0s
Transferred:            0 / 1, 0%
Elapsed time:       2m6.0s
Transferring:
 *   aicup_esg2026_submit_artifacts.zip.part-003:  0% / off, 21.274 MiB/s, -Transferred:   	    2.625 GiB / 2.625 GiB, 100%, 21.444 MiB/s, ETA 0s
Transferred:            0 / 1, 0%
Elapsed time:       2m6.5s
Transferring:
 *   aicup_esg2026_submit_artifacts.zip.part-003:  0% / off, 21.444 MiB/s, -Transferred:   	    2.625 GiB / 2.625 GiB, 100%, 21.444 MiB/s, ETA 0s
Transferred:            0 / 1, 0%
Elapsed time:       2m7.0s
Transferring:
 *   aicup_esg2026_submit_artifacts.zip.part-003:  0% / off, 20.604 MiB/s, -Transferred:   	    2.625 GiB / 2.625 GiB, 100%, 20.604 MiB/s, ETA 0s
Transferred:            0 / 1, 0%
Elapsed time:       2m7.5s
Transferring:
 *   aicup_esg2026_submit_artifacts.zip.part-003:  0% / off, 20.604 MiB/s, -Transferred:   	    2.625 GiB / 2.625 GiB, 100%, 20.604 MiB/s, ETA 0s
Transferred:            0 / 1, 0%
Elapsed time:       2m8.0s
Transferring:
 *   aicup_esg2026_submit_artifacts.zip.part-003:  0% / off, 19.316 MiB/s, -Transferred:   	    2.625 GiB / 2.625 GiB, 100%, 19.316 MiB/s, ETA 0s
Transferred:            0 / 1, 0%
Elapsed time:       2m8.5s
Transferring:
 *   aicup_esg2026_submit_artifacts.zip.part-003:  0% / off, 19.316 MiB/s, -Transferred:   	    2.625 GiB / 2.625 GiB, 100%, 19.316 MiB/s, ETA 0s
Transferred:            0 / 1, 0%
Elapsed time:       2m9.0s
Transferring:
 *   aicup_esg2026_submit_artifacts.zip.part-003:  0% / off, 18.109 MiB/s, -Transferred:   	    2.625 GiB / 2.625 GiB, 100%, 18.109 MiB/s, ETA 0s
Transferred:            0 / 1, 0%
Elapsed time:       2m9.5s
Transferring:
 *   aicup_esg2026_submit_artifacts.zip.part-003:  0% / off, 18.109 MiB/s, -Transferred:   	    2.625 GiB / 2.625 GiB, 100%, 18.109 MiB/s, ETA 0s
Transferred:            0 / 1, 0%
Elapsed time:      2m10.0s
Transferring:
 *   aicup_esg2026_submit_artifacts.zip.part-003:  0% / off, 16.977 MiB/s, -Transferred:   	    2.625 GiB / 2.625 GiB, 100%, 16.977 MiB/s, ETA 0s
Transferred:            0 / 1, 0%
Elapsed time:      2m10.5s
Transferring:
 *   aicup_esg2026_submit_artifacts.zip.part-003:  0% / off, 16.977 MiB/s, -Transferred:   	    2.625 GiB / 2.625 GiB, 100%, 16.977 MiB/s, ETA 0s
Transferred:            0 / 1, 0%
Elapsed time:      2m11.0s
Transferring:
 *   aicup_esg2026_submit_artifacts.zip.part-003:  0% / off, 15.916 MiB/s, -Transferred:   	    2.625 GiB / 2.625 GiB, 100%, 15.916 MiB/s, ETA 0s
Transferred:            0 / 1, 0%
Elapsed time:      2m11.5s
Transferring:
 *   aicup_esg2026_submit_artifacts.zip.part-003:  0% / off, 15.916 MiB/s, -Transferred:   	    2.625 GiB / 2.625 GiB, 100%, 15.916 MiB/s, ETA 0s
Transferred:            0 / 1, 0%
Elapsed time:      2m12.0s
Transferring:
 *   aicup_esg2026_submit_artifacts.zip.part-003:  0% / off, 14.921 MiB/s, -Transferred:   	    2.625 GiB / 2.625 GiB, 100%, 14.921 MiB/s, ETA 0s
Transferred:            0 / 1, 0%
Elapsed time:      2m12.5s
Transferring:
 *   aicup_esg2026_submit_artifacts.zip.part-003:  0% / off, 14.921 MiB/s, -Transferred:   	    2.625 GiB / 2.625 GiB, 100%, 14.921 MiB/s, ETA 0s
Transferred:            0 / 1, 0%
Elapsed time:      2m13.0s
Transferring:
 *   aicup_esg2026_submit_artifacts.zip.part-003:  0% / off, 13.989 MiB/s, -Transferred:   	    2.625 GiB / 2.625 GiB, 100%, 13.989 MiB/s, ETA 0s
Transferred:            0 / 1, 0%
Elapsed time:      2m13.5s
Transferring:
 *   aicup_esg2026_submit_artifacts.zip.part-003:  0% / off, 13.989 MiB/s, -Transferred:   	    2.625 GiB / 2.625 GiB, 100%, 13.989 MiB/s, ETA 0s
Transferred:            0 / 1, 0%
Elapsed time:      2m14.0s
Transferring:
 *   aicup_esg2026_submit_artifacts.zip.part-003:  0% / off, 13.989 MiB/s, -Transferred:   	    2.625 GiB / 2.625 GiB, 100%, 13.115 MiB/s, ETA 0s
Transferred:            0 / 1, 0%
Elapsed time:      2m14.5s
Transferring:
 *   aicup_esg2026_submit_artifacts.zip.part-003:  0% / off, 13.115 MiB/s, -Transferred:   	    2.625 GiB / 2.625 GiB, 100%, 13.115 MiB/s, ETA 0s
Transferred:            0 / 1, 0%
Elapsed time:      2m15.0s
Transferring:
 *   aicup_esg2026_submit_artifacts.zip.part-003:  0% / off, 12.295 MiB/s, -Transferred:   	    2.625 GiB / 2.625 GiB, 100%, 12.295 MiB/s, ETA 0s
Transferred:            0 / 1, 0%
Elapsed time:      2m15.5s
Transferring:
 *   aicup_esg2026_submit_artifacts.zip.part-003:  0% / off, 12.295 MiB/s, -Transferred:   	    2.625 GiB / 2.625 GiB, 100%, 12.295 MiB/s, ETA 0s
Transferred:            0 / 1, 0%
Elapsed time:      2m16.0s
Transferring:
 *   aicup_esg2026_submit_artifacts.zip.part-003:  0% / off, 11.526 MiB/s, -Transferred:   	    2.625 GiB / 2.625 GiB, 100%, 11.526 MiB/s, ETA 0s
Transferred:            0 / 1, 0%
Elapsed time:      2m16.5s
Transferring:
 *   aicup_esg2026_submit_artifacts.zip.part-003:  0% / off, 11.526 MiB/s, -Transferred:   	    2.625 GiB / 2.625 GiB, 100%, 11.526 MiB/s, ETA 0s
Transferred:            0 / 1, 0%
Elapsed time:      2m17.0s
Transferring:
 *   aicup_esg2026_submit_artifacts.zip.part-003:  0% / off, 11.526 MiB/s, -Transferred:   	    2.625 GiB / 2.625 GiB, 100%, 10.806 MiB/s, ETA 0s
Transferred:            0 / 1, 0%
Elapsed time:      2m17.5s
Transferring:
 *   aicup_esg2026_submit_artifacts.zip.part-003:  0% / off, 10.806 MiB/s, -Transferred:   	    2.625 GiB / 2.625 GiB, 100%, 10.806 MiB/s, ETA 0s
Transferred:            0 / 1, 0%
Elapsed time:      2m18.0s
Transferring:
 *   aicup_esg2026_submit_artifacts.zip.part-003:  0% / off, 10.131 MiB/s, -Transferred:   	    2.625 GiB / 2.625 GiB, 100%, 10.131 MiB/s, ETA 0s
Transferred:            0 / 1, 0%
Elapsed time:      2m18.5s
Transferring:
 *   aicup_esg2026_submit_artifacts.zip.part-003:  0% / off, 10.131 MiB/s, -Transferred:   	    2.625 GiB / 2.625 GiB, 100%, 10.131 MiB/s, ETA 0s
Transferred:            0 / 1, 0%
Elapsed time:      2m19.0s
Transferring:
 *   aicup_esg2026_submit_artifacts.zip.part-003:  0% / off, 9.497 MiB/s, -Transferred:   	    2.625 GiB / 2.625 GiB, 100%, 9.497 MiB/s, ETA 0s
Transferred:            0 / 1, 0%
Elapsed time:      2m19.5s
Transferring:
 *   aicup_esg2026_submit_artifacts.zip.part-003:  0% / off, 9.497 MiB/s, -Transferred:   	    2.625 GiB / 2.625 GiB, 100%, 9.497 MiB/s, ETA 0s
Transferred:            0 / 1, 0%
Elapsed time:      2m20.0s
Transferring:
 *   aicup_esg2026_submit_artifacts.zip.part-003:  0% / off, 9.497 MiB/s, -Transferred:   	    2.625 GiB / 2.625 GiB, 100%, 8.904 MiB/s, ETA 0s
Transferred:            0 / 1, 0%
Elapsed time:      2m20.5s
Transferring:
 *   aicup_esg2026_submit_artifacts.zip.part-003:  0% / off, 8.904 MiB/s, -Transferred:   	    2.625 GiB / 2.625 GiB, 100%, 8.904 MiB/s, ETA 0s
Transferred:            0 / 1, 0%
Elapsed time:      2m21.0s
Transferring:
 *   aicup_esg2026_submit_artifacts.zip.part-003:  0% / off, 8.347 MiB/s, -Transferred:   	    2.625 GiB / 2.625 GiB, 100%, 8.347 MiB/s, ETA 0s
Transferred:            0 / 1, 0%
Elapsed time:      2m21.5s
Transferring:
 *   aicup_esg2026_submit_artifacts.zip.part-003:  0% / off, 8.347 MiB/s, -Transferred:   	    2.625 GiB / 2.625 GiB, 100%, 8.347 MiB/s, ETA 0s
Transferred:            0 / 1, 0%
Elapsed time:      2m22.0s
Transferring:
 *   aicup_esg2026_submit_artifacts.zip.part-003:  0% / off, 7.826 MiB/s, -Transferred:   	    2.625 GiB / 2.625 GiB, 100%, 7.826 MiB/s, ETA 0s
Transferred:            0 / 1, 0%
Elapsed time:      2m22.5s
Transferring:
 *   aicup_esg2026_submit_artifacts.zip.part-003:  0% / off, 7.826 MiB/s, -Transferred:   	    2.625 GiB / 2.625 GiB, 100%, 7.826 MiB/s, ETA 0s
Transferred:            0 / 1, 0%
Elapsed time:      2m23.0s
Transferring:
 *   aicup_esg2026_submit_artifacts.zip.part-003:  0% / off, 7.826 MiB/s, -Transferred:   	    2.625 GiB / 2.625 GiB, 100%, 7.337 MiB/s, ETA 0s
Transferred:            0 / 1, 0%
Elapsed time:      2m23.5s
Transferring:
 *   aicup_esg2026_submit_artifacts.zip.part-003:  0% / off, 7.337 MiB/s, -Transferred:   	    2.625 GiB / 2.625 GiB, 100%, 7.337 MiB/s, ETA 0s
Transferred:            0 / 1, 0%
Elapsed time:      2m24.0s
Transferring:
 *   aicup_esg2026_submit_artifacts.zip.part-003:  0% / off, 7.337 MiB/s, -Transferred:   	    2.625 GiB / 2.625 GiB, 100%, 6.878 MiB/s, ETA 0s
Transferred:            0 / 1, 0%
Elapsed time:      2m24.5s
Transferring:
 *   aicup_esg2026_submit_artifacts.zip.part-003:  0% / off, 6.878 MiB/s, -Transferred:   	    2.625 GiB / 2.625 GiB, 100%, 6.878 MiB/s, ETA 0s
Transferred:            0 / 1, 0%
Elapsed time:      2m25.0s
Transferring:
 *   aicup_esg2026_submit_artifacts.zip.part-003:  0% / off, 6.878 MiB/s, -Transferred:   	    2.625 GiB / 2.625 GiB, 100%, 6.448 MiB/s, ETA 0s
Transferred:            0 / 1, 0%
Elapsed time:      2m25.5s
Transferring:
 *   aicup_esg2026_submit_artifacts.zip.part-003:  0% / off, 6.448 MiB/s, -Transferred:   	    2.625 GiB / 2.625 GiB, 100%, 6.448 MiB/s, ETA 0s
Transferred:            0 / 1, 0%
Elapsed time:      2m26.0s
Transferring:
 *   aicup_esg2026_submit_artifacts.zip.part-003:  0% / off, 6.045 MiB/s, -Transferred:   	    2.625 GiB / 2.625 GiB, 100%, 6.045 MiB/s, ETA 0s
Transferred:            0 / 1, 0%
Elapsed time:      2m26.5s
Transferring:
 *   aicup_esg2026_submit_artifacts.zip.part-003:  0% / off, 6.045 MiB/s, -Transferred:   	    2.625 GiB / 2.625 GiB, 100%, 6.045 MiB/s, ETA 0s
Transferred:            0 / 1, 0%
Elapsed time:      2m27.0s
Transferring:
 *   aicup_esg2026_submit_artifacts.zip.part-003:  0% / off, 6.045 MiB/s, -Transferred:   	    2.625 GiB / 2.625 GiB, 100%, 5.667 MiB/s, ETA 0s
Transferred:            0 / 1, 0%
Elapsed time:      2m27.5s
Transferring:
 *   aicup_esg2026_submit_artifacts.zip.part-003:  0% / off, 5.667 MiB/s, -Transferred:   	    2.625 GiB / 2.625 GiB, 100%, 5.667 MiB/s, ETA 0s
Transferred:            0 / 1, 0%
Elapsed time:      2m28.0s
Transferring:
 *   aicup_esg2026_submit_artifacts.zip.part-003:  0% / off, 5.313 MiB/s, -Transferred:   	    2.625 GiB / 2.625 GiB, 100%, 5.313 MiB/s, ETA 0s
Transferred:            0 / 1, 0%
Elapsed time:      2m28.5s
Transferring:
 *   aicup_esg2026_submit_artifacts.zip.part-003:  0% / off, 5.313 MiB/s, -Transferred:   	    2.625 GiB / 2.625 GiB, 100%, 5.313 MiB/s, ETA 0s
Transferred:            0 / 1, 0%
Elapsed time:      2m29.0s
Transferring:
 *   aicup_esg2026_submit_artifacts.zip.part-003:  0% / off, 4.981 MiB/s, -Transferred:   	    2.625 GiB / 2.625 GiB, 100%, 4.981 MiB/s, ETA 0s
Transferred:            0 / 1, 0%
Elapsed time:      2m29.5s
Transferring:
 *   aicup_esg2026_submit_artifacts.zip.part-003:  0% / off, 4.981 MiB/s, -Transferred:   	    2.625 GiB / 2.625 GiB, 100%, 4.981 MiB/s, ETA 0s
Transferred:            0 / 1, 0%
Elapsed time:      2m30.0s
Transferring:
 *   aicup_esg2026_submit_artifacts.zip.part-003:  0% / off, 4.670 MiB/s, -Transferred:   	    2.625 GiB / 2.625 GiB, 100%, 4.670 MiB/s, ETA 0s
Transferred:            0 / 1, 0%
Elapsed time:      2m30.5s
Transferring:
 *   aicup_esg2026_submit_artifacts.zip.part-003:  0% / off, 4.670 MiB/s, -Transferred:   	    2.625 GiB / 2.625 GiB, 100%, 4.670 MiB/s, ETA 0s
Transferred:            0 / 1, 0%
Elapsed time:      2m31.0s
Transferring:
 *   aicup_esg2026_submit_artifacts.zip.part-003:  0% / off, 4.670 MiB/s, -Transferred:   	    2.625 GiB / 2.625 GiB, 100%, 4.378 MiB/s, ETA 0s
Transferred:            0 / 1, 0%
Elapsed time:      2m31.5s
Transferring:
 *   aicup_esg2026_submit_artifacts.zip.part-003:  0% / off, 4.378 MiB/s, -Transferred:   	    2.625 GiB / 2.625 GiB, 100%, 4.378 MiB/s, ETA 0s
Transferred:            0 / 1, 0%
Elapsed time:      2m32.0s
Transferring:
 *   aicup_esg2026_submit_artifacts.zip.part-003:  0% / off, 4.104 MiB/s, -Transferred:   	    2.625 GiB / 2.625 GiB, 100%, 4.104 MiB/s, ETA 0s
Transferred:            0 / 1, 0%
Elapsed time:      2m32.5s
Transferring:
 *   aicup_esg2026_submit_artifacts.zip.part-003:  0% / off, 4.104 MiB/s, -Transferred:   	    2.625 GiB / 2.625 GiB, 100%, 4.104 MiB/s, ETA 0s
Transferred:            0 / 1, 0%
Elapsed time:      2m33.0s
Transferring:
 *   aicup_esg2026_submit_artifacts.zip.part-003:  0% / off, 3.848 MiB/s, -Transferred:   	    2.625 GiB / 2.625 GiB, 100%, 3.848 MiB/s, ETA 0s
Transferred:            0 / 1, 0%
Elapsed time:      2m33.5s
Transferring:
 *   aicup_esg2026_submit_artifacts.zip.part-003:  0% / off, 3.848 MiB/s, -Transferred:   	    2.625 GiB / 2.625 GiB, 100%, 3.607 MiB/s, ETA 0s
Transferred:            0 / 1, 0%
Elapsed time:      2m34.0s
Transferring:
 *   aicup_esg2026_submit_artifacts.zip.part-003:  0% / off, 3.607 MiB/s, -Transferred:   	    2.625 GiB / 2.625 GiB, 100%, 3.607 MiB/s, ETA 0s
Transferred:            0 / 1, 0%
Elapsed time:      2m34.5s
Transferring:
 *   aicup_esg2026_submit_artifacts.zip.part-003:  0% / off, 3.607 MiB/s, -Transferred:   	    2.633 GiB / 2.633 GiB, 100%, 3.882 MiB/s, ETA 0s
Transferred:            0 / 1, 0%
Elapsed time:      2m35.0s
Transferring:
 *   aicup_esg2026_submit_artifacts.zip.part-003:  0% / off, 3.882 MiB/s, -Transferred:   	    2.641 GiB / 2.641 GiB, 100%, 3.882 MiB/s, ETA 0s
Transferred:            0 / 1, 0%
Elapsed time:      2m35.5s
Transferring:
 *   aicup_esg2026_submit_artifacts.zip.part-003:  0% / off, 3.882 MiB/s, -Transferred:   	    2.648 GiB / 2.648 GiB, 100%, 4.639 MiB/s, ETA 0s
Transferred:            0 / 1, 0%
Elapsed time:      2m36.0s
Transferring:
 *   aicup_esg2026_submit_artifacts.zip.part-003:  0% / off, 4.639 MiB/s, -Transferred:   	    2.660 GiB / 2.660 GiB, 100%, 4.639 MiB/s, ETA 0s
Transferred:            0 / 1, 0%
Elapsed time:      2m36.5s
Transferring:
 *   aicup_esg2026_submit_artifacts.zip.part-003:  0% / off, 4.639 MiB/s, -Transferred:   	    2.672 GiB / 2.672 GiB, 100%, 4.639 MiB/s, ETA 0s
Transferred:            0 / 1, 0%
Elapsed time:      2m37.0s
Transferring:
 *   aicup_esg2026_submit_artifacts.zip.part-003:  0% / off, 5.849 MiB/s, -Transferred:   	    2.688 GiB / 2.688 GiB, 100%, 5.849 MiB/s, ETA 0s
Transferred:            0 / 1, 0%
Elapsed time:      2m37.5s
Transferring:
 *   aicup_esg2026_submit_artifacts.zip.part-003:  0% / off, 5.849 MiB/s, -Transferred:   	    2.695 GiB / 2.695 GiB, 100%, 5.849 MiB/s, ETA 0s
Transferred:            0 / 1, 0%
Elapsed time:      2m38.0s
Transferring:
 *   aicup_esg2026_submit_artifacts.zip.part-003:  0% / off, 6.984 MiB/s, -Transferred:   	    2.703 GiB / 2.703 GiB, 100%, 6.984 MiB/s, ETA 0s
Transferred:            0 / 1, 0%
Elapsed time:      2m38.5s
Transferring:
 *   aicup_esg2026_submit_artifacts.zip.part-003:  0% / off, 6.984 MiB/s, -Transferred:   	    2.719 GiB / 2.719 GiB, 100%, 6.984 MiB/s, ETA 0s
Transferred:            0 / 1, 0%
Elapsed time:      2m39.0s
Transferring:
 *   aicup_esg2026_submit_artifacts.zip.part-003:  0% / off, 8.047 MiB/s, -Transferred:   	    2.727 GiB / 2.727 GiB, 100%, 8.047 MiB/s, ETA 0s
Transferred:            0 / 1, 0%
Elapsed time:      2m39.5s
Transferring:
 *   aicup_esg2026_submit_artifacts.zip.part-003:  0% / off, 8.047 MiB/s, -Transferred:   	    2.734 GiB / 2.734 GiB, 100%, 8.047 MiB/s, ETA 0s
Transferred:            0 / 1, 0%
Elapsed time:      2m40.0s
Transferring:
 *   aicup_esg2026_submit_artifacts.zip.part-003:  0% / off, 8.544 MiB/s, -Transferred:   	    2.742 GiB / 2.742 GiB, 100%, 8.544 MiB/s, ETA 0s
Transferred:            0 / 1, 0%
Elapsed time:      2m40.5s
Transferring:
 *   aicup_esg2026_submit_artifacts.zip.part-003:  0% / off, 8.544 MiB/s, -Transferred:   	    2.758 GiB / 2.758 GiB, 100%, 9.510 MiB/s, ETA 0s
Transferred:            0 / 1, 0%
Elapsed time:      2m41.0s
Transferring:
 *   aicup_esg2026_submit_artifacts.zip.part-003:  0% / off, 8.544 MiB/s, -Transferred:   	    2.766 GiB / 2.766 GiB, 100%, 9.510 MiB/s, ETA 0s
Transferred:            0 / 1, 0%
Elapsed time:      2m41.5s
Transferring:
 *   aicup_esg2026_submit_artifacts.zip.part-003:  0% / off, 9.510 MiB/s, -Transferred:   	    2.773 GiB / 2.773 GiB, 100%, 9.916 MiB/s, ETA 0s
Transferred:            0 / 1, 0%
Elapsed time:      2m42.0s
Transferring:
 *   aicup_esg2026_submit_artifacts.zip.part-003:  0% / off, 9.916 MiB/s, -Transferred:   	    2.789 GiB / 2.789 GiB, 100%, 9.916 MiB/s, ETA 0s
Transferred:            0 / 1, 0%
Elapsed time:      2m42.5s
Transferring:
 *   aicup_esg2026_submit_artifacts.zip.part-003:  0% / off, 9.916 MiB/s, -Transferred:   	    2.797 GiB / 2.797 GiB, 100%, 9.916 MiB/s, ETA 0s
Transferred:            0 / 1, 0%
Elapsed time:      2m43.0s
Transferring:
 *   aicup_esg2026_submit_artifacts.zip.part-003:  0% / off, 10.796 MiB/s, -Transferred:   	    2.805 GiB / 2.805 GiB, 100%, 10.796 MiB/s, ETA 0s
Transferred:            0 / 1, 0%
Elapsed time:      2m43.5s
Transferring:
 *   aicup_esg2026_submit_artifacts.zip.part-003:  0% / off, 10.796 MiB/s, -Transferred:   	    2.820 GiB / 2.820 GiB, 100%, 10.796 MiB/s, ETA 0s
Transferred:            0 / 1, 0%
Elapsed time:      2m44.0s
Transferring:
 *   aicup_esg2026_submit_artifacts.zip.part-003:  0% / off, 11.621 MiB/s, -Transferred:   	    2.828 GiB / 2.828 GiB, 100%, 11.621 MiB/s, ETA 0s
Transferred:            0 / 1, 0%
Elapsed time:      2m44.5s
Transferring:
 *   aicup_esg2026_submit_artifacts.zip.part-003:  0% / off, 11.621 MiB/s, -Transferred:   	    2.836 GiB / 2.836 GiB, 100%, 11.621 MiB/s, ETA 0s
Transferred:            0 / 1, 0%
Elapsed time:      2m45.0s
Transferring:
 *   aicup_esg2026_submit_artifacts.zip.part-003:  0% / off, 11.895 MiB/s, -Transferred:   	    2.852 GiB / 2.852 GiB, 100%, 11.895 MiB/s, ETA 0s
Transferred:            0 / 1, 0%
Elapsed time:      2m45.5s
Transferring:
 *   aicup_esg2026_submit_artifacts.zip.part-003:  0% / off, 11.895 MiB/s, -Transferred:   	    2.859 GiB / 2.859 GiB, 100%, 11.895 MiB/s, ETA 0s
Transferred:            0 / 1, 0%
Elapsed time:      2m46.0s
Transferring:
 *   aicup_esg2026_submit_artifacts.zip.part-003:  0% / off, 12.652 MiB/s, -Transferred:   	    2.867 GiB / 2.867 GiB, 100%, 12.652 MiB/s, ETA 0s
Transferred:            0 / 1, 0%
Elapsed time:      2m46.5s
Transferring:
 *   aicup_esg2026_submit_artifacts.zip.part-003:  0% / off, 12.652 MiB/s, -Transferred:   	    2.875 GiB / 2.875 GiB, 100%, 12.652 MiB/s, ETA 0s
Transferred:            0 / 1, 0%
Elapsed time:      2m47.0s
Transferring:
 *   aicup_esg2026_submit_artifacts.zip.part-003:  0% / off, 12.861 MiB/s, -Transferred:   	    2.891 GiB / 2.891 GiB, 100%, 12.861 MiB/s, ETA 0s
Transferred:            0 / 1, 0%
Elapsed time:      2m47.5s
Transferring:
 *   aicup_esg2026_submit_artifacts.zip.part-003:  0% / off, 12.861 MiB/s, -Transferred:   	    2.898 GiB / 2.898 GiB, 100%, 12.861 MiB/s, ETA 0s
Transferred:            0 / 1, 0%
Elapsed time:      2m48.0s
Transferring:
 *   aicup_esg2026_submit_artifacts.zip.part-003:  0% / off, 13.557 MiB/s, -Transferred:   	    2.914 GiB / 2.914 GiB, 100%, 13.557 MiB/s, ETA 0s
Transferred:            0 / 1, 0%
Elapsed time:      2m48.5s
Transferring:
 *   aicup_esg2026_submit_artifacts.zip.part-003:  0% / off, 13.557 MiB/s, -Transferred:   	    2.922 GiB / 2.922 GiB, 100%, 14.210 MiB/s, ETA 0s
Transferred:            0 / 1, 0%
Elapsed time:      2m49.0s
Transferring:
 *   aicup_esg2026_submit_artifacts.zip.part-003:  0% / off, 14.210 MiB/s, -Transferred:   	    2.930 GiB / 2.930 GiB, 100%, 14.210 MiB/s, ETA 0s
Transferred:            0 / 1, 0%
Elapsed time:      2m49.5s
Transferring:
 *   aicup_esg2026_submit_artifacts.zip.part-003:  0% / off, 14.210 MiB/s, -Transferred:   	    2.945 GiB / 2.945 GiB, 100%, 14.210 MiB/s, ETA 0s
Transferred:            0 / 1, 0%
Elapsed time:      2m50.0s
Transferring:
 *   aicup_esg2026_submit_artifacts.zip.part-003:  0% / off, 14.822 MiB/s, -Transferred:   	    2.953 GiB / 2.953 GiB, 100%, 14.822 MiB/s, ETA 0s
Transferred:            0 / 1, 0%
Elapsed time:      2m50.5s
Transferring:
 *   aicup_esg2026_submit_artifacts.zip.part-003:  0% / off, 14.822 MiB/s, -Transferred:   	    2.961 GiB / 2.961 GiB, 100%, 14.822 MiB/s, ETA 0s
Transferred:            0 / 1, 0%
Elapsed time:      2m51.0s
Transferring:
 *   aicup_esg2026_submit_artifacts.zip.part-003:  0% / off, 14.895 MiB/s, -Transferred:   	    2.977 GiB / 2.977 GiB, 100%, 14.895 MiB/s, ETA 0s
Transferred:            0 / 1, 0%
Elapsed time:      2m51.5s
Transferring:
 *   aicup_esg2026_submit_artifacts.zip.part-003:  0% / off, 14.895 MiB/s, -Transferred:   	    2.984 GiB / 2.984 GiB, 100%, 14.895 MiB/s, ETA 0s
Transferred:            0 / 1, 0%
Elapsed time:      2m52.0s
Transferring:
 *   aicup_esg2026_submit_artifacts.zip.part-003:  0% / off, 15.464 MiB/s, -Transferred:   	    2.992 GiB / 2.992 GiB, 100%, 15.464 MiB/s, ETA 0s
Transferred:            0 / 1, 0%
Elapsed time:      2m52.5s
Transferring:
 *   aicup_esg2026_submit_artifacts.zip.part-003:  0% / off, 15.464 MiB/s, -Transferred:   	        3 GiB / 3 GiB, 100%, 15.498 MiB/s, ETA 0s
Transferred:            0 / 1, 0%
Elapsed time:      2m53.0s
Transferring:
 *   aicup_esg2026_submit_artifacts.zip.part-003:  0% / off, 15.498 MiB/s, -Transferred:   	    3.016 GiB / 3.016 GiB, 100%, 15.498 MiB/s, ETA 0s
Transferred:            0 / 1, 0%
Elapsed time:      2m53.5s
Transferring:
 *   aicup_esg2026_submit_artifacts.zip.part-003:  0% / off, 15.498 MiB/s, -Transferred:   	    3.023 GiB / 3.023 GiB, 100%, 16.029 MiB/s, ETA 0s
Transferred:            0 / 1, 0%
Elapsed time:      2m54.0s
Transferring:
 *   aicup_esg2026_submit_artifacts.zip.part-003:  0% / off, 16.029 MiB/s, -Transferred:   	    3.031 GiB / 3.031 GiB, 100%, 16.029 MiB/s, ETA 0s
Transferred:            0 / 1, 0%
Elapsed time:      2m54.5s
Transferring:
 *   aicup_esg2026_submit_artifacts.zip.part-003:  0% / off, 16.029 MiB/s, -Transferred:   	    3.047 GiB / 3.047 GiB, 100%, 16.029 MiB/s, ETA 0s
Transferred:            0 / 1, 0%
Elapsed time:      2m55.0s
Transferring:
 *   aicup_esg2026_submit_artifacts.zip.part-003:  0% / off, 16.527 MiB/s, -Transferred:   	    3.055 GiB / 3.055 GiB, 100%, 16.527 MiB/s, ETA 0s
Transferred:            0 / 1, 0%
Elapsed time:      2m55.5s
Transferring:
 *   aicup_esg2026_submit_artifacts.zip.part-003:  0% / off, 16.527 MiB/s, -Transferred:   	    3.062 GiB / 3.062 GiB, 100%, 16.527 MiB/s, ETA 0s
Transferred:            0 / 1, 0%
Elapsed time:      2m56.0s
Transferring:
 *   aicup_esg2026_submit_artifacts.zip.part-003:  0% / off, 16.494 MiB/s, -Transferred:   	    3.076 GiB / 3.076 GiB, 100%, 16.494 MiB/s, ETA 0s
Transferred:            0 / 1, 0%
Elapsed time:      2m56.5s
Transferring:
 *   aicup_esg2026_submit_artifacts.zip.part-003:  0% / off, 16.494 MiB/s, -Transferred:   	    3.086 GiB / 3.086 GiB, 100%, 16.494 MiB/s, ETA 0s
Transferred:            0 / 1, 0%
Elapsed time:      2m57.0s
Transferring:
 *   aicup_esg2026_submit_artifacts.zip.part-003:  0% / off, 16.964 MiB/s, -Transferred:   	    3.094 GiB / 3.094 GiB, 100%, 16.963 MiB/s, ETA 0s
Transferred:            0 / 1, 0%
Elapsed time:      2m57.5s
Transferring:
 *   aicup_esg2026_submit_artifacts.zip.part-003:  0% / off, 16.964 MiB/s, -Transferred:   	    3.109 GiB / 3.109 GiB, 100%, 17.403 MiB/s, ETA 0s
Transferred:            0 / 1, 0%
Elapsed time:      2m58.0s
Transferring:
 *   aicup_esg2026_submit_artifacts.zip.part-003:  0% / off, 17.403 MiB/s, -Transferred:   	    3.117 GiB / 3.117 GiB, 100%, 17.403 MiB/s, ETA 0s
Transferred:            0 / 1, 0%
Elapsed time:      2m58.5s
Transferring:
 *   aicup_esg2026_submit_artifacts.zip.part-003:  0% / off, 17.403 MiB/s, -Transferred:   	    3.125 GiB / 3.125 GiB, 100%, 17.403 MiB/s, ETA 0s
Transferred:            0 / 1, 0%
Elapsed time:      2m59.0s
Transferring:
 *   aicup_esg2026_submit_artifacts.zip.part-003:  0% / off, 17.316 MiB/s, -Transferred:   	    3.141 GiB / 3.141 GiB, 100%, 17.316 MiB/s, ETA 0s
Transferred:            0 / 1, 0%
Elapsed time:      2m59.5s
Transferring:
 *   aicup_esg2026_submit_artifacts.zip.part-003:  0% / off, 17.316 MiB/s, -Transferred:   	    3.148 GiB / 3.148 GiB, 100%, 17.316 MiB/s, ETA 0s
Transferred:            0 / 1, 0%
Elapsed time:       3m0.0s
Transferring:
 *   aicup_esg2026_submit_artifacts.zip.part-003:  0% / off, 17.733 MiB/s, -Transferred:   	    3.156 GiB / 3.156 GiB, 100%, 17.733 MiB/s, ETA 0s
Transferred:            0 / 1, 0%
Elapsed time:       3m0.5s
Transferring:
 *   aicup_esg2026_submit_artifacts.zip.part-003:  0% / off, 17.733 MiB/s, -Transferred:   	    3.172 GiB / 3.172 GiB, 100%, 17.733 MiB/s, ETA 0s
Transferred:            0 / 1, 0%
Elapsed time:       3m1.0s
Transferring:
 *   aicup_esg2026_submit_artifacts.zip.part-003:  0% / off, 18.125 MiB/s, -Transferred:   	    3.180 GiB / 3.180 GiB, 100%, 18.125 MiB/s, ETA 0s
Transferred:            0 / 1, 0%
Elapsed time:       3m1.5s
Transferring:
 *   aicup_esg2026_submit_artifacts.zip.part-003:  0% / off, 18.125 MiB/s, -Transferred:   	    3.188 GiB / 3.188 GiB, 100%, 18.125 MiB/s, ETA 0s
Transferred:            0 / 1, 0%
Elapsed time:       3m2.0s
Transferring:
 *   aicup_esg2026_submit_artifacts.zip.part-003:  0% / off, 17.992 MiB/s, -Transferred:   	    3.195 GiB / 3.195 GiB, 100%, 17.992 MiB/s, ETA 0s
Transferred:            0 / 1, 0%
Elapsed time:       3m2.5s
Transferring:
 *   aicup_esg2026_submit_artifacts.zip.part-003:  0% / off, 17.992 MiB/s, -Transferred:   	    3.211 GiB / 3.211 GiB, 100%, 18.368 MiB/s, ETA 0s
Transferred:            0 / 1, 0%
Elapsed time:       3m3.0s
Transferring:
 *   aicup_esg2026_submit_artifacts.zip.part-003:  0% / off, 18.368 MiB/s, -Transferred:   	    3.219 GiB / 3.219 GiB, 100%, 18.368 MiB/s, ETA 0s
Transferred:            0 / 1, 0%
Elapsed time:       3m3.5s
Transferring:
 *   aicup_esg2026_submit_artifacts.zip.part-003:  0% / off, 18.368 MiB/s, -Transferred:   	    3.227 GiB / 3.227 GiB, 100%, 18.220 MiB/s, ETA 0s
Transferred:            0 / 1, 0%
Elapsed time:       3m4.0s
Transferring:
 *   aicup_esg2026_submit_artifacts.zip.part-003:  0% / off, 18.220 MiB/s, -Transferred:   	    3.242 GiB / 3.242 GiB, 100%, 18.220 MiB/s, ETA 0s
Transferred:            0 / 1, 0%
Elapsed time:       3m4.5s
Transferring:
 *   aicup_esg2026_submit_artifacts.zip.part-003:  0% / off, 18.220 MiB/s, -Transferred:   	    3.250 GiB / 3.250 GiB, 100%, 18.581 MiB/s, ETA 0s
Transferred:            0 / 1, 0%
Elapsed time:       3m5.0s
Transferring:
 *   aicup_esg2026_submit_artifacts.zip.part-003:  0% / off, 18.581 MiB/s, -Transferred:   	    3.258 GiB / 3.258 GiB, 100%, 18.581 MiB/s, ETA 0s
Transferred:            0 / 1, 0%
Elapsed time:       3m5.5s
Transferring:
 *   aicup_esg2026_submit_artifacts.zip.part-003:  0% / off, 18.581 MiB/s, -Transferred:   	    3.266 GiB / 3.266 GiB, 100%, 18.581 MiB/s, ETA 0s
Transferred:            0 / 1, 0%
Elapsed time:       3m6.0s
Transferring:
 *   aicup_esg2026_submit_artifacts.zip.part-003:  0% / off, 18.420 MiB/s, -Transferred:   	    3.281 GiB / 3.281 GiB, 100%, 18.420 MiB/s, ETA 0s
Transferred:            0 / 1, 0%
Elapsed time:       3m6.5s
Transferring:
 *   aicup_esg2026_submit_artifacts.zip.part-003:  0% / off, 18.420 MiB/s, -Transferred:   	    3.289 GiB / 3.289 GiB, 100%, 18.420 MiB/s, ETA 0s
Transferred:            0 / 1, 0%
Elapsed time:       3m7.0s
Transferring:
 *   aicup_esg2026_submit_artifacts.zip.part-003:  0% / off, 18.768 MiB/s, -Transferred:   	    3.297 GiB / 3.297 GiB, 100%, 18.768 MiB/s, ETA 0s
Transferred:            0 / 1, 0%
Elapsed time:       3m7.5s
Transferring:
 *   aicup_esg2026_submit_artifacts.zip.part-003:  0% / off, 18.768 MiB/s, -Transferred:   	    3.305 GiB / 3.305 GiB, 100%, 18.768 MiB/s, ETA 0s
Transferred:            0 / 1, 0%
Elapsed time:       3m8.0s
Transferring:
 *   aicup_esg2026_submit_artifacts.zip.part-003:  0% / off, 18.595 MiB/s, -Transferred:   	    3.320 GiB / 3.320 GiB, 100%, 18.595 MiB/s, ETA 0s
Transferred:            0 / 1, 0%
Elapsed time:       3m8.5s
Transferring:
 *   aicup_esg2026_submit_artifacts.zip.part-003:  0% / off, 18.595 MiB/s, -Transferred:   	    3.328 GiB / 3.328 GiB, 100%, 18.595 MiB/s, ETA 0s
Transferred:            0 / 1, 0%
Elapsed time:       3m9.0s
Transferring:
 *   aicup_esg2026_submit_artifacts.zip.part-003:  0% / off, 18.933 MiB/s, -Transferred:   	    3.336 GiB / 3.336 GiB, 100%, 18.933 MiB/s, ETA 0s
Transferred:            0 / 1, 0%
Elapsed time:       3m9.5s
Transferring:
 *   aicup_esg2026_submit_artifacts.zip.part-003:  0% / off, 18.933 MiB/s, -Transferred:   	    3.352 GiB / 3.352 GiB, 100%, 19.250 MiB/s, ETA 0s
Transferred:            0 / 1, 0%
Elapsed time:      3m10.0s
Transferring:
 *   aicup_esg2026_submit_artifacts.zip.part-003:  0% / off, 19.250 MiB/s, -Transferred:   	    3.359 GiB / 3.359 GiB, 100%, 19.250 MiB/s, ETA 0s
Transferred:            0 / 1, 0%
Elapsed time:      3m10.5s
Transferring:
 *   aicup_esg2026_submit_artifacts.zip.part-003:  0% / off, 19.250 MiB/s, -Transferred:   	    3.375 GiB / 3.375 GiB, 100%, 19.547 MiB/s, ETA 0s
Transferred:            0 / 1, 0%
Elapsed time:      3m11.0s
Transferring:
 *   aicup_esg2026_submit_artifacts.zip.part-003:  0% / off, 19.547 MiB/s, -Transferred:   	    3.383 GiB / 3.383 GiB, 100%, 19.547 MiB/s, ETA 0s
Transferred:            0 / 1, 0%
Elapsed time:      3m11.5s
Transferring:
 *   aicup_esg2026_submit_artifacts.zip.part-003:  0% / off, 19.547 MiB/s, -Transferred:   	    3.391 GiB / 3.391 GiB, 100%, 19.547 MiB/s, ETA 0s
Transferred:            0 / 1, 0%
Elapsed time:      3m12.0s
Transferring:
 *   aicup_esg2026_submit_artifacts.zip.part-003:  0% / off, 19.325 MiB/s, -Transferred:   	    3.398 GiB / 3.398 GiB, 100%, 19.325 MiB/s, ETA 0s
Transferred:            0 / 1, 0%
Elapsed time:      3m12.5s
Transferring:
 *   aicup_esg2026_submit_artifacts.zip.part-003:  0% / off, 19.325 MiB/s, -Transferred:   	    3.414 GiB / 3.414 GiB, 100%, 19.325 MiB/s, ETA 0s
Transferred:            0 / 1, 0%
Elapsed time:      3m13.0s
Transferring:
 *   aicup_esg2026_submit_artifacts.zip.part-003:  0% / off, 19.617 MiB/s, -Transferred:   	    3.430 GiB / 3.430 GiB, 100%, 19.617 MiB/s, ETA 0s
Transferred:            0 / 1, 0%
Elapsed time:      3m13.5s
Transferring:
 *   aicup_esg2026_submit_artifacts.zip.part-003:  0% / off, 19.617 MiB/s, -Transferred:   	    3.438 GiB / 3.438 GiB, 100%, 19.617 MiB/s, ETA 0s
Transferred:            0 / 1, 0%
Elapsed time:      3m14.0s
Transferring:
 *   aicup_esg2026_submit_artifacts.zip.part-003:  0% / off, 19.891 MiB/s, -Transferred:   	    3.445 GiB / 3.445 GiB, 100%, 19.891 MiB/s, ETA 0s
Transferred:            0 / 1, 0%
Elapsed time:      3m14.5s
Transferring:
 *   aicup_esg2026_submit_artifacts.zip.part-003:  0% / off, 19.891 MiB/s, -Transferred:   	    3.453 GiB / 3.453 GiB, 100%, 19.891 MiB/s, ETA 0s
Transferred:            0 / 1, 0%
Elapsed time:      3m15.0s
Transferring:
 *   aicup_esg2026_submit_artifacts.zip.part-003:  0% / off, 19.648 MiB/s, -Transferred:   	    3.469 GiB / 3.469 GiB, 100%, 19.648 MiB/s, ETA 0s
Transferred:            0 / 1, 0%
Elapsed time:      3m15.5s
Transferring:
 *   aicup_esg2026_submit_artifacts.zip.part-003:  0% / off, 19.648 MiB/s, -Transferred:   	    3.477 GiB / 3.477 GiB, 100%, 19.648 MiB/s, ETA 0s
Transferred:            0 / 1, 0%
Elapsed time:      3m16.0s
Transferring:
 *   aicup_esg2026_submit_artifacts.zip.part-003:  0% / off, 19.920 MiB/s, -Transferred:   	    3.484 GiB / 3.484 GiB, 100%, 19.920 MiB/s, ETA 0s
Transferred:            0 / 1, 0%
Elapsed time:      3m16.5s
Transferring:
 *   aicup_esg2026_submit_artifacts.zip.part-003:  0% / off, 19.920 MiB/s, -Transferred:   	    3.500 GiB / 3.500 GiB, 100%, 19.920 MiB/s, ETA 0s
Transferred:            0 / 1, 0%
Elapsed time:      3m17.0s
Transferring:
 *   aicup_esg2026_submit_artifacts.zip.part-003:  0% / off, 20.175 MiB/s, -Transferred:   	    3.508 GiB / 3.508 GiB, 100%, 20.175 MiB/s, ETA 0s
Transferred:            0 / 1, 0%
Elapsed time:      3m17.5s
Transferring:
 *   aicup_esg2026_submit_artifacts.zip.part-003:  0% / off, 20.175 MiB/s, -Transferred:   	    3.516 GiB / 3.516 GiB, 100%, 20.175 MiB/s, ETA 0s
Transferred:            0 / 1, 0%
Elapsed time:      3m18.0s
Transferring:
 *   aicup_esg2026_submit_artifacts.zip.part-003:  0% / off, 19.914 MiB/s, -Transferred:   	    3.523 GiB / 3.523 GiB, 100%, 19.914 MiB/s, ETA 0s
Transferred:            0 / 1, 0%
Elapsed time:      3m18.5s
Transferring:
 *   aicup_esg2026_submit_artifacts.zip.part-003:  0% / off, 19.914 MiB/s, -Transferred:   	    3.539 GiB / 3.539 GiB, 100%, 20.169 MiB/s, ETA 0s
Transferred:            0 / 1, 0%
Elapsed time:      3m19.0s
Transferring:
 *   aicup_esg2026_submit_artifacts.zip.part-003:  0% / off, 20.169 MiB/s, -Transferred:   	    3.547 GiB / 3.547 GiB, 100%, 20.169 MiB/s, ETA 0s
Transferred:            0 / 1, 0%
Elapsed time:      3m19.5s
Transferring:
 *   aicup_esg2026_submit_artifacts.zip.part-003:  0% / off, 20.169 MiB/s, -Transferred:   	    3.555 GiB / 3.555 GiB, 100%, 20.169 MiB/s, ETA 0s
Transferred:            0 / 1, 0%
Elapsed time:      3m20.0s
Transferring:
 *   aicup_esg2026_submit_artifacts.zip.part-003:  0% / off, 19.909 MiB/s, -Transferred:   	    3.570 GiB / 3.570 GiB, 100%, 19.909 MiB/s, ETA 0s
Transferred:            0 / 1, 0%
Elapsed time:      3m20.5s
Transferring:
 *   aicup_esg2026_submit_artifacts.zip.part-003:  0% / off, 19.909 MiB/s, -Transferred:   	    3.578 GiB / 3.578 GiB, 100%, 19.909 MiB/s, ETA 0s
Transferred:            0 / 1, 0%
Elapsed time:      3m21.0s
Transferring:
 *   aicup_esg2026_submit_artifacts.zip.part-003:  0% / off, 20.165 MiB/s, -Transferred:   	    3.586 GiB / 3.586 GiB, 100%, 20.165 MiB/s, ETA 0s
Transferred:            0 / 1, 0%
Elapsed time:      3m21.5s
Transferring:
 *   aicup_esg2026_submit_artifacts.zip.part-003:  0% / off, 20.165 MiB/s, -Transferred:   	    3.594 GiB / 3.594 GiB, 100%, 20.165 MiB/s, ETA 0s
Transferred:            0 / 1, 0%
Elapsed time:      3m22.0s
Transferring:
 *   aicup_esg2026_submit_artifacts.zip.part-003:  0% / off, 19.904 MiB/s, -Transferred:   	    3.609 GiB / 3.609 GiB, 100%, 19.904 MiB/s, ETA 0s
Transferred:            0 / 1, 0%
Elapsed time:      3m22.5s
Transferring:
 *   aicup_esg2026_submit_artifacts.zip.part-003:  0% / off, 19.904 MiB/s, -Transferred:   	    3.617 GiB / 3.617 GiB, 100%, 20.160 MiB/s, ETA 0s
Transferred:            0 / 1, 0%
Elapsed time:      3m23.0s
Transferring:
 *   aicup_esg2026_submit_artifacts.zip.part-003:  0% / off, 20.160 MiB/s, -Transferred:   	    3.631 GiB / 3.631 GiB, 100%, 20.160 MiB/s, ETA 0s
Transferred:            0 / 1, 0%
Elapsed time:      3m23.5s
Transferring:
 *   aicup_esg2026_submit_artifacts.zip.part-003:  0% / off, 20.160 MiB/s, -Transferred:   	    3.641 GiB / 3.641 GiB, 100%, 20.400 MiB/s, ETA 0s
Transferred:            0 / 1, 0%
Elapsed time:      3m24.0s
Transferring:
 *   aicup_esg2026_submit_artifacts.zip.part-003:  0% / off, 20.160 MiB/s, -Transferred:   	    3.648 GiB / 3.648 GiB, 100%, 20.400 MiB/s, ETA 0s
Transferred:            0 / 1, 0%
Elapsed time:      3m24.5s
Transferring:
 *   aicup_esg2026_submit_artifacts.zip.part-003:  0% / off, 20.400 MiB/s, -Transferred:   	    3.664 GiB / 3.664 GiB, 100%, 20.400 MiB/s, ETA 0s
Transferred:            0 / 1, 0%
Elapsed time:      3m25.0s
Transferring:
 *   aicup_esg2026_submit_artifacts.zip.part-003:  0% / off, 20.625 MiB/s, -Transferred:   	    3.672 GiB / 3.672 GiB, 100%, 20.625 MiB/s, ETA 0s
Transferred:            0 / 1, 0%
Elapsed time:      3m25.5s
Transferring:
 *   aicup_esg2026_submit_artifacts.zip.part-003:  0% / off, 20.625 MiB/s, -Transferred:   	    3.680 GiB / 3.680 GiB, 100%, 20.336 MiB/s, ETA 0s
Transferred:            0 / 1, 0%
Elapsed time:      3m26.0s
Transferring:
 *   aicup_esg2026_submit_artifacts.zip.part-003:  0% / off, 20.336 MiB/s, -Transferred:   	    3.688 GiB / 3.688 GiB, 100%, 20.336 MiB/s, ETA 0s
Transferred:            0 / 1, 0%
Elapsed time:      3m26.5s
Transferring:
 *   aicup_esg2026_submit_artifacts.zip.part-003:  0% / off, 20.336 MiB/s, -Transferred:   	    3.703 GiB / 3.703 GiB, 100%, 20.565 MiB/s, ETA 0s
Transferred:            0 / 1, 0%
Elapsed time:      3m27.0s
Transferring:
 *   aicup_esg2026_submit_artifacts.zip.part-003:  0% / off, 20.565 MiB/s, -Transferred:   	    3.711 GiB / 3.711 GiB, 100%, 20.565 MiB/s, ETA 0s
Transferred:            0 / 1, 0%
Elapsed time:      3m27.5s
Transferring:
 *   aicup_esg2026_submit_artifacts.zip.part-003:  0% / off, 20.565 MiB/s, -Transferred:   	    3.719 GiB / 3.719 GiB, 100%, 20.565 MiB/s, ETA 0s
Transferred:            0 / 1, 0%
Elapsed time:      3m28.0s
Transferring:
 *   aicup_esg2026_submit_artifacts.zip.part-003:  0% / off, 20.280 MiB/s, -Transferred:   	    3.734 GiB / 3.734 GiB, 100%, 20.280 MiB/s, ETA 0s
Transferred:            0 / 1, 0%
Elapsed time:      3m28.5s
Transferring:
 *   aicup_esg2026_submit_artifacts.zip.part-003:  0% / off, 20.280 MiB/s, -Transferred:   	    3.742 GiB / 3.742 GiB, 100%, 20.512 MiB/s, ETA 0s
Transferred:            0 / 1, 0%
Elapsed time:      3m29.0s
Transferring:
 *   aicup_esg2026_submit_artifacts.zip.part-003:  0% / off, 20.512 MiB/s, -Transferred:   	    3.750 GiB / 3.750 GiB, 100%, 20.512 MiB/s, ETA 0s
Transferred:            0 / 1, 0%
Elapsed time:      3m29.5s
Transferring:
 *   aicup_esg2026_submit_artifacts.zip.part-003:  0% / off, 20.512 MiB/s, -Transferred:   	    3.758 GiB / 3.758 GiB, 100%, 20.230 MiB/s, ETA 0s
Transferred:            0 / 1, 0%
Elapsed time:      3m30.0s
Transferring:
 *   aicup_esg2026_submit_artifacts.zip.part-003:  0% / off, 20.230 MiB/s, -Transferred:   	    3.773 GiB / 3.773 GiB, 100%, 20.230 MiB/s, ETA 0s
Transferred:            0 / 1, 0%
Elapsed time:      3m30.5s
Transferring:
 *   aicup_esg2026_submit_artifacts.zip.part-003:  0% / off, 20.230 MiB/s, -Transferred:   	    3.781 GiB / 3.781 GiB, 100%, 20.466 MiB/s, ETA 0s
Transferred:            0 / 1, 0%
Elapsed time:      3m31.0s
Transferring:
 *   aicup_esg2026_submit_artifacts.zip.part-003:  0% / off, 20.466 MiB/s, -Transferred:   	    3.789 GiB / 3.789 GiB, 100%, 20.466 MiB/s, ETA 0s
Transferred:            0 / 1, 0%
Elapsed time:      3m31.5s
Transferring:
 *   aicup_esg2026_submit_artifacts.zip.part-003:  0% / off, 20.466 MiB/s, -Transferred:   	    3.805 GiB / 3.805 GiB, 100%, 20.687 MiB/s, ETA 0s
Transferred:            0 / 1, 0%
Elapsed time:      3m32.0s
Transferring:
 *   aicup_esg2026_submit_artifacts.zip.part-003:  0% / off, 20.687 MiB/s, -Transferred:   	    3.809 GiB / 3.809 GiB, 100%, 20.687 MiB/s, ETA 0s
Transferred:            0 / 1, 0%
Elapsed time:      3m32.5s
Transferring:
 *   aicup_esg2026_submit_artifacts.zip.part-003:  0% / off, 20.687 MiB/s, -Transferred:   	    3.809 GiB / 3.809 GiB, 100%, 19.644 MiB/s, ETA 0s
Transferred:            0 / 1, 0%
Elapsed time:      3m33.0s
Transferring:
 *   aicup_esg2026_submit_artifacts.zip.part-003:  0% / off, 19.644 MiB/s, -Transferred:   	    3.809 GiB / 3.809 GiB, 100%, 19.644 MiB/s, ETA 0s
Transferred:            0 / 1, 0%
Elapsed time:      3m33.5s
Transferring:
 *   aicup_esg2026_submit_artifacts.zip.part-003:  0% / off, 19.644 MiB/s, -Transferred:   	    3.809 GiB / 3.809 GiB, 100%, 18.416 MiB/s, ETA 0s
Transferred:            0 / 1, 0%
Elapsed time:      3m34.0s
Transferring:
 *   aicup_esg2026_submit_artifacts.zip.part-003:  0% / off, 18.416 MiB/s, -Transferred:   	    3.809 GiB / 3.809 GiB, 100%, 18.416 MiB/s, ETA 0s
Transferred:            1 / 1, 100%
Elapsed time:      3m34.1s
### verified aicup_esg2026_submit_artifacts.zip.part-003 (4089446400 bytes)
