### part 2/9 attempt 1/4 expected=4089446400
### uploading aicup_esg2026_submit_artifacts.zip.part-002
Transferred:   	      100 KiB / 100 KiB, 100%, 0 B/s, ETA -
Transferred:            0 / 1, 0%
Elapsed time:         0.5s
Transferring:
 *   aicup_esg2026_submit_artifacts.zip.part-002:  0% / off, 0 B/s, -Transferred:   	      100 KiB / 100 KiB, 100%, 0 B/s, ETA -
Transferred:            0 / 1, 0%
Elapsed time:         1.0s
Transferring:
 *   aicup_esg2026_submit_artifacts.zip.part-002:  0% / off, 0 B/s, -Transferred:   	       16 MiB / 16 MiB, 100%, 99.994 KiB/s, ETA 0s
Transferred:            0 / 1, 0%
Elapsed time:         1.5s
Transferring:
 *   aicup_esg2026_submit_artifacts.zip.part-002:  0% / off, 99.994 KiB/s, -Transferred:   	       24 MiB / 24 MiB, 100%, 99.994 KiB/s, ETA 0s
Transferred:            0 / 1, 0%
Elapsed time:         2.0s
Transferring:
 *   aicup_esg2026_submit_artifacts.zip.part-002:  0% / off, 12.000 MiB/s, -Transferred:   	       32 MiB / 32 MiB, 100%, 12.000 MiB/s, ETA 0s
Transferred:            0 / 1, 0%
Elapsed time:         2.5s
Transferring:
 *   aicup_esg2026_submit_artifacts.zip.part-002:  0% / off, 12.000 MiB/s, -Transferred:   	       48 MiB / 48 MiB, 100%, 12.000 MiB/s, ETA 0s
Transferred:            0 / 1, 0%
Elapsed time:         3.0s
Transferring:
 *   aicup_esg2026_submit_artifacts.zip.part-002:  0% / off, 16.000 MiB/s, -Transferred:   	       56 MiB / 56 MiB, 100%, 16.000 MiB/s, ETA 0s
Transferred:            0 / 1, 0%
Elapsed time:         3.5s
Transferring:
 *   aicup_esg2026_submit_artifacts.zip.part-002:  0% / off, 16.000 MiB/s, -Transferred:   	       64 MiB / 64 MiB, 100%, 16.000 MiB/s, ETA 0s
Transferred:            0 / 1, 0%
Elapsed time:         4.0s
Transferring:
 *   aicup_esg2026_submit_artifacts.zip.part-002:  0% / off, 16.000 MiB/s, -Transferred:   	       72 MiB / 72 MiB, 100%, 16.000 MiB/s, ETA 0s
Transferred:            0 / 1, 0%
Elapsed time:         4.5s
Transferring:
 *   aicup_esg2026_submit_artifacts.zip.part-002:  0% / off, 16.000 MiB/s, -Transferred:   	       88 MiB / 88 MiB, 100%, 16.000 MiB/s, ETA 0s
Transferred:            0 / 1, 0%
Elapsed time:         5.0s
Transferring:
 *   aicup_esg2026_submit_artifacts.zip.part-002:  0% / off, 16.000 MiB/s, -Transferred:   	       96 MiB / 96 MiB, 100%, 17.600 MiB/s, ETA 0s
Transferred:            0 / 1, 0%
Elapsed time:         5.5s
Transferring:
 *   aicup_esg2026_submit_artifacts.zip.part-002:  0% / off, 17.600 MiB/s, -Transferred:   	      112 MiB / 112 MiB, 100%, 17.600 MiB/s, ETA 0s
Transferred:            0 / 1, 0%
Elapsed time:         6.0s
Transferring:
 *   aicup_esg2026_submit_artifacts.zip.part-002:  0% / off, 18.667 MiB/s, -Transferred:   	      120 MiB / 120 MiB, 100%, 18.667 MiB/s, ETA 0s
Transferred:            0 / 1, 0%
Elapsed time:         6.5s
Transferring:
 *   aicup_esg2026_submit_artifacts.zip.part-002:  0% / off, 18.667 MiB/s, -Transferred:   	      136 MiB / 136 MiB, 100%, 18.667 MiB/s, ETA 0s
Transferred:            0 / 1, 0%
Elapsed time:         7.0s
Transferring:
 *   aicup_esg2026_submit_artifacts.zip.part-002:  0% / off, 19.429 MiB/s, -Transferred:   	      144 MiB / 144 MiB, 100%, 19.429 MiB/s, ETA 0s
Transferred:            0 / 1, 0%
Elapsed time:         7.5s
Transferring:
 *   aicup_esg2026_submit_artifacts.zip.part-002:  0% / off, 19.429 MiB/s, -Transferred:   	      160 MiB / 160 MiB, 100%, 19.429 MiB/s, ETA 0s
Transferred:            0 / 1, 0%
Elapsed time:         8.0s
Transferring:
 *   aicup_esg2026_submit_artifacts.zip.part-002:  0% / off, 20.000 MiB/s, -Transferred:   	      168 MiB / 168 MiB, 100%, 20.000 MiB/s, ETA 0s
Transferred:            0 / 1, 0%
Elapsed time:         8.5s
Transferring:
 *   aicup_esg2026_submit_artifacts.zip.part-002:  0% / off, 20.000 MiB/s, -Transferred:   	      176 MiB / 176 MiB, 100%, 20.000 MiB/s, ETA 0s
Transferred:            0 / 1, 0%
Elapsed time:         9.0s
Transferring:
 *   aicup_esg2026_submit_artifacts.zip.part-002:  0% / off, 19.556 MiB/s, -Transferred:   	      184 MiB / 184 MiB, 100%, 19.556 MiB/s, ETA 0s
Transferred:            0 / 1, 0%
Elapsed time:         9.5s
Transferring:
 *   aicup_esg2026_submit_artifacts.zip.part-002:  0% / off, 19.556 MiB/s, -Transferred:   	      200 MiB / 200 MiB, 100%, 20.000 MiB/s, ETA 0s
Transferred:            0 / 1, 0%
Elapsed time:        10.0s
Transferring:
 *   aicup_esg2026_submit_artifacts.zip.part-002:  0% / off, 20.000 MiB/s, -Transferred:   	      208 MiB / 208 MiB, 100%, 20.000 MiB/s, ETA 0s
Transferred:            0 / 1, 0%
Elapsed time:        10.5s
Transferring:
 *   aicup_esg2026_submit_artifacts.zip.part-002:  0% / off, 20.000 MiB/s, -Transferred:   	      216 MiB / 216 MiB, 100%, 20.000 MiB/s, ETA 0s
Transferred:            0 / 1, 0%
Elapsed time:        11.0s
Transferring:
 *   aicup_esg2026_submit_artifacts.zip.part-002:  0% / off, 19.636 MiB/s, -Transferred:   	      232 MiB / 232 MiB, 100%, 19.636 MiB/s, ETA 0s
Transferred:            0 / 1, 0%
Elapsed time:        11.5s
Transferring:
 *   aicup_esg2026_submit_artifacts.zip.part-002:  0% / off, 19.636 MiB/s, -Transferred:   	      240 MiB / 240 MiB, 100%, 20.000 MiB/s, ETA 0s
Transferred:            0 / 1, 0%
Elapsed time:        12.0s
Transferring:
 *   aicup_esg2026_submit_artifacts.zip.part-002:  0% / off, 20.000 MiB/s, -Transferred:   	      248 MiB / 248 MiB, 100%, 20.000 MiB/s, ETA 0s
Transferred:            0 / 1, 0%
Elapsed time:        12.5s
Transferring:
 *   aicup_esg2026_submit_artifacts.zip.part-002:  0% / off, 20.000 MiB/s, -Transferred:   	      256 MiB / 256 MiB, 100%, 20.000 MiB/s, ETA 0s
Transferred:            0 / 1, 0%
Elapsed time:        13.0s
Transferring:
 *   aicup_esg2026_submit_artifacts.zip.part-002:  0% / off, 20.000 MiB/s, -Transferred:   	      272 MiB / 272 MiB, 100%, 19.692 MiB/s, ETA 0s
Transferred:            0 / 1, 0%
Elapsed time:        13.5s
Transferring:
 *   aicup_esg2026_submit_artifacts.zip.part-002:  0% / off, 19.692 MiB/s, -Transferred:   	      288 MiB / 288 MiB, 100%, 19.692 MiB/s, ETA 0s
Transferred:            0 / 1, 0%
Elapsed time:        14.0s
Transferring:
 *   aicup_esg2026_submit_artifacts.zip.part-002:  0% / off, 20.571 MiB/s, -Transferred:   	      296 MiB / 296 MiB, 100%, 20.571 MiB/s, ETA 0s
Transferred:            0 / 1, 0%
Elapsed time:        14.5s
Transferring:
 *   aicup_esg2026_submit_artifacts.zip.part-002:  0% / off, 20.571 MiB/s, -Transferred:   	      304 MiB / 304 MiB, 100%, 20.267 MiB/s, ETA 0s
Transferred:            0 / 1, 0%
Elapsed time:        15.0s
Transferring:
 *   aicup_esg2026_submit_artifacts.zip.part-002:  0% / off, 20.267 MiB/s, -Transferred:   	      320 MiB / 320 MiB, 100%, 20.267 MiB/s, ETA 0s
Transferred:            0 / 1, 0%
Elapsed time:        15.5s
Transferring:
 *   aicup_esg2026_submit_artifacts.zip.part-002:  0% / off, 20.267 MiB/s, -Transferred:   	      328 MiB / 328 MiB, 100%, 20.267 MiB/s, ETA 0s
Transferred:            0 / 1, 0%
Elapsed time:        16.0s
Transferring:
 *   aicup_esg2026_submit_artifacts.zip.part-002:  0% / off, 20.500 MiB/s, -Transferred:   	      336 MiB / 336 MiB, 100%, 20.500 MiB/s, ETA 0s
Transferred:            0 / 1, 0%
Elapsed time:        16.5s
Transferring:
 *   aicup_esg2026_submit_artifacts.zip.part-002:  0% / off, 20.500 MiB/s, -Transferred:   	      352 MiB / 352 MiB, 100%, 20.719 MiB/s, ETA 0s
Transferred:            0 / 1, 0%
Elapsed time:        17.0s
Transferring:
 *   aicup_esg2026_submit_artifacts.zip.part-002:  0% / off, 20.719 MiB/s, -Transferred:   	      360 MiB / 360 MiB, 100%, 20.719 MiB/s, ETA 0s
Transferred:            0 / 1, 0%
Elapsed time:        17.5s
Transferring:
 *   aicup_esg2026_submit_artifacts.zip.part-002:  0% / off, 20.719 MiB/s, -Transferred:   	      368 MiB / 368 MiB, 100%, 20.719 MiB/s, ETA 0s
Transferred:            0 / 1, 0%
Elapsed time:        18.0s
Transferring:
 *   aicup_esg2026_submit_artifacts.zip.part-002:  0% / off, 20.424 MiB/s, -Transferred:   	      376 MiB / 376 MiB, 100%, 20.424 MiB/s, ETA 0s
Transferred:            0 / 1, 0%
Elapsed time:        18.5s
Transferring:
 *   aicup_esg2026_submit_artifacts.zip.part-002:  0% / off, 20.424 MiB/s, -Transferred:   	      392 MiB / 392 MiB, 100%, 20.647 MiB/s, ETA 0s
Transferred:            0 / 1, 0%
Elapsed time:        19.0s
Transferring:
 *   aicup_esg2026_submit_artifacts.zip.part-002:  0% / off, 20.647 MiB/s, -Transferred:   	  404.996 MiB / 404.996 MiB, 100%, 20.647 MiB/s, ETA 0s
Transferred:            0 / 1, 0%
Elapsed time:        19.5s
Transferring:
 *   aicup_esg2026_submit_artifacts.zip.part-002:  0% / off, 20.647 MiB/s, -Transferred:   	      416 MiB / 416 MiB, 100%, 20.647 MiB/s, ETA 0s
Transferred:            0 / 1, 0%
Elapsed time:        20.0s
Transferring:
 *   aicup_esg2026_submit_artifacts.zip.part-002:  0% / off, 20.857 MiB/s, -Transferred:   	      424 MiB / 424 MiB, 100%, 20.857 MiB/s, ETA 0s
Transferred:            0 / 1, 0%
Elapsed time:        20.5s
Transferring:
 *   aicup_esg2026_submit_artifacts.zip.part-002:  0% / off, 20.857 MiB/s, -Transferred:   	      440 MiB / 440 MiB, 100%, 20.857 MiB/s, ETA 0s
Transferred:            0 / 1, 0%
Elapsed time:        21.0s
Transferring:
 *   aicup_esg2026_submit_artifacts.zip.part-002:  0% / off, 21.053 MiB/s, -Transferred:   	      448 MiB / 448 MiB, 100%, 21.053 MiB/s, ETA 0s
Transferred:            0 / 1, 0%
Elapsed time:        21.5s
Transferring:
 *   aicup_esg2026_submit_artifacts.zip.part-002:  0% / off, 21.053 MiB/s, -Transferred:   	      456 MiB / 456 MiB, 100%, 20.738 MiB/s, ETA 0s
Transferred:            0 / 1, 0%
Elapsed time:        22.0s
Transferring:
 *   aicup_esg2026_submit_artifacts.zip.part-002:  0% / off, 20.738 MiB/s, -Transferred:   	      472 MiB / 472 MiB, 100%, 20.738 MiB/s, ETA 0s
Transferred:            0 / 1, 0%
Elapsed time:        22.5s
Transferring:
 *   aicup_esg2026_submit_artifacts.zip.part-002:  0% / off, 20.738 MiB/s, -Transferred:   	      480 MiB / 480 MiB, 100%, 20.738 MiB/s, ETA 0s
Transferred:            0 / 1, 0%
Elapsed time:        23.0s
Transferring:
 *   aicup_esg2026_submit_artifacts.zip.part-002:  0% / off, 20.738 MiB/s, -Transferred:   	      488 MiB / 488 MiB, 100%, 20.941 MiB/s, ETA 0s
Transferred:            0 / 1, 0%
Elapsed time:        23.5s
Transferring:
 *   aicup_esg2026_submit_artifacts.zip.part-002:  0% / off, 20.941 MiB/s, -Transferred:   	      504 MiB / 504 MiB, 100%, 20.941 MiB/s, ETA 0s
Transferred:            0 / 1, 0%
Elapsed time:        24.0s
Transferring:
 *   aicup_esg2026_submit_artifacts.zip.part-002:  0% / off, 21.133 MiB/s, -Transferred:   	      512 MiB / 512 MiB, 100%, 21.133 MiB/s, ETA 0s
Transferred:            0 / 1, 0%
Elapsed time:        24.5s
Transferring:
 *   aicup_esg2026_submit_artifacts.zip.part-002:  0% / off, 21.133 MiB/s, -Transferred:   	      528 MiB / 528 MiB, 100%, 21.133 MiB/s, ETA 0s
Transferred:            0 / 1, 0%
Elapsed time:        25.0s
Transferring:
 *   aicup_esg2026_submit_artifacts.zip.part-002:  0% / off, 21.312 MiB/s, -Transferred:   	      536 MiB / 536 MiB, 100%, 21.312 MiB/s, ETA 0s
Transferred:            0 / 1, 0%
Elapsed time:        25.5s
Transferring:
 *   aicup_esg2026_submit_artifacts.zip.part-002:  0% / off, 21.312 MiB/s, -Transferred:   	      544 MiB / 544 MiB, 100%, 21.312 MiB/s, ETA 0s
Transferred:            0 / 1, 0%
Elapsed time:        26.0s
Transferring:
 *   aicup_esg2026_submit_artifacts.zip.part-002:  0% / off, 20.980 MiB/s, -Transferred:   	      560 MiB / 560 MiB, 100%, 20.980 MiB/s, ETA 0s
Transferred:            0 / 1, 0%
Elapsed time:        26.5s
Transferring:
 *   aicup_esg2026_submit_artifacts.zip.part-002:  0% / off, 20.980 MiB/s, -Transferred:   	      568 MiB / 568 MiB, 100%, 20.980 MiB/s, ETA 0s
Transferred:            0 / 1, 0%
Elapsed time:        27.0s
Transferring:
 *   aicup_esg2026_submit_artifacts.zip.part-002:  0% / off, 21.169 MiB/s, -Transferred:   	      576 MiB / 576 MiB, 100%, 21.169 MiB/s, ETA 0s
Transferred:            0 / 1, 0%
Elapsed time:        27.5s
Transferring:
 *   aicup_esg2026_submit_artifacts.zip.part-002:  0% / off, 21.169 MiB/s, -Transferred:   	      592 MiB / 592 MiB, 100%, 21.346 MiB/s, ETA 0s
Transferred:            0 / 1, 0%
Elapsed time:        28.0s
Transferring:
 *   aicup_esg2026_submit_artifacts.zip.part-002:  0% / off, 21.346 MiB/s, -Transferred:   	      600 MiB / 600 MiB, 100%, 21.346 MiB/s, ETA 0s
Transferred:            0 / 1, 0%
Elapsed time:        28.5s
Transferring:
 *   aicup_esg2026_submit_artifacts.zip.part-002:  0% / off, 21.346 MiB/s, -Transferred:   	      608 MiB / 608 MiB, 100%, 21.346 MiB/s, ETA 0s
Transferred:            0 / 1, 0%
Elapsed time:        29.0s
Transferring:
 *   aicup_esg2026_submit_artifacts.zip.part-002:  0% / off, 21.346 MiB/s, -Transferred:   	      616 MiB / 616 MiB, 100%, 21.011 MiB/s, ETA 0s
Transferred:            0 / 1, 0%
Elapsed time:        29.5s
Transferring:
 *   aicup_esg2026_submit_artifacts.zip.part-002:  0% / off, 21.011 MiB/s, -Transferred:   	      632 MiB / 632 MiB, 100%, 21.011 MiB/s, ETA 0s
Transferred:            0 / 1, 0%
Elapsed time:        30.0s
Transferring:
 *   aicup_esg2026_submit_artifacts.zip.part-002:  0% / off, 21.198 MiB/s, -Transferred:   	      648 MiB / 648 MiB, 100%, 21.198 MiB/s, ETA 0s
Transferred:            0 / 1, 0%
Elapsed time:        30.5s
Transferring:
 *   aicup_esg2026_submit_artifacts.zip.part-002:  0% / off, 21.198 MiB/s, -Transferred:   	      656 MiB / 656 MiB, 100%, 21.373 MiB/s, ETA 0s
Transferred:            0 / 1, 0%
Elapsed time:        31.0s
Transferring:
 *   aicup_esg2026_submit_artifacts.zip.part-002:  0% / off, 21.373 MiB/s, -Transferred:   	      664 MiB / 664 MiB, 100%, 21.373 MiB/s, ETA 0s
Transferred:            0 / 1, 0%
Elapsed time:        31.5s
Transferring:
 *   aicup_esg2026_submit_artifacts.zip.part-002:  0% / off, 21.373 MiB/s, -Transferred:   	      672 MiB / 672 MiB, 100%, 21.373 MiB/s, ETA 0s
Transferred:            0 / 1, 0%
Elapsed time:        32.0s
Transferring:
 *   aicup_esg2026_submit_artifacts.zip.part-002:  0% / off, 21.038 MiB/s, -Transferred:   	      688 MiB / 688 MiB, 100%, 21.037 MiB/s, ETA 0s
Transferred:            0 / 1, 0%
Elapsed time:        32.5s
Transferring:
 *   aicup_esg2026_submit_artifacts.zip.part-002:  0% / off, 21.038 MiB/s, -Transferred:   	      696 MiB / 696 MiB, 100%, 21.037 MiB/s, ETA 0s
Transferred:            0 / 1, 0%
Elapsed time:        33.0s
Transferring:
 *   aicup_esg2026_submit_artifacts.zip.part-002:  0% / off, 21.038 MiB/s, -Transferred:   	      704 MiB / 704 MiB, 100%, 21.223 MiB/s, ETA 0s
Transferred:            0 / 1, 0%
Elapsed time:        33.5s
Transferring:
 *   aicup_esg2026_submit_artifacts.zip.part-002:  0% / off, 21.223 MiB/s, -Transferred:   	      720 MiB / 720 MiB, 100%, 21.223 MiB/s, ETA 0s
Transferred:            0 / 1, 0%
Elapsed time:        34.0s
Transferring:
 *   aicup_esg2026_submit_artifacts.zip.part-002:  0% / off, 21.396 MiB/s, -Transferred:   	      728 MiB / 728 MiB, 100%, 21.396 MiB/s, ETA 0s
Transferred:            0 / 1, 0%
Elapsed time:        34.5s
Transferring:
 *   aicup_esg2026_submit_artifacts.zip.part-002:  0% / off, 21.396 MiB/s, -Transferred:   	      736 MiB / 736 MiB, 100%, 21.396 MiB/s, ETA 0s
Transferred:            0 / 1, 0%
Elapsed time:        35.0s
Transferring:
 *   aicup_esg2026_submit_artifacts.zip.part-002:  0% / off, 21.059 MiB/s, -Transferred:   	      752 MiB / 752 MiB, 100%, 21.059 MiB/s, ETA 0s
Transferred:            0 / 1, 0%
Elapsed time:        35.5s
Transferring:
 *   aicup_esg2026_submit_artifacts.zip.part-002:  0% / off, 21.059 MiB/s, -Transferred:   	      760 MiB / 760 MiB, 100%, 21.059 MiB/s, ETA 0s
Transferred:            0 / 1, 0%
Elapsed time:        36.0s
Transferring:
 *   aicup_esg2026_submit_artifacts.zip.part-002:  0% / off, 21.243 MiB/s, -Transferred:   	      768 MiB / 768 MiB, 100%, 21.243 MiB/s, ETA 0s
Transferred:            0 / 1, 0%
Elapsed time:        36.5s
Transferring:
 *   aicup_esg2026_submit_artifacts.zip.part-002:  0% / off, 21.243 MiB/s, -Transferred:   	      776 MiB / 776 MiB, 100%, 21.243 MiB/s, ETA 0s
Transferred:            0 / 1, 0%
Elapsed time:        37.0s
Transferring:
 *   aicup_esg2026_submit_artifacts.zip.part-002:  0% / off, 20.915 MiB/s, -Transferred:   	      792 MiB / 792 MiB, 100%, 20.915 MiB/s, ETA 0s
Transferred:            0 / 1, 0%
Elapsed time:        37.5s
Transferring:
 *   aicup_esg2026_submit_artifacts.zip.part-002:  0% / off, 20.915 MiB/s, -Transferred:   	      800 MiB / 800 MiB, 100%, 20.915 MiB/s, ETA 0s
Transferred:            0 / 1, 0%
Elapsed time:        38.0s
Transferring:
 *   aicup_esg2026_submit_artifacts.zip.part-002:  0% / off, 20.915 MiB/s, -Transferred:   	      816 MiB / 816 MiB, 100%, 21.108 MiB/s, ETA 0s
Transferred:            0 / 1, 0%
Elapsed time:        38.5s
Transferring:
 *   aicup_esg2026_submit_artifacts.zip.part-002:  0% / off, 21.108 MiB/s, -Transferred:   	      824 MiB / 824 MiB, 100%, 21.289 MiB/s, ETA 0s
Transferred:            0 / 1, 0%
Elapsed time:        39.0s
Transferring:
 *   aicup_esg2026_submit_artifacts.zip.part-002:  0% / off, 21.289 MiB/s, -Transferred:   	      840 MiB / 840 MiB, 100%, 21.289 MiB/s, ETA 0s
Transferred:            0 / 1, 0%
Elapsed time:        39.5s
Transferring:
 *   aicup_esg2026_submit_artifacts.zip.part-002:  0% / off, 21.289 MiB/s, -Transferred:   	      848 MiB / 848 MiB, 100%, 21.289 MiB/s, ETA 0s
Transferred:            0 / 1, 0%
Elapsed time:        40.0s
Transferring:
 *   aicup_esg2026_submit_artifacts.zip.part-002:  0% / off, 21.458 MiB/s, -Transferred:   	      856 MiB / 856 MiB, 100%, 21.458 MiB/s, ETA 0s
Transferred:            0 / 1, 0%
Elapsed time:        40.5s
Transferring:
 *   aicup_esg2026_submit_artifacts.zip.part-002:  0% / off, 21.458 MiB/s, -Transferred:   	      872 MiB / 872 MiB, 100%, 21.458 MiB/s, ETA 0s
Transferred:            0 / 1, 0%
Elapsed time:        41.0s
Transferring:
 *   aicup_esg2026_submit_artifacts.zip.part-002:  0% / off, 21.617 MiB/s, -Transferred:   	      880 MiB / 880 MiB, 100%, 21.617 MiB/s, ETA 0s
Transferred:            0 / 1, 0%
Elapsed time:        41.5s
Transferring:
 *   aicup_esg2026_submit_artifacts.zip.part-002:  0% / off, 21.617 MiB/s, -Transferred:   	      888 MiB / 888 MiB, 100%, 21.266 MiB/s, ETA 0s
Transferred:            0 / 1, 0%
Elapsed time:        42.0s
Transferring:
 *   aicup_esg2026_submit_artifacts.zip.part-002:  0% / off, 21.266 MiB/s, -Transferred:   	      904 MiB / 904 MiB, 100%, 21.266 MiB/s, ETA 0s
Transferred:            0 / 1, 0%
Elapsed time:        42.5s
Transferring:
 *   aicup_esg2026_submit_artifacts.zip.part-002:  0% / off, 21.266 MiB/s, -Transferred:   	      912 MiB / 912 MiB, 100%, 21.266 MiB/s, ETA 0s
Transferred:            0 / 1, 0%
Elapsed time:        43.0s
Transferring:
 *   aicup_esg2026_submit_artifacts.zip.part-002:  0% / off, 21.437 MiB/s, -Transferred:   	  926.996 MiB / 926.996 MiB, 100%, 21.437 MiB/s, ETA 0s
Transferred:            0 / 1, 0%
Elapsed time:        43.5s
Transferring:
 *   aicup_esg2026_submit_artifacts.zip.part-002:  0% / off, 21.437 MiB/s, -Transferred:   	      936 MiB / 936 MiB, 100%, 21.437 MiB/s, ETA 0s
Transferred:            0 / 1, 0%
Elapsed time:        44.0s
Transferring:
 *   aicup_esg2026_submit_artifacts.zip.part-002:  0% / off, 21.597 MiB/s, -Transferred:   	      944 MiB / 944 MiB, 100%, 21.597 MiB/s, ETA 0s
Transferred:            0 / 1, 0%
Elapsed time:        44.5s
Transferring:
 *   aicup_esg2026_submit_artifacts.zip.part-002:  0% / off, 21.597 MiB/s, -Transferred:   	      960 MiB / 960 MiB, 100%, 21.597 MiB/s, ETA 0s
Transferred:            0 / 1, 0%
Elapsed time:        45.0s
Transferring:
 *   aicup_esg2026_submit_artifacts.zip.part-002:  0% / off, 21.597 MiB/s, -Transferred:   	      968 MiB / 968 MiB, 100%, 21.747 MiB/s, ETA 0s
Transferred:            0 / 1, 0%
Elapsed time:        45.5s
Transferring:
 *   aicup_esg2026_submit_artifacts.zip.part-002:  0% / off, 21.747 MiB/s, -Transferred:   	      976 MiB / 976 MiB, 100%, 21.747 MiB/s, ETA 0s
Transferred:            0 / 1, 0%
Elapsed time:        46.0s
Transferring:
 *   aicup_esg2026_submit_artifacts.zip.part-002:  0% / off, 21.747 MiB/s, -Transferred:   	      992 MiB / 992 MiB, 100%, 21.388 MiB/s, ETA 0s
Transferred:            0 / 1, 0%
Elapsed time:        46.5s
Transferring:
 *   aicup_esg2026_submit_artifacts.zip.part-002:  0% / off, 21.388 MiB/s, -Transferred:   	     1000 MiB / 1000 MiB, 100%, 21.388 MiB/s, ETA 0s
Transferred:            0 / 1, 0%
Elapsed time:        47.0s
Transferring:
 *   aicup_esg2026_submit_artifacts.zip.part-002:  0% / off, 21.551 MiB/s, -Transferred:   	     1008 MiB / 1008 MiB, 100%, 21.551 MiB/s, ETA 0s
Transferred:            0 / 1, 0%
Elapsed time:        47.5s
Transferring:
 *   aicup_esg2026_submit_artifacts.zip.part-002:  0% / off, 21.551 MiB/s, -Transferred:   	        1 GiB / 1 GiB, 100%, 21.704 MiB/s, ETA 0s
Transferred:            0 / 1, 0%
Elapsed time:        48.0s
Transferring:
 *   aicup_esg2026_submit_artifacts.zip.part-002:  0% / off, 21.704 MiB/s, -Transferred:   	    1.008 GiB / 1.008 GiB, 100%, 21.704 MiB/s, ETA 0s
Transferred:            0 / 1, 0%
Elapsed time:        48.5s
Transferring:
 *   aicup_esg2026_submit_artifacts.zip.part-002:  0% / off, 21.704 MiB/s, -Transferred:   	    1.016 GiB / 1.016 GiB, 100%, 21.348 MiB/s, ETA 0s
Transferred:            0 / 1, 0%
Elapsed time:        49.0s
Transferring:
 *   aicup_esg2026_submit_artifacts.zip.part-002:  0% / off, 21.348 MiB/s, -Transferred:   	    1.023 GiB / 1.023 GiB, 100%, 21.348 MiB/s, ETA 0s
Transferred:            0 / 1, 0%
Elapsed time:        49.5s
Transferring:
 *   aicup_esg2026_submit_artifacts.zip.part-002:  0% / off, 21.348 MiB/s, -Transferred:   	    1.039 GiB / 1.039 GiB, 100%, 21.348 MiB/s, ETA 0s
Transferred:            0 / 1, 0%
Elapsed time:        50.0s
Transferring:
 *   aicup_esg2026_submit_artifacts.zip.part-002:  0% / off, 21.514 MiB/s, -Transferred:   	    1.047 GiB / 1.047 GiB, 100%, 21.514 MiB/s, ETA 0s
Transferred:            0 / 1, 0%
Elapsed time:        50.5s
Transferring:
 *   aicup_esg2026_submit_artifacts.zip.part-002:  0% / off, 21.514 MiB/s, -Transferred:   	    1.055 GiB / 1.055 GiB, 100%, 21.169 MiB/s, ETA 0s
Transferred:            0 / 1, 0%
Elapsed time:        51.0s
Transferring:
 *   aicup_esg2026_submit_artifacts.zip.part-002:  0% / off, 21.169 MiB/s, -Transferred:   	    1.062 GiB / 1.062 GiB, 100%, 21.169 MiB/s, ETA 0s
Transferred:            0 / 1, 0%
Elapsed time:        51.5s
Transferring:
 *   aicup_esg2026_submit_artifacts.zip.part-002:  0% / off, 21.169 MiB/s, -Transferred:   	    1.078 GiB / 1.078 GiB, 100%, 21.169 MiB/s, ETA 0s
Transferred:            0 / 1, 0%
Elapsed time:        52.0s
Transferring:
 *   aicup_esg2026_submit_artifacts.zip.part-002:  0% / off, 21.346 MiB/s, -Transferred:   	    1.094 GiB / 1.094 GiB, 100%, 21.346 MiB/s, ETA 0s
Transferred:            0 / 1, 0%
Elapsed time:        52.5s
Transferring:
 *   aicup_esg2026_submit_artifacts.zip.part-002:  0% / off, 21.346 MiB/s, -Transferred:   	    1.102 GiB / 1.102 GiB, 100%, 21.512 MiB/s, ETA 0s
Transferred:            0 / 1, 0%
Elapsed time:        53.0s
Transferring:
 *   aicup_esg2026_submit_artifacts.zip.part-002:  0% / off, 21.512 MiB/s, -Transferred:   	    1.109 GiB / 1.109 GiB, 100%, 21.512 MiB/s, ETA 0s
Transferred:            0 / 1, 0%
Elapsed time:        53.5s
Transferring:
 *   aicup_esg2026_submit_artifacts.zip.part-002:  0% / off, 21.512 MiB/s, -Transferred:   	    1.125 GiB / 1.125 GiB, 100%, 21.667 MiB/s, ETA 0s
Transferred:            0 / 1, 0%
Elapsed time:        54.0s
Transferring:
 *   aicup_esg2026_submit_artifacts.zip.part-002:  0% / off, 21.667 MiB/s, -Transferred:   	    1.133 GiB / 1.133 GiB, 100%, 21.667 MiB/s, ETA 0s
Transferred:            0 / 1, 0%
Elapsed time:        54.5s
Transferring:
 *   aicup_esg2026_submit_artifacts.zip.part-002:  0% / off, 21.667 MiB/s, -Transferred:   	    1.141 GiB / 1.141 GiB, 100%, 21.667 MiB/s, ETA 0s
Transferred:            0 / 1, 0%
Elapsed time:        55.0s
Transferring:
 *   aicup_esg2026_submit_artifacts.zip.part-002:  0% / off, 21.313 MiB/s, -Transferred:   	    1.156 GiB / 1.156 GiB, 100%, 21.313 MiB/s, ETA 0s
Transferred:            0 / 1, 0%
Elapsed time:        55.5s
Transferring:
 *   aicup_esg2026_submit_artifacts.zip.part-002:  0% / off, 21.313 MiB/s, -Transferred:   	    1.164 GiB / 1.164 GiB, 100%, 21.481 MiB/s, ETA 0s
Transferred:            0 / 1, 0%
Elapsed time:        56.0s
Transferring:
 *   aicup_esg2026_submit_artifacts.zip.part-002:  0% / off, 21.481 MiB/s, -Transferred:   	    1.172 GiB / 1.172 GiB, 100%, 21.481 MiB/s, ETA 0s
Transferred:            0 / 1, 0%
Elapsed time:        56.5s
Transferring:
 *   aicup_esg2026_submit_artifacts.zip.part-002:  0% / off, 21.481 MiB/s, -Transferred:   	    1.180 GiB / 1.180 GiB, 100%, 21.481 MiB/s, ETA 0s
Transferred:            0 / 1, 0%
Elapsed time:        57.0s
Transferring:
 *   aicup_esg2026_submit_artifacts.zip.part-002:  0% / off, 21.138 MiB/s, -Transferred:   	    1.195 GiB / 1.195 GiB, 100%, 21.138 MiB/s, ETA 0s
Transferred:            0 / 1, 0%
Elapsed time:        57.5s
Transferring:
 *   aicup_esg2026_submit_artifacts.zip.part-002:  0% / off, 21.138 MiB/s, -Transferred:   	    1.204 GiB / 1.204 GiB, 100%, 21.138 MiB/s, ETA 0s
Transferred:            0 / 1, 0%
Elapsed time:        58.0s
Transferring:
 *   aicup_esg2026_submit_artifacts.zip.part-002:  0% / off, 21.138 MiB/s, -Transferred:   	    1.219 GiB / 1.219 GiB, 100%, 21.380 MiB/s, ETA 0s
Transferred:            0 / 1, 0%
Elapsed time:        58.5s
Transferring:
 *   aicup_esg2026_submit_artifacts.zip.part-002:  0% / off, 21.380 MiB/s, -Transferred:   	    1.227 GiB / 1.227 GiB, 100%, 21.380 MiB/s, ETA 0s
Transferred:            0 / 1, 0%
Elapsed time:        59.0s
Transferring:
 *   aicup_esg2026_submit_artifacts.zip.part-002:  0% / off, 21.481 MiB/s, -Transferred:   	    1.242 GiB / 1.242 GiB, 100%, 21.481 MiB/s, ETA 0s
Transferred:            0 / 1, 0%
Elapsed time:        59.5s
Transferring:
 *   aicup_esg2026_submit_artifacts.zip.part-002:  0% / off, 21.481 MiB/s, -Transferred:   	    1.250 GiB / 1.250 GiB, 100%, 21.481 MiB/s, ETA 0s
Transferred:            0 / 1, 0%
Elapsed time:       1m0.0s
Transferring:
 *   aicup_esg2026_submit_artifacts.zip.part-002:  0% / off, 21.639 MiB/s, -Transferred:   	    1.258 GiB / 1.258 GiB, 100%, 21.639 MiB/s, ETA 0s
Transferred:            0 / 1, 0%
Elapsed time:       1m0.5s
Transferring:
 *   aicup_esg2026_submit_artifacts.zip.part-002:  0% / off, 21.639 MiB/s, -Transferred:   	    1.273 GiB / 1.273 GiB, 100%, 21.639 MiB/s, ETA 0s
Transferred:            0 / 1, 0%
Elapsed time:       1m1.0s
Transferring:
 *   aicup_esg2026_submit_artifacts.zip.part-002:  0% / off, 21.786 MiB/s, -Transferred:   	    1.281 GiB / 1.281 GiB, 100%, 21.786 MiB/s, ETA 0s
Transferred:            0 / 1, 0%
Elapsed time:       1m1.5s
Transferring:
 *   aicup_esg2026_submit_artifacts.zip.part-002:  0% / off, 21.786 MiB/s, -Transferred:   	    1.289 GiB / 1.289 GiB, 100%, 21.424 MiB/s, ETA 0s
Transferred:            0 / 1, 0%
Elapsed time:       1m2.0s
Transferring:
 *   aicup_esg2026_submit_artifacts.zip.part-002:  0% / off, 21.424 MiB/s, -Transferred:   	    1.298 GiB / 1.298 GiB, 100%, 21.424 MiB/s, ETA 0s
Transferred:            0 / 1, 0%
Elapsed time:       1m2.5s
Transferring:
 *   aicup_esg2026_submit_artifacts.zip.part-002:  0% / off, 21.424 MiB/s, -Transferred:   	    1.312 GiB / 1.312 GiB, 100%, 21.585 MiB/s, ETA 0s
Transferred:            0 / 1, 0%
Elapsed time:       1m3.0s
Transferring:
 *   aicup_esg2026_submit_artifacts.zip.part-002:  0% / off, 21.585 MiB/s, -Transferred:   	    1.328 GiB / 1.328 GiB, 100%, 21.585 MiB/s, ETA 0s
Transferred:            0 / 1, 0%
Elapsed time:       1m3.5s
Transferring:
 *   aicup_esg2026_submit_artifacts.zip.part-002:  0% / off, 21.585 MiB/s, -Transferred:   	    1.336 GiB / 1.336 GiB, 100%, 21.736 MiB/s, ETA 0s
Transferred:            0 / 1, 0%
Elapsed time:       1m4.0s
Transferring:
 *   aicup_esg2026_submit_artifacts.zip.part-002:  0% / off, 21.736 MiB/s, -Transferred:   	    1.344 GiB / 1.344 GiB, 100%, 21.736 MiB/s, ETA 0s
Transferred:            0 / 1, 0%
Elapsed time:       1m4.5s
Transferring:
 *   aicup_esg2026_submit_artifacts.zip.part-002:  0% / off, 21.736 MiB/s, -Transferred:   	    1.354 GiB / 1.354 GiB, 100%, 21.503 MiB/s, ETA 0s
Transferred:            0 / 1, 0%
Elapsed time:       1m5.0s
Transferring:
 *   aicup_esg2026_submit_artifacts.zip.part-002:  0% / off, 21.503 MiB/s, -Transferred:   	    1.367 GiB / 1.367 GiB, 100%, 21.503 MiB/s, ETA 0s
Transferred:            0 / 1, 0%
Elapsed time:       1m5.5s
Transferring:
 *   aicup_esg2026_submit_artifacts.zip.part-002:  0% / off, 21.503 MiB/s, -Transferred:   	    1.375 GiB / 1.375 GiB, 100%, 21.534 MiB/s, ETA 0s
Transferred:            0 / 1, 0%
Elapsed time:       1m6.0s
Transferring:
 *   aicup_esg2026_submit_artifacts.zip.part-002:  0% / off, 21.534 MiB/s, -Transferred:   	    1.383 GiB / 1.383 GiB, 100%, 21.534 MiB/s, ETA 0s
Transferred:            0 / 1, 0%
Elapsed time:       1m6.5s
Transferring:
 *   aicup_esg2026_submit_artifacts.zip.part-002:  0% / off, 21.534 MiB/s, -Transferred:   	    1.398 GiB / 1.398 GiB, 100%, 21.688 MiB/s, ETA 0s
Transferred:            0 / 1, 0%
Elapsed time:       1m7.0s
Transferring:
 *   aicup_esg2026_submit_artifacts.zip.part-002:  0% / off, 21.688 MiB/s, -Transferred:   	    1.406 GiB / 1.406 GiB, 100%, 21.688 MiB/s, ETA 0s
Transferred:            0 / 1, 0%
Elapsed time:       1m7.5s
Transferring:
 *   aicup_esg2026_submit_artifacts.zip.part-002:  0% / off, 21.688 MiB/s, -Transferred:   	    1.414 GiB / 1.414 GiB, 100%, 21.688 MiB/s, ETA 0s
Transferred:            0 / 1, 0%
Elapsed time:       1m8.0s
Transferring:
 *   aicup_esg2026_submit_artifacts.zip.part-002:  0% / off, 21.333 MiB/s, -Transferred:   	    1.422 GiB / 1.422 GiB, 100%, 21.333 MiB/s, ETA 0s
Transferred:            0 / 1, 0%
Elapsed time:       1m8.5s
Transferring:
 *   aicup_esg2026_submit_artifacts.zip.part-002:  0% / off, 21.333 MiB/s, -Transferred:   	    1.438 GiB / 1.438 GiB, 100%, 21.499 MiB/s, ETA 0s
Transferred:            0 / 1, 0%
Elapsed time:       1m9.0s
Transferring:
 *   aicup_esg2026_submit_artifacts.zip.part-002:  0% / off, 21.499 MiB/s, -Transferred:   	    1.445 GiB / 1.445 GiB, 100%, 21.499 MiB/s, ETA 0s
Transferred:            0 / 1, 0%
Elapsed time:       1m9.5s
Transferring:
 *   aicup_esg2026_submit_artifacts.zip.part-002:  0% / off, 21.499 MiB/s, -Transferred:   	    1.453 GiB / 1.453 GiB, 100%, 21.156 MiB/s, ETA 0s
Transferred:            0 / 1, 0%
Elapsed time:      1m10.0s
Transferring:
 *   aicup_esg2026_submit_artifacts.zip.part-002:  0% / off, 21.156 MiB/s, -Transferred:   	    1.469 GiB / 1.469 GiB, 100%, 21.156 MiB/s, ETA 0s
Transferred:            0 / 1, 0%
Elapsed time:      1m10.5s
Transferring:
 *   aicup_esg2026_submit_artifacts.zip.part-002:  0% / off, 21.156 MiB/s, -Transferred:   	    1.477 GiB / 1.477 GiB, 100%, 21.333 MiB/s, ETA 0s
Transferred:            0 / 1, 0%
Elapsed time:      1m11.0s
Transferring:
 *   aicup_esg2026_submit_artifacts.zip.part-002:  0% / off, 21.333 MiB/s, -Transferred:   	    1.492 GiB / 1.492 GiB, 100%, 21.333 MiB/s, ETA 0s
Transferred:            0 / 1, 0%
Elapsed time:      1m11.5s
Transferring:
 *   aicup_esg2026_submit_artifacts.zip.part-002:  0% / off, 21.333 MiB/s, -Transferred:   	    1.500 GiB / 1.500 GiB, 100%, 21.333 MiB/s, ETA 0s
Transferred:            0 / 1, 0%
Elapsed time:      1m12.0s
Transferring:
 *   aicup_esg2026_submit_artifacts.zip.part-002:  0% / off, 21.500 MiB/s, -Transferred:   	    1.508 GiB / 1.508 GiB, 100%, 21.500 MiB/s, ETA 0s
Transferred:            0 / 1, 0%
Elapsed time:      1m12.5s
Transferring:
 *   aicup_esg2026_submit_artifacts.zip.part-002:  0% / off, 21.500 MiB/s, -Transferred:   	    1.523 GiB / 1.523 GiB, 100%, 21.500 MiB/s, ETA 0s
Transferred:            0 / 1, 0%
Elapsed time:      1m13.0s
Transferring:
 *   aicup_esg2026_submit_artifacts.zip.part-002:  0% / off, 21.500 MiB/s, -Transferred:   	    1.531 GiB / 1.531 GiB, 100%, 21.656 MiB/s, ETA 0s
Transferred:            0 / 1, 0%
Elapsed time:      1m13.5s
Transferring:
 *   aicup_esg2026_submit_artifacts.zip.part-002:  0% / off, 21.656 MiB/s, -Transferred:   	    1.539 GiB / 1.539 GiB, 100%, 21.303 MiB/s, ETA 0s
Transferred:            0 / 1, 0%
Elapsed time:      1m14.0s
Transferring:
 *   aicup_esg2026_submit_artifacts.zip.part-002:  0% / off, 21.303 MiB/s, -Transferred:   	    1.555 GiB / 1.555 GiB, 100%, 21.303 MiB/s, ETA 0s
Transferred:            0 / 1, 0%
Elapsed time:      1m14.5s
Transferring:
 *   aicup_esg2026_submit_artifacts.zip.part-002:  0% / off, 21.303 MiB/s, -Transferred:   	    1.562 GiB / 1.562 GiB, 100%, 21.471 MiB/s, ETA 0s
Transferred:            0 / 1, 0%
Elapsed time:      1m15.0s
Transferring:
 *   aicup_esg2026_submit_artifacts.zip.part-002:  0% / off, 21.471 MiB/s, -Transferred:   	    1.570 GiB / 1.570 GiB, 100%, 21.471 MiB/s, ETA 0s
Transferred:            0 / 1, 0%
Elapsed time:      1m15.5s
Transferring:
 *   aicup_esg2026_submit_artifacts.zip.part-002:  0% / off, 21.471 MiB/s, -Transferred:   	    1.586 GiB / 1.586 GiB, 100%, 21.471 MiB/s, ETA 0s
Transferred:            0 / 1, 0%
Elapsed time:      1m16.0s
Transferring:
 *   aicup_esg2026_submit_artifacts.zip.part-002:  0% / off, 21.629 MiB/s, -Transferred:   	    1.594 GiB / 1.594 GiB, 100%, 21.629 MiB/s, ETA 0s
Transferred:            0 / 1, 0%
Elapsed time:      1m16.5s
Transferring:
 *   aicup_esg2026_submit_artifacts.zip.part-002:  0% / off, 21.629 MiB/s, -Transferred:   	    1.602 GiB / 1.602 GiB, 100%, 21.629 MiB/s, ETA 0s
Transferred:            0 / 1, 0%
Elapsed time:      1m17.0s
Transferring:
 *   aicup_esg2026_submit_artifacts.zip.part-002:  0% / off, 21.278 MiB/s, -Transferred:   	    1.617 GiB / 1.617 GiB, 100%, 21.278 MiB/s, ETA 0s
Transferred:            0 / 1, 0%
Elapsed time:      1m17.5s
Transferring:
 *   aicup_esg2026_submit_artifacts.zip.part-002:  0% / off, 21.278 MiB/s, -Transferred:   	    1.617 GiB / 1.617 GiB, 100%, 21.278 MiB/s, ETA 0s
Transferred:            0 / 1, 0%
Elapsed time:      1m18.0s
Transferring:
 *   aicup_esg2026_submit_artifacts.zip.part-002:  0% / off, 20.948 MiB/s, -Transferred:   	    1.625 GiB / 1.625 GiB, 100%, 20.948 MiB/s, ETA 0s
Transferred:            0 / 1, 0%
Elapsed time:      1m18.5s
Transferring:
 *   aicup_esg2026_submit_artifacts.zip.part-002:  0% / off, 20.948 MiB/s, -Transferred:   	    1.633 GiB / 1.633 GiB, 100%, 20.948 MiB/s, ETA 0s
Transferred:            0 / 1, 0%
Elapsed time:      1m19.0s
Transferring:
 *   aicup_esg2026_submit_artifacts.zip.part-002:  0% / off, 20.638 MiB/s, -Transferred:   	    1.648 GiB / 1.648 GiB, 100%, 20.638 MiB/s, ETA 0s
Transferred:            0 / 1, 0%
Elapsed time:      1m19.5s
Transferring:
 *   aicup_esg2026_submit_artifacts.zip.part-002:  0% / off, 20.638 MiB/s, -Transferred:   	    1.656 GiB / 1.656 GiB, 100%, 20.638 MiB/s, ETA 0s
Transferred:            0 / 1, 0%
Elapsed time:      1m20.0s
Transferring:
 *   aicup_esg2026_submit_artifacts.zip.part-002:  0% / off, 20.849 MiB/s, -Transferred:   	    1.672 GiB / 1.672 GiB, 100%, 20.849 MiB/s, ETA 0s
Transferred:            0 / 1, 0%
Elapsed time:      1m20.5s
Transferring:
 *   aicup_esg2026_submit_artifacts.zip.part-002:  0% / off, 20.849 MiB/s, -Transferred:   	    1.680 GiB / 1.680 GiB, 100%, 20.849 MiB/s, ETA 0s
Transferred:            0 / 1, 0%
Elapsed time:      1m21.0s
Transferring:
 *   aicup_esg2026_submit_artifacts.zip.part-002:  0% / off, 21.045 MiB/s, -Transferred:   	    1.688 GiB / 1.688 GiB, 100%, 21.046 MiB/s, ETA 0s
Transferred:            0 / 1, 0%
Elapsed time:      1m21.5s
Transferring:
 *   aicup_esg2026_submit_artifacts.zip.part-002:  0% / off, 21.045 MiB/s, -Transferred:   	    1.703 GiB / 1.703 GiB, 100%, 21.046 MiB/s, ETA 0s
Transferred:            0 / 1, 0%
Elapsed time:      1m22.0s
Transferring:
 *   aicup_esg2026_submit_artifacts.zip.part-002:  0% / off, 21.045 MiB/s, -Transferred:   	    1.711 GiB / 1.711 GiB, 100%, 21.230 MiB/s, ETA 0s
Transferred:            0 / 1, 0%
Elapsed time:      1m22.5s
Transferring:
 *   aicup_esg2026_submit_artifacts.zip.part-002:  0% / off, 21.230 MiB/s, -Transferred:   	    1.727 GiB / 1.727 GiB, 100%, 21.230 MiB/s, ETA 0s
Transferred:            0 / 1, 0%
Elapsed time:      1m23.0s
Transferring:
 *   aicup_esg2026_submit_artifacts.zip.part-002:  0% / off, 21.230 MiB/s, -Transferred:   	    1.734 GiB / 1.734 GiB, 100%, 21.403 MiB/s, ETA 0s
Transferred:            0 / 1, 0%
Elapsed time:      1m23.5s
Transferring:
 *   aicup_esg2026_submit_artifacts.zip.part-002:  0% / off, 21.403 MiB/s, -Transferred:   	    1.742 GiB / 1.742 GiB, 100%, 21.066 MiB/s, ETA 0s
Transferred:            0 / 1, 0%
Elapsed time:      1m24.0s
Transferring:
 *   aicup_esg2026_submit_artifacts.zip.part-002:  0% / off, 21.066 MiB/s, -Transferred:   	    1.750 GiB / 1.750 GiB, 100%, 21.066 MiB/s, ETA 0s
Transferred:            0 / 1, 0%
Elapsed time:      1m24.5s
Transferring:
 *   aicup_esg2026_submit_artifacts.zip.part-002:  0% / off, 21.066 MiB/s, -Transferred:   	    1.766 GiB / 1.766 GiB, 100%, 21.066 MiB/s, ETA 0s
Transferred:            0 / 1, 0%
Elapsed time:      1m25.0s
Transferring:
 *   aicup_esg2026_submit_artifacts.zip.part-002:  0% / off, 21.249 MiB/s, -Transferred:   	    1.774 GiB / 1.774 GiB, 100%, 21.249 MiB/s, ETA 0s
Transferred:            0 / 1, 0%
Elapsed time:      1m25.5s
Transferring:
 *   aicup_esg2026_submit_artifacts.zip.part-002:  0% / off, 21.249 MiB/s, -Transferred:   	    1.789 GiB / 1.789 GiB, 100%, 21.249 MiB/s, ETA 0s
Transferred:            0 / 1, 0%
Elapsed time:      1m26.0s
Transferring:
 *   aicup_esg2026_submit_artifacts.zip.part-002:  0% / off, 21.421 MiB/s, -Transferred:   	    1.797 GiB / 1.797 GiB, 100%, 21.421 MiB/s, ETA 0s
Transferred:            0 / 1, 0%
Elapsed time:      1m26.5s
Transferring:
 *   aicup_esg2026_submit_artifacts.zip.part-002:  0% / off, 21.421 MiB/s, -Transferred:   	    1.812 GiB / 1.812 GiB, 100%, 21.421 MiB/s, ETA 0s
Transferred:            0 / 1, 0%
Elapsed time:      1m27.0s
Transferring:
 *   aicup_esg2026_submit_artifacts.zip.part-002:  0% / off, 21.582 MiB/s, -Transferred:   	    1.820 GiB / 1.820 GiB, 100%, 21.582 MiB/s, ETA 0s
Transferred:            0 / 1, 0%
Elapsed time:      1m27.5s
Transferring:
 *   aicup_esg2026_submit_artifacts.zip.part-002:  0% / off, 21.582 MiB/s, -Transferred:   	    1.828 GiB / 1.828 GiB, 100%, 21.582 MiB/s, ETA 0s
Transferred:            0 / 1, 0%
Elapsed time:      1m28.0s
Transferring:
 *   aicup_esg2026_submit_artifacts.zip.part-002:  0% / off, 21.233 MiB/s, -Transferred:   	    1.844 GiB / 1.844 GiB, 100%, 21.233 MiB/s, ETA 0s
Transferred:            0 / 1, 0%
Elapsed time:      1m28.5s
Transferring:
 *   aicup_esg2026_submit_artifacts.zip.part-002:  0% / off, 21.233 MiB/s, -Transferred:   	    1.852 GiB / 1.852 GiB, 100%, 21.406 MiB/s, ETA 0s
Transferred:            0 / 1, 0%
Elapsed time:      1m29.0s
Transferring:
 *   aicup_esg2026_submit_artifacts.zip.part-002:  0% / off, 21.406 MiB/s, -Transferred:   	    1.859 GiB / 1.859 GiB, 100%, 21.406 MiB/s, ETA 0s
Transferred:            0 / 1, 0%
Elapsed time:      1m29.5s
Transferring:
 *   aicup_esg2026_submit_artifacts.zip.part-002:  0% / off, 21.406 MiB/s, -Transferred:   	    1.875 GiB / 1.875 GiB, 100%, 21.568 MiB/s, ETA 0s
Transferred:            0 / 1, 0%
Elapsed time:      1m30.0s
Transferring:
 *   aicup_esg2026_submit_artifacts.zip.part-002:  0% / off, 21.568 MiB/s, -Transferred:   	    1.883 GiB / 1.883 GiB, 100%, 21.568 MiB/s, ETA 0s
Transferred:            0 / 1, 0%
Elapsed time:      1m30.5s
Transferring:
 *   aicup_esg2026_submit_artifacts.zip.part-002:  0% / off, 21.568 MiB/s, -Transferred:   	    1.891 GiB / 1.891 GiB, 100%, 21.568 MiB/s, ETA 0s
Transferred:            0 / 1, 0%
Elapsed time:      1m31.0s
Transferring:
 *   aicup_esg2026_submit_artifacts.zip.part-002:  0% / off, 21.568 MiB/s, -Transferred:   	    1.906 GiB / 1.906 GiB, 100%, 21.220 MiB/s, ETA 0s
Transferred:            0 / 1, 0%
Elapsed time:      1m31.5s
Transferring:
 *   aicup_esg2026_submit_artifacts.zip.part-002:  0% / off, 21.220 MiB/s, -Transferred:   	    1.914 GiB / 1.914 GiB, 100%, 21.220 MiB/s, ETA 0s
Transferred:            0 / 1, 0%
Elapsed time:      1m32.0s
Transferring:
 *   aicup_esg2026_submit_artifacts.zip.part-002:  0% / off, 21.394 MiB/s, -Transferred:   	    1.930 GiB / 1.930 GiB, 100%, 21.394 MiB/s, ETA 0s
Transferred:            0 / 1, 0%
Elapsed time:      1m32.5s
Transferring:
 *   aicup_esg2026_submit_artifacts.zip.part-002:  0% / off, 21.394 MiB/s, -Transferred:   	    1.938 GiB / 1.938 GiB, 100%, 21.394 MiB/s, ETA 0s
Transferred:            0 / 1, 0%
Elapsed time:      1m33.0s
Transferring:
 *   aicup_esg2026_submit_artifacts.zip.part-002:  0% / off, 21.557 MiB/s, -Transferred:   	    1.945 GiB / 1.945 GiB, 100%, 21.557 MiB/s, ETA 0s
Transferred:            0 / 1, 0%
Elapsed time:      1m33.5s
Transferring:
 *   aicup_esg2026_submit_artifacts.zip.part-002:  0% / off, 21.557 MiB/s, -Transferred:   	    1.961 GiB / 1.961 GiB, 100%, 21.710 MiB/s, ETA 0s
Transferred:            0 / 1, 0%
Elapsed time:      1m34.0s
Transferring:
 *   aicup_esg2026_submit_artifacts.zip.part-002:  0% / off, 21.710 MiB/s, -Transferred:   	    1.969 GiB / 1.969 GiB, 100%, 21.710 MiB/s, ETA 0s
Transferred:            0 / 1, 0%
Elapsed time:      1m34.5s
Transferring:
 *   aicup_esg2026_submit_artifacts.zip.part-002:  0% / off, 21.710 MiB/s, -Transferred:   	    1.977 GiB / 1.977 GiB, 100%, 21.710 MiB/s, ETA 0s
Transferred:            0 / 1, 0%
Elapsed time:      1m35.0s
Transferring:
 *   aicup_esg2026_submit_artifacts.zip.part-002:  0% / off, 21.353 MiB/s, -Transferred:   	    1.992 GiB / 1.992 GiB, 100%, 21.353 MiB/s, ETA 0s
Transferred:            0 / 1, 0%
Elapsed time:      1m35.5s
Transferring:
 *   aicup_esg2026_submit_artifacts.zip.part-002:  0% / off, 21.353 MiB/s, -Transferred:   	        2 GiB / 2 GiB, 100%, 21.518 MiB/s, ETA 0s
Transferred:            0 / 1, 0%
Elapsed time:      1m36.0s
Transferring:
 *   aicup_esg2026_submit_artifacts.zip.part-002:  0% / off, 21.518 MiB/s, -Transferred:   	    2.016 GiB / 2.016 GiB, 100%, 21.518 MiB/s, ETA 0s
Transferred:            0 / 1, 0%
Elapsed time:      1m36.5s
Transferring:
 *   aicup_esg2026_submit_artifacts.zip.part-002:  0% / off, 21.518 MiB/s, -Transferred:   	    2.023 GiB / 2.023 GiB, 100%, 21.673 MiB/s, ETA 0s
Transferred:            0 / 1, 0%
Elapsed time:      1m37.0s
Transferring:
 *   aicup_esg2026_submit_artifacts.zip.part-002:  0% / off, 21.518 MiB/s, -Transferred:   	    2.039 GiB / 2.039 GiB, 100%, 21.673 MiB/s, ETA 0s
Transferred:            0 / 1, 0%
Elapsed time:      1m37.5s
Transferring:
 *   aicup_esg2026_submit_artifacts.zip.part-002:  0% / off, 21.673 MiB/s, -Transferred:   	    2.047 GiB / 2.047 GiB, 100%, 21.819 MiB/s, ETA 0s
Transferred:            0 / 1, 0%
Elapsed time:      1m38.0s
Transferring:
 *   aicup_esg2026_submit_artifacts.zip.part-002:  0% / off, 21.673 MiB/s, -Transferred:   	    2.055 GiB / 2.055 GiB, 100%, 21.819 MiB/s, ETA 0s
Transferred:            0 / 1, 0%
Elapsed time:      1m38.5s
Transferring:
 *   aicup_esg2026_submit_artifacts.zip.part-002:  0% / off, 21.819 MiB/s, -Transferred:   	    2.062 GiB / 2.062 GiB, 100%, 21.819 MiB/s, ETA 0s
Transferred:            0 / 1, 0%
Elapsed time:      1m39.0s
Transferring:
 *   aicup_esg2026_submit_artifacts.zip.part-002:  0% / off, 21.455 MiB/s, -Transferred:   	    2.078 GiB / 2.078 GiB, 100%, 21.455 MiB/s, ETA 0s
Transferred:            0 / 1, 0%
Elapsed time:      1m39.5s
Transferring:
 *   aicup_esg2026_submit_artifacts.zip.part-002:  0% / off, 21.455 MiB/s, -Transferred:   	    2.086 GiB / 2.086 GiB, 100%, 21.455 MiB/s, ETA 0s
Transferred:            0 / 1, 0%
Elapsed time:      1m40.0s
Transferring:
 *   aicup_esg2026_submit_artifacts.zip.part-002:  0% / off, 21.614 MiB/s, -Transferred:   	    2.094 GiB / 2.094 GiB, 100%, 21.614 MiB/s, ETA 0s
Transferred:            0 / 1, 0%
Elapsed time:      1m40.5s
Transferring:
 *   aicup_esg2026_submit_artifacts.zip.part-002:  0% / off, 21.614 MiB/s, -Transferred:   	    2.109 GiB / 2.109 GiB, 100%, 21.614 MiB/s, ETA 0s
Transferred:            0 / 1, 0%
Elapsed time:      1m41.0s
Transferring:
 *   aicup_esg2026_submit_artifacts.zip.part-002:  0% / off, 21.763 MiB/s, -Transferred:   	    2.117 GiB / 2.117 GiB, 100%, 21.763 MiB/s, ETA 0s
Transferred:            0 / 1, 0%
Elapsed time:      1m41.5s
Transferring:
 *   aicup_esg2026_submit_artifacts.zip.part-002:  0% / off, 21.763 MiB/s, -Transferred:   	    2.129 GiB / 2.129 GiB, 100%, 21.763 MiB/s, ETA 0s
Transferred:            0 / 1, 0%
Elapsed time:      1m42.0s
Transferring:
 *   aicup_esg2026_submit_artifacts.zip.part-002:  0% / off, 21.653 MiB/s, -Transferred:   	    2.141 GiB / 2.141 GiB, 100%, 21.653 MiB/s, ETA 0s
Transferred:            0 / 1, 0%
Elapsed time:      1m42.5s
Transferring:
 *   aicup_esg2026_submit_artifacts.zip.part-002:  0% / off, 21.653 MiB/s, -Transferred:   	    2.154 GiB / 2.154 GiB, 100%, 21.653 MiB/s, ETA 0s
Transferred:            0 / 1, 0%
Elapsed time:      1m43.0s
Transferring:
 *   aicup_esg2026_submit_artifacts.zip.part-002:  0% / off, 21.924 MiB/s, -Transferred:   	    2.164 GiB / 2.164 GiB, 100%, 21.924 MiB/s, ETA 0s
Transferred:            0 / 1, 0%
Elapsed time:      1m43.5s
Transferring:
 *   aicup_esg2026_submit_artifacts.zip.part-002:  0% / off, 21.924 MiB/s, -Transferred:   	    2.172 GiB / 2.172 GiB, 100%, 21.924 MiB/s, ETA 0s
Transferred:            0 / 1, 0%
Elapsed time:      1m44.0s
Transferring:
 *   aicup_esg2026_submit_artifacts.zip.part-002:  0% / off, 21.924 MiB/s, -Transferred:   	    2.180 GiB / 2.180 GiB, 100%, 21.679 MiB/s, ETA 0s
Transferred:            0 / 1, 0%
Elapsed time:      1m44.5s
Transferring:
 *   aicup_esg2026_submit_artifacts.zip.part-002:  0% / off, 21.679 MiB/s, -Transferred:   	    2.195 GiB / 2.195 GiB, 100%, 21.824 MiB/s, ETA 0s
Transferred:            0 / 1, 0%
Elapsed time:      1m45.0s
Transferring:
 *   aicup_esg2026_submit_artifacts.zip.part-002:  0% / off, 21.679 MiB/s, -Transferred:   	    2.203 GiB / 2.203 GiB, 100%, 21.824 MiB/s, ETA 0s
Transferred:            0 / 1, 0%
Elapsed time:      1m45.5s
Transferring:
 *   aicup_esg2026_submit_artifacts.zip.part-002:  0% / off, 21.824 MiB/s, -Transferred:   	    2.211 GiB / 2.211 GiB, 100%, 21.460 MiB/s, ETA 0s
Transferred:            0 / 1, 0%
Elapsed time:      1m46.0s
Transferring:
 *   aicup_esg2026_submit_artifacts.zip.part-002:  0% / off, 21.460 MiB/s, -Transferred:   	    2.227 GiB / 2.227 GiB, 100%, 21.460 MiB/s, ETA 0s
Transferred:            0 / 1, 0%
Elapsed time:      1m46.5s
Transferring:
 *   aicup_esg2026_submit_artifacts.zip.part-002:  0% / off, 21.460 MiB/s, -Transferred:   	    2.234 GiB / 2.234 GiB, 100%, 21.460 MiB/s, ETA 0s
Transferred:            0 / 1, 0%
Elapsed time:      1m47.0s
Transferring:
 *   aicup_esg2026_submit_artifacts.zip.part-002:  0% / off, 21.460 MiB/s, -Transferred:   	    2.250 GiB / 2.250 GiB, 100%, 21.619 MiB/s, ETA 0s
Transferred:            0 / 1, 0%
Elapsed time:      1m47.5s
Transferring:
 *   aicup_esg2026_submit_artifacts.zip.part-002:  0% / off, 21.619 MiB/s, -Transferred:   	    2.258 GiB / 2.258 GiB, 100%, 21.619 MiB/s, ETA 0s
Transferred:            0 / 1, 0%
Elapsed time:      1m48.0s
Transferring:
 *   aicup_esg2026_submit_artifacts.zip.part-002:  0% / off, 21.768 MiB/s, -Transferred:   	    2.273 GiB / 2.273 GiB, 100%, 21.768 MiB/s, ETA 0s
Transferred:            0 / 1, 0%
Elapsed time:      1m48.5s
Transferring:
 *   aicup_esg2026_submit_artifacts.zip.part-002:  0% / off, 21.768 MiB/s, -Transferred:   	    2.281 GiB / 2.281 GiB, 100%, 21.768 MiB/s, ETA 0s
Transferred:            0 / 1, 0%
Elapsed time:      1m49.0s
Transferring:
 *   aicup_esg2026_submit_artifacts.zip.part-002:  0% / off, 21.907 MiB/s, -Transferred:   	    2.289 GiB / 2.289 GiB, 100%, 21.907 MiB/s, ETA 0s
Transferred:            0 / 1, 0%
Elapsed time:      1m49.5s
Transferring:
 *   aicup_esg2026_submit_artifacts.zip.part-002:  0% / off, 21.907 MiB/s, -Transferred:   	    2.305 GiB / 2.305 GiB, 100%, 21.907 MiB/s, ETA 0s
Transferred:            0 / 1, 0%
Elapsed time:      1m50.0s
Transferring:
 *   aicup_esg2026_submit_artifacts.zip.part-002:  0% / off, 22.038 MiB/s, -Transferred:   	    2.312 GiB / 2.312 GiB, 100%, 22.038 MiB/s, ETA 0s
Transferred:            0 / 1, 0%
Elapsed time:      1m50.5s
Transferring:
 *   aicup_esg2026_submit_artifacts.zip.part-002:  0% / off, 22.038 MiB/s, -Transferred:   	    2.320 GiB / 2.320 GiB, 100%, 22.038 MiB/s, ETA 0s
Transferred:            0 / 1, 0%
Elapsed time:      1m51.0s
Transferring:
 *   aicup_esg2026_submit_artifacts.zip.part-002:  0% / off, 21.661 MiB/s, -Transferred:   	    2.328 GiB / 2.328 GiB, 100%, 21.661 MiB/s, ETA 0s
Transferred:            0 / 1, 0%
Elapsed time:      1m51.5s
Transferring:
 *   aicup_esg2026_submit_artifacts.zip.part-002:  0% / off, 21.661 MiB/s, -Transferred:   	    2.344 GiB / 2.344 GiB, 100%, 21.661 MiB/s, ETA 0s
Transferred:            0 / 1, 0%
Elapsed time:      1m52.0s
Transferring:
 *   aicup_esg2026_submit_artifacts.zip.part-002:  0% / off, 21.807 MiB/s, -Transferred:   	    2.352 GiB / 2.352 GiB, 100%, 21.807 MiB/s, ETA 0s
Transferred:            0 / 1, 0%
Elapsed time:      1m52.5s
Transferring:
 *   aicup_esg2026_submit_artifacts.zip.part-002:  0% / off, 21.807 MiB/s, -Transferred:   	    2.367 GiB / 2.367 GiB, 100%, 21.807 MiB/s, ETA 0s
Transferred:            0 / 1, 0%
Elapsed time:      1m53.0s
Transferring:
 *   aicup_esg2026_submit_artifacts.zip.part-002:  0% / off, 21.944 MiB/s, -Transferred:   	    2.375 GiB / 2.375 GiB, 100%, 21.944 MiB/s, ETA 0s
Transferred:            0 / 1, 0%
Elapsed time:      1m53.5s
Transferring:
 *   aicup_esg2026_submit_artifacts.zip.part-002:  0% / off, 21.944 MiB/s, -Transferred:   	    2.383 GiB / 2.383 GiB, 100%, 21.944 MiB/s, ETA 0s
Transferred:            0 / 1, 0%
Elapsed time:      1m54.0s
Transferring:
 *   aicup_esg2026_submit_artifacts.zip.part-002:  0% / off, 21.573 MiB/s, -Transferred:   	    2.398 GiB / 2.398 GiB, 100%, 21.573 MiB/s, ETA 0s
Transferred:            0 / 1, 0%
Elapsed time:      1m54.5s
Transferring:
 *   aicup_esg2026_submit_artifacts.zip.part-002:  0% / off, 21.573 MiB/s, -Transferred:   	    2.406 GiB / 2.406 GiB, 100%, 21.573 MiB/s, ETA 0s
Transferred:            0 / 1, 0%
Elapsed time:      1m55.0s
Transferring:
 *   aicup_esg2026_submit_artifacts.zip.part-002:  0% / off, 21.724 MiB/s, -Transferred:   	    2.414 GiB / 2.414 GiB, 100%, 21.724 MiB/s, ETA 0s
Transferred:            0 / 1, 0%
Elapsed time:      1m55.5s
Transferring:
 *   aicup_esg2026_submit_artifacts.zip.part-002:  0% / off, 21.724 MiB/s, -Transferred:   	    2.430 GiB / 2.430 GiB, 100%, 21.867 MiB/s, ETA 0s
Transferred:            0 / 1, 0%
Elapsed time:      1m56.0s
Transferring:
 *   aicup_esg2026_submit_artifacts.zip.part-002:  0% / off, 21.724 MiB/s, -Transferred:   	    2.438 GiB / 2.438 GiB, 100%, 21.867 MiB/s, ETA 0s
Transferred:            0 / 1, 0%
Elapsed time:      1m56.5s
Transferring:
 *   aicup_esg2026_submit_artifacts.zip.part-002:  0% / off, 21.867 MiB/s, -Transferred:   	    2.445 GiB / 2.445 GiB, 100%, 21.867 MiB/s, ETA 0s
Transferred:            0 / 1, 0%
Elapsed time:      1m57.0s
Transferring:
 *   aicup_esg2026_submit_artifacts.zip.part-002:  0% / off, 21.500 MiB/s, -Transferred:   	    2.461 GiB / 2.461 GiB, 100%, 21.500 MiB/s, ETA 0s
Transferred:            0 / 1, 0%
Elapsed time:      1m57.5s
Transferring:
 *   aicup_esg2026_submit_artifacts.zip.part-002:  0% / off, 21.500 MiB/s, -Transferred:   	    2.469 GiB / 2.469 GiB, 100%, 21.500 MiB/s, ETA 0s
Transferred:            0 / 1, 0%
Elapsed time:      1m58.0s
Transferring:
 *   aicup_esg2026_submit_artifacts.zip.part-002:  0% / off, 21.656 MiB/s, -Transferred:   	    2.477 GiB / 2.477 GiB, 100%, 21.656 MiB/s, ETA 0s
Transferred:            0 / 1, 0%
Elapsed time:      1m58.5s
Transferring:
 *   aicup_esg2026_submit_artifacts.zip.part-002:  0% / off, 21.656 MiB/s, -Transferred:   	    2.485 GiB / 2.485 GiB, 100%, 21.365 MiB/s, ETA 0s
Transferred:            0 / 1, 0%
Elapsed time:      1m59.0s
Transferring:
 *   aicup_esg2026_submit_artifacts.zip.part-002:  0% / off, 21.365 MiB/s, -Transferred:   	    2.500 GiB / 2.500 GiB, 100%, 21.365 MiB/s, ETA 0s
Transferred:            0 / 1, 0%
Elapsed time:      1m59.5s
Transferring:
 *   aicup_esg2026_submit_artifacts.zip.part-002:  0% / off, 21.365 MiB/s, -Transferred:   	    2.516 GiB / 2.516 GiB, 100%, 21.967 MiB/s, ETA 0s
Transferred:            0 / 1, 0%
Elapsed time:       2m0.0s
Transferring:
 *   aicup_esg2026_submit_artifacts.zip.part-002:  0% / off, 21.967 MiB/s, -Transferred:   	    2.523 GiB / 2.523 GiB, 100%, 21.967 MiB/s, ETA 0s
Transferred:            0 / 1, 0%
Elapsed time:       2m0.5s
Transferring:
 *   aicup_esg2026_submit_artifacts.zip.part-002:  0% / off, 21.967 MiB/s, -Transferred:   	    2.531 GiB / 2.531 GiB, 100%, 21.967 MiB/s, ETA 0s
Transferred:            0 / 1, 0%
Elapsed time:       2m1.0s
Transferring:
 *   aicup_esg2026_submit_artifacts.zip.part-002:  0% / off, 21.594 MiB/s, -Transferred:   	    2.547 GiB / 2.547 GiB, 100%, 21.594 MiB/s, ETA 0s
Transferred:            0 / 1, 0%
Elapsed time:       2m1.5s
Transferring:
 *   aicup_esg2026_submit_artifacts.zip.part-002:  0% / off, 21.594 MiB/s, -Transferred:   	    2.555 GiB / 2.555 GiB, 100%, 21.745 MiB/s, ETA 0s
Transferred:            0 / 1, 0%
Elapsed time:       2m2.0s
Transferring:
 *   aicup_esg2026_submit_artifacts.zip.part-002:  0% / off, 21.745 MiB/s, -Transferred:   	    2.562 GiB / 2.562 GiB, 100%, 21.745 MiB/s, ETA 0s
Transferred:            0 / 1, 0%
Elapsed time:       2m2.5s
Transferring:
 *   aicup_esg2026_submit_artifacts.zip.part-002:  0% / off, 21.745 MiB/s, -Transferred:   	    2.578 GiB / 2.578 GiB, 100%, 21.745 MiB/s, ETA 0s
Transferred:            0 / 1, 0%
Elapsed time:       2m3.0s
Transferring:
 *   aicup_esg2026_submit_artifacts.zip.part-002:  0% / off, 21.886 MiB/s, -Transferred:   	    2.586 GiB / 2.586 GiB, 100%, 21.886 MiB/s, ETA 0s
Transferred:            0 / 1, 0%
Elapsed time:       2m3.5s
Transferring:
 *   aicup_esg2026_submit_artifacts.zip.part-002:  0% / off, 21.886 MiB/s, -Transferred:   	    2.594 GiB / 2.594 GiB, 100%, 21.886 MiB/s, ETA 0s
Transferred:            0 / 1, 0%
Elapsed time:       2m4.0s
Transferring:
 *   aicup_esg2026_submit_artifacts.zip.part-002:  0% / off, 21.518 MiB/s, -Transferred:   	    2.609 GiB / 2.609 GiB, 100%, 21.518 MiB/s, ETA 0s
Transferred:            0 / 1, 0%
Elapsed time:       2m4.5s
Transferring:
 *   aicup_esg2026_submit_artifacts.zip.part-002:  0% / off, 21.518 MiB/s, -Transferred:   	    2.617 GiB / 2.617 GiB, 100%, 21.518 MiB/s, ETA 0s
Transferred:            0 / 1, 0%
Elapsed time:       2m5.0s
Transferring:
 *   aicup_esg2026_submit_artifacts.zip.part-002:  0% / off, 21.673 MiB/s, -Transferred:   	    2.633 GiB / 2.633 GiB, 100%, 21.673 MiB/s, ETA 0s
Transferred:            0 / 1, 0%
Elapsed time:       2m5.5s
Transferring:
 *   aicup_esg2026_submit_artifacts.zip.part-002:  0% / off, 21.673 MiB/s, -Transferred:   	    2.641 GiB / 2.641 GiB, 100%, 21.673 MiB/s, ETA 0s
Transferred:            0 / 1, 0%
Elapsed time:       2m6.0s
Transferring:
 *   aicup_esg2026_submit_artifacts.zip.part-002:  0% / off, 21.818 MiB/s, -Transferred:   	    2.656 GiB / 2.656 GiB, 100%, 21.818 MiB/s, ETA 0s
Transferred:            0 / 1, 0%
Elapsed time:       2m6.5s
Transferring:
 *   aicup_esg2026_submit_artifacts.zip.part-002:  0% / off, 21.818 MiB/s, -Transferred:   	    2.664 GiB / 2.664 GiB, 100%, 21.818 MiB/s, ETA 0s
Transferred:            0 / 1, 0%
Elapsed time:       2m7.0s
Transferring:
 *   aicup_esg2026_submit_artifacts.zip.part-002:  0% / off, 21.955 MiB/s, -Transferred:   	    2.672 GiB / 2.672 GiB, 100%, 21.955 MiB/s, ETA 0s
Transferred:            0 / 1, 0%
Elapsed time:       2m7.5s
Transferring:
 *   aicup_esg2026_submit_artifacts.zip.part-002:  0% / off, 21.955 MiB/s, -Transferred:   	    2.688 GiB / 2.688 GiB, 100%, 21.955 MiB/s, ETA 0s
Transferred:            0 / 1, 0%
Elapsed time:       2m8.0s
Transferring:
 *   aicup_esg2026_submit_artifacts.zip.part-002:  0% / off, 22.083 MiB/s, -Transferred:   	    2.695 GiB / 2.695 GiB, 100%, 22.083 MiB/s, ETA 0s
Transferred:            0 / 1, 0%
Elapsed time:       2m8.5s
Transferring:
 *   aicup_esg2026_submit_artifacts.zip.part-002:  0% / off, 22.083 MiB/s, -Transferred:   	    2.703 GiB / 2.703 GiB, 100%, 22.083 MiB/s, ETA 0s
Transferred:            0 / 1, 0%
Elapsed time:       2m9.0s
Transferring:
 *   aicup_esg2026_submit_artifacts.zip.part-002:  0% / off, 21.702 MiB/s, -Transferred:   	    2.711 GiB / 2.711 GiB, 100%, 21.702 MiB/s, ETA 0s
Transferred:            0 / 1, 0%
Elapsed time:       2m9.5s
Transferring:
 *   aicup_esg2026_submit_artifacts.zip.part-002:  0% / off, 21.702 MiB/s, -Transferred:   	    2.727 GiB / 2.727 GiB, 100%, 21.846 MiB/s, ETA 0s
Transferred:            0 / 1, 0%
Elapsed time:      2m10.0s
Transferring:
 *   aicup_esg2026_submit_artifacts.zip.part-002:  0% / off, 21.702 MiB/s, -Transferred:   	    2.742 GiB / 2.742 GiB, 100%, 21.846 MiB/s, ETA 0s
Transferred:            0 / 1, 0%
Elapsed time:      2m10.5s
Transferring:
 *   aicup_esg2026_submit_artifacts.zip.part-002:  0% / off, 21.846 MiB/s, -Transferred:   	    2.750 GiB / 2.750 GiB, 100%, 21.981 MiB/s, ETA 0s
Transferred:            0 / 1, 0%
Elapsed time:      2m11.0s
Transferring:
 *   aicup_esg2026_submit_artifacts.zip.part-002:  0% / off, 21.846 MiB/s, -Transferred:   	    2.758 GiB / 2.758 GiB, 100%, 21.981 MiB/s, ETA 0s
Transferred:            0 / 1, 0%
Elapsed time:      2m11.5s
Transferring:
 *   aicup_esg2026_submit_artifacts.zip.part-002:  0% / off, 21.981 MiB/s, -Transferred:   	    2.773 GiB / 2.773 GiB, 100%, 21.981 MiB/s, ETA 0s
Transferred:            0 / 1, 0%
Elapsed time:      2m12.0s
Transferring:
 *   aicup_esg2026_submit_artifacts.zip.part-002:  0% / off, 22.107 MiB/s, -Transferred:   	    2.781 GiB / 2.781 GiB, 100%, 22.107 MiB/s, ETA 0s
Transferred:            0 / 1, 0%
Elapsed time:      2m12.5s
Transferring:
 *   aicup_esg2026_submit_artifacts.zip.part-002:  0% / off, 22.107 MiB/s, -Transferred:   	    2.789 GiB / 2.789 GiB, 100%, 22.107 MiB/s, ETA 0s
Transferred:            0 / 1, 0%
Elapsed time:      2m13.0s
Transferring:
 *   aicup_esg2026_submit_artifacts.zip.part-002:  0% / off, 21.725 MiB/s, -Transferred:   	    2.797 GiB / 2.797 GiB, 100%, 21.725 MiB/s, ETA 0s
Transferred:            0 / 1, 0%
Elapsed time:      2m13.5s
Transferring:
 *   aicup_esg2026_submit_artifacts.zip.part-002:  0% / off, 21.725 MiB/s, -Transferred:   	    2.812 GiB / 2.812 GiB, 100%, 21.725 MiB/s, ETA 0s
Transferred:            0 / 1, 0%
Elapsed time:      2m14.0s
Transferring:
 *   aicup_esg2026_submit_artifacts.zip.part-002:  0% / off, 21.867 MiB/s, -Transferred:   	    2.820 GiB / 2.820 GiB, 100%, 21.867 MiB/s, ETA 0s
Transferred:            0 / 1, 0%
Elapsed time:      2m14.5s
Transferring:
 *   aicup_esg2026_submit_artifacts.zip.part-002:  0% / off, 21.867 MiB/s, -Transferred:   	    2.828 GiB / 2.828 GiB, 100%, 21.867 MiB/s, ETA 0s
Transferred:            0 / 1, 0%
Elapsed time:      2m15.0s
Transferring:
 *   aicup_esg2026_submit_artifacts.zip.part-002:  0% / off, 21.501 MiB/s, -Transferred:   	    2.844 GiB / 2.844 GiB, 100%, 21.501 MiB/s, ETA 0s
Transferred:            0 / 1, 0%
Elapsed time:      2m15.5s
Transferring:
 *   aicup_esg2026_submit_artifacts.zip.part-002:  0% / off, 21.501 MiB/s, -Transferred:   	    2.852 GiB / 2.852 GiB, 100%, 21.501 MiB/s, ETA 0s
Transferred:            0 / 1, 0%
Elapsed time:      2m16.0s
Transferring:
 *   aicup_esg2026_submit_artifacts.zip.part-002:  0% / off, 21.657 MiB/s, -Transferred:   	    2.859 GiB / 2.859 GiB, 100%, 21.657 MiB/s, ETA 0s
Transferred:            0 / 1, 0%
Elapsed time:      2m16.5s
Transferring:
 *   aicup_esg2026_submit_artifacts.zip.part-002:  0% / off, 21.657 MiB/s, -Transferred:   	    2.867 GiB / 2.867 GiB, 100%, 21.657 MiB/s, ETA 0s
Transferred:            0 / 1, 0%
Elapsed time:      2m17.0s
Transferring:
 *   aicup_esg2026_submit_artifacts.zip.part-002:  0% / off, 21.303 MiB/s, -Transferred:   	    2.883 GiB / 2.883 GiB, 100%, 21.303 MiB/s, ETA 0s
Transferred:            0 / 1, 0%
Elapsed time:      2m17.5s
Transferring:
 *   aicup_esg2026_submit_artifacts.zip.part-002:  0% / off, 21.303 MiB/s, -Transferred:   	    2.891 GiB / 2.891 GiB, 100%, 21.303 MiB/s, ETA 0s
Transferred:            0 / 1, 0%
Elapsed time:      2m18.0s
Transferring:
 *   aicup_esg2026_submit_artifacts.zip.part-002:  0% / off, 21.472 MiB/s, -Transferred:   	    2.906 GiB / 2.906 GiB, 100%, 21.472 MiB/s, ETA 0s
Transferred:            0 / 1, 0%
Elapsed time:      2m18.5s
Transferring:
 *   aicup_esg2026_submit_artifacts.zip.part-002:  0% / off, 21.472 MiB/s, -Transferred:   	    2.914 GiB / 2.914 GiB, 100%, 21.472 MiB/s, ETA 0s
Transferred:            0 / 1, 0%
Elapsed time:      2m19.0s
Transferring:
 *   aicup_esg2026_submit_artifacts.zip.part-002:  0% / off, 21.630 MiB/s, -Transferred:   	    2.922 GiB / 2.922 GiB, 100%, 21.630 MiB/s, ETA 0s
Transferred:            0 / 1, 0%
Elapsed time:      2m19.5s
Transferring:
 *   aicup_esg2026_submit_artifacts.zip.part-002:  0% / off, 21.630 MiB/s, -Transferred:   	    2.938 GiB / 2.938 GiB, 100%, 21.778 MiB/s, ETA 0s
Transferred:            0 / 1, 0%
Elapsed time:      2m20.0s
Transferring:
 *   aicup_esg2026_submit_artifacts.zip.part-002:  0% / off, 21.778 MiB/s, -Transferred:   	    2.945 GiB / 2.945 GiB, 100%, 21.778 MiB/s, ETA 0s
Transferred:            0 / 1, 0%
Elapsed time:      2m20.5s
Transferring:
 *   aicup_esg2026_submit_artifacts.zip.part-002:  0% / off, 21.778 MiB/s, -Transferred:   	    2.953 GiB / 2.953 GiB, 100%, 21.778 MiB/s, ETA 0s
Transferred:            0 / 1, 0%
Elapsed time:      2m21.0s
Transferring:
 *   aicup_esg2026_submit_artifacts.zip.part-002:  0% / off, 21.778 MiB/s, -Transferred:   	    2.969 GiB / 2.969 GiB, 100%, 21.417 MiB/s, ETA 0s
Transferred:            0 / 1, 0%
Elapsed time:      2m21.5s
Transferring:
 *   aicup_esg2026_submit_artifacts.zip.part-002:  0% / off, 21.417 MiB/s, -Transferred:   	    2.977 GiB / 2.977 GiB, 100%, 21.578 MiB/s, ETA 0s
Transferred:            0 / 1, 0%
Elapsed time:      2m22.0s
Transferring:
 *   aicup_esg2026_submit_artifacts.zip.part-002:  0% / off, 21.578 MiB/s, -Transferred:   	    2.984 GiB / 2.984 GiB, 100%, 21.578 MiB/s, ETA 0s
Transferred:            0 / 1, 0%
Elapsed time:      2m22.5s
Transferring:
 *   aicup_esg2026_submit_artifacts.zip.part-002:  0% / off, 21.578 MiB/s, -Transferred:   	        3 GiB / 3 GiB, 100%, 21.578 MiB/s, ETA 0s
Transferred:            0 / 1, 0%
Elapsed time:      2m23.0s
Transferring:
 *   aicup_esg2026_submit_artifacts.zip.part-002:  0% / off, 21.730 MiB/s, -Transferred:   	    3.008 GiB / 3.008 GiB, 100%, 21.730 MiB/s, ETA 0s
Transferred:            0 / 1, 0%
Elapsed time:      2m23.5s
Transferring:
 *   aicup_esg2026_submit_artifacts.zip.part-002:  0% / off, 21.730 MiB/s, -Transferred:   	    3.016 GiB / 3.016 GiB, 100%, 21.730 MiB/s, ETA 0s
Transferred:            0 / 1, 0%
Elapsed time:      2m24.0s
Transferring:
 *   aicup_esg2026_submit_artifacts.zip.part-002:  0% / off, 21.372 MiB/s, -Transferred:   	    3.026 GiB / 3.026 GiB, 100%, 21.372 MiB/s, ETA 0s
Transferred:            0 / 1, 0%
Elapsed time:      2m24.5s
Transferring:
 *   aicup_esg2026_submit_artifacts.zip.part-002:  0% / off, 21.372 MiB/s, -Transferred:   	    3.039 GiB / 3.039 GiB, 100%, 21.372 MiB/s, ETA 0s
Transferred:            0 / 1, 0%
Elapsed time:      2m25.0s
Transferring:
 *   aicup_esg2026_submit_artifacts.zip.part-002:  0% / off, 21.536 MiB/s, -Transferred:   	    3.047 GiB / 3.047 GiB, 100%, 21.536 MiB/s, ETA 0s
Transferred:            0 / 1, 0%
Elapsed time:      2m25.5s
Transferring:
 *   aicup_esg2026_submit_artifacts.zip.part-002:  0% / off, 21.536 MiB/s, -Transferred:   	    3.055 GiB / 3.055 GiB, 100%, 21.536 MiB/s, ETA 0s
Transferred:            0 / 1, 0%
Elapsed time:      2m26.0s
Transferring:
 *   aicup_esg2026_submit_artifacts.zip.part-002:  0% / off, 21.190 MiB/s, -Transferred:   	    3.070 GiB / 3.070 GiB, 100%, 21.190 MiB/s, ETA 0s
Transferred:            0 / 1, 0%
Elapsed time:      2m26.5s
Transferring:
 *   aicup_esg2026_submit_artifacts.zip.part-002:  0% / off, 21.190 MiB/s, -Transferred:   	    3.078 GiB / 3.078 GiB, 100%, 21.190 MiB/s, ETA 0s
Transferred:            0 / 1, 0%
Elapsed time:      2m27.0s
Transferring:
 *   aicup_esg2026_submit_artifacts.zip.part-002:  0% / off, 21.365 MiB/s, -Transferred:   	    3.086 GiB / 3.086 GiB, 100%, 21.365 MiB/s, ETA 0s
Transferred:            0 / 1, 0%
Elapsed time:      2m27.5s
Transferring:
 *   aicup_esg2026_submit_artifacts.zip.part-002:  0% / off, 21.365 MiB/s, -Transferred:   	    3.102 GiB / 3.102 GiB, 100%, 21.365 MiB/s, ETA 0s
Transferred:            0 / 1, 0%
Elapsed time:      2m28.0s
Transferring:
 *   aicup_esg2026_submit_artifacts.zip.part-002:  0% / off, 21.530 MiB/s, -Transferred:   	    3.112 GiB / 3.112 GiB, 100%, 21.530 MiB/s, ETA 0s
Transferred:            0 / 1, 0%
Elapsed time:      2m28.5s
Transferring:
 *   aicup_esg2026_submit_artifacts.zip.part-002:  0% / off, 21.530 MiB/s, -Transferred:   	    3.125 GiB / 3.125 GiB, 100%, 21.530 MiB/s, ETA 0s
Transferred:            0 / 1, 0%
Elapsed time:      2m29.0s
Transferring:
 *   aicup_esg2026_submit_artifacts.zip.part-002:  0% / off, 21.530 MiB/s, -Transferred:   	    3.133 GiB / 3.133 GiB, 100%, 21.685 MiB/s, ETA 0s
Transferred:            0 / 1, 0%
Elapsed time:      2m29.5s
Transferring:
 *   aicup_esg2026_submit_artifacts.zip.part-002:  0% / off, 21.685 MiB/s, -Transferred:   	    3.148 GiB / 3.148 GiB, 100%, 21.829 MiB/s, ETA 0s
Transferred:            0 / 1, 0%
Elapsed time:      2m30.0s
Transferring:
 *   aicup_esg2026_submit_artifacts.zip.part-002:  0% / off, 21.829 MiB/s, -Transferred:   	    3.156 GiB / 3.156 GiB, 100%, 21.829 MiB/s, ETA 0s
Transferred:            0 / 1, 0%
Elapsed time:      2m30.5s
Transferring:
 *   aicup_esg2026_submit_artifacts.zip.part-002:  0% / off, 21.829 MiB/s, -Transferred:   	    3.164 GiB / 3.164 GiB, 100%, 21.465 MiB/s, ETA 0s
Transferred:            0 / 1, 0%
Elapsed time:      2m31.0s
Transferring:
 *   aicup_esg2026_submit_artifacts.zip.part-002:  0% / off, 21.829 MiB/s, -Transferred:   	    3.180 GiB / 3.180 GiB, 100%, 21.465 MiB/s, ETA 0s
Transferred:            0 / 1, 0%
Elapsed time:      2m31.5s
Transferring:
 *   aicup_esg2026_submit_artifacts.zip.part-002:  0% / off, 21.465 MiB/s, -Transferred:   	    3.188 GiB / 3.188 GiB, 100%, 21.465 MiB/s, ETA 0s
Transferred:            0 / 1, 0%
Elapsed time:      2m32.0s
Transferring:
 *   aicup_esg2026_submit_artifacts.zip.part-002:  0% / off, 21.623 MiB/s, -Transferred:   	    3.195 GiB / 3.195 GiB, 100%, 21.623 MiB/s, ETA 0s
Transferred:            0 / 1, 0%
Elapsed time:      2m32.5s
Transferring:
 *   aicup_esg2026_submit_artifacts.zip.part-002:  0% / off, 21.623 MiB/s, -Transferred:   	    3.203 GiB / 3.203 GiB, 100%, 21.623 MiB/s, ETA 0s
Transferred:            0 / 1, 0%
Elapsed time:      2m33.0s
Transferring:
 *   aicup_esg2026_submit_artifacts.zip.part-002:  0% / off, 21.272 MiB/s, -Transferred:   	    3.219 GiB / 3.219 GiB, 100%, 21.272 MiB/s, ETA 0s
Transferred:            0 / 1, 0%
Elapsed time:      2m33.5s
Transferring:
 *   aicup_esg2026_submit_artifacts.zip.part-002:  0% / off, 21.272 MiB/s, -Transferred:   	    3.227 GiB / 3.227 GiB, 100%, 21.442 MiB/s, ETA 0s
Transferred:            0 / 1, 0%
Elapsed time:      2m34.0s
Transferring:
 *   aicup_esg2026_submit_artifacts.zip.part-002:  0% / off, 21.442 MiB/s, -Transferred:   	    3.242 GiB / 3.242 GiB, 100%, 21.442 MiB/s, ETA 0s
Transferred:            0 / 1, 0%
Elapsed time:      2m34.5s
Transferring:
 *   aicup_esg2026_submit_artifacts.zip.part-002:  0% / off, 21.442 MiB/s, -Transferred:   	    3.250 GiB / 3.250 GiB, 100%, 21.442 MiB/s, ETA 0s
Transferred:            0 / 1, 0%
Elapsed time:      2m35.0s
Transferring:
 *   aicup_esg2026_submit_artifacts.zip.part-002:  0% / off, 21.602 MiB/s, -Transferred:   	    3.266 GiB / 3.266 GiB, 100%, 21.602 MiB/s, ETA 0s
Transferred:            0 / 1, 0%
Elapsed time:      2m35.5s
Transferring:
 *   aicup_esg2026_submit_artifacts.zip.part-002:  0% / off, 21.602 MiB/s, -Transferred:   	    3.273 GiB / 3.273 GiB, 100%, 21.602 MiB/s, ETA 0s
Transferred:            0 / 1, 0%
Elapsed time:      2m36.0s
Transferring:
 *   aicup_esg2026_submit_artifacts.zip.part-002:  0% / off, 21.752 MiB/s, -Transferred:   	    3.281 GiB / 3.281 GiB, 100%, 21.752 MiB/s, ETA 0s
Transferred:            0 / 1, 0%
Elapsed time:      2m36.5s
Transferring:
 *   aicup_esg2026_submit_artifacts.zip.part-002:  0% / off, 21.752 MiB/s, -Transferred:   	    3.297 GiB / 3.297 GiB, 100%, 21.893 MiB/s, ETA 0s
Transferred:            0 / 1, 0%
Elapsed time:      2m37.0s
Transferring:
 *   aicup_esg2026_submit_artifacts.zip.part-002:  0% / off, 21.893 MiB/s, -Transferred:   	    3.305 GiB / 3.305 GiB, 100%, 21.893 MiB/s, ETA 0s
Transferred:            0 / 1, 0%
Elapsed time:      2m37.5s
Transferring:
 *   aicup_esg2026_submit_artifacts.zip.part-002:  0% / off, 21.893 MiB/s, -Transferred:   	    3.312 GiB / 3.312 GiB, 100%, 21.893 MiB/s, ETA 0s
Transferred:            0 / 1, 0%
Elapsed time:      2m38.0s
Transferring:
 *   aicup_esg2026_submit_artifacts.zip.part-002:  0% / off, 21.524 MiB/s, -Transferred:   	    3.320 GiB / 3.320 GiB, 100%, 21.524 MiB/s, ETA 0s
Transferred:            0 / 1, 0%
Elapsed time:      2m38.5s
Transferring:
 *   aicup_esg2026_submit_artifacts.zip.part-002:  0% / off, 21.524 MiB/s, -Transferred:   	    3.336 GiB / 3.336 GiB, 100%, 21.524 MiB/s, ETA 0s
Transferred:            0 / 1, 0%
Elapsed time:      2m39.0s
Transferring:
 *   aicup_esg2026_submit_artifacts.zip.part-002:  0% / off, 21.679 MiB/s, -Transferred:   	    3.352 GiB / 3.352 GiB, 100%, 21.679 MiB/s, ETA 0s
Transferred:            0 / 1, 0%
Elapsed time:      2m39.5s
Transferring:
 *   aicup_esg2026_submit_artifacts.zip.part-002:  0% / off, 21.679 MiB/s, -Transferred:   	    3.359 GiB / 3.359 GiB, 100%, 21.679 MiB/s, ETA 0s
Transferred:            0 / 1, 0%
Elapsed time:      2m40.0s
Transferring:
 *   aicup_esg2026_submit_artifacts.zip.part-002:  0% / off, 21.824 MiB/s, -Transferred:   	    3.367 GiB / 3.367 GiB, 100%, 21.824 MiB/s, ETA 0s
Transferred:            0 / 1, 0%
Elapsed time:      2m40.5s
Transferring:
 *   aicup_esg2026_submit_artifacts.zip.part-002:  0% / off, 21.824 MiB/s, -Transferred:   	    3.383 GiB / 3.383 GiB, 100%, 21.960 MiB/s, ETA 0s
Transferred:            0 / 1, 0%
Elapsed time:      2m41.0s
Transferring:
 *   aicup_esg2026_submit_artifacts.zip.part-002:  0% / off, 21.960 MiB/s, -Transferred:   	    3.391 GiB / 3.391 GiB, 100%, 21.960 MiB/s, ETA 0s
Transferred:            0 / 1, 0%
Elapsed time:      2m41.5s
Transferring:
 *   aicup_esg2026_submit_artifacts.zip.part-002:  0% / off, 21.960 MiB/s, -Transferred:   	    3.398 GiB / 3.398 GiB, 100%, 21.588 MiB/s, ETA 0s
Transferred:            0 / 1, 0%
Elapsed time:      2m42.0s
Transferring:
 *   aicup_esg2026_submit_artifacts.zip.part-002:  0% / off, 21.588 MiB/s, -Transferred:   	    3.406 GiB / 3.406 GiB, 100%, 21.588 MiB/s, ETA 0s
Transferred:            0 / 1, 0%
Elapsed time:      2m42.5s
Transferring:
 *   aicup_esg2026_submit_artifacts.zip.part-002:  0% / off, 21.588 MiB/s, -Transferred:   	    3.422 GiB / 3.422 GiB, 100%, 21.588 MiB/s, ETA 0s
Transferred:            0 / 1, 0%
Elapsed time:      2m43.0s
Transferring:
 *   aicup_esg2026_submit_artifacts.zip.part-002:  0% / off, 21.738 MiB/s, -Transferred:   	    3.430 GiB / 3.430 GiB, 100%, 21.738 MiB/s, ETA 0s
Transferred:            0 / 1, 0%
Elapsed time:      2m43.5s
Transferring:
 *   aicup_esg2026_submit_artifacts.zip.part-002:  0% / off, 21.738 MiB/s, -Transferred:   	    3.438 GiB / 3.438 GiB, 100%, 21.738 MiB/s, ETA 0s
Transferred:            0 / 1, 0%
Elapsed time:      2m44.0s
Transferring:
 *   aicup_esg2026_submit_artifacts.zip.part-002:  0% / off, 21.380 MiB/s, -Transferred:   	    3.453 GiB / 3.453 GiB, 100%, 21.380 MiB/s, ETA 0s
Transferred:            0 / 1, 0%
Elapsed time:      2m44.5s
Transferring:
 *   aicup_esg2026_submit_artifacts.zip.part-002:  0% / off, 21.380 MiB/s, -Transferred:   	    3.461 GiB / 3.461 GiB, 100%, 21.543 MiB/s, ETA 0s
Transferred:            0 / 1, 0%
Elapsed time:      2m45.0s
Transferring:
 *   aicup_esg2026_submit_artifacts.zip.part-002:  0% / off, 21.543 MiB/s, -Transferred:   	    3.469 GiB / 3.469 GiB, 100%, 21.543 MiB/s, ETA 0s
Transferred:            0 / 1, 0%
Elapsed time:      2m45.5s
Transferring:
 *   aicup_esg2026_submit_artifacts.zip.part-002:  0% / off, 21.543 MiB/s, -Transferred:   	    3.477 GiB / 3.477 GiB, 100%, 21.543 MiB/s, ETA 0s
Transferred:            0 / 1, 0%
Elapsed time:      2m46.0s
Transferring:
 *   aicup_esg2026_submit_artifacts.zip.part-002:  0% / off, 21.197 MiB/s, -Transferred:   	    3.492 GiB / 3.492 GiB, 100%, 21.197 MiB/s, ETA 0s
Transferred:            0 / 1, 0%
Elapsed time:      2m46.5s
Transferring:
 *   aicup_esg2026_submit_artifacts.zip.part-002:  0% / off, 21.197 MiB/s, -Transferred:   	    3.500 GiB / 3.500 GiB, 100%, 21.372 MiB/s, ETA 0s
Transferred:            0 / 1, 0%
Elapsed time:      2m47.0s
Transferring:
 *   aicup_esg2026_submit_artifacts.zip.part-002:  0% / off, 21.197 MiB/s, -Transferred:   	    3.516 GiB / 3.516 GiB, 100%, 21.372 MiB/s, ETA 0s
Transferred:            0 / 1, 0%
Elapsed time:      2m47.5s
Transferring:
 *   aicup_esg2026_submit_artifacts.zip.part-002:  0% / off, 21.372 MiB/s, -Transferred:   	    3.523 GiB / 3.523 GiB, 100%, 21.536 MiB/s, ETA 0s
Transferred:            0 / 1, 0%
Elapsed time:      2m48.0s
Transferring:
 *   aicup_esg2026_submit_artifacts.zip.part-002:  0% / off, 21.536 MiB/s, -Transferred:   	    3.539 GiB / 3.539 GiB, 100%, 21.536 MiB/s, ETA 0s
Transferred:            0 / 1, 0%
Elapsed time:      2m48.5s
Transferring:
 *   aicup_esg2026_submit_artifacts.zip.part-002:  0% / off, 21.536 MiB/s, -Transferred:   	    3.547 GiB / 3.547 GiB, 100%, 21.536 MiB/s, ETA 0s
Transferred:            0 / 1, 0%
Elapsed time:      2m49.0s
Transferring:
 *   aicup_esg2026_submit_artifacts.zip.part-002:  0% / off, 21.690 MiB/s, -Transferred:   	    3.555 GiB / 3.555 GiB, 100%, 21.690 MiB/s, ETA 0s
Transferred:            0 / 1, 0%
Elapsed time:      2m49.5s
Transferring:
 *   aicup_esg2026_submit_artifacts.zip.part-002:  0% / off, 21.690 MiB/s, -Transferred:   	    3.562 GiB / 3.562 GiB, 100%, 21.690 MiB/s, ETA 0s
Transferred:            0 / 1, 0%
Elapsed time:      2m50.0s
Transferring:
 *   aicup_esg2026_submit_artifacts.zip.part-002:  0% / off, 21.335 MiB/s, -Transferred:   	    3.578 GiB / 3.578 GiB, 100%, 21.335 MiB/s, ETA 0s
Transferred:            0 / 1, 0%
Elapsed time:      2m50.5s
Transferring:
 *   aicup_esg2026_submit_artifacts.zip.part-002:  0% / off, 21.335 MiB/s, -Transferred:   	    3.586 GiB / 3.586 GiB, 100%, 21.335 MiB/s, ETA 0s
Transferred:            0 / 1, 0%
Elapsed time:      2m51.0s
Transferring:
 *   aicup_esg2026_submit_artifacts.zip.part-002:  0% / off, 21.501 MiB/s, -Transferred:   	    3.594 GiB / 3.594 GiB, 100%, 21.501 MiB/s, ETA 0s
Transferred:            0 / 1, 0%
Elapsed time:      2m51.5s
Transferring:
 *   aicup_esg2026_submit_artifacts.zip.part-002:  0% / off, 21.501 MiB/s, -Transferred:   	    3.609 GiB / 3.609 GiB, 100%, 21.501 MiB/s, ETA 0s
Transferred:            0 / 1, 0%
Elapsed time:      2m52.0s
Transferring:
 *   aicup_esg2026_submit_artifacts.zip.part-002:  0% / off, 21.501 MiB/s, -Transferred:   	    3.619 GiB / 3.619 GiB, 100%, 21.658 MiB/s, ETA 0s
Transferred:            0 / 1, 0%
Elapsed time:      2m52.5s
Transferring:
 *   aicup_esg2026_submit_artifacts.zip.part-002:  0% / off, 21.658 MiB/s, -Transferred:   	    3.633 GiB / 3.633 GiB, 100%, 21.804 MiB/s, ETA 0s
Transferred:            0 / 1, 0%
Elapsed time:      2m53.0s
Transferring:
 *   aicup_esg2026_submit_artifacts.zip.part-002:  0% / off, 21.804 MiB/s, -Transferred:   	    3.641 GiB / 3.641 GiB, 100%, 21.804 MiB/s, ETA 0s
Transferred:            0 / 1, 0%
Elapsed time:      2m53.5s
Transferring:
 *   aicup_esg2026_submit_artifacts.zip.part-002:  0% / off, 21.804 MiB/s, -Transferred:   	    3.656 GiB / 3.656 GiB, 100%, 21.804 MiB/s, ETA 0s
Transferred:            0 / 1, 0%
Elapsed time:      2m54.0s
Transferring:
 *   aicup_esg2026_submit_artifacts.zip.part-002:  0% / off, 21.941 MiB/s, -Transferred:   	    3.664 GiB / 3.664 GiB, 100%, 21.941 MiB/s, ETA 0s
Transferred:            0 / 1, 0%
Elapsed time:      2m54.5s
Transferring:
 *   aicup_esg2026_submit_artifacts.zip.part-002:  0% / off, 21.941 MiB/s, -Transferred:   	    3.672 GiB / 3.672 GiB, 100%, 21.941 MiB/s, ETA 0s
Transferred:            0 / 1, 0%
Elapsed time:      2m55.0s
Transferring:
 *   aicup_esg2026_submit_artifacts.zip.part-002:  0% / off, 21.570 MiB/s, -Transferred:   	    3.688 GiB / 3.688 GiB, 100%, 21.570 MiB/s, ETA 0s
Transferred:            0 / 1, 0%
Elapsed time:      2m55.5s
Transferring:
 *   aicup_esg2026_submit_artifacts.zip.part-002:  0% / off, 21.570 MiB/s, -Transferred:   	    3.695 GiB / 3.695 GiB, 100%, 21.570 MiB/s, ETA 0s
Transferred:            0 / 1, 0%
Elapsed time:      2m56.0s
Transferring:
 *   aicup_esg2026_submit_artifacts.zip.part-002:  0% / off, 21.722 MiB/s, -Transferred:   	    3.703 GiB / 3.703 GiB, 100%, 21.722 MiB/s, ETA 0s
Transferred:            0 / 1, 0%
Elapsed time:      2m56.5s
Transferring:
 *   aicup_esg2026_submit_artifacts.zip.part-002:  0% / off, 21.722 MiB/s, -Transferred:   	    3.711 GiB / 3.711 GiB, 100%, 21.722 MiB/s, ETA 0s
Transferred:            0 / 1, 0%
Elapsed time:      2m57.0s
Transferring:
 *   aicup_esg2026_submit_artifacts.zip.part-002:  0% / off, 21.364 MiB/s, -Transferred:   	    3.727 GiB / 3.727 GiB, 100%, 21.364 MiB/s, ETA 0s
Transferred:            0 / 1, 0%
Elapsed time:      2m57.5s
Transferring:
 *   aicup_esg2026_submit_artifacts.zip.part-002:  0% / off, 21.364 MiB/s, -Transferred:   	    3.742 GiB / 3.742 GiB, 100%, 22.029 MiB/s, ETA 0s
Transferred:            0 / 1, 0%
Elapsed time:      2m58.0s
Transferring:
 *   aicup_esg2026_submit_artifacts.zip.part-002:  0% / off, 22.029 MiB/s, -Transferred:   	    3.750 GiB / 3.750 GiB, 100%, 22.029 MiB/s, ETA 0s
Transferred:            0 / 1, 0%
Elapsed time:      2m58.5s
Transferring:
 *   aicup_esg2026_submit_artifacts.zip.part-002:  0% / off, 22.029 MiB/s, -Transferred:   	    3.758 GiB / 3.758 GiB, 100%, 21.652 MiB/s, ETA 0s
Transferred:            0 / 1, 0%
Elapsed time:      2m59.0s
Transferring:
 *   aicup_esg2026_submit_artifacts.zip.part-002:  0% / off, 21.652 MiB/s, -Transferred:   	    3.773 GiB / 3.773 GiB, 100%, 21.652 MiB/s, ETA 0s
Transferred:            0 / 1, 0%
Elapsed time:      2m59.5s
Transferring:
 *   aicup_esg2026_submit_artifacts.zip.part-002:  0% / off, 21.652 MiB/s, -Transferred:   	    3.781 GiB / 3.781 GiB, 100%, 21.799 MiB/s, ETA 0s
Transferred:            0 / 1, 0%
Elapsed time:       3m0.0s
Transferring:
 *   aicup_esg2026_submit_artifacts.zip.part-002:  0% / off, 21.799 MiB/s, -Transferred:   	    3.789 GiB / 3.789 GiB, 100%, 21.799 MiB/s, ETA 0s
Transferred:            0 / 1, 0%
Elapsed time:       3m0.5s
Transferring:
 *   aicup_esg2026_submit_artifacts.zip.part-002:  0% / off, 21.799 MiB/s, -Transferred:   	    3.805 GiB / 3.805 GiB, 100%, 21.936 MiB/s, ETA 0s
Transferred:            0 / 1, 0%
Elapsed time:       3m1.0s
Transferring:
 *   aicup_esg2026_submit_artifacts.zip.part-002:  0% / off, 21.936 MiB/s, -Transferred:   	    3.809 GiB / 3.809 GiB, 100%, 21.936 MiB/s, ETA 0s
Transferred:            0 / 1, 0%
Elapsed time:       3m1.5s
Transferring:
 *   aicup_esg2026_submit_artifacts.zip.part-002:  0% / off, 21.936 MiB/s, -Transferred:   	    3.809 GiB / 3.809 GiB, 100%, 20.815 MiB/s, ETA 0s
Transferred:            0 / 1, 0%
Elapsed time:       3m2.0s
Transferring:
 *   aicup_esg2026_submit_artifacts.zip.part-002:  0% / off, 20.815 MiB/s, -Transferred:   	    3.809 GiB / 3.809 GiB, 100%, 20.815 MiB/s, ETA 0s
Transferred:            0 / 1, 0%
Elapsed time:       3m2.5s
Transferring:
 *   aicup_esg2026_submit_artifacts.zip.part-002:  0% / off, 20.815 MiB/s, -Transferred:   	    3.809 GiB / 3.809 GiB, 100%, 20.815 MiB/s, ETA 0s
Transferred:            0 / 1, 0%
Elapsed time:       3m3.0s
Transferring:
 *   aicup_esg2026_submit_artifacts.zip.part-002:  0% / off, 19.514 MiB/s, -Transferred:   	    3.809 GiB / 3.809 GiB, 100%, 19.514 MiB/s, ETA 0s
Transferred:            1 / 1, 100%
Elapsed time:       3m3.0s
### verified aicup_esg2026_submit_artifacts.zip.part-002 (4089446400 bytes)
