### part 6/9 attempt 1/4 expected=4089446400
### uploading aicup_esg2026_submit_artifacts.zip.part-006
Transferred:   	      100 KiB / 100 KiB, 100%, 0 B/s, ETA -
Transferred:            0 / 1, 0%
Elapsed time:         0.5s
Transferring:
 *   aicup_esg2026_submit_artifacts.zip.part-006:  0% / off, 0 B/s, -Transferred:   	      100 KiB / 100 KiB, 100%, 0 B/s, ETA -
Transferred:            0 / 1, 0%
Elapsed time:         1.0s
Transferring:
 *   aicup_esg2026_submit_artifacts.zip.part-006:  0% / off, 0 B/s, -Transferred:   	   10.996 MiB / 10.996 MiB, 100%, 99.991 KiB/s, ETA 0s
Transferred:            0 / 1, 0%
Elapsed time:         1.5s
Transferring:
 *   aicup_esg2026_submit_artifacts.zip.part-006:  0% / off, 99.991 KiB/s, -Transferred:   	       24 MiB / 24 MiB, 100%, 99.991 KiB/s, ETA 0s
Transferred:            0 / 1, 0%
Elapsed time:         2.0s
Transferring:
 *   aicup_esg2026_submit_artifacts.zip.part-006:  0% / off, 99.991 KiB/s, -Transferred:   	       32 MiB / 32 MiB, 100%, 12.000 MiB/s, ETA 0s
Transferred:            0 / 1, 0%
Elapsed time:         2.5s
Transferring:
 *   aicup_esg2026_submit_artifacts.zip.part-006:  0% / off, 12.000 MiB/s, -Transferred:   	       40 MiB / 40 MiB, 100%, 12.000 MiB/s, ETA 0s
Transferred:            0 / 1, 0%
Elapsed time:         3.0s
Transferring:
 *   aicup_esg2026_submit_artifacts.zip.part-006:  0% / off, 12.000 MiB/s, -Transferred:   	       56 MiB / 56 MiB, 100%, 13.333 MiB/s, ETA 0s
Transferred:            0 / 1, 0%
Elapsed time:         3.5s
Transferring:
 *   aicup_esg2026_submit_artifacts.zip.part-006:  0% / off, 13.333 MiB/s, -Transferred:   	       64 MiB / 64 MiB, 100%, 16.000 MiB/s, ETA 0s
Transferred:            0 / 1, 0%
Elapsed time:         4.0s
Transferring:
 *   aicup_esg2026_submit_artifacts.zip.part-006:  0% / off, 16.000 MiB/s, -Transferred:   	       72 MiB / 72 MiB, 100%, 16.000 MiB/s, ETA 0s
Transferred:            0 / 1, 0%
Elapsed time:         4.5s
Transferring:
 *   aicup_esg2026_submit_artifacts.zip.part-006:  0% / off, 16.000 MiB/s, -Transferred:   	       88 MiB / 88 MiB, 100%, 16.000 MiB/s, ETA 0s
Transferred:            0 / 1, 0%
Elapsed time:         5.0s
Transferring:
 *   aicup_esg2026_submit_artifacts.zip.part-006:  0% / off, 16.000 MiB/s, -Transferred:   	       96 MiB / 96 MiB, 100%, 17.600 MiB/s, ETA 0s
Transferred:            0 / 1, 0%
Elapsed time:         5.5s
Transferring:
 *   aicup_esg2026_submit_artifacts.zip.part-006:  0% / off, 17.600 MiB/s, -Transferred:   	      104 MiB / 104 MiB, 100%, 17.333 MiB/s, ETA 0s
Transferred:            0 / 1, 0%
Elapsed time:         6.0s
Transferring:
 *   aicup_esg2026_submit_artifacts.zip.part-006:  0% / off, 17.333 MiB/s, -Transferred:   	      112 MiB / 112 MiB, 100%, 17.333 MiB/s, ETA 0s
Transferred:            0 / 1, 0%
Elapsed time:         6.5s
Transferring:
 *   aicup_esg2026_submit_artifacts.zip.part-006:  0% / off, 17.333 MiB/s, -Transferred:   	      128 MiB / 128 MiB, 100%, 18.286 MiB/s, ETA 0s
Transferred:            0 / 1, 0%
Elapsed time:         7.0s
Transferring:
 *   aicup_esg2026_submit_artifacts.zip.part-006:  0% / off, 18.286 MiB/s, -Transferred:   	      136 MiB / 136 MiB, 100%, 18.286 MiB/s, ETA 0s
Transferred:            0 / 1, 0%
Elapsed time:         7.5s
Transferring:
 *   aicup_esg2026_submit_artifacts.zip.part-006:  0% / off, 18.286 MiB/s, -Transferred:   	      144 MiB / 144 MiB, 100%, 18.000 MiB/s, ETA 0s
Transferred:            0 / 1, 0%
Elapsed time:         8.0s
Transferring:
 *   aicup_esg2026_submit_artifacts.zip.part-006:  0% / off, 18.000 MiB/s, -Transferred:   	      160 MiB / 160 MiB, 100%, 18.000 MiB/s, ETA 0s
Transferred:            0 / 1, 0%
Elapsed time:         8.5s
Transferring:
 *   aicup_esg2026_submit_artifacts.zip.part-006:  0% / off, 18.000 MiB/s, -Transferred:   	      168 MiB / 168 MiB, 100%, 18.000 MiB/s, ETA 0s
Transferred:            0 / 1, 0%
Elapsed time:         9.0s
Transferring:
 *   aicup_esg2026_submit_artifacts.zip.part-006:  0% / off, 18.000 MiB/s, -Transferred:   	      184 MiB / 184 MiB, 100%, 18.667 MiB/s, ETA 0s
Transferred:            0 / 1, 0%
Elapsed time:         9.5s
Transferring:
 *   aicup_esg2026_submit_artifacts.zip.part-006:  0% / off, 18.667 MiB/s, -Transferred:   	      192 MiB / 192 MiB, 100%, 19.200 MiB/s, ETA 0s
Transferred:            0 / 1, 0%
Elapsed time:        10.0s
Transferring:
 *   aicup_esg2026_submit_artifacts.zip.part-006:  0% / off, 19.200 MiB/s, -Transferred:   	  200.996 MiB / 200.996 MiB, 100%, 19.200 MiB/s, ETA 0s
Transferred:            0 / 1, 0%
Elapsed time:        10.5s
Transferring:
 *   aicup_esg2026_submit_artifacts.zip.part-006:  0% / off, 19.200 MiB/s, -Transferred:   	      216 MiB / 216 MiB, 100%, 19.636 MiB/s, ETA 0s
Transferred:            0 / 1, 0%
Elapsed time:        11.0s
Transferring:
 *   aicup_esg2026_submit_artifacts.zip.part-006:  0% / off, 19.636 MiB/s, -Transferred:   	      224 MiB / 224 MiB, 100%, 19.636 MiB/s, ETA 0s
Transferred:            0 / 1, 0%
Elapsed time:        11.5s
Transferring:
 *   aicup_esg2026_submit_artifacts.zip.part-006:  0% / off, 19.636 MiB/s, -Transferred:   	      232 MiB / 232 MiB, 100%, 19.636 MiB/s, ETA 0s
Transferred:            0 / 1, 0%
Elapsed time:        12.0s
Transferring:
 *   aicup_esg2026_submit_artifacts.zip.part-006:  0% / off, 19.333 MiB/s, -Transferred:   	      248 MiB / 248 MiB, 100%, 19.333 MiB/s, ETA 0s
Transferred:            0 / 1, 0%
Elapsed time:        12.5s
Transferring:
 *   aicup_esg2026_submit_artifacts.zip.part-006:  0% / off, 19.333 MiB/s, -Transferred:   	      256 MiB / 256 MiB, 100%, 19.333 MiB/s, ETA 0s
Transferred:            0 / 1, 0%
Elapsed time:        13.0s
Transferring:
 *   aicup_esg2026_submit_artifacts.zip.part-006:  0% / off, 19.692 MiB/s, -Transferred:   	      264 MiB / 264 MiB, 100%, 19.692 MiB/s, ETA 0s
Transferred:            0 / 1, 0%
Elapsed time:        13.5s
Transferring:
 *   aicup_esg2026_submit_artifacts.zip.part-006:  0% / off, 19.692 MiB/s, -Transferred:   	      280 MiB / 280 MiB, 100%, 19.692 MiB/s, ETA 0s
Transferred:            0 / 1, 0%
Elapsed time:        14.0s
Transferring:
 *   aicup_esg2026_submit_artifacts.zip.part-006:  0% / off, 20.000 MiB/s, -Transferred:   	      288 MiB / 288 MiB, 100%, 20.000 MiB/s, ETA 0s
Transferred:            0 / 1, 0%
Elapsed time:        14.5s
Transferring:
 *   aicup_esg2026_submit_artifacts.zip.part-006:  0% / off, 20.000 MiB/s, -Transferred:   	      296 MiB / 296 MiB, 100%, 19.733 MiB/s, ETA 0s
Transferred:            0 / 1, 0%
Elapsed time:        15.0s
Transferring:
 *   aicup_esg2026_submit_artifacts.zip.part-006:  0% / off, 20.000 MiB/s, -Transferred:   	      312 MiB / 312 MiB, 100%, 19.733 MiB/s, ETA 0s
Transferred:            0 / 1, 0%
Elapsed time:        15.5s
Transferring:
 *   aicup_esg2026_submit_artifacts.zip.part-006:  0% / off, 19.733 MiB/s, -Transferred:   	      320 MiB / 320 MiB, 100%, 19.733 MiB/s, ETA 0s
Transferred:            0 / 1, 0%
Elapsed time:        16.0s
Transferring:
 *   aicup_esg2026_submit_artifacts.zip.part-006:  0% / off, 20.000 MiB/s, -Transferred:   	      328 MiB / 328 MiB, 100%, 20.000 MiB/s, ETA 0s
Transferred:            0 / 1, 0%
Elapsed time:        16.5s
Transferring:
 *   aicup_esg2026_submit_artifacts.zip.part-006:  0% / off, 20.000 MiB/s, -Transferred:   	      344 MiB / 344 MiB, 100%, 20.000 MiB/s, ETA 0s
Transferred:            0 / 1, 0%
Elapsed time:        17.0s
Transferring:
 *   aicup_esg2026_submit_artifacts.zip.part-006:  0% / off, 20.250 MiB/s, -Transferred:   	      352 MiB / 352 MiB, 100%, 20.250 MiB/s, ETA 0s
Transferred:            0 / 1, 0%
Elapsed time:        17.5s
Transferring:
 *   aicup_esg2026_submit_artifacts.zip.part-006:  0% / off, 20.250 MiB/s, -Transferred:   	      368 MiB / 368 MiB, 100%, 20.250 MiB/s, ETA 0s
Transferred:            0 / 1, 0%
Elapsed time:        18.0s
Transferring:
 *   aicup_esg2026_submit_artifacts.zip.part-006:  0% / off, 20.250 MiB/s, -Transferred:   	      376 MiB / 376 MiB, 100%, 20.484 MiB/s, ETA 0s
Transferred:            0 / 1, 0%
Elapsed time:        18.5s
Transferring:
 *   aicup_esg2026_submit_artifacts.zip.part-006:  0% / off, 20.484 MiB/s, -Transferred:   	      384 MiB / 384 MiB, 100%, 20.484 MiB/s, ETA 0s
Transferred:            0 / 1, 0%
Elapsed time:        19.0s
Transferring:
 *   aicup_esg2026_submit_artifacts.zip.part-006:  0% / off, 20.484 MiB/s, -Transferred:   	      392 MiB / 392 MiB, 100%, 20.204 MiB/s, ETA 0s
Transferred:            0 / 1, 0%
Elapsed time:        19.5s
Transferring:
 *   aicup_esg2026_submit_artifacts.zip.part-006:  0% / off, 20.204 MiB/s, -Transferred:   	      408 MiB / 408 MiB, 100%, 20.204 MiB/s, ETA 0s
Transferred:            0 / 1, 0%
Elapsed time:        20.0s
Transferring:
 *   aicup_esg2026_submit_artifacts.zip.part-006:  0% / off, 20.441 MiB/s, -Transferred:   	      416 MiB / 416 MiB, 100%, 20.441 MiB/s, ETA 0s
Transferred:            0 / 1, 0%
Elapsed time:        20.5s
Transferring:
 *   aicup_esg2026_submit_artifacts.zip.part-006:  0% / off, 20.441 MiB/s, -Transferred:   	      424 MiB / 424 MiB, 100%, 20.441 MiB/s, ETA 0s
Transferred:            0 / 1, 0%
Elapsed time:        21.0s
Transferring:
 *   aicup_esg2026_submit_artifacts.zip.part-006:  0% / off, 20.164 MiB/s, -Transferred:   	      432 MiB / 432 MiB, 100%, 20.164 MiB/s, ETA 0s
Transferred:            0 / 1, 0%
Elapsed time:        21.5s
Transferring:
 *   aicup_esg2026_submit_artifacts.zip.part-006:  0% / off, 20.164 MiB/s, -Transferred:   	      448 MiB / 448 MiB, 100%, 20.164 MiB/s, ETA 0s
Transferred:            0 / 1, 0%
Elapsed time:        22.0s
Transferring:
 *   aicup_esg2026_submit_artifacts.zip.part-006:  0% / off, 20.404 MiB/s, -Transferred:   	      456 MiB / 456 MiB, 100%, 20.404 MiB/s, ETA 0s
Transferred:            0 / 1, 0%
Elapsed time:        22.5s
Transferring:
 *   aicup_esg2026_submit_artifacts.zip.part-006:  0% / off, 20.404 MiB/s, -Transferred:   	      464 MiB / 464 MiB, 100%, 20.404 MiB/s, ETA 0s
Transferred:            0 / 1, 0%
Elapsed time:        23.0s
Transferring:
 *   aicup_esg2026_submit_artifacts.zip.part-006:  0% / off, 20.128 MiB/s, -Transferred:   	      480 MiB / 480 MiB, 100%, 20.128 MiB/s, ETA 0s
Transferred:            0 / 1, 0%
Elapsed time:        23.5s
Transferring:
 *   aicup_esg2026_submit_artifacts.zip.part-006:  0% / off, 20.128 MiB/s, -Transferred:   	      488 MiB / 488 MiB, 100%, 20.128 MiB/s, ETA 0s
Transferred:            0 / 1, 0%
Elapsed time:        24.0s
Transferring:
 *   aicup_esg2026_submit_artifacts.zip.part-006:  0% / off, 20.370 MiB/s, -Transferred:   	      496 MiB / 496 MiB, 100%, 20.370 MiB/s, ETA 0s
Transferred:            0 / 1, 0%
Elapsed time:        24.5s
Transferring:
 *   aicup_esg2026_submit_artifacts.zip.part-006:  0% / off, 20.370 MiB/s, -Transferred:   	      504 MiB / 504 MiB, 100%, 20.370 MiB/s, ETA 0s
Transferred:            0 / 1, 0%
Elapsed time:        25.0s
Transferring:
 *   aicup_esg2026_submit_artifacts.zip.part-006:  0% / off, 20.097 MiB/s, -Transferred:   	      520 MiB / 520 MiB, 100%, 20.097 MiB/s, ETA 0s
Transferred:            0 / 1, 0%
Elapsed time:        25.5s
Transferring:
 *   aicup_esg2026_submit_artifacts.zip.part-006:  0% / off, 20.097 MiB/s, -Transferred:   	      528 MiB / 528 MiB, 100%, 20.341 MiB/s, ETA 0s
Transferred:            0 / 1, 0%
Elapsed time:        26.0s
Transferring:
 *   aicup_esg2026_submit_artifacts.zip.part-006:  0% / off, 20.341 MiB/s, -Transferred:   	      544 MiB / 544 MiB, 100%, 20.341 MiB/s, ETA 0s
Transferred:            0 / 1, 0%
Elapsed time:        26.5s
Transferring:
 *   aicup_esg2026_submit_artifacts.zip.part-006:  0% / off, 20.341 MiB/s, -Transferred:   	      552 MiB / 552 MiB, 100%, 20.570 MiB/s, ETA 0s
Transferred:            0 / 1, 0%
Elapsed time:        27.0s
Transferring:
 *   aicup_esg2026_submit_artifacts.zip.part-006:  0% / off, 20.570 MiB/s, -Transferred:   	      568 MiB / 568 MiB, 100%, 20.570 MiB/s, ETA 0s
Transferred:            0 / 1, 0%
Elapsed time:        27.5s
Transferring:
 *   aicup_esg2026_submit_artifacts.zip.part-006:  0% / off, 20.570 MiB/s, -Transferred:   	      576 MiB / 576 MiB, 100%, 20.570 MiB/s, ETA 0s
Transferred:            0 / 1, 0%
Elapsed time:        28.0s
Transferring:
 *   aicup_esg2026_submit_artifacts.zip.part-006:  0% / off, 20.784 MiB/s, -Transferred:   	      584 MiB / 584 MiB, 100%, 20.784 MiB/s, ETA 0s
Transferred:            0 / 1, 0%
Elapsed time:        28.5s
Transferring:
 *   aicup_esg2026_submit_artifacts.zip.part-006:  0% / off, 20.784 MiB/s, -Transferred:   	      592 MiB / 592 MiB, 100%, 20.485 MiB/s, ETA 0s
Transferred:            0 / 1, 0%
Elapsed time:        29.0s
Transferring:
 *   aicup_esg2026_submit_artifacts.zip.part-006:  0% / off, 20.485 MiB/s, -Transferred:   	      608 MiB / 608 MiB, 100%, 20.485 MiB/s, ETA 0s
Transferred:            0 / 1, 0%
Elapsed time:        29.5s
Transferring:
 *   aicup_esg2026_submit_artifacts.zip.part-006:  0% / off, 20.485 MiB/s, -Transferred:   	      616 MiB / 616 MiB, 100%, 20.485 MiB/s, ETA 0s
Transferred:            0 / 1, 0%
Elapsed time:        30.0s
Transferring:
 *   aicup_esg2026_submit_artifacts.zip.part-006:  0% / off, 20.705 MiB/s, -Transferred:   	      624 MiB / 624 MiB, 100%, 20.705 MiB/s, ETA 0s
Transferred:            0 / 1, 0%
Elapsed time:        30.5s
Transferring:
 *   aicup_esg2026_submit_artifacts.zip.part-006:  0% / off, 20.705 MiB/s, -Transferred:   	      632 MiB / 632 MiB, 100%, 20.411 MiB/s, ETA 0s
Transferred:            0 / 1, 0%
Elapsed time:        31.0s
Transferring:
 *   aicup_esg2026_submit_artifacts.zip.part-006:  0% / off, 20.411 MiB/s, -Transferred:   	      648 MiB / 648 MiB, 100%, 20.411 MiB/s, ETA 0s
Transferred:            0 / 1, 0%
Elapsed time:        31.5s
Transferring:
 *   aicup_esg2026_submit_artifacts.zip.part-006:  0% / off, 20.411 MiB/s, -Transferred:   	      656 MiB / 656 MiB, 100%, 20.411 MiB/s, ETA 0s
Transferred:            0 / 1, 0%
Elapsed time:        32.0s
Transferring:
 *   aicup_esg2026_submit_artifacts.zip.part-006:  0% / off, 20.635 MiB/s, -Transferred:   	      664 MiB / 664 MiB, 100%, 20.635 MiB/s, ETA 0s
Transferred:            0 / 1, 0%
Elapsed time:        32.5s
Transferring:
 *   aicup_esg2026_submit_artifacts.zip.part-006:  0% / off, 20.635 MiB/s, -Transferred:   	  674.996 MiB / 674.996 MiB, 100%, 20.635 MiB/s, ETA 0s
Transferred:            0 / 1, 0%
Elapsed time:        33.0s
Transferring:
 *   aicup_esg2026_submit_artifacts.zip.part-006:  0% / off, 20.533 MiB/s, -Transferred:   	      688 MiB / 688 MiB, 100%, 20.533 MiB/s, ETA 0s
Transferred:            0 / 1, 0%
Elapsed time:        33.5s
Transferring:
 *   aicup_esg2026_submit_artifacts.zip.part-006:  0% / off, 20.533 MiB/s, -Transferred:   	      696 MiB / 696 MiB, 100%, 20.562 MiB/s, ETA 0s
Transferred:            0 / 1, 0%
Elapsed time:        34.0s
Transferring:
 *   aicup_esg2026_submit_artifacts.zip.part-006:  0% / off, 20.562 MiB/s, -Transferred:   	      704 MiB / 704 MiB, 100%, 20.562 MiB/s, ETA 0s
Transferred:            0 / 1, 0%
Elapsed time:        34.5s
Transferring:
 *   aicup_esg2026_submit_artifacts.zip.part-006:  0% / off, 20.562 MiB/s, -Transferred:   	      720 MiB / 720 MiB, 100%, 20.777 MiB/s, ETA 0s
Transferred:            0 / 1, 0%
Elapsed time:        35.0s
Transferring:
 *   aicup_esg2026_submit_artifacts.zip.part-006:  0% / off, 20.777 MiB/s, -Transferred:   	      728 MiB / 728 MiB, 100%, 20.777 MiB/s, ETA 0s
Transferred:            0 / 1, 0%
Elapsed time:        35.5s
Transferring:
 *   aicup_esg2026_submit_artifacts.zip.part-006:  0% / off, 20.777 MiB/s, -Transferred:   	      736 MiB / 736 MiB, 100%, 20.478 MiB/s, ETA 0s
Transferred:            0 / 1, 0%
Elapsed time:        36.0s
Transferring:
 *   aicup_esg2026_submit_artifacts.zip.part-006:  0% / off, 20.478 MiB/s, -Transferred:   	      752 MiB / 752 MiB, 100%, 20.478 MiB/s, ETA 0s
Transferred:            0 / 1, 0%
Elapsed time:        36.5s
Transferring:
 *   aicup_esg2026_submit_artifacts.zip.part-006:  0% / off, 20.478 MiB/s, -Transferred:   	      760 MiB / 760 MiB, 100%, 20.478 MiB/s, ETA 0s
Transferred:            0 / 1, 0%
Elapsed time:        37.0s
Transferring:
 *   aicup_esg2026_submit_artifacts.zip.part-006:  0% / off, 20.699 MiB/s, -Transferred:   	      768 MiB / 768 MiB, 100%, 20.699 MiB/s, ETA 0s
Transferred:            0 / 1, 0%
Elapsed time:        37.5s
Transferring:
 *   aicup_esg2026_submit_artifacts.zip.part-006:  0% / off, 20.699 MiB/s, -Transferred:   	      776 MiB / 776 MiB, 100%, 20.405 MiB/s, ETA 0s
Transferred:            0 / 1, 0%
Elapsed time:        38.0s
Transferring:
 *   aicup_esg2026_submit_artifacts.zip.part-006:  0% / off, 20.405 MiB/s, -Transferred:   	      792 MiB / 792 MiB, 100%, 20.405 MiB/s, ETA 0s
Transferred:            0 / 1, 0%
Elapsed time:        38.5s
Transferring:
 *   aicup_esg2026_submit_artifacts.zip.part-006:  0% / off, 20.405 MiB/s, -Transferred:   	      808 MiB / 808 MiB, 100%, 21.130 MiB/s, ETA 0s
Transferred:            0 / 1, 0%
Elapsed time:        39.0s
Transferring:
 *   aicup_esg2026_submit_artifacts.zip.part-006:  0% / off, 21.130 MiB/s, -Transferred:   	      816 MiB / 816 MiB, 100%, 21.130 MiB/s, ETA 0s
Transferred:            0 / 1, 0%
Elapsed time:        39.5s
Transferring:
 *   aicup_esg2026_submit_artifacts.zip.part-006:  0% / off, 21.130 MiB/s, -Transferred:   	      824 MiB / 824 MiB, 100%, 20.809 MiB/s, ETA 0s
Transferred:            0 / 1, 0%
Elapsed time:        40.0s
Transferring:
 *   aicup_esg2026_submit_artifacts.zip.part-006:  0% / off, 20.809 MiB/s, -Transferred:   	      840 MiB / 840 MiB, 100%, 20.809 MiB/s, ETA 0s
Transferred:            0 / 1, 0%
Elapsed time:        40.5s
Transferring:
 *   aicup_esg2026_submit_artifacts.zip.part-006:  0% / off, 20.809 MiB/s, -Transferred:   	      848 MiB / 848 MiB, 100%, 20.809 MiB/s, ETA 0s
Transferred:            0 / 1, 0%
Elapsed time:        41.0s
Transferring:
 *   aicup_esg2026_submit_artifacts.zip.part-006:  0% / off, 21.008 MiB/s, -Transferred:   	      856 MiB / 856 MiB, 100%, 21.008 MiB/s, ETA 0s
Transferred:            0 / 1, 0%
Elapsed time:        41.5s
Transferring:
 *   aicup_esg2026_submit_artifacts.zip.part-006:  0% / off, 21.008 MiB/s, -Transferred:   	      864 MiB / 864 MiB, 100%, 20.695 MiB/s, ETA 0s
Transferred:            0 / 1, 0%
Elapsed time:        42.0s
Transferring:
 *   aicup_esg2026_submit_artifacts.zip.part-006:  0% / off, 20.695 MiB/s, -Transferred:   	      880 MiB / 880 MiB, 100%, 20.695 MiB/s, ETA 0s
Transferred:            0 / 1, 0%
Elapsed time:        42.5s
Transferring:
 *   aicup_esg2026_submit_artifacts.zip.part-006:  0% / off, 20.695 MiB/s, -Transferred:   	      888 MiB / 888 MiB, 100%, 20.695 MiB/s, ETA 0s
Transferred:            0 / 1, 0%
Elapsed time:        43.0s
Transferring:
 *   aicup_esg2026_submit_artifacts.zip.part-006:  0% / off, 20.902 MiB/s, -Transferred:   	      896 MiB / 896 MiB, 100%, 20.902 MiB/s, ETA 0s
Transferred:            0 / 1, 0%
Elapsed time:        43.5s
Transferring:
 *   aicup_esg2026_submit_artifacts.zip.part-006:  0% / off, 20.902 MiB/s, -Transferred:   	      912 MiB / 912 MiB, 100%, 21.096 MiB/s, ETA 0s
Transferred:            0 / 1, 0%
Elapsed time:        44.0s
Transferring:
 *   aicup_esg2026_submit_artifacts.zip.part-006:  0% / off, 21.096 MiB/s, -Transferred:   	      920 MiB / 920 MiB, 100%, 21.096 MiB/s, ETA 0s
Transferred:            0 / 1, 0%
Elapsed time:        44.5s
Transferring:
 *   aicup_esg2026_submit_artifacts.zip.part-006:  0% / off, 21.096 MiB/s, -Transferred:   	      936 MiB / 936 MiB, 100%, 21.277 MiB/s, ETA 0s
Transferred:            0 / 1, 0%
Elapsed time:        45.0s
Transferring:
 *   aicup_esg2026_submit_artifacts.zip.part-006:  0% / off, 21.277 MiB/s, -Transferred:   	      944 MiB / 944 MiB, 100%, 21.277 MiB/s, ETA 0s
Transferred:            0 / 1, 0%
Elapsed time:        45.5s
Transferring:
 *   aicup_esg2026_submit_artifacts.zip.part-006:  0% / off, 21.277 MiB/s, -Transferred:   	      960 MiB / 960 MiB, 100%, 21.277 MiB/s, ETA 0s
Transferred:            0 / 1, 0%
Elapsed time:        46.0s
Transferring:
 *   aicup_esg2026_submit_artifacts.zip.part-006:  0% / off, 21.447 MiB/s, -Transferred:   	      968 MiB / 968 MiB, 100%, 21.447 MiB/s, ETA 0s
Transferred:            0 / 1, 0%
Elapsed time:        46.5s
Transferring:
 *   aicup_esg2026_submit_artifacts.zip.part-006:  0% / off, 21.447 MiB/s, -Transferred:   	      976 MiB / 976 MiB, 100%, 21.447 MiB/s, ETA 0s
Transferred:            0 / 1, 0%
Elapsed time:        47.0s
Transferring:
 *   aicup_esg2026_submit_artifacts.zip.part-006:  0% / off, 21.107 MiB/s, -Transferred:   	      984 MiB / 984 MiB, 100%, 21.107 MiB/s, ETA 0s
Transferred:            0 / 1, 0%
Elapsed time:        47.5s
Transferring:
 *   aicup_esg2026_submit_artifacts.zip.part-006:  0% / off, 21.107 MiB/s, -Transferred:   	     1000 MiB / 1000 MiB, 100%, 21.288 MiB/s, ETA 0s
Transferred:            0 / 1, 0%
Elapsed time:        48.0s
Transferring:
 *   aicup_esg2026_submit_artifacts.zip.part-006:  0% / off, 21.288 MiB/s, -Transferred:   	     1008 MiB / 1008 MiB, 100%, 21.288 MiB/s, ETA 0s
Transferred:            0 / 1, 0%
Elapsed time:        48.5s
Transferring:
 *   aicup_esg2026_submit_artifacts.zip.part-006:  0% / off, 21.288 MiB/s, -Transferred:   	     1016 MiB / 1016 MiB, 100%, 21.288 MiB/s, ETA 0s
Transferred:            0 / 1, 0%
Elapsed time:        49.0s
Transferring:
 *   aicup_esg2026_submit_artifacts.zip.part-006:  0% / off, 20.957 MiB/s, -Transferred:   	    1.001 GiB / 1.001 GiB, 100%, 20.957 MiB/s, ETA 0s
Transferred:            0 / 1, 0%
Elapsed time:        49.5s
Transferring:
 *   aicup_esg2026_submit_artifacts.zip.part-006:  0% / off, 20.957 MiB/s, -Transferred:   	    1.016 GiB / 1.016 GiB, 100%, 20.957 MiB/s, ETA 0s
Transferred:            0 / 1, 0%
Elapsed time:        50.0s
Transferring:
 *   aicup_esg2026_submit_artifacts.zip.part-006:  0% / off, 20.957 MiB/s, -Transferred:   	    1.023 GiB / 1.023 GiB, 100%, 21.147 MiB/s, ETA 0s
Transferred:            0 / 1, 0%
Elapsed time:        50.5s
Transferring:
 *   aicup_esg2026_submit_artifacts.zip.part-006:  0% / off, 21.147 MiB/s, -Transferred:   	    1.031 GiB / 1.031 GiB, 100%, 21.147 MiB/s, ETA 0s
Transferred:            0 / 1, 0%
Elapsed time:        51.0s
Transferring:
 *   aicup_esg2026_submit_artifacts.zip.part-006:  0% / off, 20.826 MiB/s, -Transferred:   	    1.047 GiB / 1.047 GiB, 100%, 20.826 MiB/s, ETA 0s
Transferred:            0 / 1, 0%
Elapsed time:        51.5s
Transferring:
 *   aicup_esg2026_submit_artifacts.zip.part-006:  0% / off, 20.826 MiB/s, -Transferred:   	    1.055 GiB / 1.055 GiB, 100%, 20.826 MiB/s, ETA 0s
Transferred:            0 / 1, 0%
Elapsed time:        52.0s
Transferring:
 *   aicup_esg2026_submit_artifacts.zip.part-006:  0% / off, 21.024 MiB/s, -Transferred:   	    1.062 GiB / 1.062 GiB, 100%, 21.024 MiB/s, ETA 0s
Transferred:            0 / 1, 0%
Elapsed time:        52.5s
Transferring:
 *   aicup_esg2026_submit_artifacts.zip.part-006:  0% / off, 21.024 MiB/s, -Transferred:   	    1.070 GiB / 1.070 GiB, 100%, 20.710 MiB/s, ETA 0s
Transferred:            0 / 1, 0%
Elapsed time:        53.0s
Transferring:
 *   aicup_esg2026_submit_artifacts.zip.part-006:  0% / off, 20.710 MiB/s, -Transferred:   	    1.078 GiB / 1.078 GiB, 100%, 20.710 MiB/s, ETA 0s
Transferred:            0 / 1, 0%
Elapsed time:        53.5s
Transferring:
 *   aicup_esg2026_submit_artifacts.zip.part-006:  0% / off, 20.710 MiB/s, -Transferred:   	    1.094 GiB / 1.094 GiB, 100%, 20.710 MiB/s, ETA 0s
Transferred:            0 / 1, 0%
Elapsed time:        54.0s
Transferring:
 *   aicup_esg2026_submit_artifacts.zip.part-006:  0% / off, 20.710 MiB/s, -Transferred:   	    1.102 GiB / 1.102 GiB, 100%, 20.916 MiB/s, ETA 0s
Transferred:            0 / 1, 0%
Elapsed time:        54.5s
Transferring:
 *   aicup_esg2026_submit_artifacts.zip.part-006:  0% / off, 20.916 MiB/s, -Transferred:   	    1.117 GiB / 1.117 GiB, 100%, 20.916 MiB/s, ETA 0s
Transferred:            0 / 1, 0%
Elapsed time:        55.0s
Transferring:
 *   aicup_esg2026_submit_artifacts.zip.part-006:  0% / off, 20.916 MiB/s, -Transferred:   	    1.125 GiB / 1.125 GiB, 100%, 21.108 MiB/s, ETA 0s
Transferred:            0 / 1, 0%
Elapsed time:        55.5s
Transferring:
 *   aicup_esg2026_submit_artifacts.zip.part-006:  0% / off, 21.108 MiB/s, -Transferred:   	    1.133 GiB / 1.133 GiB, 100%, 21.108 MiB/s, ETA 0s
Transferred:            0 / 1, 0%
Elapsed time:        56.0s
Transferring:
 *   aicup_esg2026_submit_artifacts.zip.part-006:  0% / off, 20.789 MiB/s, -Transferred:   	    1.148 GiB / 1.148 GiB, 100%, 20.789 MiB/s, ETA 0s
Transferred:            0 / 1, 0%
Elapsed time:        56.5s
Transferring:
 *   aicup_esg2026_submit_artifacts.zip.part-006:  0% / off, 20.789 MiB/s, -Transferred:   	    1.156 GiB / 1.156 GiB, 100%, 20.789 MiB/s, ETA 0s
Transferred:            0 / 1, 0%
Elapsed time:        57.0s
Transferring:
 *   aicup_esg2026_submit_artifacts.zip.part-006:  0% / off, 20.990 MiB/s, -Transferred:   	    1.164 GiB / 1.164 GiB, 100%, 20.990 MiB/s, ETA 0s
Transferred:            0 / 1, 0%
Elapsed time:        57.5s
Transferring:
 *   aicup_esg2026_submit_artifacts.zip.part-006:  0% / off, 20.990 MiB/s, -Transferred:   	    1.172 GiB / 1.172 GiB, 100%, 20.990 MiB/s, ETA 0s
Transferred:            0 / 1, 0%
Elapsed time:        58.0s
Transferring:
 *   aicup_esg2026_submit_artifacts.zip.part-006:  0% / off, 20.990 MiB/s, -Transferred:   	    1.188 GiB / 1.188 GiB, 100%, 20.678 MiB/s, ETA 0s
Transferred:            0 / 1, 0%
Elapsed time:        58.5s
Transferring:
 *   aicup_esg2026_submit_artifacts.zip.part-006:  0% / off, 20.678 MiB/s, -Transferred:   	    1.195 GiB / 1.195 GiB, 100%, 20.886 MiB/s, ETA 0s
Transferred:            0 / 1, 0%
Elapsed time:        59.0s
Transferring:
 *   aicup_esg2026_submit_artifacts.zip.part-006:  0% / off, 20.886 MiB/s, -Transferred:   	    1.208 GiB / 1.208 GiB, 100%, 20.886 MiB/s, ETA 0s
Transferred:            0 / 1, 0%
Elapsed time:        59.5s
Transferring:
 *   aicup_esg2026_submit_artifacts.zip.part-006:  0% / off, 20.886 MiB/s, -Transferred:   	    1.215 GiB / 1.215 GiB, 100%, 20.830 MiB/s, ETA 0s
Transferred:            0 / 1, 0%
Elapsed time:       1m0.0s
Transferring:
 *   aicup_esg2026_submit_artifacts.zip.part-006:  0% / off, 20.830 MiB/s, -Transferred:   	    1.227 GiB / 1.227 GiB, 100%, 20.830 MiB/s, ETA 0s
Transferred:            0 / 1, 0%
Elapsed time:       1m0.5s
Transferring:
 *   aicup_esg2026_submit_artifacts.zip.part-006:  0% / off, 20.830 MiB/s, -Transferred:   	    1.242 GiB / 1.242 GiB, 100%, 20.830 MiB/s, ETA 0s
Transferred:            0 / 1, 0%
Elapsed time:       1m1.0s
Transferring:
 *   aicup_esg2026_submit_artifacts.zip.part-006:  0% / off, 21.278 MiB/s, -Transferred:   	    1.250 GiB / 1.250 GiB, 100%, 21.278 MiB/s, ETA 0s
Transferred:            0 / 1, 0%
Elapsed time:       1m1.5s
Transferring:
 *   aicup_esg2026_submit_artifacts.zip.part-006:  0% / off, 21.278 MiB/s, -Transferred:   	    1.258 GiB / 1.258 GiB, 100%, 20.948 MiB/s, ETA 0s
Transferred:            0 / 1, 0%
Elapsed time:       1m2.0s
Transferring:
 *   aicup_esg2026_submit_artifacts.zip.part-006:  0% / off, 20.948 MiB/s, -Transferred:   	    1.273 GiB / 1.273 GiB, 100%, 20.948 MiB/s, ETA 0s
Transferred:            0 / 1, 0%
Elapsed time:       1m2.5s
Transferring:
 *   aicup_esg2026_submit_artifacts.zip.part-006:  0% / off, 20.948 MiB/s, -Transferred:   	    1.281 GiB / 1.281 GiB, 100%, 20.948 MiB/s, ETA 0s
Transferred:            0 / 1, 0%
Elapsed time:       1m3.0s
Transferring:
 *   aicup_esg2026_submit_artifacts.zip.part-006:  0% / off, 21.139 MiB/s, -Transferred:   	    1.289 GiB / 1.289 GiB, 100%, 21.139 MiB/s, ETA 0s
Transferred:            0 / 1, 0%
Elapsed time:       1m3.5s
Transferring:
 *   aicup_esg2026_submit_artifacts.zip.part-006:  0% / off, 21.139 MiB/s, -Transferred:   	    1.300 GiB / 1.300 GiB, 100%, 21.139 MiB/s, ETA 0s
Transferred:            0 / 1, 0%
Elapsed time:       1m4.0s
Transferring:
 *   aicup_esg2026_submit_artifacts.zip.part-006:  0% / off, 21.005 MiB/s, -Transferred:   	    1.312 GiB / 1.312 GiB, 100%, 21.005 MiB/s, ETA 0s
Transferred:            0 / 1, 0%
Elapsed time:       1m4.5s
Transferring:
 *   aicup_esg2026_submit_artifacts.zip.part-006:  0% / off, 21.005 MiB/s, -Transferred:   	    1.320 GiB / 1.320 GiB, 100%, 21.005 MiB/s, ETA 0s
Transferred:            0 / 1, 0%
Elapsed time:       1m5.0s
Transferring:
 *   aicup_esg2026_submit_artifacts.zip.part-006:  0% / off, 21.005 MiB/s, -Transferred:   	    1.328 GiB / 1.328 GiB, 100%, 21.005 MiB/s, ETA 0s
Transferred:            0 / 1, 0%
Elapsed time:       1m5.5s
Transferring:
 *   aicup_esg2026_submit_artifacts.zip.part-006:  0% / off, 21.005 MiB/s, -Transferred:   	    1.344 GiB / 1.344 GiB, 100%, 21.005 MiB/s, ETA 0s
Transferred:            0 / 1, 0%
Elapsed time:       1m6.0s
Transferring:
 *   aicup_esg2026_submit_artifacts.zip.part-006:  0% / off, 21.005 MiB/s, -Transferred:   	    1.359 GiB / 1.359 GiB, 100%, 21.192 MiB/s, ETA 0s
Transferred:            0 / 1, 0%
Elapsed time:       1m6.5s
Transferring:
 *   aicup_esg2026_submit_artifacts.zip.part-006:  0% / off, 21.192 MiB/s, -Transferred:   	    1.367 GiB / 1.367 GiB, 100%, 21.368 MiB/s, ETA 0s
Transferred:            0 / 1, 0%
Elapsed time:       1m7.0s
Transferring:
 *   aicup_esg2026_submit_artifacts.zip.part-006:  0% / off, 21.368 MiB/s, -Transferred:   	    1.375 GiB / 1.375 GiB, 100%, 21.368 MiB/s, ETA 0s
Transferred:            0 / 1, 0%
Elapsed time:       1m7.5s
Transferring:
 *   aicup_esg2026_submit_artifacts.zip.part-006:  0% / off, 21.368 MiB/s, -Transferred:   	    1.391 GiB / 1.391 GiB, 100%, 21.368 MiB/s, ETA 0s
Transferred:            0 / 1, 0%
Elapsed time:       1m8.0s
Transferring:
 *   aicup_esg2026_submit_artifacts.zip.part-006:  0% / off, 21.532 MiB/s, -Transferred:   	    1.398 GiB / 1.398 GiB, 100%, 21.532 MiB/s, ETA 0s
Transferred:            0 / 1, 0%
Elapsed time:       1m8.5s
Transferring:
 *   aicup_esg2026_submit_artifacts.zip.part-006:  0% / off, 21.532 MiB/s, -Transferred:   	    1.406 GiB / 1.406 GiB, 100%, 21.532 MiB/s, ETA 0s
Transferred:            0 / 1, 0%
Elapsed time:       1m9.0s
Transferring:
 *   aicup_esg2026_submit_artifacts.zip.part-006:  0% / off, 21.532 MiB/s, -Transferred:   	    1.414 GiB / 1.414 GiB, 100%, 21.187 MiB/s, ETA 0s
Transferred:            0 / 1, 0%
Elapsed time:       1m9.5s
Transferring:
 *   aicup_esg2026_submit_artifacts.zip.part-006:  0% / off, 21.187 MiB/s, -Transferred:   	    1.430 GiB / 1.430 GiB, 100%, 21.187 MiB/s, ETA 0s
Transferred:            0 / 1, 0%
Elapsed time:      1m10.0s
Transferring:
 *   aicup_esg2026_submit_artifacts.zip.part-006:  0% / off, 21.362 MiB/s, -Transferred:   	    1.438 GiB / 1.438 GiB, 100%, 21.362 MiB/s, ETA 0s
Transferred:            0 / 1, 0%
Elapsed time:      1m10.5s
Transferring:
 *   aicup_esg2026_submit_artifacts.zip.part-006:  0% / off, 21.362 MiB/s, -Transferred:   	    1.445 GiB / 1.445 GiB, 100%, 21.027 MiB/s, ETA 0s
Transferred:            0 / 1, 0%
Elapsed time:      1m11.0s
Transferring:
 *   aicup_esg2026_submit_artifacts.zip.part-006:  0% / off, 21.027 MiB/s, -Transferred:   	    1.461 GiB / 1.461 GiB, 100%, 21.027 MiB/s, ETA 0s
Transferred:            0 / 1, 0%
Elapsed time:      1m11.5s
Transferring:
 *   aicup_esg2026_submit_artifacts.zip.part-006:  0% / off, 21.027 MiB/s, -Transferred:   	    1.469 GiB / 1.469 GiB, 100%, 21.027 MiB/s, ETA 0s
Transferred:            0 / 1, 0%
Elapsed time:      1m12.0s
Transferring:
 *   aicup_esg2026_submit_artifacts.zip.part-006:  0% / off, 21.213 MiB/s, -Transferred:   	    1.477 GiB / 1.477 GiB, 100%, 21.213 MiB/s, ETA 0s
Transferred:            0 / 1, 0%
Elapsed time:      1m12.5s
Transferring:
 *   aicup_esg2026_submit_artifacts.zip.part-006:  0% / off, 21.213 MiB/s, -Transferred:   	    1.484 GiB / 1.484 GiB, 100%, 20.887 MiB/s, ETA 0s
Transferred:            0 / 1, 0%
Elapsed time:      1m13.0s
Transferring:
 *   aicup_esg2026_submit_artifacts.zip.part-006:  0% / off, 20.887 MiB/s, -Transferred:   	    1.500 GiB / 1.500 GiB, 100%, 20.887 MiB/s, ETA 0s
Transferred:            0 / 1, 0%
Elapsed time:      1m13.5s
Transferring:
 *   aicup_esg2026_submit_artifacts.zip.part-006:  0% / off, 20.887 MiB/s, -Transferred:   	    1.508 GiB / 1.508 GiB, 100%, 21.082 MiB/s, ETA 0s
Transferred:            0 / 1, 0%
Elapsed time:      1m14.0s
Transferring:
 *   aicup_esg2026_submit_artifacts.zip.part-006:  0% / off, 21.082 MiB/s, -Transferred:   	    1.516 GiB / 1.516 GiB, 100%, 21.082 MiB/s, ETA 0s
Transferred:            0 / 1, 0%
Elapsed time:      1m14.5s
Transferring:
 *   aicup_esg2026_submit_artifacts.zip.part-006:  0% / off, 21.082 MiB/s, -Transferred:   	    1.528 GiB / 1.528 GiB, 100%, 21.082 MiB/s, ETA 0s
Transferred:            0 / 1, 0%
Elapsed time:      1m15.0s
Transferring:
 *   aicup_esg2026_submit_artifacts.zip.part-006:  0% / off, 21.082 MiB/s, -Transferred:   	    1.539 GiB / 1.539 GiB, 100%, 21.076 MiB/s, ETA 0s
Transferred:            0 / 1, 0%
Elapsed time:      1m15.5s
Transferring:
 *   aicup_esg2026_submit_artifacts.zip.part-006:  0% / off, 21.076 MiB/s, -Transferred:   	    1.547 GiB / 1.547 GiB, 100%, 21.076 MiB/s, ETA 0s
Transferred:            0 / 1, 0%
Elapsed time:      1m16.0s
Transferring:
 *   aicup_esg2026_submit_artifacts.zip.part-006:  0% / off, 20.947 MiB/s, -Transferred:   	    1.555 GiB / 1.555 GiB, 100%, 20.947 MiB/s, ETA 0s
Transferred:            0 / 1, 0%
Elapsed time:      1m16.5s
Transferring:
 *   aicup_esg2026_submit_artifacts.zip.part-006:  0% / off, 20.947 MiB/s, -Transferred:   	    1.570 GiB / 1.570 GiB, 100%, 20.947 MiB/s, ETA 0s
Transferred:            0 / 1, 0%
Elapsed time:      1m17.0s
Transferring:
 *   aicup_esg2026_submit_artifacts.zip.part-006:  0% / off, 20.947 MiB/s, -Transferred:   	    1.578 GiB / 1.578 GiB, 100%, 21.138 MiB/s, ETA 0s
Transferred:            0 / 1, 0%
Elapsed time:      1m17.5s
Transferring:
 *   aicup_esg2026_submit_artifacts.zip.part-006:  0% / off, 21.138 MiB/s, -Transferred:   	    1.586 GiB / 1.586 GiB, 100%, 20.817 MiB/s, ETA 0s
Transferred:            0 / 1, 0%
Elapsed time:      1m18.0s
Transferring:
 *   aicup_esg2026_submit_artifacts.zip.part-006:  0% / off, 20.817 MiB/s, -Transferred:   	    1.602 GiB / 1.602 GiB, 100%, 20.817 MiB/s, ETA 0s
Transferred:            0 / 1, 0%
Elapsed time:      1m18.5s
Transferring:
 *   aicup_esg2026_submit_artifacts.zip.part-006:  0% / off, 20.817 MiB/s, -Transferred:   	    1.609 GiB / 1.609 GiB, 100%, 21.016 MiB/s, ETA 0s
Transferred:            0 / 1, 0%
Elapsed time:      1m19.0s
Transferring:
 *   aicup_esg2026_submit_artifacts.zip.part-006:  0% / off, 21.016 MiB/s, -Transferred:   	    1.625 GiB / 1.625 GiB, 100%, 21.016 MiB/s, ETA 0s
Transferred:            0 / 1, 0%
Elapsed time:      1m19.5s
Transferring:
 *   aicup_esg2026_submit_artifacts.zip.part-006:  0% / off, 21.016 MiB/s, -Transferred:   	    1.633 GiB / 1.633 GiB, 100%, 21.202 MiB/s, ETA 0s
Transferred:            0 / 1, 0%
Elapsed time:      1m20.0s
Transferring:
 *   aicup_esg2026_submit_artifacts.zip.part-006:  0% / off, 21.202 MiB/s, -Transferred:   	    1.641 GiB / 1.641 GiB, 100%, 21.202 MiB/s, ETA 0s
Transferred:            0 / 1, 0%
Elapsed time:      1m20.5s
Transferring:
 *   aicup_esg2026_submit_artifacts.zip.part-006:  0% / off, 21.202 MiB/s, -Transferred:   	    1.648 GiB / 1.648 GiB, 100%, 21.202 MiB/s, ETA 0s
Transferred:            0 / 1, 0%
Elapsed time:      1m21.0s
Transferring:
 *   aicup_esg2026_submit_artifacts.zip.part-006:  0% / off, 20.877 MiB/s, -Transferred:   	    1.664 GiB / 1.664 GiB, 100%, 20.877 MiB/s, ETA 0s
Transferred:            0 / 1, 0%
Elapsed time:      1m21.5s
Transferring:
 *   aicup_esg2026_submit_artifacts.zip.part-006:  0% / off, 20.877 MiB/s, -Transferred:   	    1.672 GiB / 1.672 GiB, 100%, 20.877 MiB/s, ETA 0s
Transferred:            0 / 1, 0%
Elapsed time:      1m22.0s
Transferring:
 *   aicup_esg2026_submit_artifacts.zip.part-006:  0% / off, 21.072 MiB/s, -Transferred:   	    1.680 GiB / 1.680 GiB, 100%, 21.072 MiB/s, ETA 0s
Transferred:            0 / 1, 0%
Elapsed time:      1m22.5s
Transferring:
 *   aicup_esg2026_submit_artifacts.zip.part-006:  0% / off, 21.072 MiB/s, -Transferred:   	    1.695 GiB / 1.695 GiB, 100%, 21.255 MiB/s, ETA 0s
Transferred:            0 / 1, 0%
Elapsed time:      1m23.0s
Transferring:
 *   aicup_esg2026_submit_artifacts.zip.part-006:  0% / off, 21.255 MiB/s, -Transferred:   	    1.703 GiB / 1.703 GiB, 100%, 21.255 MiB/s, ETA 0s
Transferred:            0 / 1, 0%
Elapsed time:      1m23.5s
Transferring:
 *   aicup_esg2026_submit_artifacts.zip.part-006:  0% / off, 21.255 MiB/s, -Transferred:   	    1.711 GiB / 1.711 GiB, 100%, 21.255 MiB/s, ETA 0s
Transferred:            0 / 1, 0%
Elapsed time:      1m24.0s
Transferring:
 *   aicup_esg2026_submit_artifacts.zip.part-006:  0% / off, 20.927 MiB/s, -Transferred:   	    1.727 GiB / 1.727 GiB, 100%, 20.927 MiB/s, ETA 0s
Transferred:            0 / 1, 0%
Elapsed time:      1m24.5s
Transferring:
 *   aicup_esg2026_submit_artifacts.zip.part-006:  0% / off, 20.927 MiB/s, -Transferred:   	    1.734 GiB / 1.734 GiB, 100%, 20.927 MiB/s, ETA 0s
Transferred:            0 / 1, 0%
Elapsed time:      1m25.0s
Transferring:
 *   aicup_esg2026_submit_artifacts.zip.part-006:  0% / off, 21.119 MiB/s, -Transferred:   	    1.742 GiB / 1.742 GiB, 100%, 21.119 MiB/s, ETA 0s
Transferred:            0 / 1, 0%
Elapsed time:      1m25.5s
Transferring:
 *   aicup_esg2026_submit_artifacts.zip.part-006:  0% / off, 21.119 MiB/s, -Transferred:   	    1.750 GiB / 1.750 GiB, 100%, 20.799 MiB/s, ETA 0s
Transferred:            0 / 1, 0%
Elapsed time:      1m26.0s
Transferring:
 *   aicup_esg2026_submit_artifacts.zip.part-006:  0% / off, 20.799 MiB/s, -Transferred:   	    1.766 GiB / 1.766 GiB, 100%, 20.799 MiB/s, ETA 0s
Transferred:            0 / 1, 0%
Elapsed time:      1m26.5s
Transferring:
 *   aicup_esg2026_submit_artifacts.zip.part-006:  0% / off, 20.799 MiB/s, -Transferred:   	    1.773 GiB / 1.773 GiB, 100%, 20.799 MiB/s, ETA 0s
Transferred:            0 / 1, 0%
Elapsed time:      1m27.0s
Transferring:
 *   aicup_esg2026_submit_artifacts.zip.part-006:  0% / off, 20.799 MiB/s, -Transferred:   	    1.789 GiB / 1.789 GiB, 100%, 20.999 MiB/s, ETA 0s
Transferred:            0 / 1, 0%
Elapsed time:      1m27.5s
Transferring:
 *   aicup_esg2026_submit_artifacts.zip.part-006:  0% / off, 20.999 MiB/s, -Transferred:   	    1.797 GiB / 1.797 GiB, 100%, 21.186 MiB/s, ETA 0s
Transferred:            0 / 1, 0%
Elapsed time:      1m28.0s
Transferring:
 *   aicup_esg2026_submit_artifacts.zip.part-006:  0% / off, 21.186 MiB/s, -Transferred:   	    1.805 GiB / 1.805 GiB, 100%, 21.186 MiB/s, ETA 0s
Transferred:            0 / 1, 0%
Elapsed time:      1m28.5s
Transferring:
 *   aicup_esg2026_submit_artifacts.zip.part-006:  0% / off, 21.186 MiB/s, -Transferred:   	    1.820 GiB / 1.820 GiB, 100%, 21.362 MiB/s, ETA 0s
Transferred:            0 / 1, 0%
Elapsed time:      1m29.0s
Transferring:
 *   aicup_esg2026_submit_artifacts.zip.part-006:  0% / off, 21.362 MiB/s, -Transferred:   	    1.828 GiB / 1.828 GiB, 100%, 21.362 MiB/s, ETA 0s
Transferred:            0 / 1, 0%
Elapsed time:      1m29.5s
Transferring:
 *   aicup_esg2026_submit_artifacts.zip.part-006:  0% / off, 21.362 MiB/s, -Transferred:   	    1.836 GiB / 1.836 GiB, 100%, 21.027 MiB/s, ETA 0s
Transferred:            0 / 1, 0%
Elapsed time:      1m30.0s
Transferring:
 *   aicup_esg2026_submit_artifacts.zip.part-006:  0% / off, 21.027 MiB/s, -Transferred:   	    1.844 GiB / 1.844 GiB, 100%, 21.027 MiB/s, ETA 0s
Transferred:            0 / 1, 0%
Elapsed time:      1m30.5s
Transferring:
 *   aicup_esg2026_submit_artifacts.zip.part-006:  0% / off, 21.027 MiB/s, -Transferred:   	    1.859 GiB / 1.859 GiB, 100%, 21.027 MiB/s, ETA 0s
Transferred:            0 / 1, 0%
Elapsed time:      1m31.0s
Transferring:
 *   aicup_esg2026_submit_artifacts.zip.part-006:  0% / off, 21.027 MiB/s, -Transferred:   	    1.867 GiB / 1.867 GiB, 100%, 21.213 MiB/s, ETA 0s
Transferred:            0 / 1, 0%
Elapsed time:      1m31.5s
Transferring:
 *   aicup_esg2026_submit_artifacts.zip.part-006:  0% / off, 21.213 MiB/s, -Transferred:   	    1.875 GiB / 1.875 GiB, 100%, 21.213 MiB/s, ETA 0s
Transferred:            0 / 1, 0%
Elapsed time:      1m32.0s
Transferring:
 *   aicup_esg2026_submit_artifacts.zip.part-006:  0% / off, 20.887 MiB/s, -Transferred:   	    1.891 GiB / 1.891 GiB, 100%, 20.887 MiB/s, ETA 0s
Transferred:            0 / 1, 0%
Elapsed time:      1m32.5s
Transferring:
 *   aicup_esg2026_submit_artifacts.zip.part-006:  0% / off, 20.887 MiB/s, -Transferred:   	    1.898 GiB / 1.898 GiB, 100%, 21.082 MiB/s, ETA 0s
Transferred:            0 / 1, 0%
Elapsed time:      1m33.0s
Transferring:
 *   aicup_esg2026_submit_artifacts.zip.part-006:  0% / off, 21.082 MiB/s, -Transferred:   	    1.906 GiB / 1.906 GiB, 100%, 21.082 MiB/s, ETA 0s
Transferred:            0 / 1, 0%
Elapsed time:      1m33.5s
Transferring:
 *   aicup_esg2026_submit_artifacts.zip.part-006:  0% / off, 21.082 MiB/s, -Transferred:   	    1.914 GiB / 1.914 GiB, 100%, 20.764 MiB/s, ETA 0s
Transferred:            0 / 1, 0%
Elapsed time:      1m34.0s
Transferring:
 *   aicup_esg2026_submit_artifacts.zip.part-006:  0% / off, 20.764 MiB/s, -Transferred:   	    1.930 GiB / 1.930 GiB, 100%, 20.764 MiB/s, ETA 0s
Transferred:            0 / 1, 0%
Elapsed time:      1m34.5s
Transferring:
 *   aicup_esg2026_submit_artifacts.zip.part-006:  0% / off, 20.764 MiB/s, -Transferred:   	    1.938 GiB / 1.938 GiB, 100%, 20.764 MiB/s, ETA 0s
Transferred:            0 / 1, 0%
Elapsed time:      1m35.0s
Transferring:
 *   aicup_esg2026_submit_artifacts.zip.part-006:  0% / off, 20.966 MiB/s, -Transferred:   	    1.945 GiB / 1.945 GiB, 100%, 20.966 MiB/s, ETA 0s
Transferred:            0 / 1, 0%
Elapsed time:      1m35.5s
Transferring:
 *   aicup_esg2026_submit_artifacts.zip.part-006:  0% / off, 20.966 MiB/s, -Transferred:   	    1.961 GiB / 1.961 GiB, 100%, 21.156 MiB/s, ETA 0s
Transferred:            0 / 1, 0%
Elapsed time:      1m36.0s
Transferring:
 *   aicup_esg2026_submit_artifacts.zip.part-006:  0% / off, 21.156 MiB/s, -Transferred:   	    1.969 GiB / 1.969 GiB, 100%, 21.156 MiB/s, ETA 0s
Transferred:            0 / 1, 0%
Elapsed time:      1m36.5s
Transferring:
 *   aicup_esg2026_submit_artifacts.zip.part-006:  0% / off, 21.156 MiB/s, -Transferred:   	    1.977 GiB / 1.977 GiB, 100%, 21.156 MiB/s, ETA 0s
Transferred:            0 / 1, 0%
Elapsed time:      1m37.0s
Transferring:
 *   aicup_esg2026_submit_artifacts.zip.part-006:  0% / off, 20.834 MiB/s, -Transferred:   	    1.984 GiB / 1.984 GiB, 100%, 20.834 MiB/s, ETA 0s
Transferred:            0 / 1, 0%
Elapsed time:      1m37.5s
Transferring:
 *   aicup_esg2026_submit_artifacts.zip.part-006:  0% / off, 20.834 MiB/s, -Transferred:   	        2 GiB / 2 GiB, 100%, 20.834 MiB/s, ETA 0s
Transferred:            0 / 1, 0%
Elapsed time:      1m38.0s
Transferring:
 *   aicup_esg2026_submit_artifacts.zip.part-006:  0% / off, 21.032 MiB/s, -Transferred:   	    2.008 GiB / 2.008 GiB, 100%, 21.032 MiB/s, ETA 0s
Transferred:            0 / 1, 0%
Elapsed time:      1m38.5s
Transferring:
 *   aicup_esg2026_submit_artifacts.zip.part-006:  0% / off, 21.032 MiB/s, -Transferred:   	    2.016 GiB / 2.016 GiB, 100%, 20.717 MiB/s, ETA 0s
Transferred:            0 / 1, 0%
Elapsed time:      1m39.0s
Transferring:
 *   aicup_esg2026_submit_artifacts.zip.part-006:  0% / off, 20.717 MiB/s, -Transferred:   	    2.023 GiB / 2.023 GiB, 100%, 20.717 MiB/s, ETA 0s
Transferred:            0 / 1, 0%
Elapsed time:      1m39.5s
Transferring:
 *   aicup_esg2026_submit_artifacts.zip.part-006:  0% / off, 20.717 MiB/s, -Transferred:   	    2.039 GiB / 2.039 GiB, 100%, 20.922 MiB/s, ETA 0s
Transferred:            0 / 1, 0%
Elapsed time:      1m40.0s
Transferring:
 *   aicup_esg2026_submit_artifacts.zip.part-006:  0% / off, 20.922 MiB/s, -Transferred:   	    2.055 GiB / 2.055 GiB, 100%, 20.922 MiB/s, ETA 0s
Transferred:            0 / 1, 0%
Elapsed time:      1m40.5s
Transferring:
 *   aicup_esg2026_submit_artifacts.zip.part-006:  0% / off, 20.922 MiB/s, -Transferred:   	    2.062 GiB / 2.062 GiB, 100%, 20.922 MiB/s, ETA 0s
Transferred:            0 / 1, 0%
Elapsed time:      1m41.0s
Transferring:
 *   aicup_esg2026_submit_artifacts.zip.part-006:  0% / off, 21.115 MiB/s, -Transferred:   	    2.078 GiB / 2.078 GiB, 100%, 21.115 MiB/s, ETA 0s
Transferred:            0 / 1, 0%
Elapsed time:      1m41.5s
Transferring:
 *   aicup_esg2026_submit_artifacts.zip.part-006:  0% / off, 21.115 MiB/s, -Transferred:   	    2.086 GiB / 2.086 GiB, 100%, 21.295 MiB/s, ETA 0s
Transferred:            0 / 1, 0%
Elapsed time:      1m42.0s
Transferring:
 *   aicup_esg2026_submit_artifacts.zip.part-006:  0% / off, 21.295 MiB/s, -Transferred:   	    2.094 GiB / 2.094 GiB, 100%, 21.295 MiB/s, ETA 0s
Transferred:            0 / 1, 0%
Elapsed time:      1m42.5s
Transferring:
 *   aicup_esg2026_submit_artifacts.zip.part-006:  0% / off, 21.295 MiB/s, -Transferred:   	    2.102 GiB / 2.102 GiB, 100%, 20.964 MiB/s, ETA 0s
Transferred:            0 / 1, 0%
Elapsed time:      1m43.0s
Transferring:
 *   aicup_esg2026_submit_artifacts.zip.part-006:  0% / off, 20.964 MiB/s, -Transferred:   	    2.117 GiB / 2.117 GiB, 100%, 20.964 MiB/s, ETA 0s
Transferred:            0 / 1, 0%
Elapsed time:      1m43.5s
Transferring:
 *   aicup_esg2026_submit_artifacts.zip.part-006:  0% / off, 20.964 MiB/s, -Transferred:   	    2.125 GiB / 2.125 GiB, 100%, 21.154 MiB/s, ETA 0s
Transferred:            0 / 1, 0%
Elapsed time:      1m44.0s
Transferring:
 *   aicup_esg2026_submit_artifacts.zip.part-006:  0% / off, 21.154 MiB/s, -Transferred:   	    2.133 GiB / 2.133 GiB, 100%, 21.154 MiB/s, ETA 0s
Transferred:            0 / 1, 0%
Elapsed time:      1m44.5s
Transferring:
 *   aicup_esg2026_submit_artifacts.zip.part-006:  0% / off, 21.154 MiB/s, -Transferred:   	    2.148 GiB / 2.148 GiB, 100%, 21.154 MiB/s, ETA 0s
Transferred:            0 / 1, 0%
Elapsed time:      1m45.0s
Transferring:
 *   aicup_esg2026_submit_artifacts.zip.part-006:  0% / off, 21.154 MiB/s, -Transferred:   	    2.156 GiB / 2.156 GiB, 100%, 21.332 MiB/s, ETA 0s
Transferred:            0 / 1, 0%
Elapsed time:      1m45.5s
Transferring:
 *   aicup_esg2026_submit_artifacts.zip.part-006:  0% / off, 21.332 MiB/s, -Transferred:   	    2.164 GiB / 2.164 GiB, 100%, 21.332 MiB/s, ETA 0s
Transferred:            0 / 1, 0%
Elapsed time:      1m46.0s
Transferring:
 *   aicup_esg2026_submit_artifacts.zip.part-006:  0% / off, 20.998 MiB/s, -Transferred:   	    2.172 GiB / 2.172 GiB, 100%, 20.998 MiB/s, ETA 0s
Transferred:            0 / 1, 0%
Elapsed time:      1m46.5s
Transferring:
 *   aicup_esg2026_submit_artifacts.zip.part-006:  0% / off, 20.998 MiB/s, -Transferred:   	    2.188 GiB / 2.188 GiB, 100%, 21.186 MiB/s, ETA 0s
Transferred:            0 / 1, 0%
Elapsed time:      1m47.0s
Transferring:
 *   aicup_esg2026_submit_artifacts.zip.part-006:  0% / off, 21.186 MiB/s, -Transferred:   	    2.195 GiB / 2.195 GiB, 100%, 21.186 MiB/s, ETA 0s
Transferred:            0 / 1, 0%
Elapsed time:      1m47.5s
Transferring:
 *   aicup_esg2026_submit_artifacts.zip.part-006:  0% / off, 21.186 MiB/s, -Transferred:   	    2.203 GiB / 2.203 GiB, 100%, 21.186 MiB/s, ETA 0s
Transferred:            0 / 1, 0%
Elapsed time:      1m48.0s
Transferring:
 *   aicup_esg2026_submit_artifacts.zip.part-006:  0% / off, 20.862 MiB/s, -Transferred:   	    2.211 GiB / 2.211 GiB, 100%, 20.862 MiB/s, ETA 0s
Transferred:            0 / 1, 0%
Elapsed time:      1m48.5s
Transferring:
 *   aicup_esg2026_submit_artifacts.zip.part-006:  0% / off, 20.862 MiB/s, -Transferred:   	    2.227 GiB / 2.227 GiB, 100%, 20.862 MiB/s, ETA 0s
Transferred:            0 / 1, 0%
Elapsed time:      1m49.0s
Transferring:
 *   aicup_esg2026_submit_artifacts.zip.part-006:  0% / off, 21.058 MiB/s, -Transferred:   	    2.234 GiB / 2.234 GiB, 100%, 21.058 MiB/s, ETA 0s
Transferred:            0 / 1, 0%
Elapsed time:      1m49.5s
Transferring:
 *   aicup_esg2026_submit_artifacts.zip.part-006:  0% / off, 21.058 MiB/s, -Transferred:   	    2.250 GiB / 2.250 GiB, 100%, 21.242 MiB/s, ETA 0s
Transferred:            0 / 1, 0%
Elapsed time:      1m50.0s
Transferring:
 *   aicup_esg2026_submit_artifacts.zip.part-006:  0% / off, 21.242 MiB/s, -Transferred:   	    2.258 GiB / 2.258 GiB, 100%, 21.242 MiB/s, ETA 0s
Transferred:            0 / 1, 0%
Elapsed time:      1m50.5s
Transferring:
 *   aicup_esg2026_submit_artifacts.zip.part-006:  0% / off, 21.242 MiB/s, -Transferred:   	    2.270 GiB / 2.270 GiB, 100%, 21.164 MiB/s, ETA 0s
Transferred:            0 / 1, 0%
Elapsed time:      1m51.0s
Transferring:
 *   aicup_esg2026_submit_artifacts.zip.part-006:  0% / off, 21.164 MiB/s, -Transferred:   	    2.281 GiB / 2.281 GiB, 100%, 21.164 MiB/s, ETA 0s
Transferred:            0 / 1, 0%
Elapsed time:      1m51.5s
Transferring:
 *   aicup_esg2026_submit_artifacts.zip.part-006:  0% / off, 21.164 MiB/s, -Transferred:   	    2.289 GiB / 2.289 GiB, 100%, 21.092 MiB/s, ETA 0s
Transferred:            0 / 1, 0%
Elapsed time:      1m52.0s
Transferring:
 *   aicup_esg2026_submit_artifacts.zip.part-006:  0% / off, 21.092 MiB/s, -Transferred:   	    2.297 GiB / 2.297 GiB, 100%, 21.092 MiB/s, ETA 0s
Transferred:            0 / 1, 0%
Elapsed time:      1m52.5s
Transferring:
 *   aicup_esg2026_submit_artifacts.zip.part-006:  0% / off, 21.092 MiB/s, -Transferred:   	    2.312 GiB / 2.312 GiB, 100%, 21.273 MiB/s, ETA 0s
Transferred:            0 / 1, 0%
Elapsed time:      1m53.0s
Transferring:
 *   aicup_esg2026_submit_artifacts.zip.part-006:  0% / off, 21.273 MiB/s, -Transferred:   	    2.320 GiB / 2.320 GiB, 100%, 21.273 MiB/s, ETA 0s
Transferred:            0 / 1, 0%
Elapsed time:      1m53.5s
Transferring:
 *   aicup_esg2026_submit_artifacts.zip.part-006:  0% / off, 21.273 MiB/s, -Transferred:   	    2.328 GiB / 2.328 GiB, 100%, 20.944 MiB/s, ETA 0s
Transferred:            0 / 1, 0%
Elapsed time:      1m54.0s
Transferring:
 *   aicup_esg2026_submit_artifacts.zip.part-006:  0% / off, 20.944 MiB/s, -Transferred:   	    2.344 GiB / 2.344 GiB, 100%, 20.944 MiB/s, ETA 0s
Transferred:            0 / 1, 0%
Elapsed time:      1m54.5s
Transferring:
 *   aicup_esg2026_submit_artifacts.zip.part-006:  0% / off, 20.944 MiB/s, -Transferred:   	    2.352 GiB / 2.352 GiB, 100%, 21.135 MiB/s, ETA 0s
Transferred:            0 / 1, 0%
Elapsed time:      1m55.0s
Transferring:
 *   aicup_esg2026_submit_artifacts.zip.part-006:  0% / off, 21.135 MiB/s, -Transferred:   	    2.359 GiB / 2.359 GiB, 100%, 21.135 MiB/s, ETA 0s
Transferred:            0 / 1, 0%
Elapsed time:      1m55.5s
Transferring:
 *   aicup_esg2026_submit_artifacts.zip.part-006:  0% / off, 21.135 MiB/s, -Transferred:   	    2.367 GiB / 2.367 GiB, 100%, 21.135 MiB/s, ETA 0s
Transferred:            0 / 1, 0%
Elapsed time:      1m56.0s
Transferring:
 *   aicup_esg2026_submit_artifacts.zip.part-006:  0% / off, 21.135 MiB/s, -Transferred:   	    2.383 GiB / 2.383 GiB, 100%, 20.814 MiB/s, ETA 0s
Transferred:            0 / 1, 0%
Elapsed time:      1m56.5s
Transferring:
 *   aicup_esg2026_submit_artifacts.zip.part-006:  0% / off, 20.814 MiB/s, -Transferred:   	    2.391 GiB / 2.391 GiB, 100%, 20.814 MiB/s, ETA 0s
Transferred:            0 / 1, 0%
Elapsed time:      1m57.0s
Transferring:
 *   aicup_esg2026_submit_artifacts.zip.part-006:  0% / off, 21.013 MiB/s, -Transferred:   	    2.398 GiB / 2.398 GiB, 100%, 21.013 MiB/s, ETA 0s
Transferred:            0 / 1, 0%
Elapsed time:      1m57.5s
Transferring:
 *   aicup_esg2026_submit_artifacts.zip.part-006:  0% / off, 21.013 MiB/s, -Transferred:   	    2.406 GiB / 2.406 GiB, 100%, 20.700 MiB/s, ETA 0s
Transferred:            0 / 1, 0%
Elapsed time:      1m58.0s
Transferring:
 *   aicup_esg2026_submit_artifacts.zip.part-006:  0% / off, 20.700 MiB/s, -Transferred:   	    2.422 GiB / 2.422 GiB, 100%, 20.700 MiB/s, ETA 0s
Transferred:            0 / 1, 0%
Elapsed time:      1m58.5s
Transferring:
 *   aicup_esg2026_submit_artifacts.zip.part-006:  0% / off, 20.700 MiB/s, -Transferred:   	    2.430 GiB / 2.430 GiB, 100%, 20.906 MiB/s, ETA 0s
Transferred:            0 / 1, 0%
Elapsed time:      1m59.0s
Transferring:
 *   aicup_esg2026_submit_artifacts.zip.part-006:  0% / off, 20.906 MiB/s, -Transferred:   	    2.438 GiB / 2.438 GiB, 100%, 20.906 MiB/s, ETA 0s
Transferred:            0 / 1, 0%
Elapsed time:      1m59.5s
Transferring:
 *   aicup_esg2026_submit_artifacts.zip.part-006:  0% / off, 20.906 MiB/s, -Transferred:   	    2.453 GiB / 2.453 GiB, 100%, 20.906 MiB/s, ETA 0s
Transferred:            0 / 1, 0%
Elapsed time:       2m0.0s
Transferring:
 *   aicup_esg2026_submit_artifacts.zip.part-006:  0% / off, 21.099 MiB/s, -Transferred:   	    2.461 GiB / 2.461 GiB, 100%, 21.099 MiB/s, ETA 0s
Transferred:            0 / 1, 0%
Elapsed time:       2m0.5s
Transferring:
 *   aicup_esg2026_submit_artifacts.zip.part-006:  0% / off, 21.099 MiB/s, -Transferred:   	    2.477 GiB / 2.477 GiB, 100%, 21.099 MiB/s, ETA 0s
Transferred:            0 / 1, 0%
Elapsed time:       2m1.0s
Transferring:
 *   aicup_esg2026_submit_artifacts.zip.part-006:  0% / off, 21.281 MiB/s, -Transferred:   	    2.484 GiB / 2.484 GiB, 100%, 21.281 MiB/s, ETA 0s
Transferred:            0 / 1, 0%
Elapsed time:       2m1.5s
Transferring:
 *   aicup_esg2026_submit_artifacts.zip.part-006:  0% / off, 21.281 MiB/s, -Transferred:   	    2.492 GiB / 2.492 GiB, 100%, 21.281 MiB/s, ETA 0s
Transferred:            0 / 1, 0%
Elapsed time:       2m2.0s
Transferring:
 *   aicup_esg2026_submit_artifacts.zip.part-006:  0% / off, 21.281 MiB/s, -Transferred:   	    2.508 GiB / 2.508 GiB, 100%, 20.951 MiB/s, ETA 0s
Transferred:            0 / 1, 0%
Elapsed time:       2m2.5s
Transferring:
 *   aicup_esg2026_submit_artifacts.zip.part-006:  0% / off, 20.951 MiB/s, -Transferred:   	    2.516 GiB / 2.516 GiB, 100%, 20.951 MiB/s, ETA 0s
Transferred:            0 / 1, 0%
Elapsed time:       2m3.0s
Transferring:
 *   aicup_esg2026_submit_artifacts.zip.part-006:  0% / off, 21.141 MiB/s, -Transferred:   	    2.523 GiB / 2.523 GiB, 100%, 21.141 MiB/s, ETA 0s
Transferred:            0 / 1, 0%
Elapsed time:       2m3.5s
Transferring:
 *   aicup_esg2026_submit_artifacts.zip.part-006:  0% / off, 21.141 MiB/s, -Transferred:   	    2.531 GiB / 2.531 GiB, 100%, 21.141 MiB/s, ETA 0s
Transferred:            0 / 1, 0%
Elapsed time:       2m4.0s
Transferring:
 *   aicup_esg2026_submit_artifacts.zip.part-006:  0% / off, 20.820 MiB/s, -Transferred:   	    2.547 GiB / 2.547 GiB, 100%, 20.820 MiB/s, ETA 0s
Transferred:            0 / 1, 0%
Elapsed time:       2m4.5s
Transferring:
 *   aicup_esg2026_submit_artifacts.zip.part-006:  0% / off, 20.820 MiB/s, -Transferred:   	    2.555 GiB / 2.555 GiB, 100%, 20.820 MiB/s, ETA 0s
Transferred:            0 / 1, 0%
Elapsed time:       2m5.0s
Transferring:
 *   aicup_esg2026_submit_artifacts.zip.part-006:  0% / off, 20.820 MiB/s, -Transferred:   	    2.562 GiB / 2.562 GiB, 100%, 21.019 MiB/s, ETA 0s
Transferred:            0 / 1, 0%
Elapsed time:       2m5.5s
Transferring:
 *   aicup_esg2026_submit_artifacts.zip.part-006:  0% / off, 21.019 MiB/s, -Transferred:   	    2.578 GiB / 2.578 GiB, 100%, 21.205 MiB/s, ETA 0s
Transferred:            0 / 1, 0%
Elapsed time:       2m6.0s
Transferring:
 *   aicup_esg2026_submit_artifacts.zip.part-006:  0% / off, 21.205 MiB/s, -Transferred:   	    2.586 GiB / 2.586 GiB, 100%, 21.205 MiB/s, ETA 0s
Transferred:            0 / 1, 0%
Elapsed time:       2m6.5s
Transferring:
 *   aicup_esg2026_submit_artifacts.zip.part-006:  0% / off, 21.205 MiB/s, -Transferred:   	    2.594 GiB / 2.594 GiB, 100%, 21.205 MiB/s, ETA 0s
Transferred:            0 / 1, 0%
Elapsed time:       2m7.0s
Transferring:
 *   aicup_esg2026_submit_artifacts.zip.part-006:  0% / off, 21.205 MiB/s, -Transferred:   	    2.602 GiB / 2.602 GiB, 100%, 20.880 MiB/s, ETA 0s
Transferred:            0 / 1, 0%
Elapsed time:       2m7.5s
Transferring:
 *   aicup_esg2026_submit_artifacts.zip.part-006:  0% / off, 20.880 MiB/s, -Transferred:   	    2.617 GiB / 2.617 GiB, 100%, 20.880 MiB/s, ETA 0s
Transferred:            0 / 1, 0%
Elapsed time:       2m8.0s
Transferring:
 *   aicup_esg2026_submit_artifacts.zip.part-006:  0% / off, 21.075 MiB/s, -Transferred:   	    2.625 GiB / 2.625 GiB, 100%, 21.075 MiB/s, ETA 0s
Transferred:            0 / 1, 0%
Elapsed time:       2m8.5s
Transferring:
 *   aicup_esg2026_submit_artifacts.zip.part-006:  0% / off, 21.075 MiB/s, -Transferred:   	    2.641 GiB / 2.641 GiB, 100%, 21.257 MiB/s, ETA 0s
Transferred:            0 / 1, 0%
Elapsed time:       2m9.0s
Transferring:
 *   aicup_esg2026_submit_artifacts.zip.part-006:  0% / off, 21.257 MiB/s, -Transferred:   	    2.648 GiB / 2.648 GiB, 100%, 21.257 MiB/s, ETA 0s
Transferred:            0 / 1, 0%
Elapsed time:       2m9.5s
Transferring:
 *   aicup_esg2026_submit_artifacts.zip.part-006:  0% / off, 21.257 MiB/s, -Transferred:   	    2.656 GiB / 2.656 GiB, 100%, 20.929 MiB/s, ETA 0s
Transferred:            0 / 1, 0%
Elapsed time:      2m10.0s
Transferring:
 *   aicup_esg2026_submit_artifacts.zip.part-006:  0% / off, 20.929 MiB/s, -Transferred:   	    2.664 GiB / 2.664 GiB, 100%, 20.929 MiB/s, ETA 0s
Transferred:            0 / 1, 0%
Elapsed time:      2m10.5s
Transferring:
 *   aicup_esg2026_submit_artifacts.zip.part-006:  0% / off, 20.929 MiB/s, -Transferred:   	    2.676 GiB / 2.676 GiB, 100%, 20.929 MiB/s, ETA 0s
Transferred:            0 / 1, 0%
Elapsed time:      2m11.0s
Transferring:
 *   aicup_esg2026_submit_artifacts.zip.part-006:  0% / off, 20.871 MiB/s, -Transferred:   	    2.688 GiB / 2.688 GiB, 100%, 20.871 MiB/s, ETA 0s
Transferred:            0 / 1, 0%
Elapsed time:      2m11.5s
Transferring:
 *   aicup_esg2026_submit_artifacts.zip.part-006:  0% / off, 20.871 MiB/s, -Transferred:   	    2.695 GiB / 2.695 GiB, 100%, 20.871 MiB/s, ETA 0s
Transferred:            0 / 1, 0%
Elapsed time:      2m12.0s
Transferring:
 *   aicup_esg2026_submit_artifacts.zip.part-006:  0% / off, 20.871 MiB/s, -Transferred:   	    2.711 GiB / 2.711 GiB, 100%, 20.816 MiB/s, ETA 0s
Transferred:            0 / 1, 0%
Elapsed time:      2m12.5s
Transferring:
 *   aicup_esg2026_submit_artifacts.zip.part-006:  0% / off, 20.816 MiB/s, -Transferred:   	    2.719 GiB / 2.719 GiB, 100%, 20.816 MiB/s, ETA 0s
Transferred:            0 / 1, 0%
Elapsed time:      2m13.0s
Transferring:
 *   aicup_esg2026_submit_artifacts.zip.part-006:  0% / off, 21.015 MiB/s, -Transferred:   	    2.734 GiB / 2.734 GiB, 100%, 21.015 MiB/s, ETA 0s
Transferred:            0 / 1, 0%
Elapsed time:      2m13.5s
Transferring:
 *   aicup_esg2026_submit_artifacts.zip.part-006:  0% / off, 21.015 MiB/s, -Transferred:   	    2.742 GiB / 2.742 GiB, 100%, 21.015 MiB/s, ETA 0s
Transferred:            0 / 1, 0%
Elapsed time:      2m14.0s
Transferring:
 *   aicup_esg2026_submit_artifacts.zip.part-006:  0% / off, 21.202 MiB/s, -Transferred:   	    2.750 GiB / 2.750 GiB, 100%, 21.202 MiB/s, ETA 0s
Transferred:            0 / 1, 0%
Elapsed time:      2m14.5s
Transferring:
 *   aicup_esg2026_submit_artifacts.zip.part-006:  0% / off, 21.202 MiB/s, -Transferred:   	    2.758 GiB / 2.758 GiB, 100%, 21.202 MiB/s, ETA 0s
Transferred:            0 / 1, 0%
Elapsed time:      2m15.0s
Transferring:
 *   aicup_esg2026_submit_artifacts.zip.part-006:  0% / off, 21.202 MiB/s, -Transferred:   	    2.773 GiB / 2.773 GiB, 100%, 20.877 MiB/s, ETA 0s
Transferred:            0 / 1, 0%
Elapsed time:      2m15.5s
Transferring:
 *   aicup_esg2026_submit_artifacts.zip.part-006:  0% / off, 20.877 MiB/s, -Transferred:   	    2.781 GiB / 2.781 GiB, 100%, 21.072 MiB/s, ETA 0s
Transferred:            0 / 1, 0%
Elapsed time:      2m16.0s
Transferring:
 *   aicup_esg2026_submit_artifacts.zip.part-006:  0% / off, 21.072 MiB/s, -Transferred:   	    2.789 GiB / 2.789 GiB, 100%, 21.072 MiB/s, ETA 0s
Transferred:            0 / 1, 0%
Elapsed time:      2m16.5s
Transferring:
 *   aicup_esg2026_submit_artifacts.zip.part-006:  0% / off, 21.072 MiB/s, -Transferred:   	    2.805 GiB / 2.805 GiB, 100%, 21.255 MiB/s, ETA 0s
Transferred:            0 / 1, 0%
Elapsed time:      2m17.0s
Transferring:
 *   aicup_esg2026_submit_artifacts.zip.part-006:  0% / off, 21.255 MiB/s, -Transferred:   	    2.812 GiB / 2.812 GiB, 100%, 21.255 MiB/s, ETA 0s
Transferred:            0 / 1, 0%
Elapsed time:      2m17.5s
Transferring:
 *   aicup_esg2026_submit_artifacts.zip.part-006:  0% / off, 21.255 MiB/s, -Transferred:   	    2.820 GiB / 2.820 GiB, 100%, 21.255 MiB/s, ETA 0s
Transferred:            0 / 1, 0%
Elapsed time:      2m18.0s
Transferring:
 *   aicup_esg2026_submit_artifacts.zip.part-006:  0% / off, 20.927 MiB/s, -Transferred:   	    2.828 GiB / 2.828 GiB, 100%, 20.927 MiB/s, ETA 0s
Transferred:            0 / 1, 0%
Elapsed time:      2m18.5s
Transferring:
 *   aicup_esg2026_submit_artifacts.zip.part-006:  0% / off, 20.927 MiB/s, -Transferred:   	    2.844 GiB / 2.844 GiB, 100%, 20.927 MiB/s, ETA 0s
Transferred:            0 / 1, 0%
Elapsed time:      2m19.0s
Transferring:
 *   aicup_esg2026_submit_artifacts.zip.part-006:  0% / off, 21.119 MiB/s, -Transferred:   	    2.852 GiB / 2.852 GiB, 100%, 21.119 MiB/s, ETA 0s
Transferred:            0 / 1, 0%
Elapsed time:      2m19.5s
Transferring:
 *   aicup_esg2026_submit_artifacts.zip.part-006:  0% / off, 21.119 MiB/s, -Transferred:   	    2.867 GiB / 2.867 GiB, 100%, 21.119 MiB/s, ETA 0s
Transferred:            0 / 1, 0%
Elapsed time:      2m20.0s
Transferring:
 *   aicup_esg2026_submit_artifacts.zip.part-006:  0% / off, 21.119 MiB/s, -Transferred:   	    2.875 GiB / 2.875 GiB, 100%, 21.299 MiB/s, ETA 0s
Transferred:            0 / 1, 0%
Elapsed time:      2m20.5s
Transferring:
 *   aicup_esg2026_submit_artifacts.zip.part-006:  0% / off, 21.299 MiB/s, -Transferred:   	    2.885 GiB / 2.885 GiB, 100%, 21.299 MiB/s, ETA 0s
Transferred:            0 / 1, 0%
Elapsed time:      2m21.0s
Transferring:
 *   aicup_esg2026_submit_artifacts.zip.part-006:  0% / off, 21.092 MiB/s, -Transferred:   	    2.898 GiB / 2.898 GiB, 100%, 21.092 MiB/s, ETA 0s
Transferred:            0 / 1, 0%
Elapsed time:      2m21.5s
Transferring:
 *   aicup_esg2026_submit_artifacts.zip.part-006:  0% / off, 21.092 MiB/s, -Transferred:   	    2.906 GiB / 2.906 GiB, 100%, 21.092 MiB/s, ETA 0s
Transferred:            0 / 1, 0%
Elapsed time:      2m22.0s
Transferring:
 *   aicup_esg2026_submit_artifacts.zip.part-006:  0% / off, 21.149 MiB/s, -Transferred:   	    2.914 GiB / 2.914 GiB, 100%, 21.149 MiB/s, ETA 0s
Transferred:            0 / 1, 0%
Elapsed time:      2m22.5s
Transferring:
 *   aicup_esg2026_submit_artifacts.zip.part-006:  0% / off, 21.149 MiB/s, -Transferred:   	    2.930 GiB / 2.930 GiB, 100%, 21.149 MiB/s, ETA 0s
Transferred:            0 / 1, 0%
Elapsed time:      2m23.0s
Transferring:
 *   aicup_esg2026_submit_artifacts.zip.part-006:  0% / off, 21.327 MiB/s, -Transferred:   	    2.938 GiB / 2.938 GiB, 100%, 21.327 MiB/s, ETA 0s
Transferred:            0 / 1, 0%
Elapsed time:      2m23.5s
Transferring:
 *   aicup_esg2026_submit_artifacts.zip.part-006:  0% / off, 21.327 MiB/s, -Transferred:   	    2.945 GiB / 2.945 GiB, 100%, 21.327 MiB/s, ETA 0s
Transferred:            0 / 1, 0%
Elapsed time:      2m24.0s
Transferring:
 *   aicup_esg2026_submit_artifacts.zip.part-006:  0% / off, 20.995 MiB/s, -Transferred:   	    2.961 GiB / 2.961 GiB, 100%, 20.995 MiB/s, ETA 0s
Transferred:            0 / 1, 0%
Elapsed time:      2m24.5s
Transferring:
 *   aicup_esg2026_submit_artifacts.zip.part-006:  0% / off, 20.995 MiB/s, -Transferred:   	    2.969 GiB / 2.969 GiB, 100%, 20.995 MiB/s, ETA 0s
Transferred:            0 / 1, 0%
Elapsed time:      2m25.0s
Transferring:
 *   aicup_esg2026_submit_artifacts.zip.part-006:  0% / off, 20.995 MiB/s, -Transferred:   	    2.977 GiB / 2.977 GiB, 100%, 21.182 MiB/s, ETA 0s
Transferred:            0 / 1, 0%
Elapsed time:      2m25.5s
Transferring:
 *   aicup_esg2026_submit_artifacts.zip.part-006:  0% / off, 21.182 MiB/s, -Transferred:   	    2.984 GiB / 2.984 GiB, 100%, 20.858 MiB/s, ETA 0s
Transferred:            0 / 1, 0%
Elapsed time:      2m26.0s
Transferring:
 *   aicup_esg2026_submit_artifacts.zip.part-006:  0% / off, 20.858 MiB/s, -Transferred:   	        3 GiB / 3 GiB, 100%, 20.858 MiB/s, ETA 0s
Transferred:            0 / 1, 0%
Elapsed time:      2m26.5s
Transferring:
 *   aicup_esg2026_submit_artifacts.zip.part-006:  0% / off, 20.858 MiB/s, -Transferred:   	    3.008 GiB / 3.008 GiB, 100%, 20.858 MiB/s, ETA 0s
Transferred:            0 / 1, 0%
Elapsed time:      2m27.0s
Transferring:
 *   aicup_esg2026_submit_artifacts.zip.part-006:  0% / off, 21.055 MiB/s, -Transferred:   	    3.016 GiB / 3.016 GiB, 100%, 21.055 MiB/s, ETA 0s
Transferred:            0 / 1, 0%
Elapsed time:      2m27.5s
Transferring:
 *   aicup_esg2026_submit_artifacts.zip.part-006:  0% / off, 21.055 MiB/s, -Transferred:   	    3.023 GiB / 3.023 GiB, 100%, 21.055 MiB/s, ETA 0s
Transferred:            0 / 1, 0%
Elapsed time:      2m28.0s
Transferring:
 *   aicup_esg2026_submit_artifacts.zip.part-006:  0% / off, 21.055 MiB/s, -Transferred:   	    3.039 GiB / 3.039 GiB, 100%, 20.739 MiB/s, ETA 0s
Transferred:            0 / 1, 0%
Elapsed time:      2m28.5s
Transferring:
 *   aicup_esg2026_submit_artifacts.zip.part-006:  0% / off, 20.739 MiB/s, -Transferred:   	    3.047 GiB / 3.047 GiB, 100%, 20.739 MiB/s, ETA 0s
Transferred:            0 / 1, 0%
Elapsed time:      2m29.0s
Transferring:
 *   aicup_esg2026_submit_artifacts.zip.part-006:  0% / off, 20.943 MiB/s, -Transferred:   	    3.055 GiB / 3.055 GiB, 100%, 20.943 MiB/s, ETA 0s
Transferred:            0 / 1, 0%
Elapsed time:      2m29.5s
Transferring:
 *   aicup_esg2026_submit_artifacts.zip.part-006:  0% / off, 20.943 MiB/s, -Transferred:   	    3.062 GiB / 3.062 GiB, 100%, 20.943 MiB/s, ETA 0s
Transferred:            0 / 1, 0%
Elapsed time:      2m30.0s
Transferring:
 *   aicup_esg2026_submit_artifacts.zip.part-006:  0% / off, 20.943 MiB/s, -Transferred:   	    3.078 GiB / 3.078 GiB, 100%, 20.634 MiB/s, ETA 0s
Transferred:            0 / 1, 0%
Elapsed time:      2m30.5s
Transferring:
 *   aicup_esg2026_submit_artifacts.zip.part-006:  0% / off, 20.634 MiB/s, -Transferred:   	    3.086 GiB / 3.086 GiB, 100%, 20.844 MiB/s, ETA 0s
Transferred:            0 / 1, 0%
Elapsed time:      2m31.0s
Transferring:
 *   aicup_esg2026_submit_artifacts.zip.part-006:  0% / off, 20.844 MiB/s, -Transferred:   	    3.094 GiB / 3.094 GiB, 100%, 20.844 MiB/s, ETA 0s
Transferred:            0 / 1, 0%
Elapsed time:      2m31.5s
Transferring:
 *   aicup_esg2026_submit_artifacts.zip.part-006:  0% / off, 20.844 MiB/s, -Transferred:   	    3.109 GiB / 3.109 GiB, 100%, 21.041 MiB/s, ETA 0s
Transferred:            0 / 1, 0%
Elapsed time:      2m32.0s
Transferring:
 *   aicup_esg2026_submit_artifacts.zip.part-006:  0% / off, 21.041 MiB/s, -Transferred:   	    3.117 GiB / 3.117 GiB, 100%, 21.041 MiB/s, ETA 0s
Transferred:            0 / 1, 0%
Elapsed time:      2m32.5s
Transferring:
 *   aicup_esg2026_submit_artifacts.zip.part-006:  0% / off, 21.041 MiB/s, -Transferred:   	    3.133 GiB / 3.133 GiB, 100%, 21.226 MiB/s, ETA 0s
Transferred:            0 / 1, 0%
Elapsed time:      2m33.0s
Transferring:
 *   aicup_esg2026_submit_artifacts.zip.part-006:  0% / off, 21.226 MiB/s, -Transferred:   	    3.141 GiB / 3.141 GiB, 100%, 21.226 MiB/s, ETA 0s
Transferred:            0 / 1, 0%
Elapsed time:      2m33.5s
Transferring:
 *   aicup_esg2026_submit_artifacts.zip.part-006:  0% / off, 21.226 MiB/s, -Transferred:   	    3.156 GiB / 3.156 GiB, 100%, 21.226 MiB/s, ETA 0s
Transferred:            0 / 1, 0%
Elapsed time:      2m34.0s
Transferring:
 *   aicup_esg2026_submit_artifacts.zip.part-006:  0% / off, 21.226 MiB/s, -Transferred:   	    3.164 GiB / 3.164 GiB, 100%, 21.400 MiB/s, ETA 0s
Transferred:            0 / 1, 0%
Elapsed time:      2m34.5s
Transferring:
 *   aicup_esg2026_submit_artifacts.zip.part-006:  0% / off, 21.400 MiB/s, -Transferred:   	    3.172 GiB / 3.172 GiB, 100%, 21.062 MiB/s, ETA 0s
Transferred:            0 / 1, 0%
Elapsed time:      2m35.0s
Transferring:
 *   aicup_esg2026_submit_artifacts.zip.part-006:  0% / off, 21.062 MiB/s, -Transferred:   	    3.180 GiB / 3.180 GiB, 100%, 21.062 MiB/s, ETA 0s
Transferred:            0 / 1, 0%
Elapsed time:      2m35.5s
Transferring:
 *   aicup_esg2026_submit_artifacts.zip.part-006:  0% / off, 21.062 MiB/s, -Transferred:   	    3.195 GiB / 3.195 GiB, 100%, 21.062 MiB/s, ETA 0s
Transferred:            0 / 1, 0%
Elapsed time:      2m36.0s
Transferring:
 *   aicup_esg2026_submit_artifacts.zip.part-006:  0% / off, 21.246 MiB/s, -Transferred:   	    3.203 GiB / 3.203 GiB, 100%, 21.246 MiB/s, ETA 0s
Transferred:            0 / 1, 0%
Elapsed time:      2m36.5s
Transferring:
 *   aicup_esg2026_submit_artifacts.zip.part-006:  0% / off, 21.246 MiB/s, -Transferred:   	    3.211 GiB / 3.211 GiB, 100%, 21.246 MiB/s, ETA 0s
Transferred:            0 / 1, 0%
Elapsed time:      2m37.0s
Transferring:
 *   aicup_esg2026_submit_artifacts.zip.part-006:  0% / off, 20.918 MiB/s, -Transferred:   	    3.219 GiB / 3.219 GiB, 100%, 20.918 MiB/s, ETA 0s
Transferred:            0 / 1, 0%
Elapsed time:      2m37.5s
Transferring:
 *   aicup_esg2026_submit_artifacts.zip.part-006:  0% / off, 20.918 MiB/s, -Transferred:   	    3.234 GiB / 3.234 GiB, 100%, 20.918 MiB/s, ETA 0s
Transferred:            0 / 1, 0%
Elapsed time:      2m38.0s
Transferring:
 *   aicup_esg2026_submit_artifacts.zip.part-006:  0% / off, 21.111 MiB/s, -Transferred:   	    3.242 GiB / 3.242 GiB, 100%, 21.111 MiB/s, ETA 0s
Transferred:            0 / 1, 0%
Elapsed time:      2m38.5s
Transferring:
 *   aicup_esg2026_submit_artifacts.zip.part-006:  0% / off, 21.111 MiB/s, -Transferred:   	    3.250 GiB / 3.250 GiB, 100%, 20.791 MiB/s, ETA 0s
Transferred:            0 / 1, 0%
Elapsed time:      2m39.0s
Transferring:
 *   aicup_esg2026_submit_artifacts.zip.part-006:  0% / off, 20.791 MiB/s, -Transferred:   	    3.266 GiB / 3.266 GiB, 100%, 20.791 MiB/s, ETA 0s
Transferred:            0 / 1, 0%
Elapsed time:      2m39.5s
Transferring:
 *   aicup_esg2026_submit_artifacts.zip.part-006:  0% / off, 20.791 MiB/s, -Transferred:   	    3.273 GiB / 3.273 GiB, 100%, 20.791 MiB/s, ETA 0s
Transferred:            0 / 1, 0%
Elapsed time:      2m40.0s
Transferring:
 *   aicup_esg2026_submit_artifacts.zip.part-006:  0% / off, 20.992 MiB/s, -Transferred:   	    3.281 GiB / 3.281 GiB, 100%, 20.992 MiB/s, ETA 0s
Transferred:            0 / 1, 0%
Elapsed time:      2m40.5s
Transferring:
 *   aicup_esg2026_submit_artifacts.zip.part-006:  0% / off, 20.992 MiB/s, -Transferred:   	    3.297 GiB / 3.297 GiB, 100%, 20.992 MiB/s, ETA 0s
Transferred:            0 / 1, 0%
Elapsed time:      2m41.0s
Transferring:
 *   aicup_esg2026_submit_artifacts.zip.part-006:  0% / off, 20.992 MiB/s, -Transferred:   	    3.305 GiB / 3.305 GiB, 100%, 21.180 MiB/s, ETA 0s
Transferred:            0 / 1, 0%
Elapsed time:      2m41.5s
Transferring:
 *   aicup_esg2026_submit_artifacts.zip.part-006:  0% / off, 21.180 MiB/s, -Transferred:   	    3.312 GiB / 3.312 GiB, 100%, 21.180 MiB/s, ETA 0s
Transferred:            0 / 1, 0%
Elapsed time:      2m42.0s
Transferring:
 *   aicup_esg2026_submit_artifacts.zip.part-006:  0% / off, 20.856 MiB/s, -Transferred:   	    3.320 GiB / 3.320 GiB, 100%, 20.856 MiB/s, ETA 0s
Transferred:            0 / 1, 0%
Elapsed time:      2m42.5s
Transferring:
 *   aicup_esg2026_submit_artifacts.zip.part-006:  0% / off, 20.856 MiB/s, -Transferred:   	    3.336 GiB / 3.336 GiB, 100%, 21.053 MiB/s, ETA 0s
Transferred:            0 / 1, 0%
Elapsed time:      2m43.0s
Transferring:
 *   aicup_esg2026_submit_artifacts.zip.part-006:  0% / off, 21.053 MiB/s, -Transferred:   	    3.344 GiB / 3.344 GiB, 100%, 21.053 MiB/s, ETA 0s
Transferred:            0 / 1, 0%
Elapsed time:      2m43.5s
Transferring:
 *   aicup_esg2026_submit_artifacts.zip.part-006:  0% / off, 21.053 MiB/s, -Transferred:   	    3.359 GiB / 3.359 GiB, 100%, 21.053 MiB/s, ETA 0s
Transferred:            0 / 1, 0%
Elapsed time:      2m44.0s
Transferring:
 *   aicup_esg2026_submit_artifacts.zip.part-006:  0% / off, 21.237 MiB/s, -Transferred:   	    3.367 GiB / 3.367 GiB, 100%, 21.237 MiB/s, ETA 0s
Transferred:            0 / 1, 0%
Elapsed time:      2m44.5s
Transferring:
 *   aicup_esg2026_submit_artifacts.zip.part-006:  0% / off, 21.237 MiB/s, -Transferred:   	    3.381 GiB / 3.381 GiB, 100%, 21.237 MiB/s, ETA 0s
Transferred:            0 / 1, 0%
Elapsed time:      2m45.0s
Transferring:
 *   aicup_esg2026_submit_artifacts.zip.part-006:  0% / off, 21.237 MiB/s, -Transferred:   	    3.391 GiB / 3.391 GiB, 100%, 21.284 MiB/s, ETA 0s
Transferred:            0 / 1, 0%
Elapsed time:      2m45.5s
Transferring:
 *   aicup_esg2026_submit_artifacts.zip.part-006:  0% / off, 21.284 MiB/s, -Transferred:   	    3.398 GiB / 3.398 GiB, 100%, 21.284 MiB/s, ETA 0s
Transferred:            0 / 1, 0%
Elapsed time:      2m46.0s
Transferring:
 *   aicup_esg2026_submit_artifacts.zip.part-006:  0% / off, 21.284 MiB/s, -Transferred:   	    3.406 GiB / 3.406 GiB, 100%, 21.079 MiB/s, ETA 0s
Transferred:            0 / 1, 0%
Elapsed time:      2m46.5s
Transferring:
 *   aicup_esg2026_submit_artifacts.zip.part-006:  0% / off, 21.079 MiB/s, -Transferred:   	    3.422 GiB / 3.422 GiB, 100%, 21.262 MiB/s, ETA 0s
Transferred:            0 / 1, 0%
Elapsed time:      2m47.0s
Transferring:
 *   aicup_esg2026_submit_artifacts.zip.part-006:  0% / off, 21.262 MiB/s, -Transferred:   	    3.430 GiB / 3.430 GiB, 100%, 21.262 MiB/s, ETA 0s
Transferred:            0 / 1, 0%
Elapsed time:      2m47.5s
Transferring:
 *   aicup_esg2026_submit_artifacts.zip.part-006:  0% / off, 21.262 MiB/s, -Transferred:   	    3.438 GiB / 3.438 GiB, 100%, 20.933 MiB/s, ETA 0s
Transferred:            0 / 1, 0%
Elapsed time:      2m48.0s
Transferring:
 *   aicup_esg2026_submit_artifacts.zip.part-006:  0% / off, 20.933 MiB/s, -Transferred:   	    3.453 GiB / 3.453 GiB, 100%, 20.933 MiB/s, ETA 0s
Transferred:            0 / 1, 0%
Elapsed time:      2m48.5s
Transferring:
 *   aicup_esg2026_submit_artifacts.zip.part-006:  0% / off, 20.933 MiB/s, -Transferred:   	    3.461 GiB / 3.461 GiB, 100%, 20.933 MiB/s, ETA 0s
Transferred:            0 / 1, 0%
Elapsed time:      2m49.0s
Transferring:
 *   aicup_esg2026_submit_artifacts.zip.part-006:  0% / off, 21.125 MiB/s, -Transferred:   	    3.469 GiB / 3.469 GiB, 100%, 21.125 MiB/s, ETA 0s
Transferred:            0 / 1, 0%
Elapsed time:      2m49.5s
Transferring:
 *   aicup_esg2026_submit_artifacts.zip.part-006:  0% / off, 21.125 MiB/s, -Transferred:   	    3.484 GiB / 3.484 GiB, 100%, 21.125 MiB/s, ETA 0s
Transferred:            0 / 1, 0%
Elapsed time:      2m50.0s
Transferring:
 *   aicup_esg2026_submit_artifacts.zip.part-006:  0% / off, 21.304 MiB/s, -Transferred:   	    3.492 GiB / 3.492 GiB, 100%, 21.304 MiB/s, ETA 0s
Transferred:            0 / 1, 0%
Elapsed time:      2m50.5s
Transferring:
 *   aicup_esg2026_submit_artifacts.zip.part-006:  0% / off, 21.304 MiB/s, -Transferred:   	    3.500 GiB / 3.500 GiB, 100%, 20.973 MiB/s, ETA 0s
Transferred:            0 / 1, 0%
Elapsed time:      2m51.0s
Transferring:
 *   aicup_esg2026_submit_artifacts.zip.part-006:  0% / off, 20.973 MiB/s, -Transferred:   	    3.516 GiB / 3.516 GiB, 100%, 20.973 MiB/s, ETA 0s
Transferred:            0 / 1, 0%
Elapsed time:      2m51.5s
Transferring:
 *   aicup_esg2026_submit_artifacts.zip.part-006:  0% / off, 20.973 MiB/s, -Transferred:   	    3.523 GiB / 3.523 GiB, 100%, 21.162 MiB/s, ETA 0s
Transferred:            0 / 1, 0%
Elapsed time:      2m52.0s
Transferring:
 *   aicup_esg2026_submit_artifacts.zip.part-006:  0% / off, 21.162 MiB/s, -Transferred:   	    3.539 GiB / 3.539 GiB, 100%, 21.162 MiB/s, ETA 0s
Transferred:            0 / 1, 0%
Elapsed time:      2m52.5s
Transferring:
 *   aicup_esg2026_submit_artifacts.zip.part-006:  0% / off, 21.162 MiB/s, -Transferred:   	    3.547 GiB / 3.547 GiB, 100%, 21.162 MiB/s, ETA 0s
Transferred:            0 / 1, 0%
Elapsed time:      2m53.0s
Transferring:
 *   aicup_esg2026_submit_artifacts.zip.part-006:  0% / off, 21.339 MiB/s, -Transferred:   	    3.555 GiB / 3.555 GiB, 100%, 21.339 MiB/s, ETA 0s
Transferred:            0 / 1, 0%
Elapsed time:      2m53.5s
Transferring:
 *   aicup_esg2026_submit_artifacts.zip.part-006:  0% / off, 21.339 MiB/s, -Transferred:   	    3.562 GiB / 3.562 GiB, 100%, 21.339 MiB/s, ETA 0s
Transferred:            0 / 1, 0%
Elapsed time:      2m54.0s
Transferring:
 *   aicup_esg2026_submit_artifacts.zip.part-006:  0% / off, 21.339 MiB/s, -Transferred:   	    3.578 GiB / 3.578 GiB, 100%, 21.006 MiB/s, ETA 0s
Transferred:            0 / 1, 0%
Elapsed time:      2m54.5s
Transferring:
 *   aicup_esg2026_submit_artifacts.zip.part-006:  0% / off, 21.006 MiB/s, -Transferred:   	    3.586 GiB / 3.586 GiB, 100%, 21.006 MiB/s, ETA 0s
Transferred:            0 / 1, 0%
Elapsed time:      2m55.0s
Transferring:
 *   aicup_esg2026_submit_artifacts.zip.part-006:  0% / off, 21.193 MiB/s, -Transferred:   	    3.594 GiB / 3.594 GiB, 100%, 21.193 MiB/s, ETA 0s
Transferred:            0 / 1, 0%
Elapsed time:      2m55.5s
Transferring:
 *   aicup_esg2026_submit_artifacts.zip.part-006:  0% / off, 21.193 MiB/s, -Transferred:   	    3.609 GiB / 3.609 GiB, 100%, 21.193 MiB/s, ETA 0s
Transferred:            0 / 1, 0%
Elapsed time:      2m56.0s
Transferring:
 *   aicup_esg2026_submit_artifacts.zip.part-006:  0% / off, 21.193 MiB/s, -Transferred:   	    3.617 GiB / 3.617 GiB, 100%, 21.368 MiB/s, ETA 0s
Transferred:            0 / 1, 0%
Elapsed time:      2m56.5s
Transferring:
 *   aicup_esg2026_submit_artifacts.zip.part-006:  0% / off, 21.368 MiB/s, -Transferred:   	    3.625 GiB / 3.625 GiB, 100%, 21.368 MiB/s, ETA 0s
Transferred:            0 / 1, 0%
Elapsed time:      2m57.0s
Transferring:
 *   aicup_esg2026_submit_artifacts.zip.part-006:  0% / off, 21.033 MiB/s, -Transferred:   	    3.641 GiB / 3.641 GiB, 100%, 21.033 MiB/s, ETA 0s
Transferred:            0 / 1, 0%
Elapsed time:      2m57.5s
Transferring:
 *   aicup_esg2026_submit_artifacts.zip.part-006:  0% / off, 21.033 MiB/s, -Transferred:   	    3.648 GiB / 3.648 GiB, 100%, 21.033 MiB/s, ETA 0s
Transferred:            0 / 1, 0%
Elapsed time:      2m58.0s
Transferring:
 *   aicup_esg2026_submit_artifacts.zip.part-006:  0% / off, 21.218 MiB/s, -Transferred:   	    3.656 GiB / 3.656 GiB, 100%, 21.218 MiB/s, ETA 0s
Transferred:            0 / 1, 0%
Elapsed time:      2m58.5s
Transferring:
 *   aicup_esg2026_submit_artifacts.zip.part-006:  0% / off, 21.218 MiB/s, -Transferred:   	    3.672 GiB / 3.672 GiB, 100%, 21.218 MiB/s, ETA 0s
Transferred:            0 / 1, 0%
Elapsed time:      2m59.0s
Transferring:
 *   aicup_esg2026_submit_artifacts.zip.part-006:  0% / off, 21.392 MiB/s, -Transferred:   	    3.680 GiB / 3.680 GiB, 100%, 21.392 MiB/s, ETA 0s
Transferred:            0 / 1, 0%
Elapsed time:      2m59.5s
Transferring:
 *   aicup_esg2026_submit_artifacts.zip.part-006:  0% / off, 21.392 MiB/s, -Transferred:   	    3.688 GiB / 3.688 GiB, 100%, 21.392 MiB/s, ETA 0s
Transferred:            0 / 1, 0%
Elapsed time:       3m0.0s
Transferring:
 *   aicup_esg2026_submit_artifacts.zip.part-006:  0% / off, 21.392 MiB/s, -Transferred:   	    3.703 GiB / 3.703 GiB, 100%, 21.055 MiB/s, ETA 0s
Transferred:            0 / 1, 0%
Elapsed time:       3m0.5s
Transferring:
 *   aicup_esg2026_submit_artifacts.zip.part-006:  0% / off, 21.055 MiB/s, -Transferred:   	    3.711 GiB / 3.711 GiB, 100%, 21.055 MiB/s, ETA 0s
Transferred:            0 / 1, 0%
Elapsed time:       3m1.0s
Transferring:
 *   aicup_esg2026_submit_artifacts.zip.part-006:  0% / off, 21.239 MiB/s, -Transferred:   	    3.719 GiB / 3.719 GiB, 100%, 21.239 MiB/s, ETA 0s
Transferred:            0 / 1, 0%
Elapsed time:       3m1.5s
Transferring:
 *   aicup_esg2026_submit_artifacts.zip.part-006:  0% / off, 21.239 MiB/s, -Transferred:   	    3.734 GiB / 3.734 GiB, 100%, 21.412 MiB/s, ETA 0s
Transferred:            0 / 1, 0%
Elapsed time:       3m2.0s
Transferring:
 *   aicup_esg2026_submit_artifacts.zip.part-006:  0% / off, 21.412 MiB/s, -Transferred:   	    3.742 GiB / 3.742 GiB, 100%, 21.412 MiB/s, ETA 0s
Transferred:            0 / 1, 0%
Elapsed time:       3m2.5s
Transferring:
 *   aicup_esg2026_submit_artifacts.zip.part-006:  0% / off, 21.412 MiB/s, -Transferred:   	    3.750 GiB / 3.750 GiB, 100%, 21.412 MiB/s, ETA 0s
Transferred:            0 / 1, 0%
Elapsed time:       3m3.0s
Transferring:
 *   aicup_esg2026_submit_artifacts.zip.part-006:  0% / off, 21.412 MiB/s, -Transferred:   	    3.762 GiB / 3.762 GiB, 100%, 21.073 MiB/s, ETA 0s
Transferred:            0 / 1, 0%
Elapsed time:       3m3.5s
Transferring:
 *   aicup_esg2026_submit_artifacts.zip.part-006:  0% / off, 21.073 MiB/s, -Transferred:   	    3.773 GiB / 3.773 GiB, 100%, 21.256 MiB/s, ETA 0s
Transferred:            0 / 1, 0%
Elapsed time:       3m4.0s
Transferring:
 *   aicup_esg2026_submit_artifacts.zip.part-006:  0% / off, 21.256 MiB/s, -Transferred:   	    3.789 GiB / 3.789 GiB, 100%, 21.256 MiB/s, ETA 0s
Transferred:            0 / 1, 0%
Elapsed time:       3m4.5s
Transferring:
 *   aicup_esg2026_submit_artifacts.zip.part-006:  0% / off, 21.256 MiB/s, -Transferred:   	    3.797 GiB / 3.797 GiB, 100%, 21.256 MiB/s, ETA 0s
Transferred:            0 / 1, 0%
Elapsed time:       3m5.0s
Transferring:
 *   aicup_esg2026_submit_artifacts.zip.part-006:  0% / off, 21.256 MiB/s, -Transferred:   	    3.805 GiB / 3.805 GiB, 100%, 21.428 MiB/s, ETA 0s
Transferred:            0 / 1, 0%
Elapsed time:       3m5.5s
Transferring:
 *   aicup_esg2026_submit_artifacts.zip.part-006:  0% / off, 21.428 MiB/s, -Transferred:   	    3.809 GiB / 3.809 GiB, 100%, 21.428 MiB/s, ETA 0s
Transferred:            0 / 1, 0%
Elapsed time:       3m6.0s
Transferring:
 *   aicup_esg2026_submit_artifacts.zip.part-006:  0% / off, 21.428 MiB/s, -Transferred:   	    3.809 GiB / 3.809 GiB, 100%, 20.839 MiB/s, ETA 0s
Transferred:            0 / 1, 0%
Elapsed time:       3m6.5s
Transferring:
 *   aicup_esg2026_submit_artifacts.zip.part-006:  0% / off, 20.839 MiB/s, -Transferred:   	    3.809 GiB / 3.809 GiB, 100%, 20.839 MiB/s, ETA 0s
Transferred:            0 / 1, 0%
Elapsed time:       3m7.0s
Transferring:
 *   aicup_esg2026_submit_artifacts.zip.part-006:  0% / off, 20.839 MiB/s, -Transferred:   	    3.809 GiB / 3.809 GiB, 100%, 19.536 MiB/s, ETA 0s
Transferred:            0 / 1, 0%
Elapsed time:       3m7.5s
Transferring:
 *   aicup_esg2026_submit_artifacts.zip.part-006:  0% / off, 19.536 MiB/s, -Transferred:   	    3.809 GiB / 3.809 GiB, 100%, 19.536 MiB/s, ETA 0s
Transferred:            1 / 1, 100%
Elapsed time:       3m7.5s
### verified aicup_esg2026_submit_artifacts.zip.part-006 (4089446400 bytes)
