### part 7/9 attempt 1/4 expected=4089446400
### uploading aicup_esg2026_submit_artifacts.zip.part-007
Transferred:   	      100 KiB / 100 KiB, 100%, 0 B/s, ETA -
Transferred:            0 / 1, 0%
Elapsed time:         0.5s
Transferring:
 *   aicup_esg2026_submit_artifacts.zip.part-007:  0% / off, 0 B/s, -Transferred:   	      100 KiB / 100 KiB, 100%, 0 B/s, ETA -
Transferred:            0 / 1, 0%
Elapsed time:         1.0s
Transferring:
 *   aicup_esg2026_submit_artifacts.zip.part-007:  0% / off, 99.995 KiB/s, -Transferred:   	       16 MiB / 16 MiB, 100%, 99.995 KiB/s, ETA 0s
Transferred:            0 / 1, 0%
Elapsed time:         1.5s
Transferring:
 *   aicup_esg2026_submit_artifacts.zip.part-007:  0% / off, 99.995 KiB/s, -Transferred:   	       24 MiB / 24 MiB, 100%, 99.995 KiB/s, ETA 0s
Transferred:            0 / 1, 0%
Elapsed time:         2.0s
Transferring:
 *   aicup_esg2026_submit_artifacts.zip.part-007:  0% / off, 12.000 MiB/s, -Transferred:   	       32 MiB / 32 MiB, 100%, 12.000 MiB/s, ETA 0s
Transferred:            0 / 1, 0%
Elapsed time:         2.5s
Transferring:
 *   aicup_esg2026_submit_artifacts.zip.part-007:  0% / off, 12.000 MiB/s, -Transferred:   	       40 MiB / 40 MiB, 100%, 12.000 MiB/s, ETA 0s
Transferred:            0 / 1, 0%
Elapsed time:         3.0s
Transferring:
 *   aicup_esg2026_submit_artifacts.zip.part-007:  0% / off, 13.333 MiB/s, -Transferred:   	       56 MiB / 56 MiB, 100%, 13.333 MiB/s, ETA 0s
Transferred:            0 / 1, 0%
Elapsed time:         3.5s
Transferring:
 *   aicup_esg2026_submit_artifacts.zip.part-007:  0% / off, 13.333 MiB/s, -Transferred:   	       64 MiB / 64 MiB, 100%, 13.333 MiB/s, ETA 0s
Transferred:            0 / 1, 0%
Elapsed time:         4.0s
Transferring:
 *   aicup_esg2026_submit_artifacts.zip.part-007:  0% / off, 16.000 MiB/s, -Transferred:   	       72 MiB / 72 MiB, 100%, 16.000 MiB/s, ETA 0s
Transferred:            0 / 1, 0%
Elapsed time:         4.5s
Transferring:
 *   aicup_esg2026_submit_artifacts.zip.part-007:  0% / off, 16.000 MiB/s, -Transferred:   	       88 MiB / 88 MiB, 100%, 16.000 MiB/s, ETA 0s
Transferred:            0 / 1, 0%
Elapsed time:         5.0s
Transferring:
 *   aicup_esg2026_submit_artifacts.zip.part-007:  0% / off, 17.600 MiB/s, -Transferred:   	       96 MiB / 96 MiB, 100%, 17.600 MiB/s, ETA 0s
Transferred:            0 / 1, 0%
Elapsed time:         5.5s
Transferring:
 *   aicup_esg2026_submit_artifacts.zip.part-007:  0% / off, 17.600 MiB/s, -Transferred:   	      104 MiB / 104 MiB, 100%, 17.600 MiB/s, ETA 0s
Transferred:            0 / 1, 0%
Elapsed time:         6.0s
Transferring:
 *   aicup_esg2026_submit_artifacts.zip.part-007:  0% / off, 17.333 MiB/s, -Transferred:   	      112 MiB / 112 MiB, 100%, 17.333 MiB/s, ETA 0s
Transferred:            0 / 1, 0%
Elapsed time:         6.5s
Transferring:
 *   aicup_esg2026_submit_artifacts.zip.part-007:  0% / off, 17.333 MiB/s, -Transferred:   	      128 MiB / 128 MiB, 100%, 17.333 MiB/s, ETA 0s
Transferred:            0 / 1, 0%
Elapsed time:         7.0s
Transferring:
 *   aicup_esg2026_submit_artifacts.zip.part-007:  0% / off, 18.286 MiB/s, -Transferred:   	      144 MiB / 144 MiB, 100%, 18.286 MiB/s, ETA 0s
Transferred:            0 / 1, 0%
Elapsed time:         7.5s
Transferring:
 *   aicup_esg2026_submit_artifacts.zip.part-007:  0% / off, 18.286 MiB/s, -Transferred:   	      152 MiB / 152 MiB, 100%, 18.286 MiB/s, ETA 0s
Transferred:            0 / 1, 0%
Elapsed time:         8.0s
Transferring:
 *   aicup_esg2026_submit_artifacts.zip.part-007:  0% / off, 19.000 MiB/s, -Transferred:   	      160 MiB / 160 MiB, 100%, 19.000 MiB/s, ETA 0s
Transferred:            0 / 1, 0%
Elapsed time:         8.5s
Transferring:
 *   aicup_esg2026_submit_artifacts.zip.part-007:  0% / off, 19.000 MiB/s, -Transferred:   	      176 MiB / 176 MiB, 100%, 19.000 MiB/s, ETA 0s
Transferred:            0 / 1, 0%
Elapsed time:         9.0s
Transferring:
 *   aicup_esg2026_submit_artifacts.zip.part-007:  0% / off, 19.556 MiB/s, -Transferred:   	      184 MiB / 184 MiB, 100%, 19.556 MiB/s, ETA 0s
Transferred:            0 / 1, 0%
Elapsed time:         9.5s
Transferring:
 *   aicup_esg2026_submit_artifacts.zip.part-007:  0% / off, 19.556 MiB/s, -Transferred:   	      192 MiB / 192 MiB, 100%, 19.556 MiB/s, ETA 0s
Transferred:            0 / 1, 0%
Elapsed time:        10.0s
Transferring:
 *   aicup_esg2026_submit_artifacts.zip.part-007:  0% / off, 19.200 MiB/s, -Transferred:   	      208 MiB / 208 MiB, 100%, 19.200 MiB/s, ETA 0s
Transferred:            0 / 1, 0%
Elapsed time:        10.5s
Transferring:
 *   aicup_esg2026_submit_artifacts.zip.part-007:  0% / off, 19.200 MiB/s, -Transferred:   	      216 MiB / 216 MiB, 100%, 19.200 MiB/s, ETA 0s
Transferred:            0 / 1, 0%
Elapsed time:        11.0s
Transferring:
 *   aicup_esg2026_submit_artifacts.zip.part-007:  0% / off, 19.636 MiB/s, -Transferred:   	      224 MiB / 224 MiB, 100%, 19.636 MiB/s, ETA 0s
Transferred:            0 / 1, 0%
Elapsed time:        11.5s
Transferring:
 *   aicup_esg2026_submit_artifacts.zip.part-007:  0% / off, 19.636 MiB/s, -Transferred:   	      232 MiB / 232 MiB, 100%, 19.636 MiB/s, ETA 0s
Transferred:            0 / 1, 0%
Elapsed time:        12.0s
Transferring:
 *   aicup_esg2026_submit_artifacts.zip.part-007:  0% / off, 19.333 MiB/s, -Transferred:   	      248 MiB / 248 MiB, 100%, 19.333 MiB/s, ETA 0s
Transferred:            0 / 1, 0%
Elapsed time:        12.5s
Transferring:
 *   aicup_esg2026_submit_artifacts.zip.part-007:  0% / off, 19.333 MiB/s, -Transferred:   	  256.996 MiB / 256.996 MiB, 100%, 19.333 MiB/s, ETA 0s
Transferred:            0 / 1, 0%
Elapsed time:        13.0s
Transferring:
 *   aicup_esg2026_submit_artifacts.zip.part-007:  0% / off, 19.769 MiB/s, -Transferred:   	      272 MiB / 272 MiB, 100%, 19.769 MiB/s, ETA 0s
Transferred:            0 / 1, 0%
Elapsed time:        13.5s
Transferring:
 *   aicup_esg2026_submit_artifacts.zip.part-007:  0% / off, 19.769 MiB/s, -Transferred:   	      280 MiB / 280 MiB, 100%, 19.769 MiB/s, ETA 0s
Transferred:            0 / 1, 0%
Elapsed time:        14.0s
Transferring:
 *   aicup_esg2026_submit_artifacts.zip.part-007:  0% / off, 20.000 MiB/s, -Transferred:   	      296 MiB / 296 MiB, 100%, 20.000 MiB/s, ETA 0s
Transferred:            0 / 1, 0%
Elapsed time:        14.5s
Transferring:
 *   aicup_esg2026_submit_artifacts.zip.part-007:  0% / off, 20.000 MiB/s, -Transferred:   	      304 MiB / 304 MiB, 100%, 20.000 MiB/s, ETA 0s
Transferred:            0 / 1, 0%
Elapsed time:        15.0s
Transferring:
 *   aicup_esg2026_submit_artifacts.zip.part-007:  0% / off, 20.267 MiB/s, -Transferred:   	      312 MiB / 312 MiB, 100%, 20.267 MiB/s, ETA 0s
Transferred:            0 / 1, 0%
Elapsed time:        15.5s
Transferring:
 *   aicup_esg2026_submit_artifacts.zip.part-007:  0% / off, 20.267 MiB/s, -Transferred:   	      320 MiB / 320 MiB, 100%, 20.267 MiB/s, ETA 0s
Transferred:            0 / 1, 0%
Elapsed time:        16.0s
Transferring:
 *   aicup_esg2026_submit_artifacts.zip.part-007:  0% / off, 20.000 MiB/s, -Transferred:   	      336 MiB / 336 MiB, 100%, 20.000 MiB/s, ETA 0s
Transferred:            0 / 1, 0%
Elapsed time:        16.5s
Transferring:
 *   aicup_esg2026_submit_artifacts.zip.part-007:  0% / off, 20.000 MiB/s, -Transferred:   	      344 MiB / 344 MiB, 100%, 20.000 MiB/s, ETA 0s
Transferred:            0 / 1, 0%
Elapsed time:        17.0s
Transferring:
 *   aicup_esg2026_submit_artifacts.zip.part-007:  0% / off, 20.250 MiB/s, -Transferred:   	      352 MiB / 352 MiB, 100%, 20.250 MiB/s, ETA 0s
Transferred:            0 / 1, 0%
Elapsed time:        17.5s
Transferring:
 *   aicup_esg2026_submit_artifacts.zip.part-007:  0% / off, 20.250 MiB/s, -Transferred:   	      368 MiB / 368 MiB, 100%, 20.484 MiB/s, ETA 0s
Transferred:            0 / 1, 0%
Elapsed time:        18.0s
Transferring:
 *   aicup_esg2026_submit_artifacts.zip.part-007:  0% / off, 20.484 MiB/s, -Transferred:   	      376 MiB / 376 MiB, 100%, 20.484 MiB/s, ETA 0s
Transferred:            0 / 1, 0%
Elapsed time:        18.5s
Transferring:
 *   aicup_esg2026_submit_artifacts.zip.part-007:  0% / off, 20.484 MiB/s, -Transferred:   	      384 MiB / 384 MiB, 100%, 20.204 MiB/s, ETA 0s
Transferred:            0 / 1, 0%
Elapsed time:        19.0s
Transferring:
 *   aicup_esg2026_submit_artifacts.zip.part-007:  0% / off, 20.204 MiB/s, -Transferred:   	      392 MiB / 392 MiB, 100%, 20.204 MiB/s, ETA 0s
Transferred:            0 / 1, 0%
Elapsed time:        19.5s
Transferring:
 *   aicup_esg2026_submit_artifacts.zip.part-007:  0% / off, 20.204 MiB/s, -Transferred:   	      408 MiB / 408 MiB, 100%, 20.441 MiB/s, ETA 0s
Transferred:            0 / 1, 0%
Elapsed time:        20.0s
Transferring:
 *   aicup_esg2026_submit_artifacts.zip.part-007:  0% / off, 20.441 MiB/s, -Transferred:   	      416 MiB / 416 MiB, 100%, 20.441 MiB/s, ETA 0s
Transferred:            0 / 1, 0%
Elapsed time:        20.5s
Transferring:
 *   aicup_esg2026_submit_artifacts.zip.part-007:  0% / off, 20.441 MiB/s, -Transferred:   	      424 MiB / 424 MiB, 100%, 20.441 MiB/s, ETA 0s
Transferred:            0 / 1, 0%
Elapsed time:        21.0s
Transferring:
 *   aicup_esg2026_submit_artifacts.zip.part-007:  0% / off, 20.164 MiB/s, -Transferred:   	      432 MiB / 432 MiB, 100%, 20.164 MiB/s, ETA 0s
Transferred:            0 / 1, 0%
Elapsed time:        21.5s
Transferring:
 *   aicup_esg2026_submit_artifacts.zip.part-007:  0% / off, 20.164 MiB/s, -Transferred:   	      448 MiB / 448 MiB, 100%, 20.404 MiB/s, ETA 0s
Transferred:            0 / 1, 0%
Elapsed time:        22.0s
Transferring:
 *   aicup_esg2026_submit_artifacts.zip.part-007:  0% / off, 20.404 MiB/s, -Transferred:   	      456 MiB / 456 MiB, 100%, 20.404 MiB/s, ETA 0s
Transferred:            0 / 1, 0%
Elapsed time:        22.5s
Transferring:
 *   aicup_esg2026_submit_artifacts.zip.part-007:  0% / off, 20.404 MiB/s, -Transferred:   	      464 MiB / 464 MiB, 100%, 20.404 MiB/s, ETA 0s
Transferred:            0 / 1, 0%
Elapsed time:        23.0s
Transferring:
 *   aicup_esg2026_submit_artifacts.zip.part-007:  0% / off, 20.128 MiB/s, -Transferred:   	      472 MiB / 472 MiB, 100%, 20.128 MiB/s, ETA 0s
Transferred:            0 / 1, 0%
Elapsed time:        23.5s
Transferring:
 *   aicup_esg2026_submit_artifacts.zip.part-007:  0% / off, 20.128 MiB/s, -Transferred:   	      488 MiB / 488 MiB, 100%, 20.128 MiB/s, ETA 0s
Transferred:            0 / 1, 0%
Elapsed time:        24.0s
Transferring:
 *   aicup_esg2026_submit_artifacts.zip.part-007:  0% / off, 20.370 MiB/s, -Transferred:   	      496 MiB / 496 MiB, 100%, 20.370 MiB/s, ETA 0s
Transferred:            0 / 1, 0%
Elapsed time:        24.5s
Transferring:
 *   aicup_esg2026_submit_artifacts.zip.part-007:  0% / off, 20.370 MiB/s, -Transferred:   	      504 MiB / 504 MiB, 100%, 20.097 MiB/s, ETA 0s
Transferred:            0 / 1, 0%
Elapsed time:        25.0s
Transferring:
 *   aicup_esg2026_submit_artifacts.zip.part-007:  0% / off, 20.097 MiB/s, -Transferred:   	      512 MiB / 512 MiB, 100%, 20.097 MiB/s, ETA 0s
Transferred:            0 / 1, 0%
Elapsed time:        25.5s
Transferring:
 *   aicup_esg2026_submit_artifacts.zip.part-007:  0% / off, 20.097 MiB/s, -Transferred:   	      528 MiB / 528 MiB, 100%, 20.097 MiB/s, ETA 0s
Transferred:            0 / 1, 0%
Elapsed time:        26.0s
Transferring:
 *   aicup_esg2026_submit_artifacts.zip.part-007:  0% / off, 20.341 MiB/s, -Transferred:   	      536 MiB / 536 MiB, 100%, 20.341 MiB/s, ETA 0s
Transferred:            0 / 1, 0%
Elapsed time:        26.5s
Transferring:
 *   aicup_esg2026_submit_artifacts.zip.part-007:  0% / off, 20.341 MiB/s, -Transferred:   	      552 MiB / 552 MiB, 100%, 20.341 MiB/s, ETA 0s
Transferred:            0 / 1, 0%
Elapsed time:        27.0s
Transferring:
 *   aicup_esg2026_submit_artifacts.zip.part-007:  0% / off, 20.570 MiB/s, -Transferred:   	      560 MiB / 560 MiB, 100%, 20.570 MiB/s, ETA 0s
Transferred:            0 / 1, 0%
Elapsed time:        27.5s
Transferring:
 *   aicup_esg2026_submit_artifacts.zip.part-007:  0% / off, 20.570 MiB/s, -Transferred:   	      568 MiB / 568 MiB, 100%, 20.284 MiB/s, ETA 0s
Transferred:            0 / 1, 0%
Elapsed time:        28.0s
Transferring:
 *   aicup_esg2026_submit_artifacts.zip.part-007:  0% / off, 20.284 MiB/s, -Transferred:   	      584 MiB / 584 MiB, 100%, 20.284 MiB/s, ETA 0s
Transferred:            0 / 1, 0%
Elapsed time:        28.5s
Transferring:
 *   aicup_esg2026_submit_artifacts.zip.part-007:  0% / off, 20.284 MiB/s, -Transferred:   	      592 MiB / 592 MiB, 100%, 20.284 MiB/s, ETA 0s
Transferred:            0 / 1, 0%
Elapsed time:        29.0s
Transferring:
 *   aicup_esg2026_submit_artifacts.zip.part-007:  0% / off, 20.516 MiB/s, -Transferred:   	      600 MiB / 600 MiB, 100%, 20.516 MiB/s, ETA 0s
Transferred:            0 / 1, 0%
Elapsed time:        29.5s
Transferring:
 *   aicup_esg2026_submit_artifacts.zip.part-007:  0% / off, 20.516 MiB/s, -Transferred:   	      616 MiB / 616 MiB, 100%, 20.734 MiB/s, ETA 0s
Transferred:            0 / 1, 0%
Elapsed time:        30.0s
Transferring:
 *   aicup_esg2026_submit_artifacts.zip.part-007:  0% / off, 20.734 MiB/s, -Transferred:   	      624 MiB / 624 MiB, 100%, 20.734 MiB/s, ETA 0s
Transferred:            0 / 1, 0%
Elapsed time:        30.5s
Transferring:
 *   aicup_esg2026_submit_artifacts.zip.part-007:  0% / off, 20.734 MiB/s, -Transferred:   	      632 MiB / 632 MiB, 100%, 20.734 MiB/s, ETA 0s
Transferred:            0 / 1, 0%
Elapsed time:        31.0s
Transferring:
 *   aicup_esg2026_submit_artifacts.zip.part-007:  0% / off, 20.438 MiB/s, -Transferred:   	      640 MiB / 640 MiB, 100%, 20.438 MiB/s, ETA 0s
Transferred:            0 / 1, 0%
Elapsed time:        31.5s
Transferring:
 *   aicup_esg2026_submit_artifacts.zip.part-007:  0% / off, 20.438 MiB/s, -Transferred:   	      656 MiB / 656 MiB, 100%, 20.438 MiB/s, ETA 0s
Transferred:            0 / 1, 0%
Elapsed time:        32.0s
Transferring:
 *   aicup_esg2026_submit_artifacts.zip.part-007:  0% / off, 20.661 MiB/s, -Transferred:   	      664 MiB / 664 MiB, 100%, 20.661 MiB/s, ETA 0s
Transferred:            0 / 1, 0%
Elapsed time:        32.5s
Transferring:
 *   aicup_esg2026_submit_artifacts.zip.part-007:  0% / off, 20.661 MiB/s, -Transferred:   	      672 MiB / 672 MiB, 100%, 20.661 MiB/s, ETA 0s
Transferred:            0 / 1, 0%
Elapsed time:        33.0s
Transferring:
 *   aicup_esg2026_submit_artifacts.zip.part-007:  0% / off, 20.370 MiB/s, -Transferred:   	      688 MiB / 688 MiB, 100%, 20.370 MiB/s, ETA 0s
Transferred:            0 / 1, 0%
Elapsed time:        33.5s
Transferring:
 *   aicup_esg2026_submit_artifacts.zip.part-007:  0% / off, 20.370 MiB/s, -Transferred:   	      696 MiB / 696 MiB, 100%, 20.370 MiB/s, ETA 0s
Transferred:            0 / 1, 0%
Elapsed time:        34.0s
Transferring:
 *   aicup_esg2026_submit_artifacts.zip.part-007:  0% / off, 20.596 MiB/s, -Transferred:   	      704 MiB / 704 MiB, 100%, 20.596 MiB/s, ETA 0s
Transferred:            0 / 1, 0%
Elapsed time:        34.5s
Transferring:
 *   aicup_esg2026_submit_artifacts.zip.part-007:  0% / off, 20.596 MiB/s, -Transferred:   	      720 MiB / 720 MiB, 100%, 20.596 MiB/s, ETA 0s
Transferred:            0 / 1, 0%
Elapsed time:        35.0s
Transferring:
 *   aicup_esg2026_submit_artifacts.zip.part-007:  0% / off, 20.809 MiB/s, -Transferred:   	      728 MiB / 728 MiB, 100%, 20.809 MiB/s, ETA 0s
Transferred:            0 / 1, 0%
Elapsed time:        35.5s
Transferring:
 *   aicup_esg2026_submit_artifacts.zip.part-007:  0% / off, 20.809 MiB/s, -Transferred:   	      736 MiB / 736 MiB, 100%, 20.509 MiB/s, ETA 0s
Transferred:            0 / 1, 0%
Elapsed time:        36.0s
Transferring:
 *   aicup_esg2026_submit_artifacts.zip.part-007:  0% / off, 20.509 MiB/s, -Transferred:   	      744 MiB / 744 MiB, 100%, 20.509 MiB/s, ETA 0s
Transferred:            0 / 1, 0%
Elapsed time:        36.5s
Transferring:
 *   aicup_esg2026_submit_artifacts.zip.part-007:  0% / off, 20.509 MiB/s, -Transferred:   	      760 MiB / 760 MiB, 100%, 20.509 MiB/s, ETA 0s
Transferred:            0 / 1, 0%
Elapsed time:        37.0s
Transferring:
 *   aicup_esg2026_submit_artifacts.zip.part-007:  0% / off, 20.727 MiB/s, -Transferred:   	      768 MiB / 768 MiB, 100%, 20.727 MiB/s, ETA 0s
Transferred:            0 / 1, 0%
Elapsed time:        37.5s
Transferring:
 *   aicup_esg2026_submit_artifacts.zip.part-007:  0% / off, 20.727 MiB/s, -Transferred:   	      776 MiB / 776 MiB, 100%, 20.727 MiB/s, ETA 0s
Transferred:            0 / 1, 0%
Elapsed time:        38.0s
Transferring:
 *   aicup_esg2026_submit_artifacts.zip.part-007:  0% / off, 20.431 MiB/s, -Transferred:   	  784.996 MiB / 784.996 MiB, 100%, 20.431 MiB/s, ETA 0s
Transferred:            0 / 1, 0%
Elapsed time:        38.5s
Transferring:
 *   aicup_esg2026_submit_artifacts.zip.part-007:  0% / off, 20.431 MiB/s, -Transferred:   	      800 MiB / 800 MiB, 100%, 20.654 MiB/s, ETA 0s
Transferred:            0 / 1, 0%
Elapsed time:        39.0s
Transferring:
 *   aicup_esg2026_submit_artifacts.zip.part-007:  0% / off, 20.654 MiB/s, -Transferred:   	      816 MiB / 816 MiB, 100%, 20.654 MiB/s, ETA 0s
Transferred:            0 / 1, 0%
Elapsed time:        39.5s
Transferring:
 *   aicup_esg2026_submit_artifacts.zip.part-007:  0% / off, 20.654 MiB/s, -Transferred:   	      824 MiB / 824 MiB, 100%, 20.864 MiB/s, ETA 0s
Transferred:            0 / 1, 0%
Elapsed time:        40.0s
Transferring:
 *   aicup_esg2026_submit_artifacts.zip.part-007:  0% / off, 20.864 MiB/s, -Transferred:   	      832 MiB / 832 MiB, 100%, 20.864 MiB/s, ETA 0s
Transferred:            0 / 1, 0%
Elapsed time:        40.5s
Transferring:
 *   aicup_esg2026_submit_artifacts.zip.part-007:  0% / off, 20.864 MiB/s, -Transferred:   	      848 MiB / 848 MiB, 100%, 21.060 MiB/s, ETA 0s
Transferred:            0 / 1, 0%
Elapsed time:        41.0s
Transferring:
 *   aicup_esg2026_submit_artifacts.zip.part-007:  0% / off, 21.060 MiB/s, -Transferred:   	      856 MiB / 856 MiB, 100%, 21.060 MiB/s, ETA 0s
Transferred:            0 / 1, 0%
Elapsed time:        41.5s
Transferring:
 *   aicup_esg2026_submit_artifacts.zip.part-007:  0% / off, 21.060 MiB/s, -Transferred:   	      864 MiB / 864 MiB, 100%, 21.060 MiB/s, ETA 0s
Transferred:            0 / 1, 0%
Elapsed time:        42.0s
Transferring:
 *   aicup_esg2026_submit_artifacts.zip.part-007:  0% / off, 20.743 MiB/s, -Transferred:   	      880 MiB / 880 MiB, 100%, 20.743 MiB/s, ETA 0s
Transferred:            0 / 1, 0%
Elapsed time:        42.5s
Transferring:
 *   aicup_esg2026_submit_artifacts.zip.part-007:  0% / off, 20.743 MiB/s, -Transferred:   	      888 MiB / 888 MiB, 100%, 20.947 MiB/s, ETA 0s
Transferred:            0 / 1, 0%
Elapsed time:        43.0s
Transferring:
 *   aicup_esg2026_submit_artifacts.zip.part-007:  0% / off, 20.947 MiB/s, -Transferred:   	      896 MiB / 896 MiB, 100%, 20.947 MiB/s, ETA 0s
Transferred:            0 / 1, 0%
Elapsed time:        43.5s
Transferring:
 *   aicup_esg2026_submit_artifacts.zip.part-007:  0% / off, 20.947 MiB/s, -Transferred:   	      904 MiB / 904 MiB, 100%, 20.638 MiB/s, ETA 0s
Transferred:            0 / 1, 0%
Elapsed time:        44.0s
Transferring:
 *   aicup_esg2026_submit_artifacts.zip.part-007:  0% / off, 20.638 MiB/s, -Transferred:   	      920 MiB / 920 MiB, 100%, 20.638 MiB/s, ETA 0s
Transferred:            0 / 1, 0%
Elapsed time:        44.5s
Transferring:
 *   aicup_esg2026_submit_artifacts.zip.part-007:  0% / off, 20.638 MiB/s, -Transferred:   	      928 MiB / 928 MiB, 100%, 20.638 MiB/s, ETA 0s
Transferred:            0 / 1, 0%
Elapsed time:        45.0s
Transferring:
 *   aicup_esg2026_submit_artifacts.zip.part-007:  0% / off, 20.848 MiB/s, -Transferred:   	  941.996 MiB / 941.996 MiB, 100%, 20.848 MiB/s, ETA 0s
Transferred:            0 / 1, 0%
Elapsed time:        45.5s
Transferring:
 *   aicup_esg2026_submit_artifacts.zip.part-007:  0% / off, 20.848 MiB/s, -Transferred:   	      952 MiB / 952 MiB, 100%, 20.848 MiB/s, ETA 0s
Transferred:            0 / 1, 0%
Elapsed time:        46.0s
Transferring:
 *   aicup_esg2026_submit_artifacts.zip.part-007:  0% / off, 20.848 MiB/s, -Transferred:   	  962.996 MiB / 962.996 MiB, 100%, 21.045 MiB/s, ETA 0s
Transferred:            0 / 1, 0%
Elapsed time:        46.5s
Transferring:
 *   aicup_esg2026_submit_artifacts.zip.part-007:  0% / off, 21.045 MiB/s, -Transferred:   	      976 MiB / 976 MiB, 100%, 21.230 MiB/s, ETA 0s
Transferred:            0 / 1, 0%
Elapsed time:        47.0s
Transferring:
 *   aicup_esg2026_submit_artifacts.zip.part-007:  0% / off, 21.230 MiB/s, -Transferred:   	      984 MiB / 984 MiB, 100%, 21.230 MiB/s, ETA 0s
Transferred:            0 / 1, 0%
Elapsed time:        47.5s
Transferring:
 *   aicup_esg2026_submit_artifacts.zip.part-007:  0% / off, 21.230 MiB/s, -Transferred:   	     1000 MiB / 1000 MiB, 100%, 21.230 MiB/s, ETA 0s
Transferred:            0 / 1, 0%
Elapsed time:        48.0s
Transferring:
 *   aicup_esg2026_submit_artifacts.zip.part-007:  0% / off, 21.403 MiB/s, -Transferred:   	     1008 MiB / 1008 MiB, 100%, 21.403 MiB/s, ETA 0s
Transferred:            0 / 1, 0%
Elapsed time:        48.5s
Transferring:
 *   aicup_esg2026_submit_artifacts.zip.part-007:  0% / off, 21.403 MiB/s, -Transferred:   	     1016 MiB / 1016 MiB, 100%, 21.065 MiB/s, ETA 0s
Transferred:            0 / 1, 0%
Elapsed time:        49.0s
Transferring:
 *   aicup_esg2026_submit_artifacts.zip.part-007:  0% / off, 21.403 MiB/s, -Transferred:   	    1.005 GiB / 1.005 GiB, 100%, 21.065 MiB/s, ETA 0s
Transferred:            0 / 1, 0%
Elapsed time:        49.5s
Transferring:
 *   aicup_esg2026_submit_artifacts.zip.part-007:  0% / off, 21.065 MiB/s, -Transferred:   	    1.016 GiB / 1.016 GiB, 100%, 21.065 MiB/s, ETA 0s
Transferred:            0 / 1, 0%
Elapsed time:        50.0s
Transferring:
 *   aicup_esg2026_submit_artifacts.zip.part-007:  0% / off, 21.065 MiB/s, -Transferred:   	    1.023 GiB / 1.023 GiB, 100%, 21.248 MiB/s, ETA 0s
Transferred:            0 / 1, 0%
Elapsed time:        50.5s
Transferring:
 *   aicup_esg2026_submit_artifacts.zip.part-007:  0% / off, 21.248 MiB/s, -Transferred:   	    1.039 GiB / 1.039 GiB, 100%, 21.420 MiB/s, ETA 0s
Transferred:            0 / 1, 0%
Elapsed time:        51.0s
Transferring:
 *   aicup_esg2026_submit_artifacts.zip.part-007:  0% / off, 21.420 MiB/s, -Transferred:   	    1.047 GiB / 1.047 GiB, 100%, 21.420 MiB/s, ETA 0s
Transferred:            0 / 1, 0%
Elapsed time:        51.5s
Transferring:
 *   aicup_esg2026_submit_artifacts.zip.part-007:  0% / off, 21.420 MiB/s, -Transferred:   	    1.055 GiB / 1.055 GiB, 100%, 21.420 MiB/s, ETA 0s
Transferred:            0 / 1, 0%
Elapsed time:        52.0s
Transferring:
 *   aicup_esg2026_submit_artifacts.zip.part-007:  0% / off, 21.082 MiB/s, -Transferred:   	    1.070 GiB / 1.070 GiB, 100%, 21.082 MiB/s, ETA 0s
Transferred:            0 / 1, 0%
Elapsed time:        52.5s
Transferring:
 *   aicup_esg2026_submit_artifacts.zip.part-007:  0% / off, 21.082 MiB/s, -Transferred:   	    1.078 GiB / 1.078 GiB, 100%, 21.082 MiB/s, ETA 0s
Transferred:            0 / 1, 0%
Elapsed time:        53.0s
Transferring:
 *   aicup_esg2026_submit_artifacts.zip.part-007:  0% / off, 21.264 MiB/s, -Transferred:   	    1.094 GiB / 1.094 GiB, 100%, 21.264 MiB/s, ETA 0s
Transferred:            0 / 1, 0%
Elapsed time:        53.5s
Transferring:
 *   aicup_esg2026_submit_artifacts.zip.part-007:  0% / off, 21.264 MiB/s, -Transferred:   	    1.102 GiB / 1.102 GiB, 100%, 21.264 MiB/s, ETA 0s
Transferred:            0 / 1, 0%
Elapsed time:        54.0s
Transferring:
 *   aicup_esg2026_submit_artifacts.zip.part-007:  0% / off, 21.435 MiB/s, -Transferred:   	    1.117 GiB / 1.117 GiB, 100%, 21.435 MiB/s, ETA 0s
Transferred:            0 / 1, 0%
Elapsed time:        54.5s
Transferring:
 *   aicup_esg2026_submit_artifacts.zip.part-007:  0% / off, 21.435 MiB/s, -Transferred:   	    1.125 GiB / 1.125 GiB, 100%, 21.435 MiB/s, ETA 0s
Transferred:            0 / 1, 0%
Elapsed time:        55.0s
Transferring:
 *   aicup_esg2026_submit_artifacts.zip.part-007:  0% / off, 21.435 MiB/s, -Transferred:   	    1.141 GiB / 1.141 GiB, 100%, 21.595 MiB/s, ETA 0s
Transferred:            0 / 1, 0%
Elapsed time:        55.5s
Transferring:
 *   aicup_esg2026_submit_artifacts.zip.part-007:  0% / off, 21.595 MiB/s, -Transferred:   	    1.148 GiB / 1.148 GiB, 100%, 21.746 MiB/s, ETA 0s
Transferred:            0 / 1, 0%
Elapsed time:        56.0s
Transferring:
 *   aicup_esg2026_submit_artifacts.zip.part-007:  0% / off, 21.746 MiB/s, -Transferred:   	    1.156 GiB / 1.156 GiB, 100%, 21.746 MiB/s, ETA 0s
Transferred:            0 / 1, 0%
Elapsed time:        56.5s
Transferring:
 *   aicup_esg2026_submit_artifacts.zip.part-007:  0% / off, 21.746 MiB/s, -Transferred:   	    1.172 GiB / 1.172 GiB, 100%, 21.746 MiB/s, ETA 0s
Transferred:            0 / 1, 0%
Elapsed time:        57.0s
Transferring:
 *   aicup_esg2026_submit_artifacts.zip.part-007:  0% / off, 21.746 MiB/s, -Transferred:   	    1.180 GiB / 1.180 GiB, 100%, 21.887 MiB/s, ETA 0s
Transferred:            0 / 1, 0%
Elapsed time:        57.5s
Transferring:
 *   aicup_esg2026_submit_artifacts.zip.part-007:  0% / off, 21.887 MiB/s, -Transferred:   	    1.188 GiB / 1.188 GiB, 100%, 21.519 MiB/s, ETA 0s
Transferred:            0 / 1, 0%
Elapsed time:        58.0s
Transferring:
 *   aicup_esg2026_submit_artifacts.zip.part-007:  0% / off, 21.519 MiB/s, -Transferred:   	    1.195 GiB / 1.195 GiB, 100%, 21.519 MiB/s, ETA 0s
Transferred:            0 / 1, 0%
Elapsed time:        58.5s
Transferring:
 *   aicup_esg2026_submit_artifacts.zip.part-007:  0% / off, 21.519 MiB/s, -Transferred:   	    1.211 GiB / 1.211 GiB, 100%, 21.519 MiB/s, ETA 0s
Transferred:            0 / 1, 0%
Elapsed time:        59.0s
Transferring:
 *   aicup_esg2026_submit_artifacts.zip.part-007:  0% / off, 21.674 MiB/s, -Transferred:   	    1.223 GiB / 1.223 GiB, 100%, 21.674 MiB/s, ETA 0s
Transferred:            0 / 1, 0%
Elapsed time:        59.5s
Transferring:
 *   aicup_esg2026_submit_artifacts.zip.part-007:  0% / off, 21.674 MiB/s, -Transferred:   	    1.234 GiB / 1.234 GiB, 100%, 21.819 MiB/s, ETA 0s
Transferred:            0 / 1, 0%
Elapsed time:       1m0.0s
Transferring:
 *   aicup_esg2026_submit_artifacts.zip.part-007:  0% / off, 21.819 MiB/s, -Transferred:   	    1.242 GiB / 1.242 GiB, 100%, 21.819 MiB/s, ETA 0s
Transferred:            0 / 1, 0%
Elapsed time:       1m0.5s
Transferring:
 *   aicup_esg2026_submit_artifacts.zip.part-007:  0% / off, 21.819 MiB/s, -Transferred:   	    1.258 GiB / 1.258 GiB, 100%, 21.955 MiB/s, ETA 0s
Transferred:            0 / 1, 0%
Elapsed time:       1m1.0s
Transferring:
 *   aicup_esg2026_submit_artifacts.zip.part-007:  0% / off, 21.955 MiB/s, -Transferred:   	    1.266 GiB / 1.266 GiB, 100%, 21.955 MiB/s, ETA 0s
Transferred:            0 / 1, 0%
Elapsed time:       1m1.5s
Transferring:
 *   aicup_esg2026_submit_artifacts.zip.part-007:  0% / off, 21.955 MiB/s, -Transferred:   	    1.273 GiB / 1.273 GiB, 100%, 21.583 MiB/s, ETA 0s
Transferred:            0 / 1, 0%
Elapsed time:       1m2.0s
Transferring:
 *   aicup_esg2026_submit_artifacts.zip.part-007:  0% / off, 21.583 MiB/s, -Transferred:   	    1.281 GiB / 1.281 GiB, 100%, 21.583 MiB/s, ETA 0s
Transferred:            0 / 1, 0%
Elapsed time:       1m2.5s
Transferring:
 *   aicup_esg2026_submit_artifacts.zip.part-007:  0% / off, 21.583 MiB/s, -Transferred:   	    1.297 GiB / 1.297 GiB, 100%, 21.734 MiB/s, ETA 0s
Transferred:            0 / 1, 0%
Elapsed time:       1m3.0s
Transferring:
 *   aicup_esg2026_submit_artifacts.zip.part-007:  0% / off, 21.734 MiB/s, -Transferred:   	    1.305 GiB / 1.305 GiB, 100%, 21.734 MiB/s, ETA 0s
Transferred:            0 / 1, 0%
Elapsed time:       1m3.5s
Transferring:
 *   aicup_esg2026_submit_artifacts.zip.part-007:  0% / off, 21.734 MiB/s, -Transferred:   	    1.312 GiB / 1.312 GiB, 100%, 21.376 MiB/s, ETA 0s
Transferred:            0 / 1, 0%
Elapsed time:       1m4.0s
Transferring:
 *   aicup_esg2026_submit_artifacts.zip.part-007:  0% / off, 21.376 MiB/s, -Transferred:   	    1.328 GiB / 1.328 GiB, 100%, 21.376 MiB/s, ETA 0s
Transferred:            0 / 1, 0%
Elapsed time:       1m4.5s
Transferring:
 *   aicup_esg2026_submit_artifacts.zip.part-007:  0% / off, 21.376 MiB/s, -Transferred:   	    1.336 GiB / 1.336 GiB, 100%, 21.540 MiB/s, ETA 0s
Transferred:            0 / 1, 0%
Elapsed time:       1m5.0s
Transferring:
 *   aicup_esg2026_submit_artifacts.zip.part-007:  0% / off, 21.540 MiB/s, -Transferred:   	    1.344 GiB / 1.344 GiB, 100%, 21.540 MiB/s, ETA 0s
Transferred:            0 / 1, 0%
Elapsed time:       1m5.5s
Transferring:
 *   aicup_esg2026_submit_artifacts.zip.part-007:  0% / off, 21.540 MiB/s, -Transferred:   	    1.352 GiB / 1.352 GiB, 100%, 21.194 MiB/s, ETA 0s
Transferred:            0 / 1, 0%
Elapsed time:       1m6.0s
Transferring:
 *   aicup_esg2026_submit_artifacts.zip.part-007:  0% / off, 21.194 MiB/s, -Transferred:   	    1.367 GiB / 1.367 GiB, 100%, 21.194 MiB/s, ETA 0s
Transferred:            0 / 1, 0%
Elapsed time:       1m6.5s
Transferring:
 *   aicup_esg2026_submit_artifacts.zip.part-007:  0% / off, 21.194 MiB/s, -Transferred:   	    1.375 GiB / 1.375 GiB, 100%, 21.369 MiB/s, ETA 0s
Transferred:            0 / 1, 0%
Elapsed time:       1m7.0s
Transferring:
 *   aicup_esg2026_submit_artifacts.zip.part-007:  0% / off, 21.369 MiB/s, -Transferred:   	    1.391 GiB / 1.391 GiB, 100%, 21.369 MiB/s, ETA 0s
Transferred:            0 / 1, 0%
Elapsed time:       1m7.5s
Transferring:
 *   aicup_esg2026_submit_artifacts.zip.part-007:  0% / off, 21.369 MiB/s, -Transferred:   	    1.398 GiB / 1.398 GiB, 100%, 21.533 MiB/s, ETA 0s
Transferred:            0 / 1, 0%
Elapsed time:       1m8.0s
Transferring:
 *   aicup_esg2026_submit_artifacts.zip.part-007:  0% / off, 21.533 MiB/s, -Transferred:   	    1.406 GiB / 1.406 GiB, 100%, 21.533 MiB/s, ETA 0s
Transferred:            0 / 1, 0%
Elapsed time:       1m8.5s
Transferring:
 *   aicup_esg2026_submit_artifacts.zip.part-007:  0% / off, 21.533 MiB/s, -Transferred:   	    1.422 GiB / 1.422 GiB, 100%, 21.688 MiB/s, ETA 0s
Transferred:            0 / 1, 0%
Elapsed time:       1m9.0s
Transferring:
 *   aicup_esg2026_submit_artifacts.zip.part-007:  0% / off, 21.688 MiB/s, -Transferred:   	    1.430 GiB / 1.430 GiB, 100%, 21.688 MiB/s, ETA 0s
Transferred:            0 / 1, 0%
Elapsed time:       1m9.5s
Transferring:
 *   aicup_esg2026_submit_artifacts.zip.part-007:  0% / off, 21.688 MiB/s, -Transferred:   	    1.438 GiB / 1.438 GiB, 100%, 21.332 MiB/s, ETA 0s
Transferred:            0 / 1, 0%
Elapsed time:      1m10.0s
Transferring:
 *   aicup_esg2026_submit_artifacts.zip.part-007:  0% / off, 21.332 MiB/s, -Transferred:   	    1.453 GiB / 1.453 GiB, 100%, 21.332 MiB/s, ETA 0s
Transferred:            0 / 1, 0%
Elapsed time:      1m10.5s
Transferring:
 *   aicup_esg2026_submit_artifacts.zip.part-007:  0% / off, 21.332 MiB/s, -Transferred:   	    1.461 GiB / 1.461 GiB, 100%, 21.499 MiB/s, ETA 0s
Transferred:            0 / 1, 0%
Elapsed time:      1m11.0s
Transferring:
 *   aicup_esg2026_submit_artifacts.zip.part-007:  0% / off, 21.499 MiB/s, -Transferred:   	    1.469 GiB / 1.469 GiB, 100%, 21.499 MiB/s, ETA 0s
Transferred:            0 / 1, 0%
Elapsed time:      1m11.5s
Transferring:
 *   aicup_esg2026_submit_artifacts.zip.part-007:  0% / off, 21.499 MiB/s, -Transferred:   	    1.484 GiB / 1.484 GiB, 100%, 21.655 MiB/s, ETA 0s
Transferred:            0 / 1, 0%
Elapsed time:      1m12.0s
Transferring:
 *   aicup_esg2026_submit_artifacts.zip.part-007:  0% / off, 21.655 MiB/s, -Transferred:   	    1.492 GiB / 1.492 GiB, 100%, 21.655 MiB/s, ETA 0s
Transferred:            0 / 1, 0%
Elapsed time:      1m12.5s
Transferring:
 *   aicup_esg2026_submit_artifacts.zip.part-007:  0% / off, 21.655 MiB/s, -Transferred:   	    1.500 GiB / 1.500 GiB, 100%, 21.302 MiB/s, ETA 0s
Transferred:            0 / 1, 0%
Elapsed time:      1m13.0s
Transferring:
 *   aicup_esg2026_submit_artifacts.zip.part-007:  0% / off, 21.302 MiB/s, -Transferred:   	    1.516 GiB / 1.516 GiB, 100%, 21.302 MiB/s, ETA 0s
Transferred:            0 / 1, 0%
Elapsed time:      1m13.5s
Transferring:
 *   aicup_esg2026_submit_artifacts.zip.part-007:  0% / off, 21.302 MiB/s, -Transferred:   	    1.523 GiB / 1.523 GiB, 100%, 21.470 MiB/s, ETA 0s
Transferred:            0 / 1, 0%
Elapsed time:      1m14.0s
Transferring:
 *   aicup_esg2026_submit_artifacts.zip.part-007:  0% / off, 21.470 MiB/s, -Transferred:   	    1.531 GiB / 1.531 GiB, 100%, 21.470 MiB/s, ETA 0s
Transferred:            0 / 1, 0%
Elapsed time:      1m14.5s
Transferring:
 *   aicup_esg2026_submit_artifacts.zip.part-007:  0% / off, 21.470 MiB/s, -Transferred:   	    1.539 GiB / 1.539 GiB, 100%, 21.128 MiB/s, ETA 0s
Transferred:            0 / 1, 0%
Elapsed time:      1m15.0s
Transferring:
 *   aicup_esg2026_submit_artifacts.zip.part-007:  0% / off, 21.128 MiB/s, -Transferred:   	    1.555 GiB / 1.555 GiB, 100%, 21.128 MiB/s, ETA 0s
Transferred:            0 / 1, 0%
Elapsed time:      1m15.5s
Transferring:
 *   aicup_esg2026_submit_artifacts.zip.part-007:  0% / off, 21.128 MiB/s, -Transferred:   	    1.562 GiB / 1.562 GiB, 100%, 21.308 MiB/s, ETA 0s
Transferred:            0 / 1, 0%
Elapsed time:      1m16.0s
Transferring:
 *   aicup_esg2026_submit_artifacts.zip.part-007:  0% / off, 21.308 MiB/s, -Transferred:   	    1.578 GiB / 1.578 GiB, 100%, 21.308 MiB/s, ETA 0s
Transferred:            0 / 1, 0%
Elapsed time:      1m16.5s
Transferring:
 *   aicup_esg2026_submit_artifacts.zip.part-007:  0% / off, 21.308 MiB/s, -Transferred:   	    1.586 GiB / 1.586 GiB, 100%, 21.476 MiB/s, ETA 0s
Transferred:            0 / 1, 0%
Elapsed time:      1m17.0s
Transferring:
 *   aicup_esg2026_submit_artifacts.zip.part-007:  0% / off, 21.476 MiB/s, -Transferred:   	    1.602 GiB / 1.602 GiB, 100%, 21.476 MiB/s, ETA 0s
Transferred:            0 / 1, 0%
Elapsed time:      1m17.5s
Transferring:
 *   aicup_esg2026_submit_artifacts.zip.part-007:  0% / off, 21.476 MiB/s, -Transferred:   	    1.609 GiB / 1.609 GiB, 100%, 21.634 MiB/s, ETA 0s
Transferred:            0 / 1, 0%
Elapsed time:      1m18.0s
Transferring:
 *   aicup_esg2026_submit_artifacts.zip.part-007:  0% / off, 21.634 MiB/s, -Transferred:   	    1.617 GiB / 1.617 GiB, 100%, 21.634 MiB/s, ETA 0s
Transferred:            0 / 1, 0%
Elapsed time:      1m18.5s
Transferring:
 *   aicup_esg2026_submit_artifacts.zip.part-007:  0% / off, 21.634 MiB/s, -Transferred:   	    1.625 GiB / 1.625 GiB, 100%, 21.282 MiB/s, ETA 0s
Transferred:            0 / 1, 0%
Elapsed time:      1m19.0s
Transferring:
 *   aicup_esg2026_submit_artifacts.zip.part-007:  0% / off, 21.282 MiB/s, -Transferred:   	    1.641 GiB / 1.641 GiB, 100%, 21.282 MiB/s, ETA 0s
Transferred:            0 / 1, 0%
Elapsed time:      1m19.5s
Transferring:
 *   aicup_esg2026_submit_artifacts.zip.part-007:  0% / off, 21.282 MiB/s, -Transferred:   	    1.648 GiB / 1.648 GiB, 100%, 21.282 MiB/s, ETA 0s
Transferred:            0 / 1, 0%
Elapsed time:      1m20.0s
Transferring:
 *   aicup_esg2026_submit_artifacts.zip.part-007:  0% / off, 21.452 MiB/s, -Transferred:   	    1.656 GiB / 1.656 GiB, 100%, 21.452 MiB/s, ETA 0s
Transferred:            0 / 1, 0%
Elapsed time:      1m20.5s
Transferring:
 *   aicup_esg2026_submit_artifacts.zip.part-007:  0% / off, 21.452 MiB/s, -Transferred:   	    1.667 GiB / 1.667 GiB, 100%, 21.298 MiB/s, ETA 0s
Transferred:            0 / 1, 0%
Elapsed time:      1m21.0s
Transferring:
 *   aicup_esg2026_submit_artifacts.zip.part-007:  0% / off, 21.298 MiB/s, -Transferred:   	    1.680 GiB / 1.680 GiB, 100%, 21.298 MiB/s, ETA 0s
Transferred:            0 / 1, 0%
Elapsed time:      1m21.5s
Transferring:
 *   aicup_esg2026_submit_artifacts.zip.part-007:  0% / off, 21.298 MiB/s, -Transferred:   	    1.688 GiB / 1.688 GiB, 100%, 21.298 MiB/s, ETA 0s
Transferred:            0 / 1, 0%
Elapsed time:      1m22.0s
Transferring:
 *   aicup_esg2026_submit_artifacts.zip.part-007:  0% / off, 21.298 MiB/s, -Transferred:   	    1.695 GiB / 1.695 GiB, 100%, 21.280 MiB/s, ETA 0s
Transferred:            0 / 1, 0%
Elapsed time:      1m22.5s
Transferring:
 *   aicup_esg2026_submit_artifacts.zip.part-007:  0% / off, 21.280 MiB/s, -Transferred:   	    1.711 GiB / 1.711 GiB, 100%, 21.280 MiB/s, ETA 0s
Transferred:            0 / 1, 0%
Elapsed time:      1m23.0s
Transferring:
 *   aicup_esg2026_submit_artifacts.zip.part-007:  0% / off, 21.450 MiB/s, -Transferred:   	    1.719 GiB / 1.719 GiB, 100%, 21.450 MiB/s, ETA 0s
Transferred:            0 / 1, 0%
Elapsed time:      1m23.5s
Transferring:
 *   aicup_esg2026_submit_artifacts.zip.part-007:  0% / off, 21.450 MiB/s, -Transferred:   	    1.734 GiB / 1.734 GiB, 100%, 21.450 MiB/s, ETA 0s
Transferred:            0 / 1, 0%
Elapsed time:      1m24.0s
Transferring:
 *   aicup_esg2026_submit_artifacts.zip.part-007:  0% / off, 21.609 MiB/s, -Transferred:   	    1.742 GiB / 1.742 GiB, 100%, 21.609 MiB/s, ETA 0s
Transferred:            0 / 1, 0%
Elapsed time:      1m24.5s
Transferring:
 *   aicup_esg2026_submit_artifacts.zip.part-007:  0% / off, 21.609 MiB/s, -Transferred:   	    1.758 GiB / 1.758 GiB, 100%, 21.609 MiB/s, ETA 0s
Transferred:            0 / 1, 0%
Elapsed time:      1m25.0s
Transferring:
 *   aicup_esg2026_submit_artifacts.zip.part-007:  0% / off, 21.759 MiB/s, -Transferred:   	    1.766 GiB / 1.766 GiB, 100%, 21.759 MiB/s, ETA 0s
Transferred:            0 / 1, 0%
Elapsed time:      1m25.5s
Transferring:
 *   aicup_esg2026_submit_artifacts.zip.part-007:  0% / off, 21.759 MiB/s, -Transferred:   	    1.773 GiB / 1.773 GiB, 100%, 21.759 MiB/s, ETA 0s
Transferred:            0 / 1, 0%
Elapsed time:      1m26.0s
Transferring:
 *   aicup_esg2026_submit_artifacts.zip.part-007:  0% / off, 21.399 MiB/s, -Transferred:   	    1.789 GiB / 1.789 GiB, 100%, 21.399 MiB/s, ETA 0s
Transferred:            0 / 1, 0%
Elapsed time:      1m26.5s
Transferring:
 *   aicup_esg2026_submit_artifacts.zip.part-007:  0% / off, 21.399 MiB/s, -Transferred:   	    1.797 GiB / 1.797 GiB, 100%, 21.399 MiB/s, ETA 0s
Transferred:            0 / 1, 0%
Elapsed time:      1m27.0s
Transferring:
 *   aicup_esg2026_submit_artifacts.zip.part-007:  0% / off, 21.561 MiB/s, -Transferred:   	    1.805 GiB / 1.805 GiB, 100%, 21.561 MiB/s, ETA 0s
Transferred:            0 / 1, 0%
Elapsed time:      1m27.5s
Transferring:
 *   aicup_esg2026_submit_artifacts.zip.part-007:  0% / off, 21.561 MiB/s, -Transferred:   	    1.820 GiB / 1.820 GiB, 100%, 21.561 MiB/s, ETA 0s
Transferred:            0 / 1, 0%
Elapsed time:      1m28.0s
Transferring:
 *   aicup_esg2026_submit_artifacts.zip.part-007:  0% / off, 21.714 MiB/s, -Transferred:   	    1.828 GiB / 1.828 GiB, 100%, 21.714 MiB/s, ETA 0s
Transferred:            0 / 1, 0%
Elapsed time:      1m28.5s
Transferring:
 *   aicup_esg2026_submit_artifacts.zip.part-007:  0% / off, 21.714 MiB/s, -Transferred:   	    1.843 GiB / 1.843 GiB, 100%, 21.794 MiB/s, ETA 0s
Transferred:            0 / 1, 0%
Elapsed time:      1m29.0s
Transferring:
 *   aicup_esg2026_submit_artifacts.zip.part-007:  0% / off, 21.794 MiB/s, -Transferred:   	    1.852 GiB / 1.852 GiB, 100%, 21.794 MiB/s, ETA 0s
Transferred:            0 / 1, 0%
Elapsed time:      1m29.5s
Transferring:
 *   aicup_esg2026_submit_artifacts.zip.part-007:  0% / off, 21.794 MiB/s, -Transferred:   	    1.862 GiB / 1.862 GiB, 100%, 21.682 MiB/s, ETA 0s
Transferred:            0 / 1, 0%
Elapsed time:      1m30.0s
Transferring:
 *   aicup_esg2026_submit_artifacts.zip.part-007:  0% / off, 21.682 MiB/s, -Transferred:   	    1.875 GiB / 1.875 GiB, 100%, 21.682 MiB/s, ETA 0s
Transferred:            0 / 1, 0%
Elapsed time:      1m30.5s
Transferring:
 *   aicup_esg2026_submit_artifacts.zip.part-007:  0% / off, 21.682 MiB/s, -Transferred:   	    1.883 GiB / 1.883 GiB, 100%, 21.682 MiB/s, ETA 0s
Transferred:            0 / 1, 0%
Elapsed time:      1m31.0s
Transferring:
 *   aicup_esg2026_submit_artifacts.zip.part-007:  0% / off, 21.639 MiB/s, -Transferred:   	    1.898 GiB / 1.898 GiB, 100%, 21.639 MiB/s, ETA 0s
Transferred:            0 / 1, 0%
Elapsed time:      1m31.5s
Transferring:
 *   aicup_esg2026_submit_artifacts.zip.part-007:  0% / off, 21.639 MiB/s, -Transferred:   	    1.906 GiB / 1.906 GiB, 100%, 21.787 MiB/s, ETA 0s
Transferred:            0 / 1, 0%
Elapsed time:      1m32.0s
Transferring:
 *   aicup_esg2026_submit_artifacts.zip.part-007:  0% / off, 21.787 MiB/s, -Transferred:   	    1.914 GiB / 1.914 GiB, 100%, 21.787 MiB/s, ETA 0s
Transferred:            0 / 1, 0%
Elapsed time:      1m32.5s
Transferring:
 *   aicup_esg2026_submit_artifacts.zip.part-007:  0% / off, 21.787 MiB/s, -Transferred:   	    1.930 GiB / 1.930 GiB, 100%, 21.787 MiB/s, ETA 0s
Transferred:            0 / 1, 0%
Elapsed time:      1m33.0s
Transferring:
 *   aicup_esg2026_submit_artifacts.zip.part-007:  0% / off, 21.925 MiB/s, -Transferred:   	    1.938 GiB / 1.938 GiB, 100%, 21.925 MiB/s, ETA 0s
Transferred:            0 / 1, 0%
Elapsed time:      1m33.5s
Transferring:
 *   aicup_esg2026_submit_artifacts.zip.part-007:  0% / off, 21.925 MiB/s, -Transferred:   	    1.945 GiB / 1.945 GiB, 100%, 21.925 MiB/s, ETA 0s
Transferred:            0 / 1, 0%
Elapsed time:      1m34.0s
Transferring:
 *   aicup_esg2026_submit_artifacts.zip.part-007:  0% / off, 21.555 MiB/s, -Transferred:   	    1.953 GiB / 1.953 GiB, 100%, 21.555 MiB/s, ETA 0s
Transferred:            0 / 1, 0%
Elapsed time:      1m34.5s
Transferring:
 *   aicup_esg2026_submit_artifacts.zip.part-007:  0% / off, 21.555 MiB/s, -Transferred:   	    1.969 GiB / 1.969 GiB, 100%, 21.708 MiB/s, ETA 0s
Transferred:            0 / 1, 0%
Elapsed time:      1m35.0s
Transferring:
 *   aicup_esg2026_submit_artifacts.zip.part-007:  0% / off, 21.708 MiB/s, -Transferred:   	    1.977 GiB / 1.977 GiB, 100%, 21.708 MiB/s, ETA 0s
Transferred:            0 / 1, 0%
Elapsed time:      1m35.5s
Transferring:
 *   aicup_esg2026_submit_artifacts.zip.part-007:  0% / off, 21.708 MiB/s, -Transferred:   	    1.984 GiB / 1.984 GiB, 100%, 21.351 MiB/s, ETA 0s
Transferred:            0 / 1, 0%
Elapsed time:      1m36.0s
Transferring:
 *   aicup_esg2026_submit_artifacts.zip.part-007:  0% / off, 21.351 MiB/s, -Transferred:   	    1.992 GiB / 1.992 GiB, 100%, 21.351 MiB/s, ETA 0s
Transferred:            0 / 1, 0%
Elapsed time:      1m36.5s
Transferring:
 *   aicup_esg2026_submit_artifacts.zip.part-007:  0% / off, 21.351 MiB/s, -Transferred:   	    2.008 GiB / 2.008 GiB, 100%, 21.517 MiB/s, ETA 0s
Transferred:            0 / 1, 0%
Elapsed time:      1m37.0s
Transferring:
 *   aicup_esg2026_submit_artifacts.zip.part-007:  0% / off, 21.517 MiB/s, -Transferred:   	    2.016 GiB / 2.016 GiB, 100%, 21.517 MiB/s, ETA 0s
Transferred:            0 / 1, 0%
Elapsed time:      1m37.5s
Transferring:
 *   aicup_esg2026_submit_artifacts.zip.part-007:  0% / off, 21.517 MiB/s, -Transferred:   	    2.023 GiB / 2.023 GiB, 100%, 21.172 MiB/s, ETA 0s
Transferred:            0 / 1, 0%
Elapsed time:      1m38.0s
Transferring:
 *   aicup_esg2026_submit_artifacts.zip.part-007:  0% / off, 21.172 MiB/s, -Transferred:   	    2.031 GiB / 2.031 GiB, 100%, 21.172 MiB/s, ETA 0s
Transferred:            0 / 1, 0%
Elapsed time:      1m38.5s
Transferring:
 *   aicup_esg2026_submit_artifacts.zip.part-007:  0% / off, 21.172 MiB/s, -Transferred:   	    2.047 GiB / 2.047 GiB, 100%, 21.349 MiB/s, ETA 0s
Transferred:            0 / 1, 0%
Elapsed time:      1m39.0s
Transferring:
 *   aicup_esg2026_submit_artifacts.zip.part-007:  0% / off, 21.349 MiB/s, -Transferred:   	    2.062 GiB / 2.062 GiB, 100%, 21.349 MiB/s, ETA 0s
Transferred:            0 / 1, 0%
Elapsed time:      1m39.5s
Transferring:
 *   aicup_esg2026_submit_artifacts.zip.part-007:  0% / off, 21.349 MiB/s, -Transferred:   	    2.070 GiB / 2.070 GiB, 100%, 21.349 MiB/s, ETA 0s
Transferred:            0 / 1, 0%
Elapsed time:      1m40.0s
Transferring:
 *   aicup_esg2026_submit_artifacts.zip.part-007:  0% / off, 21.514 MiB/s, -Transferred:   	    2.078 GiB / 2.078 GiB, 100%, 21.514 MiB/s, ETA 0s
Transferred:            0 / 1, 0%
Elapsed time:      1m40.5s
Transferring:
 *   aicup_esg2026_submit_artifacts.zip.part-007:  0% / off, 21.514 MiB/s, -Transferred:   	    2.094 GiB / 2.094 GiB, 100%, 21.514 MiB/s, ETA 0s
Transferred:            0 / 1, 0%
Elapsed time:      1m41.0s
Transferring:
 *   aicup_esg2026_submit_artifacts.zip.part-007:  0% / off, 21.514 MiB/s, -Transferred:   	    2.102 GiB / 2.102 GiB, 100%, 21.670 MiB/s, ETA 0s
Transferred:            0 / 1, 0%
Elapsed time:      1m41.5s
Transferring:
 *   aicup_esg2026_submit_artifacts.zip.part-007:  0% / off, 21.670 MiB/s, -Transferred:   	    2.109 GiB / 2.109 GiB, 100%, 21.670 MiB/s, ETA 0s
Transferred:            0 / 1, 0%
Elapsed time:      1m42.0s
Transferring:
 *   aicup_esg2026_submit_artifacts.zip.part-007:  0% / off, 21.315 MiB/s, -Transferred:   	    2.117 GiB / 2.117 GiB, 100%, 21.315 MiB/s, ETA 0s
Transferred:            0 / 1, 0%
Elapsed time:      1m42.5s
Transferring:
 *   aicup_esg2026_submit_artifacts.zip.part-007:  0% / off, 21.315 MiB/s, -Transferred:   	    2.133 GiB / 2.133 GiB, 100%, 21.315 MiB/s, ETA 0s
Transferred:            0 / 1, 0%
Elapsed time:      1m43.0s
Transferring:
 *   aicup_esg2026_submit_artifacts.zip.part-007:  0% / off, 21.483 MiB/s, -Transferred:   	    2.141 GiB / 2.141 GiB, 100%, 21.483 MiB/s, ETA 0s
Transferred:            0 / 1, 0%
Elapsed time:      1m43.5s
Transferring:
 *   aicup_esg2026_submit_artifacts.zip.part-007:  0% / off, 21.483 MiB/s, -Transferred:   	    2.148 GiB / 2.148 GiB, 100%, 21.140 MiB/s, ETA 0s
Transferred:            0 / 1, 0%
Elapsed time:      1m44.0s
Transferring:
 *   aicup_esg2026_submit_artifacts.zip.part-007:  0% / off, 21.140 MiB/s, -Transferred:   	    2.156 GiB / 2.156 GiB, 100%, 21.140 MiB/s, ETA 0s
Transferred:            0 / 1, 0%
Elapsed time:      1m44.5s
Transferring:
 *   aicup_esg2026_submit_artifacts.zip.part-007:  0% / off, 21.140 MiB/s, -Transferred:   	    2.164 GiB / 2.164 GiB, 100%, 20.819 MiB/s, ETA 0s
Transferred:            0 / 1, 0%
Elapsed time:      1m45.0s
Transferring:
 *   aicup_esg2026_submit_artifacts.zip.part-007:  0% / off, 20.819 MiB/s, -Transferred:   	    2.180 GiB / 2.180 GiB, 100%, 20.819 MiB/s, ETA 0s
Transferred:            0 / 1, 0%
Elapsed time:      1m45.5s
Transferring:
 *   aicup_esg2026_submit_artifacts.zip.part-007:  0% / off, 20.819 MiB/s, -Transferred:   	    2.188 GiB / 2.188 GiB, 100%, 21.018 MiB/s, ETA 0s
Transferred:            0 / 1, 0%
Elapsed time:      1m46.0s
Transferring:
 *   aicup_esg2026_submit_artifacts.zip.part-007:  0% / off, 21.018 MiB/s, -Transferred:   	    2.195 GiB / 2.195 GiB, 100%, 21.018 MiB/s, ETA 0s
Transferred:            0 / 1, 0%
Elapsed time:      1m46.5s
Transferring:
 *   aicup_esg2026_submit_artifacts.zip.part-007:  0% / off, 21.018 MiB/s, -Transferred:   	    2.211 GiB / 2.211 GiB, 100%, 21.204 MiB/s, ETA 0s
Transferred:            0 / 1, 0%
Elapsed time:      1m47.0s
Transferring:
 *   aicup_esg2026_submit_artifacts.zip.part-007:  0% / off, 21.204 MiB/s, -Transferred:   	    2.219 GiB / 2.219 GiB, 100%, 21.204 MiB/s, ETA 0s
Transferred:            0 / 1, 0%
Elapsed time:      1m47.5s
Transferring:
 *   aicup_esg2026_submit_artifacts.zip.part-007:  0% / off, 21.204 MiB/s, -Transferred:   	    2.228 GiB / 2.228 GiB, 100%, 20.941 MiB/s, ETA 0s
Transferred:            0 / 1, 0%
Elapsed time:      1m48.0s
Transferring:
 *   aicup_esg2026_submit_artifacts.zip.part-007:  0% / off, 20.941 MiB/s, -Transferred:   	    2.242 GiB / 2.242 GiB, 100%, 20.941 MiB/s, ETA 0s
Transferred:            0 / 1, 0%
Elapsed time:      1m48.5s
Transferring:
 *   aicup_esg2026_submit_artifacts.zip.part-007:  0% / off, 20.941 MiB/s, -Transferred:   	    2.250 GiB / 2.250 GiB, 100%, 20.941 MiB/s, ETA 0s
Transferred:            0 / 1, 0%
Elapsed time:      1m49.0s
Transferring:
 *   aicup_esg2026_submit_artifacts.zip.part-007:  0% / off, 21.070 MiB/s, -Transferred:   	    2.258 GiB / 2.258 GiB, 100%, 21.070 MiB/s, ETA 0s
Transferred:            0 / 1, 0%
Elapsed time:      1m49.5s
Transferring:
 *   aicup_esg2026_submit_artifacts.zip.part-007:  0% / off, 21.070 MiB/s, -Transferred:   	    2.273 GiB / 2.273 GiB, 100%, 21.253 MiB/s, ETA 0s
Transferred:            0 / 1, 0%
Elapsed time:      1m50.0s
Transferring:
 *   aicup_esg2026_submit_artifacts.zip.part-007:  0% / off, 21.070 MiB/s, -Transferred:   	    2.281 GiB / 2.281 GiB, 100%, 21.253 MiB/s, ETA 0s
Transferred:            0 / 1, 0%
Elapsed time:      1m50.5s
Transferring:
 *   aicup_esg2026_submit_artifacts.zip.part-007:  0% / off, 21.253 MiB/s, -Transferred:   	    2.289 GiB / 2.289 GiB, 100%, 20.925 MiB/s, ETA 0s
Transferred:            0 / 1, 0%
Elapsed time:      1m51.0s
Transferring:
 *   aicup_esg2026_submit_artifacts.zip.part-007:  0% / off, 20.925 MiB/s, -Transferred:   	    2.297 GiB / 2.297 GiB, 100%, 20.925 MiB/s, ETA 0s
Transferred:            0 / 1, 0%
Elapsed time:      1m51.5s
Transferring:
 *   aicup_esg2026_submit_artifacts.zip.part-007:  0% / off, 20.925 MiB/s, -Transferred:   	    2.312 GiB / 2.312 GiB, 100%, 21.117 MiB/s, ETA 0s
Transferred:            0 / 1, 0%
Elapsed time:      1m52.0s
Transferring:
 *   aicup_esg2026_submit_artifacts.zip.part-007:  0% / off, 21.117 MiB/s, -Transferred:   	    2.320 GiB / 2.320 GiB, 100%, 21.117 MiB/s, ETA 0s
Transferred:            0 / 1, 0%
Elapsed time:      1m52.5s
Transferring:
 *   aicup_esg2026_submit_artifacts.zip.part-007:  0% / off, 21.117 MiB/s, -Transferred:   	    2.328 GiB / 2.328 GiB, 100%, 21.117 MiB/s, ETA 0s
Transferred:            0 / 1, 0%
Elapsed time:      1m53.0s
Transferring:
 *   aicup_esg2026_submit_artifacts.zip.part-007:  0% / off, 20.797 MiB/s, -Transferred:   	    2.336 GiB / 2.336 GiB, 100%, 20.797 MiB/s, ETA 0s
Transferred:            0 / 1, 0%
Elapsed time:      1m53.5s
Transferring:
 *   aicup_esg2026_submit_artifacts.zip.part-007:  0% / off, 20.797 MiB/s, -Transferred:   	    2.352 GiB / 2.352 GiB, 100%, 20.797 MiB/s, ETA 0s
Transferred:            0 / 1, 0%
Elapsed time:      1m54.0s
Transferring:
 *   aicup_esg2026_submit_artifacts.zip.part-007:  0% / off, 20.997 MiB/s, -Transferred:   	    2.359 GiB / 2.359 GiB, 100%, 20.998 MiB/s, ETA 0s
Transferred:            0 / 1, 0%
Elapsed time:      1m54.5s
Transferring:
 *   aicup_esg2026_submit_artifacts.zip.part-007:  0% / off, 20.997 MiB/s, -Transferred:   	    2.375 GiB / 2.375 GiB, 100%, 20.998 MiB/s, ETA 0s
Transferred:            0 / 1, 0%
Elapsed time:      1m55.0s
Transferring:
 *   aicup_esg2026_submit_artifacts.zip.part-007:  0% / off, 20.997 MiB/s, -Transferred:   	    2.383 GiB / 2.383 GiB, 100%, 21.185 MiB/s, ETA 0s
Transferred:            0 / 1, 0%
Elapsed time:      1m55.5s
Transferring:
 *   aicup_esg2026_submit_artifacts.zip.part-007:  0% / off, 21.185 MiB/s, -Transferred:   	    2.398 GiB / 2.398 GiB, 100%, 21.185 MiB/s, ETA 0s
Transferred:            0 / 1, 0%
Elapsed time:      1m56.0s
Transferring:
 *   aicup_esg2026_submit_artifacts.zip.part-007:  0% / off, 21.361 MiB/s, -Transferred:   	    2.406 GiB / 2.406 GiB, 100%, 21.361 MiB/s, ETA 0s
Transferred:            0 / 1, 0%
Elapsed time:      1m56.5s
Transferring:
 *   aicup_esg2026_submit_artifacts.zip.part-007:  0% / off, 21.361 MiB/s, -Transferred:   	    2.414 GiB / 2.414 GiB, 100%, 21.361 MiB/s, ETA 0s
Transferred:            0 / 1, 0%
Elapsed time:      1m57.0s
Transferring:
 *   aicup_esg2026_submit_artifacts.zip.part-007:  0% / off, 21.026 MiB/s, -Transferred:   	    2.422 GiB / 2.422 GiB, 100%, 21.026 MiB/s, ETA 0s
Transferred:            0 / 1, 0%
Elapsed time:      1m57.5s
Transferring:
 *   aicup_esg2026_submit_artifacts.zip.part-007:  0% / off, 21.026 MiB/s, -Transferred:   	    2.434 GiB / 2.434 GiB, 100%, 21.026 MiB/s, ETA 0s
Transferred:            0 / 1, 0%
Elapsed time:      1m58.0s
Transferring:
 *   aicup_esg2026_submit_artifacts.zip.part-007:  0% / off, 20.962 MiB/s, -Transferred:   	    2.445 GiB / 2.445 GiB, 100%, 20.962 MiB/s, ETA 0s
Transferred:            0 / 1, 0%
Elapsed time:      1m58.5s
Transferring:
 *   aicup_esg2026_submit_artifacts.zip.part-007:  0% / off, 20.962 MiB/s, -Transferred:   	    2.453 GiB / 2.453 GiB, 100%, 20.962 MiB/s, ETA 0s
Transferred:            0 / 1, 0%
Elapsed time:      1m59.0s
Transferring:
 *   aicup_esg2026_submit_artifacts.zip.part-007:  0% / off, 20.962 MiB/s, -Transferred:   	    2.469 GiB / 2.469 GiB, 100%, 20.902 MiB/s, ETA 0s
Transferred:            0 / 1, 0%
Elapsed time:      1m59.5s
Transferring:
 *   aicup_esg2026_submit_artifacts.zip.part-007:  0% / off, 20.902 MiB/s, -Transferred:   	    2.477 GiB / 2.477 GiB, 100%, 20.902 MiB/s, ETA 0s
Transferred:            0 / 1, 0%
Elapsed time:       2m0.0s
Transferring:
 *   aicup_esg2026_submit_artifacts.zip.part-007:  0% / off, 21.095 MiB/s, -Transferred:   	    2.484 GiB / 2.484 GiB, 100%, 21.095 MiB/s, ETA 0s
Transferred:            0 / 1, 0%
Elapsed time:       2m0.5s
Transferring:
 *   aicup_esg2026_submit_artifacts.zip.part-007:  0% / off, 21.095 MiB/s, -Transferred:   	    2.500 GiB / 2.500 GiB, 100%, 21.095 MiB/s, ETA 0s
Transferred:            0 / 1, 0%
Elapsed time:       2m1.0s
Transferring:
 *   aicup_esg2026_submit_artifacts.zip.part-007:  0% / off, 21.277 MiB/s, -Transferred:   	    2.508 GiB / 2.508 GiB, 100%, 21.277 MiB/s, ETA 0s
Transferred:            0 / 1, 0%
Elapsed time:       2m1.5s
Transferring:
 *   aicup_esg2026_submit_artifacts.zip.part-007:  0% / off, 21.277 MiB/s, -Transferred:   	    2.523 GiB / 2.523 GiB, 100%, 21.447 MiB/s, ETA 0s
Transferred:            0 / 1, 0%
Elapsed time:       2m2.0s
Transferring:
 *   aicup_esg2026_submit_artifacts.zip.part-007:  0% / off, 21.447 MiB/s, -Transferred:   	    2.531 GiB / 2.531 GiB, 100%, 21.447 MiB/s, ETA 0s
Transferred:            0 / 1, 0%
Elapsed time:       2m2.5s
Transferring:
 *   aicup_esg2026_submit_artifacts.zip.part-007:  0% / off, 21.447 MiB/s, -Transferred:   	    2.547 GiB / 2.547 GiB, 100%, 21.447 MiB/s, ETA 0s
Transferred:            0 / 1, 0%
Elapsed time:       2m3.0s
Transferring:
 *   aicup_esg2026_submit_artifacts.zip.part-007:  0% / off, 21.607 MiB/s, -Transferred:   	    2.555 GiB / 2.555 GiB, 100%, 21.607 MiB/s, ETA 0s
Transferred:            0 / 1, 0%
Elapsed time:       2m3.5s
Transferring:
 *   aicup_esg2026_submit_artifacts.zip.part-007:  0% / off, 21.607 MiB/s, -Transferred:   	    2.562 GiB / 2.562 GiB, 100%, 21.607 MiB/s, ETA 0s
Transferred:            0 / 1, 0%
Elapsed time:       2m4.0s
Transferring:
 *   aicup_esg2026_submit_artifacts.zip.part-007:  0% / off, 21.256 MiB/s, -Transferred:   	    2.570 GiB / 2.570 GiB, 100%, 21.256 MiB/s, ETA 0s
Transferred:            0 / 1, 0%
Elapsed time:       2m4.5s
Transferring:
 *   aicup_esg2026_submit_artifacts.zip.part-007:  0% / off, 21.256 MiB/s, -Transferred:   	    2.586 GiB / 2.586 GiB, 100%, 21.256 MiB/s, ETA 0s
Transferred:            0 / 1, 0%
Elapsed time:       2m5.0s
Transferring:
 *   aicup_esg2026_submit_artifacts.zip.part-007:  0% / off, 21.428 MiB/s, -Transferred:   	    2.594 GiB / 2.594 GiB, 100%, 21.428 MiB/s, ETA 0s
Transferred:            0 / 1, 0%
Elapsed time:       2m5.5s
Transferring:
 *   aicup_esg2026_submit_artifacts.zip.part-007:  0% / off, 21.428 MiB/s, -Transferred:   	    2.602 GiB / 2.602 GiB, 100%, 21.089 MiB/s, ETA 0s
Transferred:            0 / 1, 0%
Elapsed time:       2m6.0s
Transferring:
 *   aicup_esg2026_submit_artifacts.zip.part-007:  0% / off, 21.089 MiB/s, -Transferred:   	    2.609 GiB / 2.609 GiB, 100%, 21.089 MiB/s, ETA 0s
Transferred:            0 / 1, 0%
Elapsed time:       2m6.5s
Transferring:
 *   aicup_esg2026_submit_artifacts.zip.part-007:  0% / off, 21.089 MiB/s, -Transferred:   	    2.625 GiB / 2.625 GiB, 100%, 21.271 MiB/s, ETA 0s
Transferred:            0 / 1, 0%
Elapsed time:       2m7.0s
Transferring:
 *   aicup_esg2026_submit_artifacts.zip.part-007:  0% / off, 21.271 MiB/s, -Transferred:   	    2.633 GiB / 2.633 GiB, 100%, 21.271 MiB/s, ETA 0s
Transferred:            0 / 1, 0%
Elapsed time:       2m7.5s
Transferring:
 *   aicup_esg2026_submit_artifacts.zip.part-007:  0% / off, 21.271 MiB/s, -Transferred:   	    2.641 GiB / 2.641 GiB, 100%, 20.941 MiB/s, ETA 0s
Transferred:            0 / 1, 0%
Elapsed time:       2m8.0s
Transferring:
 *   aicup_esg2026_submit_artifacts.zip.part-007:  0% / off, 20.941 MiB/s, -Transferred:   	    2.656 GiB / 2.656 GiB, 100%, 20.941 MiB/s, ETA 0s
Transferred:            0 / 1, 0%
Elapsed time:       2m8.5s
Transferring:
 *   aicup_esg2026_submit_artifacts.zip.part-007:  0% / off, 20.941 MiB/s, -Transferred:   	    2.664 GiB / 2.664 GiB, 100%, 20.941 MiB/s, ETA 0s
Transferred:            0 / 1, 0%
Elapsed time:       2m9.0s
Transferring:
 *   aicup_esg2026_submit_artifacts.zip.part-007:  0% / off, 21.132 MiB/s, -Transferred:   	    2.672 GiB / 2.672 GiB, 100%, 21.132 MiB/s, ETA 0s
Transferred:            0 / 1, 0%
Elapsed time:       2m9.5s
Transferring:
 *   aicup_esg2026_submit_artifacts.zip.part-007:  0% / off, 21.132 MiB/s, -Transferred:   	    2.680 GiB / 2.680 GiB, 100%, 21.132 MiB/s, ETA 0s
Transferred:            0 / 1, 0%
Elapsed time:      2m10.0s
Transferring:
 *   aicup_esg2026_submit_artifacts.zip.part-007:  0% / off, 20.812 MiB/s, -Transferred:   	    2.695 GiB / 2.695 GiB, 100%, 20.812 MiB/s, ETA 0s
Transferred:            0 / 1, 0%
Elapsed time:      2m10.5s
Transferring:
 *   aicup_esg2026_submit_artifacts.zip.part-007:  0% / off, 20.812 MiB/s, -Transferred:   	    2.703 GiB / 2.703 GiB, 100%, 21.011 MiB/s, ETA 0s
Transferred:            0 / 1, 0%
Elapsed time:      2m11.0s
Transferring:
 *   aicup_esg2026_submit_artifacts.zip.part-007:  0% / off, 21.011 MiB/s, -Transferred:   	    2.717 GiB / 2.717 GiB, 100%, 21.011 MiB/s, ETA 0s
Transferred:            0 / 1, 0%
Elapsed time:      2m11.5s
Transferring:
 *   aicup_esg2026_submit_artifacts.zip.part-007:  0% / off, 21.011 MiB/s, -Transferred:   	    2.727 GiB / 2.727 GiB, 100%, 21.198 MiB/s, ETA 0s
Transferred:            0 / 1, 0%
Elapsed time:      2m12.0s
Transferring:
 *   aicup_esg2026_submit_artifacts.zip.part-007:  0% / off, 21.198 MiB/s, -Transferred:   	    2.734 GiB / 2.734 GiB, 100%, 21.198 MiB/s, ETA 0s
Transferred:            0 / 1, 0%
Elapsed time:      2m12.5s
Transferring:
 *   aicup_esg2026_submit_artifacts.zip.part-007:  0% / off, 21.198 MiB/s, -Transferred:   	    2.750 GiB / 2.750 GiB, 100%, 21.198 MiB/s, ETA 0s
Transferred:            0 / 1, 0%
Elapsed time:      2m13.0s
Transferring:
 *   aicup_esg2026_submit_artifacts.zip.part-007:  0% / off, 21.373 MiB/s, -Transferred:   	    2.758 GiB / 2.758 GiB, 100%, 21.373 MiB/s, ETA 0s
Transferred:            0 / 1, 0%
Elapsed time:      2m13.5s
Transferring:
 *   aicup_esg2026_submit_artifacts.zip.part-007:  0% / off, 21.373 MiB/s, -Transferred:   	    2.766 GiB / 2.766 GiB, 100%, 21.037 MiB/s, ETA 0s
Transferred:            0 / 1, 0%
Elapsed time:      2m14.0s
Transferring:
 *   aicup_esg2026_submit_artifacts.zip.part-007:  0% / off, 21.037 MiB/s, -Transferred:   	    2.781 GiB / 2.781 GiB, 100%, 21.037 MiB/s, ETA 0s
Transferred:            0 / 1, 0%
Elapsed time:      2m14.5s
Transferring:
 *   aicup_esg2026_submit_artifacts.zip.part-007:  0% / off, 21.037 MiB/s, -Transferred:   	    2.789 GiB / 2.789 GiB, 100%, 21.037 MiB/s, ETA 0s
Transferred:            0 / 1, 0%
Elapsed time:      2m15.0s
Transferring:
 *   aicup_esg2026_submit_artifacts.zip.part-007:  0% / off, 21.222 MiB/s, -Transferred:   	    2.805 GiB / 2.805 GiB, 100%, 21.222 MiB/s, ETA 0s
Transferred:            0 / 1, 0%
Elapsed time:      2m15.5s
Transferring:
 *   aicup_esg2026_submit_artifacts.zip.part-007:  0% / off, 21.222 MiB/s, -Transferred:   	    2.812 GiB / 2.812 GiB, 100%, 21.396 MiB/s, ETA 0s
Transferred:            0 / 1, 0%
Elapsed time:      2m16.0s
Transferring:
 *   aicup_esg2026_submit_artifacts.zip.part-007:  0% / off, 21.396 MiB/s, -Transferred:   	    2.820 GiB / 2.820 GiB, 100%, 21.396 MiB/s, ETA 0s
Transferred:            0 / 1, 0%
Elapsed time:      2m16.5s
Transferring:
 *   aicup_esg2026_submit_artifacts.zip.part-007:  0% / off, 21.396 MiB/s, -Transferred:   	    2.828 GiB / 2.828 GiB, 100%, 21.396 MiB/s, ETA 0s
Transferred:            0 / 1, 0%
Elapsed time:      2m17.0s
Transferring:
 *   aicup_esg2026_submit_artifacts.zip.part-007:  0% / off, 21.059 MiB/s, -Transferred:   	    2.844 GiB / 2.844 GiB, 100%, 21.059 MiB/s, ETA 0s
Transferred:            0 / 1, 0%
Elapsed time:      2m17.5s
Transferring:
 *   aicup_esg2026_submit_artifacts.zip.part-007:  0% / off, 21.059 MiB/s, -Transferred:   	    2.852 GiB / 2.852 GiB, 100%, 21.242 MiB/s, ETA 0s
Transferred:            0 / 1, 0%
Elapsed time:      2m18.0s
Transferring:
 *   aicup_esg2026_submit_artifacts.zip.part-007:  0% / off, 21.242 MiB/s, -Transferred:   	    2.867 GiB / 2.867 GiB, 100%, 21.242 MiB/s, ETA 0s
Transferred:            0 / 1, 0%
Elapsed time:      2m18.5s
Transferring:
 *   aicup_esg2026_submit_artifacts.zip.part-007:  0% / off, 21.242 MiB/s, -Transferred:   	    2.875 GiB / 2.875 GiB, 100%, 21.242 MiB/s, ETA 0s
Transferred:            0 / 1, 0%
Elapsed time:      2m19.0s
Transferring:
 *   aicup_esg2026_submit_artifacts.zip.part-007:  0% / off, 21.415 MiB/s, -Transferred:   	    2.883 GiB / 2.883 GiB, 100%, 21.415 MiB/s, ETA 0s
Transferred:            0 / 1, 0%
Elapsed time:      2m19.5s
Transferring:
 *   aicup_esg2026_submit_artifacts.zip.part-007:  0% / off, 21.415 MiB/s, -Transferred:   	    2.898 GiB / 2.898 GiB, 100%, 21.415 MiB/s, ETA 0s
Transferred:            0 / 1, 0%
Elapsed time:      2m20.0s
Transferring:
 *   aicup_esg2026_submit_artifacts.zip.part-007:  0% / off, 21.576 MiB/s, -Transferred:   	    2.898 GiB / 2.898 GiB, 100%, 21.576 MiB/s, ETA 0s
Transferred:            0 / 1, 0%
Elapsed time:      2m20.5s
Transferring:
 *   aicup_esg2026_submit_artifacts.zip.part-007:  0% / off, 21.576 MiB/s, -Transferred:   	    2.906 GiB / 2.906 GiB, 100%, 21.576 MiB/s, ETA 0s
Transferred:            0 / 1, 0%
Elapsed time:      2m21.0s
Transferring:
 *   aicup_esg2026_submit_artifacts.zip.part-007:  0% / off, 21.576 MiB/s, -Transferred:   	    2.922 GiB / 2.922 GiB, 100%, 20.728 MiB/s, ETA 0s
Transferred:            0 / 1, 0%
Elapsed time:      2m21.5s
Transferring:
 *   aicup_esg2026_submit_artifacts.zip.part-007:  0% / off, 20.728 MiB/s, -Transferred:   	    2.930 GiB / 2.930 GiB, 100%, 20.932 MiB/s, ETA 0s
Transferred:            0 / 1, 0%
Elapsed time:      2m22.0s
Transferring:
 *   aicup_esg2026_submit_artifacts.zip.part-007:  0% / off, 20.932 MiB/s, -Transferred:   	    2.945 GiB / 2.945 GiB, 100%, 20.932 MiB/s, ETA 0s
Transferred:            0 / 1, 0%
Elapsed time:      2m22.5s
Transferring:
 *   aicup_esg2026_submit_artifacts.zip.part-007:  0% / off, 20.932 MiB/s, -Transferred:   	    2.953 GiB / 2.953 GiB, 100%, 21.124 MiB/s, ETA 0s
Transferred:            0 / 1, 0%
Elapsed time:      2m23.0s
Transferring:
 *   aicup_esg2026_submit_artifacts.zip.part-007:  0% / off, 21.124 MiB/s, -Transferred:   	    2.961 GiB / 2.961 GiB, 100%, 21.124 MiB/s, ETA 0s
Transferred:            0 / 1, 0%
Elapsed time:      2m23.5s
Transferring:
 *   aicup_esg2026_submit_artifacts.zip.part-007:  0% / off, 21.124 MiB/s, -Transferred:   	    2.977 GiB / 2.977 GiB, 100%, 21.304 MiB/s, ETA 0s
Transferred:            0 / 1, 0%
Elapsed time:      2m24.0s
Transferring:
 *   aicup_esg2026_submit_artifacts.zip.part-007:  0% / off, 21.304 MiB/s, -Transferred:   	    2.984 GiB / 2.984 GiB, 100%, 21.304 MiB/s, ETA 0s
Transferred:            0 / 1, 0%
Elapsed time:      2m24.5s
Transferring:
 *   aicup_esg2026_submit_artifacts.zip.part-007:  0% / off, 21.304 MiB/s, -Transferred:   	    2.992 GiB / 2.992 GiB, 100%, 21.304 MiB/s, ETA 0s
Transferred:            0 / 1, 0%
Elapsed time:      2m25.0s
Transferring:
 *   aicup_esg2026_submit_artifacts.zip.part-007:  0% / off, 20.972 MiB/s, -Transferred:   	    3.008 GiB / 3.008 GiB, 100%, 20.972 MiB/s, ETA 0s
Transferred:            0 / 1, 0%
Elapsed time:      2m25.5s
Transferring:
 *   aicup_esg2026_submit_artifacts.zip.part-007:  0% / off, 20.972 MiB/s, -Transferred:   	    3.016 GiB / 3.016 GiB, 100%, 20.972 MiB/s, ETA 0s
Transferred:            0 / 1, 0%
Elapsed time:      2m26.0s
Transferring:
 *   aicup_esg2026_submit_artifacts.zip.part-007:  0% / off, 21.162 MiB/s, -Transferred:   	    3.023 GiB / 3.023 GiB, 100%, 21.162 MiB/s, ETA 0s
Transferred:            0 / 1, 0%
Elapsed time:      2m26.5s
Transferring:
 *   aicup_esg2026_submit_artifacts.zip.part-007:  0% / off, 21.162 MiB/s, -Transferred:   	    3.039 GiB / 3.039 GiB, 100%, 21.162 MiB/s, ETA 0s
Transferred:            0 / 1, 0%
Elapsed time:      2m27.0s
Transferring:
 *   aicup_esg2026_submit_artifacts.zip.part-007:  0% / off, 21.162 MiB/s, -Transferred:   	    3.047 GiB / 3.047 GiB, 100%, 21.339 MiB/s, ETA 0s
Transferred:            0 / 1, 0%
Elapsed time:      2m27.5s
Transferring:
 *   aicup_esg2026_submit_artifacts.zip.part-007:  0% / off, 21.339 MiB/s, -Transferred:   	    3.055 GiB / 3.055 GiB, 100%, 21.339 MiB/s, ETA 0s
Transferred:            0 / 1, 0%
Elapsed time:      2m28.0s
Transferring:
 *   aicup_esg2026_submit_artifacts.zip.part-007:  0% / off, 21.339 MiB/s, -Transferred:   	    3.062 GiB / 3.062 GiB, 100%, 21.005 MiB/s, ETA 0s
Transferred:            0 / 1, 0%
Elapsed time:      2m28.5s
Transferring:
 *   aicup_esg2026_submit_artifacts.zip.part-007:  0% / off, 21.005 MiB/s, -Transferred:   	    3.078 GiB / 3.078 GiB, 100%, 21.192 MiB/s, ETA 0s
Transferred:            0 / 1, 0%
Elapsed time:      2m29.0s
Transferring:
 *   aicup_esg2026_submit_artifacts.zip.part-007:  0% / off, 21.192 MiB/s, -Transferred:   	    3.086 GiB / 3.086 GiB, 100%, 21.192 MiB/s, ETA 0s
Transferred:            0 / 1, 0%
Elapsed time:      2m29.5s
Transferring:
 *   aicup_esg2026_submit_artifacts.zip.part-007:  0% / off, 21.192 MiB/s, -Transferred:   	    3.094 GiB / 3.094 GiB, 100%, 20.868 MiB/s, ETA 0s
Transferred:            0 / 1, 0%
Elapsed time:      2m30.0s
Transferring:
 *   aicup_esg2026_submit_artifacts.zip.part-007:  0% / off, 20.868 MiB/s, -Transferred:   	    3.109 GiB / 3.109 GiB, 100%, 20.868 MiB/s, ETA 0s
Transferred:            0 / 1, 0%
Elapsed time:      2m30.5s
Transferring:
 *   aicup_esg2026_submit_artifacts.zip.part-007:  0% / off, 20.868 MiB/s, -Transferred:   	    3.117 GiB / 3.117 GiB, 100%, 21.064 MiB/s, ETA 0s
Transferred:            0 / 1, 0%
Elapsed time:      2m31.0s
Transferring:
 *   aicup_esg2026_submit_artifacts.zip.part-007:  0% / off, 21.064 MiB/s, -Transferred:   	    3.125 GiB / 3.125 GiB, 100%, 21.064 MiB/s, ETA 0s
Transferred:            0 / 1, 0%
Elapsed time:      2m31.5s
Transferring:
 *   aicup_esg2026_submit_artifacts.zip.part-007:  0% / off, 21.064 MiB/s, -Transferred:   	    3.133 GiB / 3.133 GiB, 100%, 21.064 MiB/s, ETA 0s
Transferred:            0 / 1, 0%
Elapsed time:      2m32.0s
Transferring:
 *   aicup_esg2026_submit_artifacts.zip.part-007:  0% / off, 20.747 MiB/s, -Transferred:   	    3.148 GiB / 3.148 GiB, 100%, 20.747 MiB/s, ETA 0s
Transferred:            0 / 1, 0%
Elapsed time:      2m32.5s
Transferring:
 *   aicup_esg2026_submit_artifacts.zip.part-007:  0% / off, 20.747 MiB/s, -Transferred:   	    3.156 GiB / 3.156 GiB, 100%, 20.950 MiB/s, ETA 0s
Transferred:            0 / 1, 0%
Elapsed time:      2m33.0s
Transferring:
 *   aicup_esg2026_submit_artifacts.zip.part-007:  0% / off, 20.950 MiB/s, -Transferred:   	    3.172 GiB / 3.172 GiB, 100%, 20.950 MiB/s, ETA 0s
Transferred:            0 / 1, 0%
Elapsed time:      2m33.5s
Transferring:
 *   aicup_esg2026_submit_artifacts.zip.part-007:  0% / off, 20.950 MiB/s, -Transferred:   	    3.180 GiB / 3.180 GiB, 100%, 21.141 MiB/s, ETA 0s
Transferred:            0 / 1, 0%
Elapsed time:      2m34.0s
Transferring:
 *   aicup_esg2026_submit_artifacts.zip.part-007:  0% / off, 21.141 MiB/s, -Transferred:   	    3.195 GiB / 3.195 GiB, 100%, 21.141 MiB/s, ETA 0s
Transferred:            0 / 1, 0%
Elapsed time:      2m34.5s
Transferring:
 *   aicup_esg2026_submit_artifacts.zip.part-007:  0% / off, 21.141 MiB/s, -Transferred:   	    3.203 GiB / 3.203 GiB, 100%, 21.320 MiB/s, ETA 0s
Transferred:            0 / 1, 0%
Elapsed time:      2m35.0s
Transferring:
 *   aicup_esg2026_submit_artifacts.zip.part-007:  0% / off, 21.320 MiB/s, -Transferred:   	    3.211 GiB / 3.211 GiB, 100%, 21.320 MiB/s, ETA 0s
Transferred:            0 / 1, 0%
Elapsed time:      2m35.5s
Transferring:
 *   aicup_esg2026_submit_artifacts.zip.part-007:  0% / off, 21.320 MiB/s, -Transferred:   	    3.219 GiB / 3.219 GiB, 100%, 20.987 MiB/s, ETA 0s
Transferred:            0 / 1, 0%
Elapsed time:      2m36.0s
Transferring:
 *   aicup_esg2026_submit_artifacts.zip.part-007:  0% / off, 20.987 MiB/s, -Transferred:   	    3.234 GiB / 3.234 GiB, 100%, 20.987 MiB/s, ETA 0s
Transferred:            0 / 1, 0%
Elapsed time:      2m36.5s
Transferring:
 *   aicup_esg2026_submit_artifacts.zip.part-007:  0% / off, 20.987 MiB/s, -Transferred:   	    3.242 GiB / 3.242 GiB, 100%, 20.987 MiB/s, ETA 0s
Transferred:            0 / 1, 0%
Elapsed time:      2m37.0s
Transferring:
 *   aicup_esg2026_submit_artifacts.zip.part-007:  0% / off, 21.176 MiB/s, -Transferred:   	    3.258 GiB / 3.258 GiB, 100%, 21.176 MiB/s, ETA 0s
Transferred:            0 / 1, 0%
Elapsed time:      2m37.5s
Transferring:
 *   aicup_esg2026_submit_artifacts.zip.part-007:  0% / off, 21.176 MiB/s, -Transferred:   	    3.266 GiB / 3.266 GiB, 100%, 21.352 MiB/s, ETA 0s
Transferred:            0 / 1, 0%
Elapsed time:      2m38.0s
Transferring:
 *   aicup_esg2026_submit_artifacts.zip.part-007:  0% / off, 21.352 MiB/s, -Transferred:   	    3.273 GiB / 3.273 GiB, 100%, 21.352 MiB/s, ETA 0s
Transferred:            0 / 1, 0%
Elapsed time:      2m38.5s
Transferring:
 *   aicup_esg2026_submit_artifacts.zip.part-007:  0% / off, 21.352 MiB/s, -Transferred:   	    3.281 GiB / 3.281 GiB, 100%, 21.018 MiB/s, ETA 0s
Transferred:            0 / 1, 0%
Elapsed time:      2m39.0s
Transferring:
 *   aicup_esg2026_submit_artifacts.zip.part-007:  0% / off, 21.352 MiB/s, -Transferred:   	    3.297 GiB / 3.297 GiB, 100%, 21.018 MiB/s, ETA 0s
Transferred:            0 / 1, 0%
Elapsed time:      2m39.5s
Transferring:
 *   aicup_esg2026_submit_artifacts.zip.part-007:  0% / off, 21.018 MiB/s, -Transferred:   	    3.305 GiB / 3.305 GiB, 100%, 21.018 MiB/s, ETA 0s
Transferred:            0 / 1, 0%
Elapsed time:      2m40.0s
Transferring:
 *   aicup_esg2026_submit_artifacts.zip.part-007:  0% / off, 21.204 MiB/s, -Transferred:   	    3.320 GiB / 3.320 GiB, 100%, 21.204 MiB/s, ETA 0s
Transferred:            0 / 1, 0%
Elapsed time:      2m40.5s
Transferring:
 *   aicup_esg2026_submit_artifacts.zip.part-007:  0% / off, 21.204 MiB/s, -Transferred:   	    3.328 GiB / 3.328 GiB, 100%, 21.379 MiB/s, ETA 0s
Transferred:            0 / 1, 0%
Elapsed time:      2m41.0s
Transferring:
 *   aicup_esg2026_submit_artifacts.zip.part-007:  0% / off, 21.379 MiB/s, -Transferred:   	    3.337 GiB / 3.337 GiB, 100%, 21.379 MiB/s, ETA 0s
Transferred:            0 / 1, 0%
Elapsed time:      2m41.5s
Transferring:
 *   aicup_esg2026_submit_artifacts.zip.part-007:  0% / off, 21.379 MiB/s, -Transferred:   	    3.352 GiB / 3.352 GiB, 100%, 21.379 MiB/s, ETA 0s
Transferred:            0 / 1, 0%
Elapsed time:      2m42.0s
Transferring:
 *   aicup_esg2026_submit_artifacts.zip.part-007:  0% / off, 21.543 MiB/s, -Transferred:   	    3.359 GiB / 3.359 GiB, 100%, 21.543 MiB/s, ETA 0s
Transferred:            0 / 1, 0%
Elapsed time:      2m42.5s
Transferring:
 *   aicup_esg2026_submit_artifacts.zip.part-007:  0% / off, 21.543 MiB/s, -Transferred:   	    3.375 GiB / 3.375 GiB, 100%, 21.696 MiB/s, ETA 0s
Transferred:            0 / 1, 0%
Elapsed time:      2m43.0s
Transferring:
 *   aicup_esg2026_submit_artifacts.zip.part-007:  0% / off, 21.696 MiB/s, -Transferred:   	    3.383 GiB / 3.383 GiB, 100%, 21.696 MiB/s, ETA 0s
Transferred:            0 / 1, 0%
Elapsed time:      2m43.5s
Transferring:
 *   aicup_esg2026_submit_artifacts.zip.part-007:  0% / off, 21.696 MiB/s, -Transferred:   	    3.391 GiB / 3.391 GiB, 100%, 21.340 MiB/s, ETA 0s
Transferred:            0 / 1, 0%
Elapsed time:      2m44.0s
Transferring:
 *   aicup_esg2026_submit_artifacts.zip.part-007:  0% / off, 21.340 MiB/s, -Transferred:   	    3.406 GiB / 3.406 GiB, 100%, 21.340 MiB/s, ETA 0s
Transferred:            0 / 1, 0%
Elapsed time:      2m44.5s
Transferring:
 *   aicup_esg2026_submit_artifacts.zip.part-007:  0% / off, 21.340 MiB/s, -Transferred:   	    3.414 GiB / 3.414 GiB, 100%, 21.506 MiB/s, ETA 0s
Transferred:            0 / 1, 0%
Elapsed time:      2m45.0s
Transferring:
 *   aicup_esg2026_submit_artifacts.zip.part-007:  0% / off, 21.506 MiB/s, -Transferred:   	    3.430 GiB / 3.430 GiB, 100%, 21.506 MiB/s, ETA 0s
Transferred:            0 / 1, 0%
Elapsed time:      2m45.5s
Transferring:
 *   aicup_esg2026_submit_artifacts.zip.part-007:  0% / off, 21.506 MiB/s, -Transferred:   	    3.438 GiB / 3.438 GiB, 100%, 21.506 MiB/s, ETA 0s
Transferred:            0 / 1, 0%
Elapsed time:      2m46.0s
Transferring:
 *   aicup_esg2026_submit_artifacts.zip.part-007:  0% / off, 21.662 MiB/s, -Transferred:   	    3.452 GiB / 3.452 GiB, 100%, 21.662 MiB/s, ETA 0s
Transferred:            0 / 1, 0%
Elapsed time:      2m46.5s
Transferring:
 *   aicup_esg2026_submit_artifacts.zip.part-007:  0% / off, 21.662 MiB/s, -Transferred:   	    3.461 GiB / 3.461 GiB, 100%, 21.662 MiB/s, ETA 0s
Transferred:            0 / 1, 0%
Elapsed time:      2m47.0s
Transferring:
 *   aicup_esg2026_submit_artifacts.zip.part-007:  0% / off, 21.808 MiB/s, -Transferred:   	    3.469 GiB / 3.469 GiB, 100%, 21.808 MiB/s, ETA 0s
Transferred:            0 / 1, 0%
Elapsed time:      2m47.5s
Transferring:
 *   aicup_esg2026_submit_artifacts.zip.part-007:  0% / off, 21.808 MiB/s, -Transferred:   	    3.484 GiB / 3.484 GiB, 100%, 21.808 MiB/s, ETA 0s
Transferred:            0 / 1, 0%
Elapsed time:      2m48.0s
Transferring:
 *   aicup_esg2026_submit_artifacts.zip.part-007:  0% / off, 21.945 MiB/s, -Transferred:   	    3.492 GiB / 3.492 GiB, 100%, 21.945 MiB/s, ETA 0s
Transferred:            0 / 1, 0%
Elapsed time:      2m48.5s
Transferring:
 *   aicup_esg2026_submit_artifacts.zip.part-007:  0% / off, 21.945 MiB/s, -Transferred:   	    3.500 GiB / 3.500 GiB, 100%, 21.574 MiB/s, ETA 0s
Transferred:            0 / 1, 0%
Elapsed time:      2m49.0s
Transferring:
 *   aicup_esg2026_submit_artifacts.zip.part-007:  0% / off, 21.574 MiB/s, -Transferred:   	    3.516 GiB / 3.516 GiB, 100%, 21.574 MiB/s, ETA 0s
Transferred:            0 / 1, 0%
Elapsed time:      2m49.5s
Transferring:
 *   aicup_esg2026_submit_artifacts.zip.part-007:  0% / off, 21.574 MiB/s, -Transferred:   	    3.523 GiB / 3.523 GiB, 100%, 21.725 MiB/s, ETA 0s
Transferred:            0 / 1, 0%
Elapsed time:      2m50.0s
Transferring:
 *   aicup_esg2026_submit_artifacts.zip.part-007:  0% / off, 21.725 MiB/s, -Transferred:   	    3.531 GiB / 3.531 GiB, 100%, 21.725 MiB/s, ETA 0s
Transferred:            0 / 1, 0%
Elapsed time:      2m50.5s
Transferring:
 *   aicup_esg2026_submit_artifacts.zip.part-007:  0% / off, 21.725 MiB/s, -Transferred:   	    3.545 GiB / 3.545 GiB, 100%, 21.725 MiB/s, ETA 0s
Transferred:            0 / 1, 0%
Elapsed time:      2m51.0s
Transferring:
 *   aicup_esg2026_submit_artifacts.zip.part-007:  0% / off, 21.742 MiB/s, -Transferred:   	    3.555 GiB / 3.555 GiB, 100%, 21.742 MiB/s, ETA 0s
Transferred:            0 / 1, 0%
Elapsed time:      2m51.5s
Transferring:
 *   aicup_esg2026_submit_artifacts.zip.part-007:  0% / off, 21.742 MiB/s, -Transferred:   	    3.562 GiB / 3.562 GiB, 100%, 21.742 MiB/s, ETA 0s
Transferred:            0 / 1, 0%
Elapsed time:      2m52.0s
Transferring:
 *   aicup_esg2026_submit_artifacts.zip.part-007:  0% / off, 21.509 MiB/s, -Transferred:   	    3.570 GiB / 3.570 GiB, 100%, 21.509 MiB/s, ETA 0s
Transferred:            0 / 1, 0%
Elapsed time:      2m52.5s
Transferring:
 *   aicup_esg2026_submit_artifacts.zip.part-007:  0% / off, 21.509 MiB/s, -Transferred:   	    3.586 GiB / 3.586 GiB, 100%, 21.664 MiB/s, ETA 0s
Transferred:            0 / 1, 0%
Elapsed time:      2m53.0s
Transferring:
 *   aicup_esg2026_submit_artifacts.zip.part-007:  0% / off, 21.664 MiB/s, -Transferred:   	    3.594 GiB / 3.594 GiB, 100%, 21.664 MiB/s, ETA 0s
Transferred:            0 / 1, 0%
Elapsed time:      2m53.5s
Transferring:
 *   aicup_esg2026_submit_artifacts.zip.part-007:  0% / off, 21.664 MiB/s, -Transferred:   	    3.609 GiB / 3.609 GiB, 100%, 21.810 MiB/s, ETA 0s
Transferred:            0 / 1, 0%
Elapsed time:      2m54.0s
Transferring:
 *   aicup_esg2026_submit_artifacts.zip.part-007:  0% / off, 21.810 MiB/s, -Transferred:   	    3.617 GiB / 3.617 GiB, 100%, 21.810 MiB/s, ETA 0s
Transferred:            0 / 1, 0%
Elapsed time:      2m54.5s
Transferring:
 *   aicup_esg2026_submit_artifacts.zip.part-007:  0% / off, 21.810 MiB/s, -Transferred:   	    3.633 GiB / 3.633 GiB, 100%, 21.810 MiB/s, ETA 0s
Transferred:            0 / 1, 0%
Elapsed time:      2m55.0s
Transferring:
 *   aicup_esg2026_submit_artifacts.zip.part-007:  0% / off, 21.947 MiB/s, -Transferred:   	    3.641 GiB / 3.641 GiB, 100%, 21.947 MiB/s, ETA 0s
Transferred:            0 / 1, 0%
Elapsed time:      2m55.5s
Transferring:
 *   aicup_esg2026_submit_artifacts.zip.part-007:  0% / off, 21.947 MiB/s, -Transferred:   	    3.648 GiB / 3.648 GiB, 100%, 21.947 MiB/s, ETA 0s
Transferred:            0 / 1, 0%
Elapsed time:      2m56.0s
Transferring:
 *   aicup_esg2026_submit_artifacts.zip.part-007:  0% / off, 21.576 MiB/s, -Transferred:   	    3.656 GiB / 3.656 GiB, 100%, 21.576 MiB/s, ETA 0s
Transferred:            0 / 1, 0%
Elapsed time:      2m56.5s
Transferring:
 *   aicup_esg2026_submit_artifacts.zip.part-007:  0% / off, 21.576 MiB/s, -Transferred:   	    3.672 GiB / 3.672 GiB, 100%, 21.727 MiB/s, ETA 0s
Transferred:            0 / 1, 0%
Elapsed time:      2m57.0s
Transferring:
 *   aicup_esg2026_submit_artifacts.zip.part-007:  0% / off, 21.727 MiB/s, -Transferred:   	    3.680 GiB / 3.680 GiB, 100%, 21.727 MiB/s, ETA 0s
Transferred:            0 / 1, 0%
Elapsed time:      2m57.5s
Transferring:
 *   aicup_esg2026_submit_artifacts.zip.part-007:  0% / off, 21.727 MiB/s, -Transferred:   	    3.688 GiB / 3.688 GiB, 100%, 21.369 MiB/s, ETA 0s
Transferred:            0 / 1, 0%
Elapsed time:      2m58.0s
Transferring:
 *   aicup_esg2026_submit_artifacts.zip.part-007:  0% / off, 21.369 MiB/s, -Transferred:   	    3.703 GiB / 3.703 GiB, 100%, 21.369 MiB/s, ETA 0s
Transferred:            0 / 1, 0%
Elapsed time:      2m58.5s
Transferring:
 *   aicup_esg2026_submit_artifacts.zip.part-007:  0% / off, 21.369 MiB/s, -Transferred:   	    3.711 GiB / 3.711 GiB, 100%, 21.534 MiB/s, ETA 0s
Transferred:            0 / 1, 0%
Elapsed time:      2m59.0s
Transferring:
 *   aicup_esg2026_submit_artifacts.zip.part-007:  0% / off, 21.534 MiB/s, -Transferred:   	    3.719 GiB / 3.719 GiB, 100%, 21.534 MiB/s, ETA 0s
Transferred:            0 / 1, 0%
Elapsed time:      2m59.5s
Transferring:
 *   aicup_esg2026_submit_artifacts.zip.part-007:  0% / off, 21.534 MiB/s, -Transferred:   	    3.729 GiB / 3.729 GiB, 100%, 21.312 MiB/s, ETA 0s
Transferred:            0 / 1, 0%
Elapsed time:       3m0.0s
Transferring:
 *   aicup_esg2026_submit_artifacts.zip.part-007:  0% / off, 21.312 MiB/s, -Transferred:   	    3.742 GiB / 3.742 GiB, 100%, 21.312 MiB/s, ETA 0s
Transferred:            0 / 1, 0%
Elapsed time:       3m0.5s
Transferring:
 *   aicup_esg2026_submit_artifacts.zip.part-007:  0% / off, 21.312 MiB/s, -Transferred:   	    3.751 GiB / 3.751 GiB, 100%, 21.418 MiB/s, ETA 0s
Transferred:            0 / 1, 0%
Elapsed time:       3m1.0s
Transferring:
 *   aicup_esg2026_submit_artifacts.zip.part-007:  0% / off, 21.418 MiB/s, -Transferred:   	    3.766 GiB / 3.766 GiB, 100%, 21.418 MiB/s, ETA 0s
Transferred:            0 / 1, 0%
Elapsed time:       3m1.5s
Transferring:
 *   aicup_esg2026_submit_artifacts.zip.part-007:  0% / off, 21.418 MiB/s, -Transferred:   	    3.773 GiB / 3.773 GiB, 100%, 21.517 MiB/s, ETA 0s
Transferred:            0 / 1, 0%
Elapsed time:       3m2.0s
Transferring:
 *   aicup_esg2026_submit_artifacts.zip.part-007:  0% / off, 21.517 MiB/s, -Transferred:   	    3.781 GiB / 3.781 GiB, 100%, 21.517 MiB/s, ETA 0s
Transferred:            0 / 1, 0%
Elapsed time:       3m2.5s
Transferring:
 *   aicup_esg2026_submit_artifacts.zip.part-007:  0% / off, 21.517 MiB/s, -Transferred:   	    3.797 GiB / 3.797 GiB, 100%, 21.672 MiB/s, ETA 0s
Transferred:            0 / 1, 0%
Elapsed time:       3m3.0s
Transferring:
 *   aicup_esg2026_submit_artifacts.zip.part-007:  0% / off, 21.672 MiB/s, -Transferred:   	    3.805 GiB / 3.805 GiB, 100%, 21.672 MiB/s, ETA 0s
Transferred:            0 / 1, 0%
Elapsed time:       3m3.5s
Transferring:
 *   aicup_esg2026_submit_artifacts.zip.part-007:  0% / off, 21.672 MiB/s, -Transferred:   	    3.809 GiB / 3.809 GiB, 100%, 21.068 MiB/s, ETA 0s
Transferred:            0 / 1, 0%
Elapsed time:       3m4.0s
Transferring:
 *   aicup_esg2026_submit_artifacts.zip.part-007:  0% / off, 21.068 MiB/s, -Transferred:   	    3.809 GiB / 3.809 GiB, 100%, 21.068 MiB/s, ETA 0s
Transferred:            0 / 1, 0%
Elapsed time:       3m4.5s
Transferring:
 *   aicup_esg2026_submit_artifacts.zip.part-007:  0% / off, 21.068 MiB/s, -Transferred:   	    3.809 GiB / 3.809 GiB, 100%, 19.751 MiB/s, ETA 0s
Transferred:            0 / 1, 0%
Elapsed time:       3m5.0s
Transferring:
 *   aicup_esg2026_submit_artifacts.zip.part-007:  0% / off, 19.751 MiB/s, -Transferred:   	    3.809 GiB / 3.809 GiB, 100%, 19.751 MiB/s, ETA 0s
Transferred:            0 / 1, 0%
Elapsed time:       3m5.5s
Transferring:
 *   aicup_esg2026_submit_artifacts.zip.part-007:  0% / off, 19.751 MiB/s, -Transferred:   	    3.809 GiB / 3.809 GiB, 100%, 19.751 MiB/s, ETA 0s
Transferred:            1 / 1, 100%
Elapsed time:       3m5.6s
### verified aicup_esg2026_submit_artifacts.zip.part-007 (4089446400 bytes)
